-- The C compiler identification is GNU 13.3.0
-- The CXX compiler identification is GNU 13.3.0
-- Detecting C compiler ABI info
-- Detecting C compiler ABI info - done
-- Check for working C compiler: /usr/bin/cc - skipped
-- Detecting C compile features
-- Detecting C compile features - done
-- Detecting CXX compiler ABI info
-- Detecting CXX compiler ABI info - done
-- Check for working CXX compiler: /usr/bin/c++ - skipped
-- Detecting CXX compile features
-- Detecting CXX compile features - done
-- Found ament_cmake: 2.5.4 (/opt/ros/jazzy/share/ament_cmake/cmake)
-- Found Python3: /usr/bin/python3 (found version "3.12.3") found components: Interpreter 
-- Found trajectory_msgs: 5.3.6 (/opt/ros/jazzy/share/trajectory_msgs/cmake)
-- Found rosidl_generator_c: 4.6.5 (/opt/ros/jazzy/share/rosidl_generator_c/cmake)
-- Found rosidl_generator_cpp: 4.6.5 (/opt/ros/jazzy/share/rosidl_generator_cpp/cmake)
-- Using all available rosidl_typesupport_c: rosidl_typesupport_fastrtps_c;rosidl_typesupport_introspection_c
-- Using all available rosidl_typesupport_cpp: rosidl_typesupport_fastrtps_cpp;rosidl_typesupport_introspection_cpp
-- Found sensor_msgs: 5.3.6 (/opt/ros/jazzy/share/sensor_msgs/cmake)
-- Found rclcpp: 28.1.9 (/opt/ros/jazzy/share/rclcpp/cmake)
-- Found rmw_implementation_cmake: 7.3.2 (/opt/ros/jazzy/share/rmw_implementation_cmake/cmake)
-- Found rmw_fastrtps_cpp: 8.4.2 (/opt/ros/jazzy/share/rmw_fastrtps_cpp/cmake)
-- Found OpenSSL: /usr/lib/x86_64-linux-gnu/libcrypto.so (found version "3.0.13")  
-- Found FastRTPS: /opt/ros/jazzy/include (Required is at least version "2.13") 
-- Using RMW implementation 'rmw_fastrtps_cpp' as default
-- Found rclpy: 7.1.4 (/opt/ros/jazzy/share/rclpy/cmake)
-- Found hardware_interface: 4.29.0 (/opt/ros/jazzy/share/hardware_interface/cmake)
-- Found PkgConfig: /usr/bin/pkg-config (found version "1.8.1") 
-- Checking for module 'libserial'
--   Found libserial, version 1.0.0
-- Configuring done (2.5s)
-- Generating done (0.0s)
-- Build files have been written to: /home/jeulin/git-repo-projects/Robotics-Manipulator/haircutterbot/build/haircutterbot_controller
[ 25%] [32mBuilding CXX object CMakeFiles/slider_control.dir/src/slider_control.cpp.o[0m
[ 50%] [32mBuilding CXX object CMakeFiles/haircutterbot_controller.dir/src/haircutterbot_interface.cpp.o[0m
[ 50%] Built target ament_cmake_python_copy_haircutterbot_controller
running egg_info
creating haircutterbot_controller.egg-info
writing haircutterbot_controller.egg-info/PKG-INFO
writing dependency_links to haircutterbot_controller.egg-info/dependency_links.txt
writing top-level names to haircutterbot_controller.egg-info/top_level.txt
writing manifest file 'haircutterbot_controller.egg-info/SOURCES.txt'
reading manifest file 'haircutterbot_controller.egg-info/SOURCES.txt'
writing manifest file 'haircutterbot_controller.egg-info/SOURCES.txt'
[ 50%] Built target ament_cmake_python_build_haircutterbot_controller_egg
[ 75%] [32m[1mLinking CXX shared library libhaircutterbot_controller.so[0m
[ 75%] Built target haircutterbot_controller
[100%] [32m[1mLinking CXX executable slider_control[0m
[100%] Built target slider_control
-- Install configuration: ""
-- Installing: /home/jeulin/git-repo-projects/Robotics-Manipulator/haircutterbot/install/haircutterbot_controller/share/haircutterbot_controller/haircutterbot_controller.xml
-- Installing: /home/jeulin/git-repo-projects/Robotics-Manipulator/haircutterbot/install/haircutterbot_controller/share/haircutterbot_controller/environment/pythonpath.sh
-- Installing: /home/jeulin/git-repo-projects/Robotics-Manipulator/haircutterbot/install/haircutterbot_controller/share/haircutterbot_controller/environment/pythonpath.dsv
-- Installing: /home/jeulin/git-repo-projects/Robotics-Manipulator/haircutterbot/install/haircutterbot_controller/lib/python3.12/site-packages/haircutterbot_controller-0.0.0-py3.12.egg-info
-- Installing: /home/jeulin/git-repo-projects/Robotics-Manipulator/haircutterbot/install/haircutterbot_controller/lib/python3.12/site-packages/haircutterbot_controller-0.0.0-py3.12.egg-info/PKG-INFO
-- Installing: /home/jeulin/git-repo-projects/Robotics-Manipulator/haircutterbot/install/haircutterbot_controller/lib/python3.12/site-packages/haircutterbot_controller-0.0.0-py3.12.egg-info/top_level.txt
-- Installing: /home/jeulin/git-repo-projects/Robotics-Manipulator/haircutterbot/install/haircutterbot_controller/lib/python3.12/site-packages/haircutterbot_controller-0.0.0-py3.12.egg-info/SOURCES.txt
-- Installing: /home/jeulin/git-repo-projects/Robotics-Manipulator/haircutterbot/install/haircutterbot_controller/lib/python3.12/site-packages/haircutterbot_controller-0.0.0-py3.12.egg-info/dependency_links.txt
-- Installing: /home/jeulin/git-repo-projects/Robotics-Manipulator/haircutterbot/install/haircutterbot_controller/lib/python3.12/site-packages/haircutterbot_controller
-- Installing: /home/jeulin/git-repo-projects/Robotics-Manipulator/haircutterbot/install/haircutterbot_controller/lib/python3.12/site-packages/haircutterbot_controller/slider_control.py
-- Installing: /home/jeulin/git-repo-projects/Robotics-Manipulator/haircutterbot/install/haircutterbot_controller/lib/python3.12/site-packages/haircutterbot_controller/__init__.py
-- Installing: /home/jeulin/git-repo-projects/Robotics-Manipulator/haircutterbot/install/haircutterbot_controller/lib/python3.12/site-packages/haircutterbot_controller/simple_controller.py
Listing '/home/jeulin/git-repo-projects/Robotics-Manipulator/haircutterbot/install/haircutterbot_controller/lib/python3.12/site-packages/haircutterbot_controller'...
Compiling '/home/jeulin/git-repo-projects/Robotics-Manipulator/haircutterbot/install/haircutterbot_controller/lib/python3.12/site-packages/haircutterbot_controller/__init__.py'...
Compiling '/home/jeulin/git-repo-projects/Robotics-Manipulator/haircutterbot/install/haircutterbot_controller/lib/python3.12/site-packages/haircutterbot_controller/simple_controller.py'...
Compiling '/home/jeulin/git-repo-projects/Robotics-Manipulator/haircutterbot/install/haircutterbot_controller/lib/python3.12/site-packages/haircutterbot_controller/slider_control.py'...
-- Installing: /home/jeulin/git-repo-projects/Robotics-Manipulator/haircutterbot/install/haircutterbot_controller/lib/haircutterbot_controller/slider_control
-- Set non-toolchain portion of runtime path of "/home/jeulin/git-repo-projects/Robotics-Manipulator/haircutterbot/install/haircutterbot_controller/lib/haircutterbot_controller/slider_control" to ""
-- Installing: /home/jeulin/git-repo-projects/Robotics-Manipulator/haircutterbot/install/haircutterbot_controller/lib/libhaircutterbot_controller.so
-- Set non-toolchain portion of runtime path of "/home/jeulin/git-repo-projects/Robotics-Manipulator/haircutterbot/install/haircutterbot_controller/lib/libhaircutterbot_controller.so" to ""
-- Installing: /home/jeulin/git-repo-projects/Robotics-Manipulator/haircutterbot/install/haircutterbot_controller/include/include
-- Installing: /home/jeulin/git-repo-projects/Robotics-Manipulator/haircutterbot/install/haircutterbot_controller/include/include/haircutterbot_controller
-- Installing: /home/jeulin/git-repo-projects/Robotics-Manipulator/haircutterbot/install/haircutterbot_controller/include/include/haircutterbot_controller/haircutterbot_interface.hpp
-- Installing: /home/jeulin/git-repo-projects/Robotics-Manipulator/haircutterbot/install/haircutterbot_controller/share/haircutterbot_controller/launch
-- Installing: /home/jeulin/git-repo-projects/Robotics-Manipulator/haircutterbot/install/haircutterbot_controller/share/haircutterbot_controller/launch/slider_controller.launch.py
-- Installing: /home/jeulin/git-repo-projects/Robotics-Manipulator/haircutterbot/install/haircutterbot_controller/share/haircutterbot_controller/launch/joystick_teleop.launch.py
-- Installing: /home/jeulin/git-repo-projects/Robotics-Manipulator/haircutterbot/install/haircutterbot_controller/share/haircutterbot_controller/launch/controller.launch.py
-- Installing: /home/jeulin/git-repo-projects/Robotics-Manipulator/haircutterbot/install/haircutterbot_controller/share/haircutterbot_controller/launch/__pycache__
-- Installing: /home/jeulin/git-repo-projects/Robotics-Manipulator/haircutterbot/install/haircutterbot_controller/share/haircutterbot_controller/launch/__pycache__/controller.launch.cpython-312.pyc
-- Installing: /home/jeulin/git-repo-projects/Robotics-Manipulator/haircutterbot/install/haircutterbot_controller/share/haircutterbot_controller/launch/__pycache__/joystick_teleop.launch.cpython-312.pyc
-- Installing: /home/jeulin/git-repo-projects/Robotics-Manipulator/haircutterbot/install/haircutterbot_controller/share/haircutterbot_controller/launch/__pycache__/slider_controller.launch.cpython-312.pyc
-- Installing: /home/jeulin/git-repo-projects/Robotics-Manipulator/haircutterbot/install/haircutterbot_controller/share/haircutterbot_controller/config
-- Installing: /home/jeulin/git-repo-projects/Robotics-Manipulator/haircutterbot/install/haircutterbot_controller/share/haircutterbot_controller/config/joy_teleop.yaml
-- Installing: /home/jeulin/git-repo-projects/Robotics-Manipulator/haircutterbot/install/haircutterbot_controller/share/haircutterbot_controller/config/joy_config.yaml
-- Installing: /home/jeulin/git-repo-projects/Robotics-Manipulator/haircutterbot/install/haircutterbot_controller/share/haircutterbot_controller/config/haircutter_controllers.yaml
-- Installing: /home/jeulin/git-repo-projects/Robotics-Manipulator/haircutterbot/install/haircutterbot_controller/lib/haircutterbot_controller/slider_control.py
-- Installing: /home/jeulin/git-repo-projects/Robotics-Manipulator/haircutterbot/install/haircutterbot_controller/lib/haircutterbot_controller/simple_controller.py
-- Installing: /home/jeulin/git-repo-projects/Robotics-Manipulator/haircutterbot/install/haircutterbot_controller/share/haircutterbot_controller/environment/library_path.sh
-- Installing: /home/jeulin/git-repo-projects/Robotics-Manipulator/haircutterbot/install/haircutterbot_controller/share/haircutterbot_controller/environment/library_path.dsv
-- Installing: /home/jeulin/git-repo-projects/Robotics-Manipulator/haircutterbot/install/haircutterbot_controller/share/ament_index/resource_index/package_run_dependencies/haircutterbot_controller
-- Installing: /home/jeulin/git-repo-projects/Robotics-Manipulator/haircutterbot/install/haircutterbot_controller/share/ament_index/resource_index/parent_prefix_path/haircutterbot_controller
-- Installing: /home/jeulin/git-repo-projects/Robotics-Manipulator/haircutterbot/install/haircutterbot_controller/share/haircutterbot_controller/environment/ament_prefix_path.sh
-- Installing: /home/jeulin/git-repo-projects/Robotics-Manipulator/haircutterbot/install/haircutterbot_controller/share/haircutterbot_controller/environment/ament_prefix_path.dsv
-- Installing: /home/jeulin/git-repo-projects/Robotics-Manipulator/haircutterbot/install/haircutterbot_controller/share/haircutterbot_controller/environment/path.sh
-- Installing: /home/jeulin/git-repo-projects/Robotics-Manipulator/haircutterbot/install/haircutterbot_controller/share/haircutterbot_controller/environment/path.dsv
-- Installing: /home/jeulin/git-repo-projects/Robotics-Manipulator/haircutterbot/install/haircutterbot_controller/share/haircutterbot_controller/local_setup.bash
-- Installing: /home/jeulin/git-repo-projects/Robotics-Manipulator/haircutterbot/install/haircutterbot_controller/share/haircutterbot_controller/local_setup.sh
-- Installing: /home/jeulin/git-repo-projects/Robotics-Manipulator/haircutterbot/install/haircutterbot_controller/share/haircutterbot_controller/local_setup.zsh
-- Installing: /home/jeulin/git-repo-projects/Robotics-Manipulator/haircutterbot/install/haircutterbot_controller/share/haircutterbot_controller/local_setup.dsv
-- Installing: /home/jeulin/git-repo-projects/Robotics-Manipulator/haircutterbot/install/haircutterbot_controller/share/haircutterbot_controller/package.dsv
-- Installing: /home/jeulin/git-repo-projects/Robotics-Manipulator/haircutterbot/install/haircutterbot_controller/share/ament_index/resource_index/packages/haircutterbot_controller
-- Installing: /home/jeulin/git-repo-projects/Robotics-Manipulator/haircutterbot/install/haircutterbot_controller/share/ament_index/resource_index/hardware_interface__pluginlib__plugin/haircutterbot_controller
-- Installing: /home/jeulin/git-repo-projects/Robotics-Manipulator/haircutterbot/install/haircutterbot_controller/share/haircutterbot_controller/cmake/ament_cmake_export_include_directories-extras.cmake
-- Installing: /home/jeulin/git-repo-projects/Robotics-Manipulator/haircutterbot/install/haircutterbot_controller/share/haircutterbot_controller/cmake/ament_cmake_export_libraries-extras.cmake
-- Installing: /home/jeulin/git-repo-projects/Robotics-Manipulator/haircutterbot/install/haircutterbot_controller/share/haircutterbot_controller/cmake/ament_cmake_export_dependencies-extras.cmake
-- Installing: /home/jeulin/git-repo-projects/Robotics-Manipulator/haircutterbot/install/haircutterbot_controller/share/haircutterbot_controller/cmake/haircutterbot_controllerConfig.cmake
-- Installing: /home/jeulin/git-repo-projects/Robotics-Manipulator/haircutterbot/install/haircutterbot_controller/share/haircutterbot_controller/cmake/haircutterbot_controllerConfig-version.cmake
-- Installing: /home/jeulin/git-repo-projects/Robotics-Manipulator/haircutterbot/install/haircutterbot_controller/share/haircutterbot_controller/package.xml
