[0.017s] Invoking command in '/home/jeulin/git-repo-projects/Robotics-Manipulator/haircutterbot/build/haircutterbot_controller': AMENT_PREFIX_PATH=/home/jeulin/git-repo-projects/Robotics-Manipulator/haircutterbot/install/haircutterbot_description:${AMENT_PREFIX_PATH} CMAKE_PREFIX_PATH=/home/jeulin/git-repo-projects/Robotics-Manipulator/haircutterbot/install/haircutterbot_description:/home/jeulin/Robotics-and-ROS-2-Learn-by-Doing-Manipulators/Section9_Build/haircutterbot/install/haircutterbot_utils:/home/jeulin/Robotics-and-ROS-2-Learn-by-Doing-Manipulators/Section9_Build/haircutterbot/install/haircutterbot_cpp_examples:/home/jeulin/Robotics-and-ROS-2-Learn-by-Doing-Manipulators/Section9_Build/haircutterbot/install/haircutterbot_msgs:/home/jeulin/Robotics-and-ROS-2-Learn-by-Doing-Manipulators/Section9_Build/haircutterbot/install/haircutterbot_bringup:/home/jeulin/Robotics-and-ROS-2-Learn-by-Doing-Manipulators/Section9_Build/haircutterbot/install/haircutterbot_moveit:/home/jeulin/Robotics-and-ROS-2-Learn-by-Doing-Manipulators/Section9_Build/haircutterbot/install/haircutterbot_firmware:/home/jeulin/Robotics-and-ROS-2-Learn-by-Doing-Manipulators/Section9_Build/haircutterbot/install/haircutterbot_controller:/home/jeulin/Robotics-and-ROS-2-Learn-by-Doing-Manipulators/Section9_Build/haircutterbot/install/haircutterbot_description:/opt/ros/jazzy/opt/gz_sim_vendor:/opt/ros/jazzy/opt/gz_sensors_vendor:/opt/ros/jazzy/opt/gz_physics_vendor:/opt/ros/jazzy/opt/sdformat_vendor:/opt/ros/jazzy/opt/gz_gui_vendor:/opt/ros/jazzy/opt/gz_transport_vendor:/opt/ros/jazzy/opt/gz_rendering_vendor:/opt/ros/jazzy/opt/gz_plugin_vendor:/opt/ros/jazzy/opt/gz_fuel_tools_vendor:/opt/ros/jazzy/opt/gz_msgs_vendor:/opt/ros/jazzy/opt/gz_common_vendor:/opt/ros/jazzy/opt/gz_math_vendor:/opt/ros/jazzy/opt/gz_utils_vendor:/opt/ros/jazzy/opt/gz_tools_vendor:/opt/ros/jazzy/opt/gz_ogre_next_vendor:/opt/ros/jazzy/opt/gz_dartsim_vendor:/opt/ros/jazzy/opt/gz_cmake_vendor:/home/jeulin/Robotics-and-ROS-2-Learn-by-Doing-Manipulators/Section9_Build/haircutterbot/install/haircutterbot_py_examples:/home/jeulin/Robotics-and-ROS-2-Learn-by-Doing-Manipulators/Section9_Build/haircutterbot/install/haircutterbot_opencv:/opt/ros/jazzy DEBUGINFOD_URLS=https://debuginfod.ubuntu.com /usr/bin/cmake /home/jeulin/git-repo-projects/Robotics-Manipulator/haircutterbot/src/haircutterbot_controller -DCMAKE_INSTALL_PREFIX=/home/jeulin/git-repo-projects/Robotics-Manipulator/haircutterbot/install/haircutterbot_controller
[0.089s] -- The C compiler identification is GNU 13.3.0
[0.153s] -- The CXX compiler identification is GNU 13.3.0
[0.171s] -- Detecting C compiler ABI info
[0.275s] -- Detecting C compiler ABI info - done
[0.294s] -- Check for working C compiler: /usr/bin/cc - skipped
[0.294s] -- Detecting C compile features
[0.295s] -- Detecting C compile features - done
[0.308s] -- Detecting CXX compiler ABI info
[0.423s] -- Detecting CXX compiler ABI info - done
[0.437s] -- Check for working CXX compiler: /usr/bin/c++ - skipped
[0.437s] -- Detecting CXX compile features
[0.438s] -- Detecting CXX compile features - done
[0.444s] -- Found ament_cmake: 2.5.4 (/opt/ros/jazzy/share/ament_cmake/cmake)
[0.649s] -- Found Python3: /usr/bin/python3 (found version "3.12.3") found components: Interpreter 
[0.832s] -- Found trajectory_msgs: 5.3.6 (/opt/ros/jazzy/share/trajectory_msgs/cmake)
[0.907s] -- Found rosidl_generator_c: 4.6.5 (/opt/ros/jazzy/share/rosidl_generator_c/cmake)
[0.934s] -- Found rosidl_generator_cpp: 4.6.5 (/opt/ros/jazzy/share/rosidl_generator_cpp/cmake)
[0.961s] -- Using all available rosidl_typesupport_c: rosidl_typesupport_fastrtps_c;rosidl_typesupport_introspection_c
[0.991s] -- Using all available rosidl_typesupport_cpp: rosidl_typesupport_fastrtps_cpp;rosidl_typesupport_introspection_cpp
[1.183s] -- Found sensor_msgs: 5.3.6 (/opt/ros/jazzy/share/sensor_msgs/cmake)
[1.277s] -- Found rclcpp: 28.1.9 (/opt/ros/jazzy/share/rclcpp/cmake)
[1.402s] -- Found rmw_implementation_cmake: 7.3.2 (/opt/ros/jazzy/share/rmw_implementation_cmake/cmake)
[1.414s] -- Found rmw_fastrtps_cpp: 8.4.2 (/opt/ros/jazzy/share/rmw_fastrtps_cpp/cmake)
[1.580s] -- Found OpenSSL: /usr/lib/x86_64-linux-gnu/libcrypto.so (found version "3.0.13")  
[1.622s] -- Found FastRTPS: /opt/ros/jazzy/include (Required is at least version "2.13") 
[1.662s] -- Using RMW implementation 'rmw_fastrtps_cpp' as default
[1.770s] -- Found rclpy: 7.1.4 (/opt/ros/jazzy/share/rclpy/cmake)
[1.776s] -- Found hardware_interface: 4.29.0 (/opt/ros/jazzy/share/hardware_interface/cmake)
[2.239s] -- Found PkgConfig: /usr/bin/pkg-config (found version "1.8.1") 
[2.240s] -- Checking for module 'libserial'
[2.260s] --   Found libserial, version 1.0.0
[2.569s] -- Configuring done (2.5s)
[2.607s] -- Generating done (0.0s)
[2.618s] -- Build files have been written to: /home/jeulin/git-repo-projects/Robotics-Manipulator/haircutterbot/build/haircutterbot_controller
[2.633s] Invoked command in '/home/jeulin/git-repo-projects/Robotics-Manipulator/haircutterbot/build/haircutterbot_controller' returned '0': AMENT_PREFIX_PATH=/home/jeulin/git-repo-projects/Robotics-Manipulator/haircutterbot/install/haircutterbot_description:${AMENT_PREFIX_PATH} CMAKE_PREFIX_PATH=/home/jeulin/git-repo-projects/Robotics-Manipulator/haircutterbot/install/haircutterbot_description:/home/jeulin/Robotics-and-ROS-2-Learn-by-Doing-Manipulators/Section9_Build/haircutterbot/install/haircutterbot_utils:/home/jeulin/Robotics-and-ROS-2-Learn-by-Doing-Manipulators/Section9_Build/haircutterbot/install/haircutterbot_cpp_examples:/home/jeulin/Robotics-and-ROS-2-Learn-by-Doing-Manipulators/Section9_Build/haircutterbot/install/haircutterbot_msgs:/home/jeulin/Robotics-and-ROS-2-Learn-by-Doing-Manipulators/Section9_Build/haircutterbot/install/haircutterbot_bringup:/home/jeulin/Robotics-and-ROS-2-Learn-by-Doing-Manipulators/Section9_Build/haircutterbot/install/haircutterbot_moveit:/home/jeulin/Robotics-and-ROS-2-Learn-by-Doing-Manipulators/Section9_Build/haircutterbot/install/haircutterbot_firmware:/home/jeulin/Robotics-and-ROS-2-Learn-by-Doing-Manipulators/Section9_Build/haircutterbot/install/haircutterbot_controller:/home/jeulin/Robotics-and-ROS-2-Learn-by-Doing-Manipulators/Section9_Build/haircutterbot/install/haircutterbot_description:/opt/ros/jazzy/opt/gz_sim_vendor:/opt/ros/jazzy/opt/gz_sensors_vendor:/opt/ros/jazzy/opt/gz_physics_vendor:/opt/ros/jazzy/opt/sdformat_vendor:/opt/ros/jazzy/opt/gz_gui_vendor:/opt/ros/jazzy/opt/gz_transport_vendor:/opt/ros/jazzy/opt/gz_rendering_vendor:/opt/ros/jazzy/opt/gz_plugin_vendor:/opt/ros/jazzy/opt/gz_fuel_tools_vendor:/opt/ros/jazzy/opt/gz_msgs_vendor:/opt/ros/jazzy/opt/gz_common_vendor:/opt/ros/jazzy/opt/gz_math_vendor:/opt/ros/jazzy/opt/gz_utils_vendor:/opt/ros/jazzy/opt/gz_tools_vendor:/opt/ros/jazzy/opt/gz_ogre_next_vendor:/opt/ros/jazzy/opt/gz_dartsim_vendor:/opt/ros/jazzy/opt/gz_cmake_vendor:/home/jeulin/Robotics-and-ROS-2-Learn-by-Doing-Manipulators/Section9_Build/haircutterbot/install/haircutterbot_py_examples:/home/jeulin/Robotics-and-ROS-2-Learn-by-Doing-Manipulators/Section9_Build/haircutterbot/install/haircutterbot_opencv:/opt/ros/jazzy DEBUGINFOD_URLS=https://debuginfod.ubuntu.com /usr/bin/cmake /home/jeulin/git-repo-projects/Robotics-Manipulator/haircutterbot/src/haircutterbot_controller -DCMAKE_INSTALL_PREFIX=/home/jeulin/git-repo-projects/Robotics-Manipulator/haircutterbot/install/haircutterbot_controller
[2.635s] Invoking command in '/home/jeulin/git-repo-projects/Robotics-Manipulator/haircutterbot/build/haircutterbot_controller': AMENT_PREFIX_PATH=/home/jeulin/git-repo-projects/Robotics-Manipulator/haircutterbot/install/haircutterbot_description:${AMENT_PREFIX_PATH} CMAKE_PREFIX_PATH=/home/jeulin/git-repo-projects/Robotics-Manipulator/haircutterbot/install/haircutterbot_description:/home/jeulin/Robotics-and-ROS-2-Learn-by-Doing-Manipulators/Section9_Build/haircutterbot/install/haircutterbot_utils:/home/jeulin/Robotics-and-ROS-2-Learn-by-Doing-Manipulators/Section9_Build/haircutterbot/install/haircutterbot_cpp_examples:/home/jeulin/Robotics-and-ROS-2-Learn-by-Doing-Manipulators/Section9_Build/haircutterbot/install/haircutterbot_msgs:/home/jeulin/Robotics-and-ROS-2-Learn-by-Doing-Manipulators/Section9_Build/haircutterbot/install/haircutterbot_bringup:/home/jeulin/Robotics-and-ROS-2-Learn-by-Doing-Manipulators/Section9_Build/haircutterbot/install/haircutterbot_moveit:/home/jeulin/Robotics-and-ROS-2-Learn-by-Doing-Manipulators/Section9_Build/haircutterbot/install/haircutterbot_firmware:/home/jeulin/Robotics-and-ROS-2-Learn-by-Doing-Manipulators/Section9_Build/haircutterbot/install/haircutterbot_controller:/home/jeulin/Robotics-and-ROS-2-Learn-by-Doing-Manipulators/Section9_Build/haircutterbot/install/haircutterbot_description:/opt/ros/jazzy/opt/gz_sim_vendor:/opt/ros/jazzy/opt/gz_sensors_vendor:/opt/ros/jazzy/opt/gz_physics_vendor:/opt/ros/jazzy/opt/sdformat_vendor:/opt/ros/jazzy/opt/gz_gui_vendor:/opt/ros/jazzy/opt/gz_transport_vendor:/opt/ros/jazzy/opt/gz_rendering_vendor:/opt/ros/jazzy/opt/gz_plugin_vendor:/opt/ros/jazzy/opt/gz_fuel_tools_vendor:/opt/ros/jazzy/opt/gz_msgs_vendor:/opt/ros/jazzy/opt/gz_common_vendor:/opt/ros/jazzy/opt/gz_math_vendor:/opt/ros/jazzy/opt/gz_utils_vendor:/opt/ros/jazzy/opt/gz_tools_vendor:/opt/ros/jazzy/opt/gz_ogre_next_vendor:/opt/ros/jazzy/opt/gz_dartsim_vendor:/opt/ros/jazzy/opt/gz_cmake_vendor:/home/jeulin/Robotics-and-ROS-2-Learn-by-Doing-Manipulators/Section9_Build/haircutterbot/install/haircutterbot_py_examples:/home/jeulin/Robotics-and-ROS-2-Learn-by-Doing-Manipulators/Section9_Build/haircutterbot/install/haircutterbot_opencv:/opt/ros/jazzy DEBUGINFOD_URLS=https://debuginfod.ubuntu.com /usr/bin/cmake --build /home/jeulin/git-repo-projects/Robotics-Manipulator/haircutterbot/build/haircutterbot_controller -- -j8 -l8
[2.697s] [ 25%] [32mBuilding CXX object CMakeFiles/slider_control.dir/src/slider_control.cpp.o[0m
[2.706s] [ 50%] [32mBuilding CXX object CMakeFiles/haircutterbot_controller.dir/src/haircutterbot_interface.cpp.o[0m
[2.719s] [ 50%] Built target ament_cmake_python_copy_haircutterbot_controller
[2.993s] running egg_info
[2.994s] creating haircutterbot_controller.egg-info
[3.023s] writing haircutterbot_controller.egg-info/PKG-INFO
[3.023s] writing dependency_links to haircutterbot_controller.egg-info/dependency_links.txt
[3.023s] writing top-level names to haircutterbot_controller.egg-info/top_level.txt
[3.023s] writing manifest file 'haircutterbot_controller.egg-info/SOURCES.txt'
[3.106s] reading manifest file 'haircutterbot_controller.egg-info/SOURCES.txt'
[3.107s] writing manifest file 'haircutterbot_controller.egg-info/SOURCES.txt'
[3.157s] [ 50%] Built target ament_cmake_python_build_haircutterbot_controller_egg
[13.001s] [ 75%] [32m[1mLinking CXX shared library libhaircutterbot_controller.so[0m
[13.303s] [ 75%] Built target haircutterbot_controller
[16.527s] [100%] [32m[1mLinking CXX executable slider_control[0m
[16.953s] [100%] Built target slider_control
[16.967s] Invoked command in '/home/jeulin/git-repo-projects/Robotics-Manipulator/haircutterbot/build/haircutterbot_controller' returned '0': AMENT_PREFIX_PATH=/home/jeulin/git-repo-projects/Robotics-Manipulator/haircutterbot/install/haircutterbot_description:${AMENT_PREFIX_PATH} CMAKE_PREFIX_PATH=/home/jeulin/git-repo-projects/Robotics-Manipulator/haircutterbot/install/haircutterbot_description:/home/jeulin/Robotics-and-ROS-2-Learn-by-Doing-Manipulators/Section9_Build/haircutterbot/install/haircutterbot_utils:/home/jeulin/Robotics-and-ROS-2-Learn-by-Doing-Manipulators/Section9_Build/haircutterbot/install/haircutterbot_cpp_examples:/home/jeulin/Robotics-and-ROS-2-Learn-by-Doing-Manipulators/Section9_Build/haircutterbot/install/haircutterbot_msgs:/home/jeulin/Robotics-and-ROS-2-Learn-by-Doing-Manipulators/Section9_Build/haircutterbot/install/haircutterbot_bringup:/home/jeulin/Robotics-and-ROS-2-Learn-by-Doing-Manipulators/Section9_Build/haircutterbot/install/haircutterbot_moveit:/home/jeulin/Robotics-and-ROS-2-Learn-by-Doing-Manipulators/Section9_Build/haircutterbot/install/haircutterbot_firmware:/home/jeulin/Robotics-and-ROS-2-Learn-by-Doing-Manipulators/Section9_Build/haircutterbot/install/haircutterbot_controller:/home/jeulin/Robotics-and-ROS-2-Learn-by-Doing-Manipulators/Section9_Build/haircutterbot/install/haircutterbot_description:/opt/ros/jazzy/opt/gz_sim_vendor:/opt/ros/jazzy/opt/gz_sensors_vendor:/opt/ros/jazzy/opt/gz_physics_vendor:/opt/ros/jazzy/opt/sdformat_vendor:/opt/ros/jazzy/opt/gz_gui_vendor:/opt/ros/jazzy/opt/gz_transport_vendor:/opt/ros/jazzy/opt/gz_rendering_vendor:/opt/ros/jazzy/opt/gz_plugin_vendor:/opt/ros/jazzy/opt/gz_fuel_tools_vendor:/opt/ros/jazzy/opt/gz_msgs_vendor:/opt/ros/jazzy/opt/gz_common_vendor:/opt/ros/jazzy/opt/gz_math_vendor:/opt/ros/jazzy/opt/gz_utils_vendor:/opt/ros/jazzy/opt/gz_tools_vendor:/opt/ros/jazzy/opt/gz_ogre_next_vendor:/opt/ros/jazzy/opt/gz_dartsim_vendor:/opt/ros/jazzy/opt/gz_cmake_vendor:/home/jeulin/Robotics-and-ROS-2-Learn-by-Doing-Manipulators/Section9_Build/haircutterbot/install/haircutterbot_py_examples:/home/jeulin/Robotics-and-ROS-2-Learn-by-Doing-Manipulators/Section9_Build/haircutterbot/install/haircutterbot_opencv:/opt/ros/jazzy DEBUGINFOD_URLS=https://debuginfod.ubuntu.com /usr/bin/cmake --build /home/jeulin/git-repo-projects/Robotics-Manipulator/haircutterbot/build/haircutterbot_controller -- -j8 -l8
[16.969s] Invoking command in '/home/jeulin/git-repo-projects/Robotics-Manipulator/haircutterbot/build/haircutterbot_controller': AMENT_PREFIX_PATH=/home/jeulin/git-repo-projects/Robotics-Manipulator/haircutterbot/install/haircutterbot_description:${AMENT_PREFIX_PATH} CMAKE_PREFIX_PATH=/home/jeulin/git-repo-projects/Robotics-Manipulator/haircutterbot/install/haircutterbot_description:/home/jeulin/Robotics-and-ROS-2-Learn-by-Doing-Manipulators/Section9_Build/haircutterbot/install/haircutterbot_utils:/home/jeulin/Robotics-and-ROS-2-Learn-by-Doing-Manipulators/Section9_Build/haircutterbot/install/haircutterbot_cpp_examples:/home/jeulin/Robotics-and-ROS-2-Learn-by-Doing-Manipulators/Section9_Build/haircutterbot/install/haircutterbot_msgs:/home/jeulin/Robotics-and-ROS-2-Learn-by-Doing-Manipulators/Section9_Build/haircutterbot/install/haircutterbot_bringup:/home/jeulin/Robotics-and-ROS-2-Learn-by-Doing-Manipulators/Section9_Build/haircutterbot/install/haircutterbot_moveit:/home/jeulin/Robotics-and-ROS-2-Learn-by-Doing-Manipulators/Section9_Build/haircutterbot/install/haircutterbot_firmware:/home/jeulin/Robotics-and-ROS-2-Learn-by-Doing-Manipulators/Section9_Build/haircutterbot/install/haircutterbot_controller:/home/jeulin/Robotics-and-ROS-2-Learn-by-Doing-Manipulators/Section9_Build/haircutterbot/install/haircutterbot_description:/opt/ros/jazzy/opt/gz_sim_vendor:/opt/ros/jazzy/opt/gz_sensors_vendor:/opt/ros/jazzy/opt/gz_physics_vendor:/opt/ros/jazzy/opt/sdformat_vendor:/opt/ros/jazzy/opt/gz_gui_vendor:/opt/ros/jazzy/opt/gz_transport_vendor:/opt/ros/jazzy/opt/gz_rendering_vendor:/opt/ros/jazzy/opt/gz_plugin_vendor:/opt/ros/jazzy/opt/gz_fuel_tools_vendor:/opt/ros/jazzy/opt/gz_msgs_vendor:/opt/ros/jazzy/opt/gz_common_vendor:/opt/ros/jazzy/opt/gz_math_vendor:/opt/ros/jazzy/opt/gz_utils_vendor:/opt/ros/jazzy/opt/gz_tools_vendor:/opt/ros/jazzy/opt/gz_ogre_next_vendor:/opt/ros/jazzy/opt/gz_dartsim_vendor:/opt/ros/jazzy/opt/gz_cmake_vendor:/home/jeulin/Robotics-and-ROS-2-Learn-by-Doing-Manipulators/Section9_Build/haircutterbot/install/haircutterbot_py_examples:/home/jeulin/Robotics-and-ROS-2-Learn-by-Doing-Manipulators/Section9_Build/haircutterbot/install/haircutterbot_opencv:/opt/ros/jazzy DEBUGINFOD_URLS=https://debuginfod.ubuntu.com /usr/bin/cmake --install /home/jeulin/git-repo-projects/Robotics-Manipulator/haircutterbot/build/haircutterbot_controller
[16.981s] -- Install configuration: ""
[16.981s] -- Installing: /home/jeulin/git-repo-projects/Robotics-Manipulator/haircutterbot/install/haircutterbot_controller/share/haircutterbot_controller/haircutterbot_controller.xml
[16.982s] -- Installing: /home/jeulin/git-repo-projects/Robotics-Manipulator/haircutterbot/install/haircutterbot_controller/share/haircutterbot_controller/environment/pythonpath.sh
[16.982s] -- Installing: /home/jeulin/git-repo-projects/Robotics-Manipulator/haircutterbot/install/haircutterbot_controller/share/haircutterbot_controller/environment/pythonpath.dsv
[16.982s] -- Installing: /home/jeulin/git-repo-projects/Robotics-Manipulator/haircutterbot/install/haircutterbot_controller/lib/python3.12/site-packages/haircutterbot_controller-0.0.0-py3.12.egg-info
[16.983s] -- Installing: /home/jeulin/git-repo-projects/Robotics-Manipulator/haircutterbot/install/haircutterbot_controller/lib/python3.12/site-packages/haircutterbot_controller-0.0.0-py3.12.egg-info/PKG-INFO
[16.983s] -- Installing: /home/jeulin/git-repo-projects/Robotics-Manipulator/haircutterbot/install/haircutterbot_controller/lib/python3.12/site-packages/haircutterbot_controller-0.0.0-py3.12.egg-info/top_level.txt
[16.983s] -- Installing: /home/jeulin/git-repo-projects/Robotics-Manipulator/haircutterbot/install/haircutterbot_controller/lib/python3.12/site-packages/haircutterbot_controller-0.0.0-py3.12.egg-info/SOURCES.txt
[16.983s] -- Installing: /home/jeulin/git-repo-projects/Robotics-Manipulator/haircutterbot/install/haircutterbot_controller/lib/python3.12/site-packages/haircutterbot_controller-0.0.0-py3.12.egg-info/dependency_links.txt
[16.983s] -- Installing: /home/jeulin/git-repo-projects/Robotics-Manipulator/haircutterbot/install/haircutterbot_controller/lib/python3.12/site-packages/haircutterbot_controller
[16.984s] -- Installing: /home/jeulin/git-repo-projects/Robotics-Manipulator/haircutterbot/install/haircutterbot_controller/lib/python3.12/site-packages/haircutterbot_controller/slider_control.py
[16.985s] -- Installing: /home/jeulin/git-repo-projects/Robotics-Manipulator/haircutterbot/install/haircutterbot_controller/lib/python3.12/site-packages/haircutterbot_controller/__init__.py
[16.985s] -- Installing: /home/jeulin/git-repo-projects/Robotics-Manipulator/haircutterbot/install/haircutterbot_controller/lib/python3.12/site-packages/haircutterbot_controller/simple_controller.py
[17.027s] Listing '/home/jeulin/git-repo-projects/Robotics-Manipulator/haircutterbot/install/haircutterbot_controller/lib/python3.12/site-packages/haircutterbot_controller'...
[17.027s] Compiling '/home/jeulin/git-repo-projects/Robotics-Manipulator/haircutterbot/install/haircutterbot_controller/lib/python3.12/site-packages/haircutterbot_controller/__init__.py'...
[17.027s] Compiling '/home/jeulin/git-repo-projects/Robotics-Manipulator/haircutterbot/install/haircutterbot_controller/lib/python3.12/site-packages/haircutterbot_controller/simple_controller.py'...
[17.027s] Compiling '/home/jeulin/git-repo-projects/Robotics-Manipulator/haircutterbot/install/haircutterbot_controller/lib/python3.12/site-packages/haircutterbot_controller/slider_control.py'...
[17.037s] -- Installing: /home/jeulin/git-repo-projects/Robotics-Manipulator/haircutterbot/install/haircutterbot_controller/lib/haircutterbot_controller/slider_control
[17.043s] -- Set non-toolchain portion of runtime path of "/home/jeulin/git-repo-projects/Robotics-Manipulator/haircutterbot/install/haircutterbot_controller/lib/haircutterbot_controller/slider_control" to ""
[17.043s] -- Installing: /home/jeulin/git-repo-projects/Robotics-Manipulator/haircutterbot/install/haircutterbot_controller/lib/libhaircutterbot_controller.so
[17.045s] -- Set non-toolchain portion of runtime path of "/home/jeulin/git-repo-projects/Robotics-Manipulator/haircutterbot/install/haircutterbot_controller/lib/libhaircutterbot_controller.so" to ""
[17.045s] -- Installing: /home/jeulin/git-repo-projects/Robotics-Manipulator/haircutterbot/install/haircutterbot_controller/include/include
[17.046s] -- Installing: /home/jeulin/git-repo-projects/Robotics-Manipulator/haircutterbot/install/haircutterbot_controller/include/include/haircutterbot_controller
[17.046s] -- Installing: /home/jeulin/git-repo-projects/Robotics-Manipulator/haircutterbot/install/haircutterbot_controller/include/include/haircutterbot_controller/haircutterbot_interface.hpp
[17.046s] -- Installing: /home/jeulin/git-repo-projects/Robotics-Manipulator/haircutterbot/install/haircutterbot_controller/share/haircutterbot_controller/launch
[17.046s] -- Installing: /home/jeulin/git-repo-projects/Robotics-Manipulator/haircutterbot/install/haircutterbot_controller/share/haircutterbot_controller/launch/slider_controller.launch.py
[17.046s] -- Installing: /home/jeulin/git-repo-projects/Robotics-Manipulator/haircutterbot/install/haircutterbot_controller/share/haircutterbot_controller/launch/joystick_teleop.launch.py
[17.046s] -- Installing: /home/jeulin/git-repo-projects/Robotics-Manipulator/haircutterbot/install/haircutterbot_controller/share/haircutterbot_controller/launch/controller.launch.py
[17.047s] -- Installing: /home/jeulin/git-repo-projects/Robotics-Manipulator/haircutterbot/install/haircutterbot_controller/share/haircutterbot_controller/launch/__pycache__
[17.047s] -- Installing: /home/jeulin/git-repo-projects/Robotics-Manipulator/haircutterbot/install/haircutterbot_controller/share/haircutterbot_controller/launch/__pycache__/controller.launch.cpython-312.pyc
[17.047s] -- Installing: /home/jeulin/git-repo-projects/Robotics-Manipulator/haircutterbot/install/haircutterbot_controller/share/haircutterbot_controller/launch/__pycache__/joystick_teleop.launch.cpython-312.pyc
[17.047s] -- Installing: /home/jeulin/git-repo-projects/Robotics-Manipulator/haircutterbot/install/haircutterbot_controller/share/haircutterbot_controller/launch/__pycache__/slider_controller.launch.cpython-312.pyc
[17.047s] -- Installing: /home/jeulin/git-repo-projects/Robotics-Manipulator/haircutterbot/install/haircutterbot_controller/share/haircutterbot_controller/config
[17.047s] -- Installing: /home/jeulin/git-repo-projects/Robotics-Manipulator/haircutterbot/install/haircutterbot_controller/share/haircutterbot_controller/config/joy_teleop.yaml
[17.048s] -- Installing: /home/jeulin/git-repo-projects/Robotics-Manipulator/haircutterbot/install/haircutterbot_controller/share/haircutterbot_controller/config/joy_config.yaml
[17.048s] -- Installing: /home/jeulin/git-repo-projects/Robotics-Manipulator/haircutterbot/install/haircutterbot_controller/share/haircutterbot_controller/config/haircutter_controllers.yaml
[17.048s] -- Installing: /home/jeulin/git-repo-projects/Robotics-Manipulator/haircutterbot/install/haircutterbot_controller/lib/haircutterbot_controller/slider_control.py
[17.048s] -- Installing: /home/jeulin/git-repo-projects/Robotics-Manipulator/haircutterbot/install/haircutterbot_controller/lib/haircutterbot_controller/simple_controller.py
[17.049s] -- Installing: /home/jeulin/git-repo-projects/Robotics-Manipulator/haircutterbot/install/haircutterbot_controller/share/haircutterbot_controller/environment/library_path.sh
[17.049s] -- Installing: /home/jeulin/git-repo-projects/Robotics-Manipulator/haircutterbot/install/haircutterbot_controller/share/haircutterbot_controller/environment/library_path.dsv
[17.049s] -- Installing: /home/jeulin/git-repo-projects/Robotics-Manipulator/haircutterbot/install/haircutterbot_controller/share/ament_index/resource_index/package_run_dependencies/haircutterbot_controller
[17.049s] -- Installing: /home/jeulin/git-repo-projects/Robotics-Manipulator/haircutterbot/install/haircutterbot_controller/share/ament_index/resource_index/parent_prefix_path/haircutterbot_controller
[17.049s] -- Installing: /home/jeulin/git-repo-projects/Robotics-Manipulator/haircutterbot/install/haircutterbot_controller/share/haircutterbot_controller/environment/ament_prefix_path.sh
[17.050s] -- Installing: /home/jeulin/git-repo-projects/Robotics-Manipulator/haircutterbot/install/haircutterbot_controller/share/haircutterbot_controller/environment/ament_prefix_path.dsv
[17.050s] -- Installing: /home/jeulin/git-repo-projects/Robotics-Manipulator/haircutterbot/install/haircutterbot_controller/share/haircutterbot_controller/environment/path.sh
[17.050s] -- Installing: /home/jeulin/git-repo-projects/Robotics-Manipulator/haircutterbot/install/haircutterbot_controller/share/haircutterbot_controller/environment/path.dsv
[17.050s] -- Installing: /home/jeulin/git-repo-projects/Robotics-Manipulator/haircutterbot/install/haircutterbot_controller/share/haircutterbot_controller/local_setup.bash
[17.050s] -- Installing: /home/jeulin/git-repo-projects/Robotics-Manipulator/haircutterbot/install/haircutterbot_controller/share/haircutterbot_controller/local_setup.sh
[17.050s] -- Installing: /home/jeulin/git-repo-projects/Robotics-Manipulator/haircutterbot/install/haircutterbot_controller/share/haircutterbot_controller/local_setup.zsh
[17.051s] -- Installing: /home/jeulin/git-repo-projects/Robotics-Manipulator/haircutterbot/install/haircutterbot_controller/share/haircutterbot_controller/local_setup.dsv
[17.051s] -- Installing: /home/jeulin/git-repo-projects/Robotics-Manipulator/haircutterbot/install/haircutterbot_controller/share/haircutterbot_controller/package.dsv
[17.051s] -- Installing: /home/jeulin/git-repo-projects/Robotics-Manipulator/haircutterbot/install/haircutterbot_controller/share/ament_index/resource_index/packages/haircutterbot_controller
[17.051s] -- Installing: /home/jeulin/git-repo-projects/Robotics-Manipulator/haircutterbot/install/haircutterbot_controller/share/ament_index/resource_index/hardware_interface__pluginlib__plugin/haircutterbot_controller
[17.051s] -- Installing: /home/jeulin/git-repo-projects/Robotics-Manipulator/haircutterbot/install/haircutterbot_controller/share/haircutterbot_controller/cmake/ament_cmake_export_include_directories-extras.cmake
[17.051s] -- Installing: /home/jeulin/git-repo-projects/Robotics-Manipulator/haircutterbot/install/haircutterbot_controller/share/haircutterbot_controller/cmake/ament_cmake_export_libraries-extras.cmake
[17.052s] -- Installing: /home/jeulin/git-repo-projects/Robotics-Manipulator/haircutterbot/install/haircutterbot_controller/share/haircutterbot_controller/cmake/ament_cmake_export_dependencies-extras.cmake
[17.052s] -- Installing: /home/jeulin/git-repo-projects/Robotics-Manipulator/haircutterbot/install/haircutterbot_controller/share/haircutterbot_controller/cmake/haircutterbot_controllerConfig.cmake
[17.052s] -- Installing: /home/jeulin/git-repo-projects/Robotics-Manipulator/haircutterbot/install/haircutterbot_controller/share/haircutterbot_controller/cmake/haircutterbot_controllerConfig-version.cmake
[17.052s] -- Installing: /home/jeulin/git-repo-projects/Robotics-Manipulator/haircutterbot/install/haircutterbot_controller/share/haircutterbot_controller/package.xml
[17.055s] Invoked command in '/home/jeulin/git-repo-projects/Robotics-Manipulator/haircutterbot/build/haircutterbot_controller' returned '0': AMENT_PREFIX_PATH=/home/jeulin/git-repo-projects/Robotics-Manipulator/haircutterbot/install/haircutterbot_description:${AMENT_PREFIX_PATH} CMAKE_PREFIX_PATH=/home/jeulin/git-repo-projects/Robotics-Manipulator/haircutterbot/install/haircutterbot_description:/home/jeulin/Robotics-and-ROS-2-Learn-by-Doing-Manipulators/Section9_Build/haircutterbot/install/haircutterbot_utils:/home/jeulin/Robotics-and-ROS-2-Learn-by-Doing-Manipulators/Section9_Build/haircutterbot/install/haircutterbot_cpp_examples:/home/jeulin/Robotics-and-ROS-2-Learn-by-Doing-Manipulators/Section9_Build/haircutterbot/install/haircutterbot_msgs:/home/jeulin/Robotics-and-ROS-2-Learn-by-Doing-Manipulators/Section9_Build/haircutterbot/install/haircutterbot_bringup:/home/jeulin/Robotics-and-ROS-2-Learn-by-Doing-Manipulators/Section9_Build/haircutterbot/install/haircutterbot_moveit:/home/jeulin/Robotics-and-ROS-2-Learn-by-Doing-Manipulators/Section9_Build/haircutterbot/install/haircutterbot_firmware:/home/jeulin/Robotics-and-ROS-2-Learn-by-Doing-Manipulators/Section9_Build/haircutterbot/install/haircutterbot_controller:/home/jeulin/Robotics-and-ROS-2-Learn-by-Doing-Manipulators/Section9_Build/haircutterbot/install/haircutterbot_description:/opt/ros/jazzy/opt/gz_sim_vendor:/opt/ros/jazzy/opt/gz_sensors_vendor:/opt/ros/jazzy/opt/gz_physics_vendor:/opt/ros/jazzy/opt/sdformat_vendor:/opt/ros/jazzy/opt/gz_gui_vendor:/opt/ros/jazzy/opt/gz_transport_vendor:/opt/ros/jazzy/opt/gz_rendering_vendor:/opt/ros/jazzy/opt/gz_plugin_vendor:/opt/ros/jazzy/opt/gz_fuel_tools_vendor:/opt/ros/jazzy/opt/gz_msgs_vendor:/opt/ros/jazzy/opt/gz_common_vendor:/opt/ros/jazzy/opt/gz_math_vendor:/opt/ros/jazzy/opt/gz_utils_vendor:/opt/ros/jazzy/opt/gz_tools_vendor:/opt/ros/jazzy/opt/gz_ogre_next_vendor:/opt/ros/jazzy/opt/gz_dartsim_vendor:/opt/ros/jazzy/opt/gz_cmake_vendor:/home/jeulin/Robotics-and-ROS-2-Learn-by-Doing-Manipulators/Section9_Build/haircutterbot/install/haircutterbot_py_examples:/home/jeulin/Robotics-and-ROS-2-Learn-by-Doing-Manipulators/Section9_Build/haircutterbot/install/haircutterbot_opencv:/opt/ros/jazzy DEBUGINFOD_URLS=https://debuginfod.ubuntu.com /usr/bin/cmake --install /home/jeulin/git-repo-projects/Robotics-Manipulator/haircutterbot/build/haircutterbot_controller
