[1.684s] Invoking command in '/home/jeulin/Robotics-and-ROS-2-Learn-by-Doing-Manipulators/Section9_Build/arduinobot_ws/src/arduinobot_py_examples': AMENT_PREFIX_PATH=/home/jeulin/Robotics-and-ROS-2-Learn-by-Doing-Manipulators/Section9_Build/arduinobot_ws/install/arduinobot_msgs:${AMENT_PREFIX_PATH} CMAKE_PREFIX_PATH=/home/jeulin/Robotics-and-ROS-2-Learn-by-Doing-Manipulators/Section9_Build/arduinobot_ws/install/arduinobot_msgs:${CMAKE_PREFIX_PATH} DEBUGINFOD_URLS=https://debuginfod.ubuntu.com LD_LIBRARY_PATH=/home/jeulin/Robotics-and-ROS-2-Learn-by-Doing-Manipulators/Section9_Build/arduinobot_ws/install/arduinobot_msgs/lib:${LD_LIBRARY_PATH} PYTHONPATH=/home/jeulin/Robotics-and-ROS-2-Learn-by-Doing-Manipulators/Section9_Build/arduinobot_ws/build/arduinobot_py_examples/prefix_override:/usr/lib/python3/dist-packages/colcon_core/task/python/colcon_distutils_commands:/home/jeulin/Robotics-and-ROS-2-Learn-by-Doing-Manipulators/Section9_Build/arduinobot_ws/install/arduinobot_py_examples/lib/python3.12/site-packages:/home/jeulin/Robotics-and-ROS-2-Learn-by-Doing-Manipulators/Section9_Build/arduinobot_ws/install/arduinobot_msgs/lib/python3.12/site-packages:${PYTHONPATH} /usr/bin/python3 -W ignore:setup.py install is deprecated -W ignore:easy_install command is deprecated setup.py egg_info --egg-base ../../build/arduinobot_py_examples build --build-base /home/jeulin/Robotics-and-ROS-2-Learn-by-Doing-Manipulators/Section9_Build/arduinobot_ws/build/arduinobot_py_examples/build install --record /home/jeulin/Robotics-and-ROS-2-Learn-by-Doing-Manipulators/Section9_Build/arduinobot_ws/build/arduinobot_py_examples/install.log --single-version-externally-managed install_data
[2.198s] running egg_info
[2.226s] writing ../../build/arduinobot_py_examples/arduinobot_py_examples.egg-info/PKG-INFO
[2.226s] writing dependency_links to ../../build/arduinobot_py_examples/arduinobot_py_examples.egg-info/dependency_links.txt
[2.227s] writing entry points to ../../build/arduinobot_py_examples/arduinobot_py_examples.egg-info/entry_points.txt
[2.227s] writing requirements to ../../build/arduinobot_py_examples/arduinobot_py_examples.egg-info/requires.txt
[2.227s] writing top-level names to ../../build/arduinobot_py_examples/arduinobot_py_examples.egg-info/top_level.txt
[2.286s] reading manifest file '../../build/arduinobot_py_examples/arduinobot_py_examples.egg-info/SOURCES.txt'
[2.286s] writing manifest file '../../build/arduinobot_py_examples/arduinobot_py_examples.egg-info/SOURCES.txt'
[2.287s] running build
[2.287s] running build_py
[2.287s] running install
[2.297s] running install_lib
[2.329s] running install_data
[2.329s] running install_egg_info
[2.372s] removing '/home/jeulin/Robotics-and-ROS-2-Learn-by-Doing-Manipulators/Section9_Build/arduinobot_ws/install/arduinobot_py_examples/lib/python3.12/site-packages/arduinobot_py_examples-0.0.0-py3.12.egg-info' (and everything under it)
[2.372s] Copying ../../build/arduinobot_py_examples/arduinobot_py_examples.egg-info to /home/jeulin/Robotics-and-ROS-2-Learn-by-Doing-Manipulators/Section9_Build/arduinobot_ws/install/arduinobot_py_examples/lib/python3.12/site-packages/arduinobot_py_examples-0.0.0-py3.12.egg-info
[2.374s] running install_scripts
[2.582s] Installing simple_action_client script to /home/jeulin/Robotics-and-ROS-2-Learn-by-Doing-Manipulators/Section9_Build/arduinobot_ws/install/arduinobot_py_examples/lib/arduinobot_py_examples
[2.582s] Installing simple_action_server script to /home/jeulin/Robotics-and-ROS-2-Learn-by-Doing-Manipulators/Section9_Build/arduinobot_ws/install/arduinobot_py_examples/lib/arduinobot_py_examples
[2.582s] Installing simple_moveit_interface script to /home/jeulin/Robotics-and-ROS-2-Learn-by-Doing-Manipulators/Section9_Build/arduinobot_ws/install/arduinobot_py_examples/lib/arduinobot_py_examples
[2.583s] Installing simple_parameter script to /home/jeulin/Robotics-and-ROS-2-Learn-by-Doing-Manipulators/Section9_Build/arduinobot_ws/install/arduinobot_py_examples/lib/arduinobot_py_examples
[2.583s] Installing simple_publisher script to /home/jeulin/Robotics-and-ROS-2-Learn-by-Doing-Manipulators/Section9_Build/arduinobot_ws/install/arduinobot_py_examples/lib/arduinobot_py_examples
[2.583s] Installing simple_service_client script to /home/jeulin/Robotics-and-ROS-2-Learn-by-Doing-Manipulators/Section9_Build/arduinobot_ws/install/arduinobot_py_examples/lib/arduinobot_py_examples
[2.583s] Installing simple_service_server script to /home/jeulin/Robotics-and-ROS-2-Learn-by-Doing-Manipulators/Section9_Build/arduinobot_ws/install/arduinobot_py_examples/lib/arduinobot_py_examples
[2.584s] Installing simple_subscriber script to /home/jeulin/Robotics-and-ROS-2-Learn-by-Doing-Manipulators/Section9_Build/arduinobot_ws/install/arduinobot_py_examples/lib/arduinobot_py_examples
[2.584s] writing list of installed files to '/home/jeulin/Robotics-and-ROS-2-Learn-by-Doing-Manipulators/Section9_Build/arduinobot_ws/build/arduinobot_py_examples/install.log'
[2.639s] Invoked command in '/home/jeulin/Robotics-and-ROS-2-Learn-by-Doing-Manipulators/Section9_Build/arduinobot_ws/src/arduinobot_py_examples' returned '0': AMENT_PREFIX_PATH=/home/jeulin/Robotics-and-ROS-2-Learn-by-Doing-Manipulators/Section9_Build/arduinobot_ws/install/arduinobot_msgs:${AMENT_PREFIX_PATH} CMAKE_PREFIX_PATH=/home/jeulin/Robotics-and-ROS-2-Learn-by-Doing-Manipulators/Section9_Build/arduinobot_ws/install/arduinobot_msgs:${CMAKE_PREFIX_PATH} DEBUGINFOD_URLS=https://debuginfod.ubuntu.com LD_LIBRARY_PATH=/home/jeulin/Robotics-and-ROS-2-Learn-by-Doing-Manipulators/Section9_Build/arduinobot_ws/install/arduinobot_msgs/lib:${LD_LIBRARY_PATH} PYTHONPATH=/home/jeulin/Robotics-and-ROS-2-Learn-by-Doing-Manipulators/Section9_Build/arduinobot_ws/build/arduinobot_py_examples/prefix_override:/usr/lib/python3/dist-packages/colcon_core/task/python/colcon_distutils_commands:/home/jeulin/Robotics-and-ROS-2-Learn-by-Doing-Manipulators/Section9_Build/arduinobot_ws/install/arduinobot_py_examples/lib/python3.12/site-packages:/home/jeulin/Robotics-and-ROS-2-Learn-by-Doing-Manipulators/Section9_Build/arduinobot_ws/install/arduinobot_msgs/lib/python3.12/site-packages:${PYTHONPATH} /usr/bin/python3 -W ignore:setup.py install is deprecated -W ignore:easy_install command is deprecated setup.py egg_info --egg-base ../../build/arduinobot_py_examples build --build-base /home/jeulin/Robotics-and-ROS-2-Learn-by-Doing-Manipulators/Section9_Build/arduinobot_ws/build/arduinobot_py_examples/build install --record /home/jeulin/Robotics-and-ROS-2-Learn-by-Doing-Manipulators/Section9_Build/arduinobot_ws/build/arduinobot_py_examples/install.log --single-version-externally-managed install_data
