running egg_info
creating ../../../build/haircutterbot_py_examples/haircutterbot_py_examples.egg-info
writing ../../../build/haircutterbot_py_examples/haircutterbot_py_examples.egg-info/PKG-INFO
writing dependency_links to ../../../build/haircutterbot_py_examples/haircutterbot_py_examples.egg-info/dependency_links.txt
writing entry points to ../../../build/haircutterbot_py_examples/haircutterbot_py_examples.egg-info/entry_points.txt
writing requirements to ../../../build/haircutterbot_py_examples/haircutterbot_py_examples.egg-info/requires.txt
writing top-level names to ../../../build/haircutterbot_py_examples/haircutterbot_py_examples.egg-info/top_level.txt
writing manifest file '../../../build/haircutterbot_py_examples/haircutterbot_py_examples.egg-info/SOURCES.txt'
reading manifest file '../../../build/haircutterbot_py_examples/haircutterbot_py_examples.egg-info/SOURCES.txt'
writing manifest file '../../../build/haircutterbot_py_examples/haircutterbot_py_examples.egg-info/SOURCES.txt'
running build
running build_py
creating /home/jeulin/git-repo-projects/Robotics-Manipulator/build/haircutterbot_py_examples/build
creating /home/jeulin/git-repo-projects/Robotics-Manipulator/build/haircutterbot_py_examples/build/lib
creating /home/jeulin/git-repo-projects/Robotics-Manipulator/build/haircutterbot_py_examples/build/lib/haircutterbot_py_examples
copying haircutterbot_py_examples/simple_service_client.py -> /home/jeulin/git-repo-projects/Robotics-Manipulator/build/haircutterbot_py_examples/build/lib/haircutterbot_py_examples
copying haircutterbot_py_examples/simple_moveit_interface.py -> /home/jeulin/git-repo-projects/Robotics-Manipulator/build/haircutterbot_py_examples/build/lib/haircutterbot_py_examples
copying haircutterbot_py_examples/simple_action_client.py -> /home/jeulin/git-repo-projects/Robotics-Manipulator/build/haircutterbot_py_examples/build/lib/haircutterbot_py_examples
copying haircutterbot_py_examples/simple_parameter.py -> /home/jeulin/git-repo-projects/Robotics-Manipulator/build/haircutterbot_py_examples/build/lib/haircutterbot_py_examples
copying haircutterbot_py_examples/__init__.py -> /home/jeulin/git-repo-projects/Robotics-Manipulator/build/haircutterbot_py_examples/build/lib/haircutterbot_py_examples
copying haircutterbot_py_examples/simple_publisher.py -> /home/jeulin/git-repo-projects/Robotics-Manipulator/build/haircutterbot_py_examples/build/lib/haircutterbot_py_examples
copying haircutterbot_py_examples/simple_service_server.py -> /home/jeulin/git-repo-projects/Robotics-Manipulator/build/haircutterbot_py_examples/build/lib/haircutterbot_py_examples
copying haircutterbot_py_examples/simple_action_server.py -> /home/jeulin/git-repo-projects/Robotics-Manipulator/build/haircutterbot_py_examples/build/lib/haircutterbot_py_examples
copying haircutterbot_py_examples/simple_subscriber.py -> /home/jeulin/git-repo-projects/Robotics-Manipulator/build/haircutterbot_py_examples/build/lib/haircutterbot_py_examples
running install
running install_lib
creating /home/jeulin/git-repo-projects/Robotics-Manipulator/install/haircutterbot_py_examples/lib/python3.12/site-packages/haircutterbot_py_examples
copying /home/jeulin/git-repo-projects/Robotics-Manipulator/build/haircutterbot_py_examples/build/lib/haircutterbot_py_examples/simple_service_client.py -> /home/jeulin/git-repo-projects/Robotics-Manipulator/install/haircutterbot_py_examples/lib/python3.12/site-packages/haircutterbot_py_examples
copying /home/jeulin/git-repo-projects/Robotics-Manipulator/build/haircutterbot_py_examples/build/lib/haircutterbot_py_examples/simple_moveit_interface.py -> /home/jeulin/git-repo-projects/Robotics-Manipulator/install/haircutterbot_py_examples/lib/python3.12/site-packages/haircutterbot_py_examples
copying /home/jeulin/git-repo-projects/Robotics-Manipulator/build/haircutterbot_py_examples/build/lib/haircutterbot_py_examples/simple_action_client.py -> /home/jeulin/git-repo-projects/Robotics-Manipulator/install/haircutterbot_py_examples/lib/python3.12/site-packages/haircutterbot_py_examples
copying /home/jeulin/git-repo-projects/Robotics-Manipulator/build/haircutterbot_py_examples/build/lib/haircutterbot_py_examples/simple_parameter.py -> /home/jeulin/git-repo-projects/Robotics-Manipulator/install/haircutterbot_py_examples/lib/python3.12/site-packages/haircutterbot_py_examples
copying /home/jeulin/git-repo-projects/Robotics-Manipulator/build/haircutterbot_py_examples/build/lib/haircutterbot_py_examples/__init__.py -> /home/jeulin/git-repo-projects/Robotics-Manipulator/install/haircutterbot_py_examples/lib/python3.12/site-packages/haircutterbot_py_examples
copying /home/jeulin/git-repo-projects/Robotics-Manipulator/build/haircutterbot_py_examples/build/lib/haircutterbot_py_examples/simple_publisher.py -> /home/jeulin/git-repo-projects/Robotics-Manipulator/install/haircutterbot_py_examples/lib/python3.12/site-packages/haircutterbot_py_examples
copying /home/jeulin/git-repo-projects/Robotics-Manipulator/build/haircutterbot_py_examples/build/lib/haircutterbot_py_examples/simple_service_server.py -> /home/jeulin/git-repo-projects/Robotics-Manipulator/install/haircutterbot_py_examples/lib/python3.12/site-packages/haircutterbot_py_examples
copying /home/jeulin/git-repo-projects/Robotics-Manipulator/build/haircutterbot_py_examples/build/lib/haircutterbot_py_examples/simple_action_server.py -> /home/jeulin/git-repo-projects/Robotics-Manipulator/install/haircutterbot_py_examples/lib/python3.12/site-packages/haircutterbot_py_examples
copying /home/jeulin/git-repo-projects/Robotics-Manipulator/build/haircutterbot_py_examples/build/lib/haircutterbot_py_examples/simple_subscriber.py -> /home/jeulin/git-repo-projects/Robotics-Manipulator/install/haircutterbot_py_examples/lib/python3.12/site-packages/haircutterbot_py_examples
byte-compiling /home/jeulin/git-repo-projects/Robotics-Manipulator/install/haircutterbot_py_examples/lib/python3.12/site-packages/haircutterbot_py_examples/simple_service_client.py to simple_service_client.cpython-312.pyc
byte-compiling /home/jeulin/git-repo-projects/Robotics-Manipulator/install/haircutterbot_py_examples/lib/python3.12/site-packages/haircutterbot_py_examples/simple_moveit_interface.py to simple_moveit_interface.cpython-312.pyc
byte-compiling /home/jeulin/git-repo-projects/Robotics-Manipulator/install/haircutterbot_py_examples/lib/python3.12/site-packages/haircutterbot_py_examples/simple_action_client.py to simple_action_client.cpython-312.pyc
byte-compiling /home/jeulin/git-repo-projects/Robotics-Manipulator/install/haircutterbot_py_examples/lib/python3.12/site-packages/haircutterbot_py_examples/simple_parameter.py to simple_parameter.cpython-312.pyc
byte-compiling /home/jeulin/git-repo-projects/Robotics-Manipulator/install/haircutterbot_py_examples/lib/python3.12/site-packages/haircutterbot_py_examples/__init__.py to __init__.cpython-312.pyc
byte-compiling /home/jeulin/git-repo-projects/Robotics-Manipulator/install/haircutterbot_py_examples/lib/python3.12/site-packages/haircutterbot_py_examples/simple_publisher.py to simple_publisher.cpython-312.pyc
byte-compiling /home/jeulin/git-repo-projects/Robotics-Manipulator/install/haircutterbot_py_examples/lib/python3.12/site-packages/haircutterbot_py_examples/simple_service_server.py to simple_service_server.cpython-312.pyc
byte-compiling /home/jeulin/git-repo-projects/Robotics-Manipulator/install/haircutterbot_py_examples/lib/python3.12/site-packages/haircutterbot_py_examples/simple_action_server.py to simple_action_server.cpython-312.pyc
byte-compiling /home/jeulin/git-repo-projects/Robotics-Manipulator/install/haircutterbot_py_examples/lib/python3.12/site-packages/haircutterbot_py_examples/simple_subscriber.py to simple_subscriber.cpython-312.pyc
running install_data
creating /home/jeulin/git-repo-projects/Robotics-Manipulator/install/haircutterbot_py_examples/share/ament_index
creating /home/jeulin/git-repo-projects/Robotics-Manipulator/install/haircutterbot_py_examples/share/ament_index/resource_index
creating /home/jeulin/git-repo-projects/Robotics-Manipulator/install/haircutterbot_py_examples/share/ament_index/resource_index/packages
copying resource/haircutterbot_py_examples -> /home/jeulin/git-repo-projects/Robotics-Manipulator/install/haircutterbot_py_examples/share/ament_index/resource_index/packages
copying package.xml -> /home/jeulin/git-repo-projects/Robotics-Manipulator/install/haircutterbot_py_examples/share/haircutterbot_py_examples
creating /home/jeulin/git-repo-projects/Robotics-Manipulator/install/haircutterbot_py_examples/share/haircutterbot_py_examples/launch
copying launch/simple_moveit_interface.launch.py -> /home/jeulin/git-repo-projects/Robotics-Manipulator/install/haircutterbot_py_examples/share/haircutterbot_py_examples/launch
running install_egg_info
Copying ../../../build/haircutterbot_py_examples/haircutterbot_py_examples.egg-info to /home/jeulin/git-repo-projects/Robotics-Manipulator/install/haircutterbot_py_examples/lib/python3.12/site-packages/haircutterbot_py_examples-0.0.0-py3.12.egg-info
running install_scripts
Installing simple_action_client script to /home/jeulin/git-repo-projects/Robotics-Manipulator/install/haircutterbot_py_examples/lib/haircutterbot_py_examples
Installing simple_action_server script to /home/jeulin/git-repo-projects/Robotics-Manipulator/install/haircutterbot_py_examples/lib/haircutterbot_py_examples
Installing simple_moveit_interface script to /home/jeulin/git-repo-projects/Robotics-Manipulator/install/haircutterbot_py_examples/lib/haircutterbot_py_examples
Installing simple_parameter script to /home/jeulin/git-repo-projects/Robotics-Manipulator/install/haircutterbot_py_examples/lib/haircutterbot_py_examples
Installing simple_publisher script to /home/jeulin/git-repo-projects/Robotics-Manipulator/install/haircutterbot_py_examples/lib/haircutterbot_py_examples
Installing simple_service_client script to /home/jeulin/git-repo-projects/Robotics-Manipulator/install/haircutterbot_py_examples/lib/haircutterbot_py_examples
Installing simple_service_server script to /home/jeulin/git-repo-projects/Robotics-Manipulator/install/haircutterbot_py_examples/lib/haircutterbot_py_examples
Installing simple_subscriber script to /home/jeulin/git-repo-projects/Robotics-Manipulator/install/haircutterbot_py_examples/lib/haircutterbot_py_examples
writing list of installed files to '/home/jeulin/git-repo-projects/Robotics-Manipulator/build/haircutterbot_py_examples/install.log'
