[1.560s] Invoking command in '/home/jeulin/git-repo-projects/Robotics-Manipulator/haircutterbot/src/haircutterbot_py_examples': AMENT_PREFIX_PATH=/home/jeulin/git-repo-projects/Robotics-Manipulator/install/haircutterbot_msgs:${AMENT_PREFIX_PATH} CMAKE_PREFIX_PATH=/home/jeulin/git-repo-projects/Robotics-Manipulator/install/haircutterbot_msgs:${CMAKE_PREFIX_PATH} DEBUGINFOD_URLS=https://debuginfod.ubuntu.com LD_LIBRARY_PATH=/home/jeulin/git-repo-projects/Robotics-Manipulator/install/haircutterbot_msgs/lib:${LD_LIBRARY_PATH} PYTHONPATH=/home/jeulin/git-repo-projects/Robotics-Manipulator/build/haircutterbot_py_examples/prefix_override:/usr/lib/python3/dist-packages/colcon_core/task/python/colcon_distutils_commands:/home/jeulin/git-repo-projects/Robotics-Manipulator/install/haircutterbot_py_examples/lib/python3.12/site-packages:/home/jeulin/git-repo-projects/Robotics-Manipulator/install/haircutterbot_msgs/lib/python3.12/site-packages:${PYTHONPATH} /usr/bin/python3 -W ignore:setup.py install is deprecated -W ignore:easy_install command is deprecated setup.py egg_info --egg-base ../../../build/haircutterbot_py_examples build --build-base /home/jeulin/git-repo-projects/Robotics-Manipulator/build/haircutterbot_py_examples/build install --record /home/jeulin/git-repo-projects/Robotics-Manipulator/build/haircutterbot_py_examples/install.log --single-version-externally-managed install_data
[1.887s] running egg_info
[1.913s] writing ../../../build/haircutterbot_py_examples/haircutterbot_py_examples.egg-info/PKG-INFO
[1.913s] writing dependency_links to ../../../build/haircutterbot_py_examples/haircutterbot_py_examples.egg-info/dependency_links.txt
[1.913s] writing entry points to ../../../build/haircutterbot_py_examples/haircutterbot_py_examples.egg-info/entry_points.txt
[1.913s] writing requirements to ../../../build/haircutterbot_py_examples/haircutterbot_py_examples.egg-info/requires.txt
[1.913s] writing top-level names to ../../../build/haircutterbot_py_examples/haircutterbot_py_examples.egg-info/top_level.txt
[1.984s] reading manifest file '../../../build/haircutterbot_py_examples/haircutterbot_py_examples.egg-info/SOURCES.txt'
[1.987s] writing manifest file '../../../build/haircutterbot_py_examples/haircutterbot_py_examples.egg-info/SOURCES.txt'
[1.987s] running build
[1.988s] running build_py
[1.988s] running install
[1.996s] running install_lib
[2.029s] running install_data
[2.030s] running install_egg_info
[2.058s] removing '/home/jeulin/git-repo-projects/Robotics-Manipulator/install/haircutterbot_py_examples/lib/python3.12/site-packages/haircutterbot_py_examples-0.0.0-py3.12.egg-info' (and everything under it)
[2.058s] Copying ../../../build/haircutterbot_py_examples/haircutterbot_py_examples.egg-info to /home/jeulin/git-repo-projects/Robotics-Manipulator/install/haircutterbot_py_examples/lib/python3.12/site-packages/haircutterbot_py_examples-0.0.0-py3.12.egg-info
[2.059s] running install_scripts
[2.242s] Installing simple_action_client script to /home/jeulin/git-repo-projects/Robotics-Manipulator/install/haircutterbot_py_examples/lib/haircutterbot_py_examples
[2.242s] Installing simple_action_server script to /home/jeulin/git-repo-projects/Robotics-Manipulator/install/haircutterbot_py_examples/lib/haircutterbot_py_examples
[2.242s] Installing simple_moveit_interface script to /home/jeulin/git-repo-projects/Robotics-Manipulator/install/haircutterbot_py_examples/lib/haircutterbot_py_examples
[2.242s] Installing simple_parameter script to /home/jeulin/git-repo-projects/Robotics-Manipulator/install/haircutterbot_py_examples/lib/haircutterbot_py_examples
[2.242s] Installing simple_publisher script to /home/jeulin/git-repo-projects/Robotics-Manipulator/install/haircutterbot_py_examples/lib/haircutterbot_py_examples
[2.243s] Installing simple_service_client script to /home/jeulin/git-repo-projects/Robotics-Manipulator/install/haircutterbot_py_examples/lib/haircutterbot_py_examples
[2.243s] Installing simple_service_server script to /home/jeulin/git-repo-projects/Robotics-Manipulator/install/haircutterbot_py_examples/lib/haircutterbot_py_examples
[2.243s] Installing simple_subscriber script to /home/jeulin/git-repo-projects/Robotics-Manipulator/install/haircutterbot_py_examples/lib/haircutterbot_py_examples
[2.244s] writing list of installed files to '/home/jeulin/git-repo-projects/Robotics-Manipulator/build/haircutterbot_py_examples/install.log'
[2.283s] Invoked command in '/home/jeulin/git-repo-projects/Robotics-Manipulator/haircutterbot/src/haircutterbot_py_examples' returned '0': AMENT_PREFIX_PATH=/home/jeulin/git-repo-projects/Robotics-Manipulator/install/haircutterbot_msgs:${AMENT_PREFIX_PATH} CMAKE_PREFIX_PATH=/home/jeulin/git-repo-projects/Robotics-Manipulator/install/haircutterbot_msgs:${CMAKE_PREFIX_PATH} DEBUGINFOD_URLS=https://debuginfod.ubuntu.com LD_LIBRARY_PATH=/home/jeulin/git-repo-projects/Robotics-Manipulator/install/haircutterbot_msgs/lib:${LD_LIBRARY_PATH} PYTHONPATH=/home/jeulin/git-repo-projects/Robotics-Manipulator/build/haircutterbot_py_examples/prefix_override:/usr/lib/python3/dist-packages/colcon_core/task/python/colcon_distutils_commands:/home/jeulin/git-repo-projects/Robotics-Manipulator/install/haircutterbot_py_examples/lib/python3.12/site-packages:/home/jeulin/git-repo-projects/Robotics-Manipulator/install/haircutterbot_msgs/lib/python3.12/site-packages:${PYTHONPATH} /usr/bin/python3 -W ignore:setup.py install is deprecated -W ignore:easy_install command is deprecated setup.py egg_info --egg-base ../../../build/haircutterbot_py_examples build --build-base /home/jeulin/git-repo-projects/Robotics-Manipulator/build/haircutterbot_py_examples/build install --record /home/jeulin/git-repo-projects/Robotics-Manipulator/build/haircutterbot_py_examples/install.log --single-version-externally-managed install_data
