[0.023s] Invoking command in '/home/jeulin/git-repo-projects/Robotics-Manipulator/build/haircutterbot_description': CMAKE_PREFIX_PATH=${CMAKE_PREFIX_PATH}:/home/jeulin/git-repo-projects/Robotics-Manipulator/haircutterbot/install/haircutterbot_py_examples:/home/jeulin/git-repo-projects/Robotics-Manipulator/haircutterbot/install/haircutterbot_opencv:/home/jeulin/Robotics-and-ROS-2-Learn-by-Doing-Manipulators/Section9_Build/haircutterbot/install/haircutterbot_py_examples:/home/jeulin/Robotics-and-ROS-2-Learn-by-Doing-Manipulators/Section9_Build/haircutterbot/install/haircutterbot_opencv:/home/jeulin/Robotics-and-ROS-2-Learn-by-Doing-Manipulators/Section7_Application/arduinobot_ws/install/arduinobot_py_examples:/opt/ros/jazzy DEBUGINFOD_URLS=https://debuginfod.ubuntu.com /usr/bin/cmake /home/jeulin/git-repo-projects/Robotics-Manipulator/haircutterbot/src/haircutterbot_description -DCMAKE_INSTALL_PREFIX=/home/jeulin/git-repo-projects/Robotics-Manipulator/install/haircutterbot_description
[0.205s] -- The C compiler identification is GNU 13.3.0
[0.274s] -- The CXX compiler identification is GNU 13.3.0
[0.303s] -- Detecting C compiler ABI info
[0.424s] -- Detecting C compiler ABI info - done
[0.440s] -- Check for working C compiler: /usr/bin/cc - skipped
[0.440s] -- Detecting C compile features
[0.441s] -- Detecting C compile features - done
[0.453s] -- Detecting CXX compiler ABI info
[0.573s] -- Detecting CXX compiler ABI info - done
[0.585s] -- Check for working CXX compiler: /usr/bin/c++ - skipped
[0.585s] -- Detecting CXX compile features
[0.586s] -- Detecting CXX compile features - done
[0.602s] -- Found ament_cmake: 2.5.4 (/opt/ros/jazzy/share/ament_cmake/cmake)
[0.848s] -- Found Python3: /usr/bin/python3 (found version "3.12.3") found components: Interpreter 
[1.085s] -- Found ament_lint_auto: 0.17.2 (/opt/ros/jazzy/share/ament_lint_auto/cmake)
[1.302s] -- Added test 'copyright' to check source files copyright and LICENSE
[1.307s] -- Added test 'flake8' to check Python code syntax and style conventions
[1.307s] -- Configured 'flake8' exclude dirs and/or files: 
[1.309s] -- Added test 'lint_cmake' to check CMake code style
[1.311s] -- Added test 'pep257' to check Python code against some of the docstring style conventions in PEP 257
[1.315s] -- Added test 'xmllint' to check XML markup files
[1.319s] -- Configuring done (1.3s)
[1.323s] -- Generating done (0.0s)
[1.325s] -- Build files have been written to: /home/jeulin/git-repo-projects/Robotics-Manipulator/build/haircutterbot_description
[1.330s] Invoked command in '/home/jeulin/git-repo-projects/Robotics-Manipulator/build/haircutterbot_description' returned '0': CMAKE_PREFIX_PATH=${CMAKE_PREFIX_PATH}:/home/jeulin/git-repo-projects/Robotics-Manipulator/haircutterbot/install/haircutterbot_py_examples:/home/jeulin/git-repo-projects/Robotics-Manipulator/haircutterbot/install/haircutterbot_opencv:/home/jeulin/Robotics-and-ROS-2-Learn-by-Doing-Manipulators/Section9_Build/haircutterbot/install/haircutterbot_py_examples:/home/jeulin/Robotics-and-ROS-2-Learn-by-Doing-Manipulators/Section9_Build/haircutterbot/install/haircutterbot_opencv:/home/jeulin/Robotics-and-ROS-2-Learn-by-Doing-Manipulators/Section7_Application/arduinobot_ws/install/arduinobot_py_examples:/opt/ros/jazzy DEBUGINFOD_URLS=https://debuginfod.ubuntu.com /usr/bin/cmake /home/jeulin/git-repo-projects/Robotics-Manipulator/haircutterbot/src/haircutterbot_description -DCMAKE_INSTALL_PREFIX=/home/jeulin/git-repo-projects/Robotics-Manipulator/install/haircutterbot_description
[1.332s] Invoking command in '/home/jeulin/git-repo-projects/Robotics-Manipulator/build/haircutterbot_description': CMAKE_PREFIX_PATH=${CMAKE_PREFIX_PATH}:/home/jeulin/git-repo-projects/Robotics-Manipulator/haircutterbot/install/haircutterbot_py_examples:/home/jeulin/git-repo-projects/Robotics-Manipulator/haircutterbot/install/haircutterbot_opencv:/home/jeulin/Robotics-and-ROS-2-Learn-by-Doing-Manipulators/Section9_Build/haircutterbot/install/haircutterbot_py_examples:/home/jeulin/Robotics-and-ROS-2-Learn-by-Doing-Manipulators/Section9_Build/haircutterbot/install/haircutterbot_opencv:/home/jeulin/Robotics-and-ROS-2-Learn-by-Doing-Manipulators/Section7_Application/arduinobot_ws/install/arduinobot_py_examples:/opt/ros/jazzy DEBUGINFOD_URLS=https://debuginfod.ubuntu.com /usr/bin/cmake --build /home/jeulin/git-repo-projects/Robotics-Manipulator/build/haircutterbot_description -- -j8 -l8
[1.377s] Invoked command in '/home/jeulin/git-repo-projects/Robotics-Manipulator/build/haircutterbot_description' returned '0': CMAKE_PREFIX_PATH=${CMAKE_PREFIX_PATH}:/home/jeulin/git-repo-projects/Robotics-Manipulator/haircutterbot/install/haircutterbot_py_examples:/home/jeulin/git-repo-projects/Robotics-Manipulator/haircutterbot/install/haircutterbot_opencv:/home/jeulin/Robotics-and-ROS-2-Learn-by-Doing-Manipulators/Section9_Build/haircutterbot/install/haircutterbot_py_examples:/home/jeulin/Robotics-and-ROS-2-Learn-by-Doing-Manipulators/Section9_Build/haircutterbot/install/haircutterbot_opencv:/home/jeulin/Robotics-and-ROS-2-Learn-by-Doing-Manipulators/Section7_Application/arduinobot_ws/install/arduinobot_py_examples:/opt/ros/jazzy DEBUGINFOD_URLS=https://debuginfod.ubuntu.com /usr/bin/cmake --build /home/jeulin/git-repo-projects/Robotics-Manipulator/build/haircutterbot_description -- -j8 -l8
[1.389s] Invoking command in '/home/jeulin/git-repo-projects/Robotics-Manipulator/build/haircutterbot_description': CMAKE_PREFIX_PATH=${CMAKE_PREFIX_PATH}:/home/jeulin/git-repo-projects/Robotics-Manipulator/haircutterbot/install/haircutterbot_py_examples:/home/jeulin/git-repo-projects/Robotics-Manipulator/haircutterbot/install/haircutterbot_opencv:/home/jeulin/Robotics-and-ROS-2-Learn-by-Doing-Manipulators/Section9_Build/haircutterbot/install/haircutterbot_py_examples:/home/jeulin/Robotics-and-ROS-2-Learn-by-Doing-Manipulators/Section9_Build/haircutterbot/install/haircutterbot_opencv:/home/jeulin/Robotics-and-ROS-2-Learn-by-Doing-Manipulators/Section7_Application/arduinobot_ws/install/arduinobot_py_examples:/opt/ros/jazzy DEBUGINFOD_URLS=https://debuginfod.ubuntu.com /usr/bin/cmake --install /home/jeulin/git-repo-projects/Robotics-Manipulator/build/haircutterbot_description
[1.400s] -- Install configuration: ""
[1.400s] -- Installing: /home/jeulin/git-repo-projects/Robotics-Manipulator/install/haircutterbot_description/share/haircutterbot_description/launch
[1.400s] -- Installing: /home/jeulin/git-repo-projects/Robotics-Manipulator/install/haircutterbot_description/share/haircutterbot_description/launch/display.launch.py
[1.400s] -- Installing: /home/jeulin/git-repo-projects/Robotics-Manipulator/install/haircutterbot_description/share/haircutterbot_description/launch/__pycache__
[1.400s] -- Installing: /home/jeulin/git-repo-projects/Robotics-Manipulator/install/haircutterbot_description/share/haircutterbot_description/launch/__pycache__/gazebo.launch.cpython-312.pyc
[1.400s] -- Installing: /home/jeulin/git-repo-projects/Robotics-Manipulator/install/haircutterbot_description/share/haircutterbot_description/launch/gazebo.launch.py
[1.401s] -- Installing: /home/jeulin/git-repo-projects/Robotics-Manipulator/install/haircutterbot_description/share/haircutterbot_description/meshes
[1.401s] -- Installing: /home/jeulin/git-repo-projects/Robotics-Manipulator/install/haircutterbot_description/share/haircutterbot_description/meshes/right_finger.STL
[1.401s] -- Installing: /home/jeulin/git-repo-projects/Robotics-Manipulator/install/haircutterbot_description/share/haircutterbot_description/meshes/forward_drive_arm.STL
[1.407s] -- Installing: /home/jeulin/git-repo-projects/Robotics-Manipulator/install/haircutterbot_description/share/haircutterbot_description/meshes/basement.STL
[1.410s] -- Installing: /home/jeulin/git-repo-projects/Robotics-Manipulator/install/haircutterbot_description/share/haircutterbot_description/meshes/servo_plate.STL
[1.411s] -- Installing: /home/jeulin/git-repo-projects/Robotics-Manipulator/install/haircutterbot_description/share/haircutterbot_description/meshes/round_plate.STL
[1.412s] -- Installing: /home/jeulin/git-repo-projects/Robotics-Manipulator/install/haircutterbot_description/share/haircutterbot_description/meshes/left_finger.STL
[1.413s] -- Installing: /home/jeulin/git-repo-projects/Robotics-Manipulator/install/haircutterbot_description/share/haircutterbot_description/meshes/horizontal_arm.STL
[1.418s] -- Installing: /home/jeulin/git-repo-projects/Robotics-Manipulator/install/haircutterbot_description/share/haircutterbot_description/meshes/claw_support.STL
[1.420s] -- Installing: /home/jeulin/git-repo-projects/Robotics-Manipulator/install/haircutterbot_description/share/haircutterbot_description/meshes/triangular_link.STL
[1.422s] -- Installing: /home/jeulin/git-repo-projects/Robotics-Manipulator/install/haircutterbot_description/share/haircutterbot_description/meshes/vertical_drive_arm.STL
[1.425s] -- Installing: /home/jeulin/git-repo-projects/Robotics-Manipulator/install/haircutterbot_description/share/haircutterbot_description/meshes/plate.STL
[1.432s] -- Installing: /home/jeulin/git-repo-projects/Robotics-Manipulator/install/haircutterbot_description/share/haircutterbot_description/meshes/link.STL
[1.434s] -- Installing: /home/jeulin/git-repo-projects/Robotics-Manipulator/install/haircutterbot_description/share/haircutterbot_description/meshes/base_plate.STL
[1.441s] -- Installing: /home/jeulin/git-repo-projects/Robotics-Manipulator/install/haircutterbot_description/share/haircutterbot_description/urdf
[1.441s] -- Installing: /home/jeulin/git-repo-projects/Robotics-Manipulator/install/haircutterbot_description/share/haircutterbot_description/urdf/haircutterbot_gazebo.xacro
[1.441s] -- Installing: /home/jeulin/git-repo-projects/Robotics-Manipulator/install/haircutterbot_description/share/haircutterbot_description/urdf/haircutterbot_ros2_control.xacro
[1.441s] -- Installing: /home/jeulin/git-repo-projects/Robotics-Manipulator/install/haircutterbot_description/share/haircutterbot_description/urdf/haircutterbot.urdf.xacro
[1.441s] -- Installing: /home/jeulin/git-repo-projects/Robotics-Manipulator/install/haircutterbot_description/share/haircutterbot_description/rviz
[1.441s] -- Installing: /home/jeulin/git-repo-projects/Robotics-Manipulator/install/haircutterbot_description/share/haircutterbot_description/rviz/display.rviz
[1.442s] -- Installing: /home/jeulin/git-repo-projects/Robotics-Manipulator/install/haircutterbot_description/share/ament_index/resource_index/package_run_dependencies/haircutterbot_description
[1.442s] -- Installing: /home/jeulin/git-repo-projects/Robotics-Manipulator/install/haircutterbot_description/share/ament_index/resource_index/parent_prefix_path/haircutterbot_description
[1.442s] -- Installing: /home/jeulin/git-repo-projects/Robotics-Manipulator/install/haircutterbot_description/share/haircutterbot_description/environment/ament_prefix_path.sh
[1.443s] -- Installing: /home/jeulin/git-repo-projects/Robotics-Manipulator/install/haircutterbot_description/share/haircutterbot_description/environment/ament_prefix_path.dsv
[1.443s] -- Installing: /home/jeulin/git-repo-projects/Robotics-Manipulator/install/haircutterbot_description/share/haircutterbot_description/environment/path.sh
[1.443s] -- Installing: /home/jeulin/git-repo-projects/Robotics-Manipulator/install/haircutterbot_description/share/haircutterbot_description/environment/path.dsv
[1.443s] -- Installing: /home/jeulin/git-repo-projects/Robotics-Manipulator/install/haircutterbot_description/share/haircutterbot_description/local_setup.bash
[1.443s] -- Installing: /home/jeulin/git-repo-projects/Robotics-Manipulator/install/haircutterbot_description/share/haircutterbot_description/local_setup.sh
[1.444s] -- Installing: /home/jeulin/git-repo-projects/Robotics-Manipulator/install/haircutterbot_description/share/haircutterbot_description/local_setup.zsh
[1.444s] -- Installing: /home/jeulin/git-repo-projects/Robotics-Manipulator/install/haircutterbot_description/share/haircutterbot_description/local_setup.dsv
[1.444s] -- Installing: /home/jeulin/git-repo-projects/Robotics-Manipulator/install/haircutterbot_description/share/haircutterbot_description/package.dsv
[1.444s] -- Installing: /home/jeulin/git-repo-projects/Robotics-Manipulator/install/haircutterbot_description/share/ament_index/resource_index/packages/haircutterbot_description
[1.444s] -- Installing: /home/jeulin/git-repo-projects/Robotics-Manipulator/install/haircutterbot_description/share/haircutterbot_description/cmake/haircutterbot_descriptionConfig.cmake
[1.444s] -- Installing: /home/jeulin/git-repo-projects/Robotics-Manipulator/install/haircutterbot_description/share/haircutterbot_description/cmake/haircutterbot_descriptionConfig-version.cmake
[1.445s] -- Installing: /home/jeulin/git-repo-projects/Robotics-Manipulator/install/haircutterbot_description/share/haircutterbot_description/package.xml
[1.447s] Invoked command in '/home/jeulin/git-repo-projects/Robotics-Manipulator/build/haircutterbot_description' returned '0': CMAKE_PREFIX_PATH=${CMAKE_PREFIX_PATH}:/home/jeulin/git-repo-projects/Robotics-Manipulator/haircutterbot/install/haircutterbot_py_examples:/home/jeulin/git-repo-projects/Robotics-Manipulator/haircutterbot/install/haircutterbot_opencv:/home/jeulin/Robotics-and-ROS-2-Learn-by-Doing-Manipulators/Section9_Build/haircutterbot/install/haircutterbot_py_examples:/home/jeulin/Robotics-and-ROS-2-Learn-by-Doing-Manipulators/Section9_Build/haircutterbot/install/haircutterbot_opencv:/home/jeulin/Robotics-and-ROS-2-Learn-by-Doing-Manipulators/Section7_Application/arduinobot_ws/install/arduinobot_py_examples:/opt/ros/jazzy DEBUGINFOD_URLS=https://debuginfod.ubuntu.com /usr/bin/cmake --install /home/jeulin/git-repo-projects/Robotics-Manipulator/build/haircutterbot_description
