-- The C compiler identification is GNU 13.3.0
-- The CXX compiler identification is GNU 13.3.0
-- Detecting C compiler ABI info
-- Detecting C compiler ABI info - done
-- Check for working C compiler: /usr/bin/cc - skipped
-- Detecting C compile features
-- Detecting C compile features - done
-- Detecting CXX compiler ABI info
-- Detecting CXX compiler ABI info - done
-- Check for working CXX compiler: /usr/bin/c++ - skipped
-- Detecting CXX compile features
-- Detecting CXX compile features - done
-- Found ament_cmake: 2.5.4 (/opt/ros/jazzy/share/ament_cmake/cmake)
-- Found Python3: /usr/bin/python3 (found version "3.12.3") found components: Interpreter 
-- Found rclcpp: 28.1.9 (/opt/ros/jazzy/share/rclcpp/cmake)
-- Found rosidl_generator_c: 4.6.5 (/opt/ros/jazzy/share/rosidl_generator_c/cmake)
-- Found rosidl_generator_cpp: 4.6.5 (/opt/ros/jazzy/share/rosidl_generator_cpp/cmake)
-- Using all available rosidl_typesupport_c: rosidl_typesupport_fastrtps_c;rosidl_typesupport_introspection_c
-- Using all available rosidl_typesupport_cpp: rosidl_typesupport_fastrtps_cpp;rosidl_typesupport_introspection_cpp
-- Found rmw_implementation_cmake: 7.3.2 (/opt/ros/jazzy/share/rmw_implementation_cmake/cmake)
-- Found rmw_fastrtps_cpp: 8.4.2 (/opt/ros/jazzy/share/rmw_fastrtps_cpp/cmake)
-- Found OpenSSL: /usr/lib/x86_64-linux-gnu/libcrypto.so (found version "3.0.13")  
-- Found FastRTPS: /opt/ros/jazzy/include (Required is at least version "2.13") 
-- Using RMW implementation 'rmw_fastrtps_cpp' as default
-- Found rclpy: 7.1.4 (/opt/ros/jazzy/share/rclpy/cmake)
-- Found haircutterbot_msgs: 0.0.0 (/home/jeulin/git-repo-projects/Robotics-Manipulator/install/haircutterbot_msgs/share/haircutterbot_msgs/cmake)
-- Found tf2: 0.36.11 (/opt/ros/jazzy/share/tf2/cmake)
-- Configuring done (2.6s)
-- Generating done (0.0s)
-- Build files have been written to: /home/jeulin/git-repo-projects/Robotics-Manipulator/build/haircutterbot_utils
[ 50%] [32mBuilding CXX object CMakeFiles/angle_conversion.dir/src/angle_conversion.cpp.o[0m
[ 50%] Built target ament_cmake_python_copy_haircutterbot_utils
running egg_info
creating haircutterbot_utils.egg-info
writing haircutterbot_utils.egg-info/PKG-INFO
writing dependency_links to haircutterbot_utils.egg-info/dependency_links.txt
writing top-level names to haircutterbot_utils.egg-info/top_level.txt
writing manifest file 'haircutterbot_utils.egg-info/SOURCES.txt'
reading manifest file 'haircutterbot_utils.egg-info/SOURCES.txt'
writing manifest file 'haircutterbot_utils.egg-info/SOURCES.txt'
[ 50%] Built target ament_cmake_python_build_haircutterbot_utils_egg
[100%] [32m[1mLinking CXX executable angle_conversion[0m
[100%] Built target angle_conversion
-- Install configuration: ""
-- Installing: /home/jeulin/git-repo-projects/Robotics-Manipulator/install/haircutterbot_utils/share/haircutterbot_utils/environment/pythonpath.sh
-- Installing: /home/jeulin/git-repo-projects/Robotics-Manipulator/install/haircutterbot_utils/share/haircutterbot_utils/environment/pythonpath.dsv
-- Installing: /home/jeulin/git-repo-projects/Robotics-Manipulator/install/haircutterbot_utils/lib/python3.12/site-packages/haircutterbot_utils-0.0.0-py3.12.egg-info
-- Installing: /home/jeulin/git-repo-projects/Robotics-Manipulator/install/haircutterbot_utils/lib/python3.12/site-packages/haircutterbot_utils-0.0.0-py3.12.egg-info/PKG-INFO
-- Installing: /home/jeulin/git-repo-projects/Robotics-Manipulator/install/haircutterbot_utils/lib/python3.12/site-packages/haircutterbot_utils-0.0.0-py3.12.egg-info/top_level.txt
-- Installing: /home/jeulin/git-repo-projects/Robotics-Manipulator/install/haircutterbot_utils/lib/python3.12/site-packages/haircutterbot_utils-0.0.0-py3.12.egg-info/SOURCES.txt
-- Installing: /home/jeulin/git-repo-projects/Robotics-Manipulator/install/haircutterbot_utils/lib/python3.12/site-packages/haircutterbot_utils-0.0.0-py3.12.egg-info/dependency_links.txt
-- Installing: /home/jeulin/git-repo-projects/Robotics-Manipulator/install/haircutterbot_utils/lib/python3.12/site-packages/haircutterbot_utils
-- Installing: /home/jeulin/git-repo-projects/Robotics-Manipulator/install/haircutterbot_utils/lib/python3.12/site-packages/haircutterbot_utils/angle_conversion.py
-- Installing: /home/jeulin/git-repo-projects/Robotics-Manipulator/install/haircutterbot_utils/lib/python3.12/site-packages/haircutterbot_utils/__init__.py
Listing '/home/jeulin/git-repo-projects/Robotics-Manipulator/install/haircutterbot_utils/lib/python3.12/site-packages/haircutterbot_utils'...
Compiling '/home/jeulin/git-repo-projects/Robotics-Manipulator/install/haircutterbot_utils/lib/python3.12/site-packages/haircutterbot_utils/__init__.py'...
Compiling '/home/jeulin/git-repo-projects/Robotics-Manipulator/install/haircutterbot_utils/lib/python3.12/site-packages/haircutterbot_utils/angle_conversion.py'...
-- Installing: /home/jeulin/git-repo-projects/Robotics-Manipulator/install/haircutterbot_utils/lib/haircutterbot_utils/angle_conversion
-- Set non-toolchain portion of runtime path of "/home/jeulin/git-repo-projects/Robotics-Manipulator/install/haircutterbot_utils/lib/haircutterbot_utils/angle_conversion" to ""
-- Installing: /home/jeulin/git-repo-projects/Robotics-Manipulator/install/haircutterbot_utils/lib/haircutterbot_utils/angle_conversion.py
-- Installing: /home/jeulin/git-repo-projects/Robotics-Manipulator/install/haircutterbot_utils/share/ament_index/resource_index/package_run_dependencies/haircutterbot_utils
-- Installing: /home/jeulin/git-repo-projects/Robotics-Manipulator/install/haircutterbot_utils/share/ament_index/resource_index/parent_prefix_path/haircutterbot_utils
-- Installing: /home/jeulin/git-repo-projects/Robotics-Manipulator/install/haircutterbot_utils/share/haircutterbot_utils/environment/ament_prefix_path.sh
-- Installing: /home/jeulin/git-repo-projects/Robotics-Manipulator/install/haircutterbot_utils/share/haircutterbot_utils/environment/ament_prefix_path.dsv
-- Installing: /home/jeulin/git-repo-projects/Robotics-Manipulator/install/haircutterbot_utils/share/haircutterbot_utils/environment/path.sh
-- Installing: /home/jeulin/git-repo-projects/Robotics-Manipulator/install/haircutterbot_utils/share/haircutterbot_utils/environment/path.dsv
-- Installing: /home/jeulin/git-repo-projects/Robotics-Manipulator/install/haircutterbot_utils/share/haircutterbot_utils/local_setup.bash
-- Installing: /home/jeulin/git-repo-projects/Robotics-Manipulator/install/haircutterbot_utils/share/haircutterbot_utils/local_setup.sh
-- Installing: /home/jeulin/git-repo-projects/Robotics-Manipulator/install/haircutterbot_utils/share/haircutterbot_utils/local_setup.zsh
-- Installing: /home/jeulin/git-repo-projects/Robotics-Manipulator/install/haircutterbot_utils/share/haircutterbot_utils/local_setup.dsv
-- Installing: /home/jeulin/git-repo-projects/Robotics-Manipulator/install/haircutterbot_utils/share/haircutterbot_utils/package.dsv
-- Installing: /home/jeulin/git-repo-projects/Robotics-Manipulator/install/haircutterbot_utils/share/ament_index/resource_index/packages/haircutterbot_utils
-- Installing: /home/jeulin/git-repo-projects/Robotics-Manipulator/install/haircutterbot_utils/share/haircutterbot_utils/cmake/haircutterbot_utilsConfig.cmake
-- Installing: /home/jeulin/git-repo-projects/Robotics-Manipulator/install/haircutterbot_utils/share/haircutterbot_utils/cmake/haircutterbot_utilsConfig-version.cmake
-- Installing: /home/jeulin/git-repo-projects/Robotics-Manipulator/install/haircutterbot_utils/share/haircutterbot_utils/package.xml
