running egg_info
creating ../../build/haircutterbot_opencv/haircutterbot_opencv.egg-info
writing ../../build/haircutterbot_opencv/haircutterbot_opencv.egg-info/PKG-INFO
writing dependency_links to ../../build/haircutterbot_opencv/haircutterbot_opencv.egg-info/dependency_links.txt
writing entry points to ../../build/haircutterbot_opencv/haircutterbot_opencv.egg-info/entry_points.txt
writing requirements to ../../build/haircutterbot_opencv/haircutterbot_opencv.egg-info/requires.txt
writing top-level names to ../../build/haircutterbot_opencv/haircutterbot_opencv.egg-info/top_level.txt
writing manifest file '../../build/haircutterbot_opencv/haircutterbot_opencv.egg-info/SOURCES.txt'
reading manifest file '../../build/haircutterbot_opencv/haircutterbot_opencv.egg-info/SOURCES.txt'
writing manifest file '../../build/haircutterbot_opencv/haircutterbot_opencv.egg-info/SOURCES.txt'
running build
running build_py
creating /home/jeulin/git-repo-projects/Robotics-Manipulator/haircutterbot/build/haircutterbot_opencv/build
creating /home/jeulin/git-repo-projects/Robotics-Manipulator/haircutterbot/build/haircutterbot_opencv/build/lib
creating /home/jeulin/git-repo-projects/Robotics-Manipulator/haircutterbot/build/haircutterbot_opencv/build/lib/haircutterbot_opencv
copying haircutterbot_opencv/opencv_node.py -> /home/jeulin/git-repo-projects/Robotics-Manipulator/haircutterbot/build/haircutterbot_opencv/build/lib/haircutterbot_opencv
copying haircutterbot_opencv/__init__.py -> /home/jeulin/git-repo-projects/Robotics-Manipulator/haircutterbot/build/haircutterbot_opencv/build/lib/haircutterbot_opencv
running install
running install_lib
creating /home/jeulin/git-repo-projects/Robotics-Manipulator/haircutterbot/install/haircutterbot_opencv/lib/python3.12/site-packages/haircutterbot_opencv
copying /home/jeulin/git-repo-projects/Robotics-Manipulator/haircutterbot/build/haircutterbot_opencv/build/lib/haircutterbot_opencv/opencv_node.py -> /home/jeulin/git-repo-projects/Robotics-Manipulator/haircutterbot/install/haircutterbot_opencv/lib/python3.12/site-packages/haircutterbot_opencv
copying /home/jeulin/git-repo-projects/Robotics-Manipulator/haircutterbot/build/haircutterbot_opencv/build/lib/haircutterbot_opencv/__init__.py -> /home/jeulin/git-repo-projects/Robotics-Manipulator/haircutterbot/install/haircutterbot_opencv/lib/python3.12/site-packages/haircutterbot_opencv
byte-compiling /home/jeulin/git-repo-projects/Robotics-Manipulator/haircutterbot/install/haircutterbot_opencv/lib/python3.12/site-packages/haircutterbot_opencv/opencv_node.py to opencv_node.cpython-312.pyc
byte-compiling /home/jeulin/git-repo-projects/Robotics-Manipulator/haircutterbot/install/haircutterbot_opencv/lib/python3.12/site-packages/haircutterbot_opencv/__init__.py to __init__.cpython-312.pyc
running install_data
creating /home/jeulin/git-repo-projects/Robotics-Manipulator/haircutterbot/install/haircutterbot_opencv/share/ament_index
creating /home/jeulin/git-repo-projects/Robotics-Manipulator/haircutterbot/install/haircutterbot_opencv/share/ament_index/resource_index
creating /home/jeulin/git-repo-projects/Robotics-Manipulator/haircutterbot/install/haircutterbot_opencv/share/ament_index/resource_index/packages
copying resource/haircutterbot_opencv -> /home/jeulin/git-repo-projects/Robotics-Manipulator/haircutterbot/install/haircutterbot_opencv/share/ament_index/resource_index/packages
copying package.xml -> /home/jeulin/git-repo-projects/Robotics-Manipulator/haircutterbot/install/haircutterbot_opencv/share/haircutterbot_opencv
creating /home/jeulin/git-repo-projects/Robotics-Manipulator/haircutterbot/install/haircutterbot_opencv/share/haircutterbot_opencv/launch
running install_egg_info
Copying ../../build/haircutterbot_opencv/haircutterbot_opencv.egg-info to /home/jeulin/git-repo-projects/Robotics-Manipulator/haircutterbot/install/haircutterbot_opencv/lib/python3.12/site-packages/haircutterbot_opencv-0.0.0-py3.12.egg-info
running install_scripts
Installing opencv_node script to /home/jeulin/git-repo-projects/Robotics-Manipulator/haircutterbot/install/haircutterbot_opencv/lib/haircutterbot_opencv
writing list of installed files to '/home/jeulin/git-repo-projects/Robotics-Manipulator/haircutterbot/build/haircutterbot_opencv/install.log'
