[0.021s] Invoking command in '/home/jeulin/Robotics-and-ROS-2-Learn-by-Doing-Manipulators/Section9_Build/arduinobot_ws/build/arduinobot_cpp_examples': AMENT_PREFIX_PATH=/home/jeulin/Robotics-and-ROS-2-Learn-by-Doing-Manipulators/Section9_Build/arduinobot_ws/install/arduinobot_msgs:${AMENT_PREFIX_PATH} CMAKE_PREFIX_PATH=/home/jeulin/Robotics-and-ROS-2-Learn-by-Doing-Manipulators/Section9_Build/arduinobot_ws/install/arduinobot_msgs:/home/jeulin/arduinobot_ws/install/arduinobot_description:/home/jeulin/arduinobot_ws/install/arduinobot_cpp_examples:/opt/ros/jazzy/opt/gz_sim_vendor:/opt/ros/jazzy/opt/gz_sensors_vendor:/opt/ros/jazzy/opt/gz_physics_vendor:/opt/ros/jazzy/opt/sdformat_vendor:/opt/ros/jazzy/opt/gz_gui_vendor:/opt/ros/jazzy/opt/gz_transport_vendor:/opt/ros/jazzy/opt/gz_rendering_vendor:/opt/ros/jazzy/opt/gz_plugin_vendor:/opt/ros/jazzy/opt/gz_fuel_tools_vendor:/opt/ros/jazzy/opt/gz_msgs_vendor:/opt/ros/jazzy/opt/gz_common_vendor:/opt/ros/jazzy/opt/gz_tools_vendor:/opt/ros/jazzy/opt/gz_ogre_next_vendor:/opt/ros/jazzy/opt/gz_dartsim_vendor:/opt/ros/jazzy/opt/gz_math_vendor:/opt/ros/jazzy/opt/gz_utils_vendor:/opt/ros/jazzy/opt/gz_cmake_vendor:/home/jeulin/arduinobot_ws/install/arduinobot_py_examples:/opt/ros/jazzy DEBUGINFOD_URLS=https://debuginfod.ubuntu.com LD_LIBRARY_PATH=/home/jeulin/Robotics-and-ROS-2-Learn-by-Doing-Manipulators/Section9_Build/arduinobot_ws/install/arduinobot_msgs/lib:${LD_LIBRARY_PATH} PYTHONPATH=/home/jeulin/Robotics-and-ROS-2-Learn-by-Doing-Manipulators/Section9_Build/arduinobot_ws/install/arduinobot_msgs/lib/python3.12/site-packages:${PYTHONPATH} /usr/bin/cmake /home/jeulin/Robotics-and-ROS-2-Learn-by-Doing-Manipulators/Section9_Build/arduinobot_ws/src/arduinobot_cpp_examples -DCMAKE_INSTALL_PREFIX=/home/jeulin/Robotics-and-ROS-2-Learn-by-Doing-Manipulators/Section9_Build/arduinobot_ws/install/arduinobot_cpp_examples
[0.339s] -- The C compiler identification is GNU 13.2.0
[0.340s] -- The CXX compiler identification is GNU 13.2.0
[0.340s] -- Detecting C compiler ABI info
[0.340s] -- Detecting C compiler ABI info - done
[0.340s] -- Check for working C compiler: /usr/bin/cc - skipped
[0.340s] -- Detecting C compile features
[0.340s] -- Detecting C compile features - done
[0.340s] -- Detecting CXX compiler ABI info
[0.529s] -- Detecting CXX compiler ABI info - done
[0.540s] -- Check for working CXX compiler: /usr/bin/c++ - skipped
[0.540s] -- Detecting CXX compile features
[0.541s] -- Detecting CXX compile features - done
[0.546s] -- Found ament_cmake: 2.5.2 (/opt/ros/jazzy/share/ament_cmake/cmake)
[0.719s] -- Found Python3: /usr/bin/python3 (found version "3.12.3") found components: Interpreter 
[0.861s] -- Found rclcpp: 28.1.5 (/opt/ros/jazzy/share/rclcpp/cmake)
[0.926s] -- Found rosidl_generator_c: 4.6.4 (/opt/ros/jazzy/share/rosidl_generator_c/cmake)
[0.953s] -- Found rosidl_generator_cpp: 4.6.4 (/opt/ros/jazzy/share/rosidl_generator_cpp/cmake)
[0.984s] -- Using all available rosidl_typesupport_c: rosidl_typesupport_fastrtps_c;rosidl_typesupport_introspection_c
[1.037s] -- Using all available rosidl_typesupport_cpp: rosidl_typesupport_fastrtps_cpp;rosidl_typesupport_introspection_cpp
[1.235s] -- Found rmw_implementation_cmake: 7.3.1 (/opt/ros/jazzy/share/rmw_implementation_cmake/cmake)
[1.241s] -- Found rmw_fastrtps_cpp: 8.4.1 (/opt/ros/jazzy/share/rmw_fastrtps_cpp/cmake)
[1.363s] -- Found OpenSSL: /usr/lib/x86_64-linux-gnu/libcrypto.so (found version "3.0.13")  
[1.398s] -- Found FastRTPS: /opt/ros/jazzy/include (Required is at least version "2.13") 
[1.437s] -- Using RMW implementation 'rmw_fastrtps_cpp' as default
[1.546s] -- Found std_msgs: 5.3.5 (/opt/ros/jazzy/share/std_msgs/cmake)
[1.562s] -- Found arduinobot_msgs: 0.0.0 (/home/jeulin/Robotics-and-ROS-2-Learn-by-Doing-Manipulators/Section9_Build/arduinobot_ws/install/arduinobot_msgs/share/arduinobot_msgs/cmake)
[1.642s] -- Found rclcpp_action: 28.1.5 (/opt/ros/jazzy/share/rclcpp_action/cmake)
[1.666s] -- Found rclcpp_components: 28.1.5 (/opt/ros/jazzy/share/rclcpp_components/cmake)
[1.730s] -- Found moveit_ros_planning_interface: 2.10.0 (/opt/ros/jazzy/share/moveit_ros_planning_interface/cmake)
[1.906s] -- Found Boost: /usr/lib/x86_64-linux-gnu/cmake/Boost-1.83.0/BoostConfig.cmake (found version "1.83.0") found components: date_time filesystem program_options system thread 
[2.246s] -- Found Boost: /usr/lib/x86_64-linux-gnu/cmake/Boost-1.83.0/BoostConfig.cmake (found version "1.83.0") found components: chrono date_time filesystem iostreams program_options regex serialization system thread 
[2.413s] -- Found parameter_traits: 0.3.9 (/opt/ros/jazzy/share/parameter_traits/cmake)
[2.444s] -- Found rclcpp_lifecycle: 28.1.5 (/opt/ros/jazzy/share/rclcpp_lifecycle/cmake)
[2.508s] -- Found Boost: /usr/lib/x86_64-linux-gnu/cmake/Boost-1.83.0/BoostConfig.cmake (found version "1.83.0") found components: filesystem 
[2.601s] -- Found Eigen3: TRUE (found version "3.4.0") 
[2.601s] -- Ensuring Eigen3 include directory is part of orocos-kdl CMake target
[2.774s] -- Found Boost: /usr/lib/x86_64-linux-gnu/cmake/Boost-1.83.0/BoostConfig.cmake (found version "1.83.0") found components: system filesystem date_time program_options thread chrono 
[2.842s] -- Found Boost: /usr/lib/x86_64-linux-gnu/cmake/Boost-1.83.0/BoostConfig.cmake (found version "1.83.0") found components: thread system filesystem regex date_time program_options 
[2.878s] -- Found Boost: /usr/lib/x86_64-linux-gnu/cmake/Boost-1.83.0/BoostConfig.cmake (found version "1.83.0") found components: system filesystem date_time program_options thread 
[3.040s] -- Configuring done (3.0s)
[3.138s] -- Generating done (0.1s)
[3.161s] -- Build files have been written to: /home/jeulin/Robotics-and-ROS-2-Learn-by-Doing-Manipulators/Section9_Build/arduinobot_ws/build/arduinobot_cpp_examples
[3.180s] Invoked command in '/home/jeulin/Robotics-and-ROS-2-Learn-by-Doing-Manipulators/Section9_Build/arduinobot_ws/build/arduinobot_cpp_examples' returned '0': AMENT_PREFIX_PATH=/home/jeulin/Robotics-and-ROS-2-Learn-by-Doing-Manipulators/Section9_Build/arduinobot_ws/install/arduinobot_msgs:${AMENT_PREFIX_PATH} CMAKE_PREFIX_PATH=/home/jeulin/Robotics-and-ROS-2-Learn-by-Doing-Manipulators/Section9_Build/arduinobot_ws/install/arduinobot_msgs:/home/jeulin/arduinobot_ws/install/arduinobot_description:/home/jeulin/arduinobot_ws/install/arduinobot_cpp_examples:/opt/ros/jazzy/opt/gz_sim_vendor:/opt/ros/jazzy/opt/gz_sensors_vendor:/opt/ros/jazzy/opt/gz_physics_vendor:/opt/ros/jazzy/opt/sdformat_vendor:/opt/ros/jazzy/opt/gz_gui_vendor:/opt/ros/jazzy/opt/gz_transport_vendor:/opt/ros/jazzy/opt/gz_rendering_vendor:/opt/ros/jazzy/opt/gz_plugin_vendor:/opt/ros/jazzy/opt/gz_fuel_tools_vendor:/opt/ros/jazzy/opt/gz_msgs_vendor:/opt/ros/jazzy/opt/gz_common_vendor:/opt/ros/jazzy/opt/gz_tools_vendor:/opt/ros/jazzy/opt/gz_ogre_next_vendor:/opt/ros/jazzy/opt/gz_dartsim_vendor:/opt/ros/jazzy/opt/gz_math_vendor:/opt/ros/jazzy/opt/gz_utils_vendor:/opt/ros/jazzy/opt/gz_cmake_vendor:/home/jeulin/arduinobot_ws/install/arduinobot_py_examples:/opt/ros/jazzy DEBUGINFOD_URLS=https://debuginfod.ubuntu.com LD_LIBRARY_PATH=/home/jeulin/Robotics-and-ROS-2-Learn-by-Doing-Manipulators/Section9_Build/arduinobot_ws/install/arduinobot_msgs/lib:${LD_LIBRARY_PATH} PYTHONPATH=/home/jeulin/Robotics-and-ROS-2-Learn-by-Doing-Manipulators/Section9_Build/arduinobot_ws/install/arduinobot_msgs/lib/python3.12/site-packages:${PYTHONPATH} /usr/bin/cmake /home/jeulin/Robotics-and-ROS-2-Learn-by-Doing-Manipulators/Section9_Build/arduinobot_ws/src/arduinobot_cpp_examples -DCMAKE_INSTALL_PREFIX=/home/jeulin/Robotics-and-ROS-2-Learn-by-Doing-Manipulators/Section9_Build/arduinobot_ws/install/arduinobot_cpp_examples
[3.181s] Invoking command in '/home/jeulin/Robotics-and-ROS-2-Learn-by-Doing-Manipulators/Section9_Build/arduinobot_ws/build/arduinobot_cpp_examples': AMENT_PREFIX_PATH=/home/jeulin/Robotics-and-ROS-2-Learn-by-Doing-Manipulators/Section9_Build/arduinobot_ws/install/arduinobot_msgs:${AMENT_PREFIX_PATH} CMAKE_PREFIX_PATH=/home/jeulin/Robotics-and-ROS-2-Learn-by-Doing-Manipulators/Section9_Build/arduinobot_ws/install/arduinobot_msgs:/home/jeulin/arduinobot_ws/install/arduinobot_description:/home/jeulin/arduinobot_ws/install/arduinobot_cpp_examples:/opt/ros/jazzy/opt/gz_sim_vendor:/opt/ros/jazzy/opt/gz_sensors_vendor:/opt/ros/jazzy/opt/gz_physics_vendor:/opt/ros/jazzy/opt/sdformat_vendor:/opt/ros/jazzy/opt/gz_gui_vendor:/opt/ros/jazzy/opt/gz_transport_vendor:/opt/ros/jazzy/opt/gz_rendering_vendor:/opt/ros/jazzy/opt/gz_plugin_vendor:/opt/ros/jazzy/opt/gz_fuel_tools_vendor:/opt/ros/jazzy/opt/gz_msgs_vendor:/opt/ros/jazzy/opt/gz_common_vendor:/opt/ros/jazzy/opt/gz_tools_vendor:/opt/ros/jazzy/opt/gz_ogre_next_vendor:/opt/ros/jazzy/opt/gz_dartsim_vendor:/opt/ros/jazzy/opt/gz_math_vendor:/opt/ros/jazzy/opt/gz_utils_vendor:/opt/ros/jazzy/opt/gz_cmake_vendor:/home/jeulin/arduinobot_ws/install/arduinobot_py_examples:/opt/ros/jazzy DEBUGINFOD_URLS=https://debuginfod.ubuntu.com LD_LIBRARY_PATH=/home/jeulin/Robotics-and-ROS-2-Learn-by-Doing-Manipulators/Section9_Build/arduinobot_ws/install/arduinobot_msgs/lib:${LD_LIBRARY_PATH} PYTHONPATH=/home/jeulin/Robotics-and-ROS-2-Learn-by-Doing-Manipulators/Section9_Build/arduinobot_ws/install/arduinobot_msgs/lib/python3.12/site-packages:${PYTHONPATH} /usr/bin/cmake --build /home/jeulin/Robotics-and-ROS-2-Learn-by-Doing-Manipulators/Section9_Build/arduinobot_ws/build/arduinobot_cpp_examples -- -j8 -l8
[3.258s] [  4%] [32mBuilding CXX object CMakeFiles/simple_publisher.dir/src/simple_publisher.cpp.o[0m
[3.258s] [  9%] [32mBuilding CXX object CMakeFiles/simple_service_server.dir/src/simple_service_server.cpp.o[0m
[3.264s] [ 13%] [32mBuilding CXX object CMakeFiles/simple_subscriber.dir/src/simple_subscriber.cpp.o[0m
[3.269s] [ 18%] [32mBuilding CXX object CMakeFiles/simple_parameter.dir/src/simple_parameter.cpp.o[0m
[3.270s] [ 22%] [32mBuilding CXX object CMakeFiles/simple_action_server.dir/src/simple_action_server.cpp.o[0m
[3.275s] [ 27%] [32mBuilding CXX object CMakeFiles/simple_service_client.dir/src/simple_service_client.cpp.o[0m
[3.280s] [ 31%] [32mBuilding CXX object CMakeFiles/simple_action_client.dir/src/simple_action_client.cpp.o[0m
[3.281s] [ 36%] [32mBuilding CXX object CMakeFiles/simple_action_server_node.dir/rclcpp_components/node_main_simple_action_server_node.cpp.o[0m
[14.475s] [ 40%] [32m[1mLinking CXX executable simple_parameter[0m
[14.613s] [ 45%] [32m[1mLinking CXX executable simple_action_server_node[0m
[15.051s] [ 45%] Built target simple_parameter
[15.104s] [ 50%] [32mBuilding CXX object CMakeFiles/simple_action_client_node.dir/rclcpp_components/node_main_simple_action_client_node.cpp.o[0m
[15.120s] [ 50%] Built target simple_action_server_node
[15.195s] [ 54%] [32mBuilding CXX object CMakeFiles/simple_moveit_interface.dir/src/simple_moveit_interface.cpp.o[0m
[16.461s] [ 59%] [32m[1mLinking CXX executable simple_service_server[0m
[17.244s] [ 63%] [32m[1mLinking CXX executable simple_service_client[0m
[17.304s] [ 63%] Built target simple_service_server
[17.391s] [ 68%] [32mBuilding CXX object CMakeFiles/simple_lifecycle_node.dir/src/simple_lifecycle_node.cpp.o[0m
[17.722s] [ 68%] Built target simple_service_client
[18.637s] [ 72%] [32m[1mLinking CXX shared library libsimple_action_server.so[0m
[19.208s] [ 72%] Built target simple_action_server
[19.798s] [ 77%] [32m[1mLinking CXX executable simple_publisher[0m
[20.138s] [ 77%] Built target simple_publisher
[20.563s] [ 81%] [32m[1mLinking CXX shared library libsimple_action_client.so[0m
[20.974s] [ 81%] Built target simple_action_client
[21.929s] [ 86%] [32m[1mLinking CXX executable simple_action_client_node[0m
[22.118s] [ 86%] Built target simple_action_client_node
[24.619s] [ 90%] [32m[1mLinking CXX executable simple_subscriber[0m
[24.952s] [ 90%] Built target simple_subscriber
[27.180s] [ 95%] [32m[1mLinking CXX executable simple_moveit_interface[0m
[27.614s] [ 95%] Built target simple_moveit_interface
[27.793s] [100%] [32m[1mLinking CXX executable simple_lifecycle_node[0m
[28.159s] [100%] Built target simple_lifecycle_node
[28.172s] Invoked command in '/home/jeulin/Robotics-and-ROS-2-Learn-by-Doing-Manipulators/Section9_Build/arduinobot_ws/build/arduinobot_cpp_examples' returned '0': AMENT_PREFIX_PATH=/home/jeulin/Robotics-and-ROS-2-Learn-by-Doing-Manipulators/Section9_Build/arduinobot_ws/install/arduinobot_msgs:${AMENT_PREFIX_PATH} CMAKE_PREFIX_PATH=/home/jeulin/Robotics-and-ROS-2-Learn-by-Doing-Manipulators/Section9_Build/arduinobot_ws/install/arduinobot_msgs:/home/jeulin/arduinobot_ws/install/arduinobot_description:/home/jeulin/arduinobot_ws/install/arduinobot_cpp_examples:/opt/ros/jazzy/opt/gz_sim_vendor:/opt/ros/jazzy/opt/gz_sensors_vendor:/opt/ros/jazzy/opt/gz_physics_vendor:/opt/ros/jazzy/opt/sdformat_vendor:/opt/ros/jazzy/opt/gz_gui_vendor:/opt/ros/jazzy/opt/gz_transport_vendor:/opt/ros/jazzy/opt/gz_rendering_vendor:/opt/ros/jazzy/opt/gz_plugin_vendor:/opt/ros/jazzy/opt/gz_fuel_tools_vendor:/opt/ros/jazzy/opt/gz_msgs_vendor:/opt/ros/jazzy/opt/gz_common_vendor:/opt/ros/jazzy/opt/gz_tools_vendor:/opt/ros/jazzy/opt/gz_ogre_next_vendor:/opt/ros/jazzy/opt/gz_dartsim_vendor:/opt/ros/jazzy/opt/gz_math_vendor:/opt/ros/jazzy/opt/gz_utils_vendor:/opt/ros/jazzy/opt/gz_cmake_vendor:/home/jeulin/arduinobot_ws/install/arduinobot_py_examples:/opt/ros/jazzy DEBUGINFOD_URLS=https://debuginfod.ubuntu.com LD_LIBRARY_PATH=/home/jeulin/Robotics-and-ROS-2-Learn-by-Doing-Manipulators/Section9_Build/arduinobot_ws/install/arduinobot_msgs/lib:${LD_LIBRARY_PATH} PYTHONPATH=/home/jeulin/Robotics-and-ROS-2-Learn-by-Doing-Manipulators/Section9_Build/arduinobot_ws/install/arduinobot_msgs/lib/python3.12/site-packages:${PYTHONPATH} /usr/bin/cmake --build /home/jeulin/Robotics-and-ROS-2-Learn-by-Doing-Manipulators/Section9_Build/arduinobot_ws/build/arduinobot_cpp_examples -- -j8 -l8
[28.173s] Invoking command in '/home/jeulin/Robotics-and-ROS-2-Learn-by-Doing-Manipulators/Section9_Build/arduinobot_ws/build/arduinobot_cpp_examples': AMENT_PREFIX_PATH=/home/jeulin/Robotics-and-ROS-2-Learn-by-Doing-Manipulators/Section9_Build/arduinobot_ws/install/arduinobot_msgs:${AMENT_PREFIX_PATH} CMAKE_PREFIX_PATH=/home/jeulin/Robotics-and-ROS-2-Learn-by-Doing-Manipulators/Section9_Build/arduinobot_ws/install/arduinobot_msgs:/home/jeulin/arduinobot_ws/install/arduinobot_description:/home/jeulin/arduinobot_ws/install/arduinobot_cpp_examples:/opt/ros/jazzy/opt/gz_sim_vendor:/opt/ros/jazzy/opt/gz_sensors_vendor:/opt/ros/jazzy/opt/gz_physics_vendor:/opt/ros/jazzy/opt/sdformat_vendor:/opt/ros/jazzy/opt/gz_gui_vendor:/opt/ros/jazzy/opt/gz_transport_vendor:/opt/ros/jazzy/opt/gz_rendering_vendor:/opt/ros/jazzy/opt/gz_plugin_vendor:/opt/ros/jazzy/opt/gz_fuel_tools_vendor:/opt/ros/jazzy/opt/gz_msgs_vendor:/opt/ros/jazzy/opt/gz_common_vendor:/opt/ros/jazzy/opt/gz_tools_vendor:/opt/ros/jazzy/opt/gz_ogre_next_vendor:/opt/ros/jazzy/opt/gz_dartsim_vendor:/opt/ros/jazzy/opt/gz_math_vendor:/opt/ros/jazzy/opt/gz_utils_vendor:/opt/ros/jazzy/opt/gz_cmake_vendor:/home/jeulin/arduinobot_ws/install/arduinobot_py_examples:/opt/ros/jazzy DEBUGINFOD_URLS=https://debuginfod.ubuntu.com LD_LIBRARY_PATH=/home/jeulin/Robotics-and-ROS-2-Learn-by-Doing-Manipulators/Section9_Build/arduinobot_ws/install/arduinobot_msgs/lib:${LD_LIBRARY_PATH} PYTHONPATH=/home/jeulin/Robotics-and-ROS-2-Learn-by-Doing-Manipulators/Section9_Build/arduinobot_ws/install/arduinobot_msgs/lib/python3.12/site-packages:${PYTHONPATH} /usr/bin/cmake --install /home/jeulin/Robotics-and-ROS-2-Learn-by-Doing-Manipulators/Section9_Build/arduinobot_ws/build/arduinobot_cpp_examples
[28.183s] -- Install configuration: ""
[28.183s] -- Installing: /home/jeulin/Robotics-and-ROS-2-Learn-by-Doing-Manipulators/Section9_Build/arduinobot_ws/install/arduinobot_cpp_examples/lib/arduinobot_cpp_examples/simple_action_server_node
[28.183s] -- Set non-toolchain portion of runtime path of "/home/jeulin/Robotics-and-ROS-2-Learn-by-Doing-Manipulators/Section9_Build/arduinobot_ws/install/arduinobot_cpp_examples/lib/arduinobot_cpp_examples/simple_action_server_node" to ""
[28.183s] -- Installing: /home/jeulin/Robotics-and-ROS-2-Learn-by-Doing-Manipulators/Section9_Build/arduinobot_ws/install/arduinobot_cpp_examples/lib/arduinobot_cpp_examples/simple_action_client_node
[28.184s] -- Set non-toolchain portion of runtime path of "/home/jeulin/Robotics-and-ROS-2-Learn-by-Doing-Manipulators/Section9_Build/arduinobot_ws/install/arduinobot_cpp_examples/lib/arduinobot_cpp_examples/simple_action_client_node" to ""
[28.184s] -- Installing: /home/jeulin/Robotics-and-ROS-2-Learn-by-Doing-Manipulators/Section9_Build/arduinobot_ws/install/arduinobot_cpp_examples/lib/arduinobot_cpp_examples/simple_publisher
[28.185s] -- Set non-toolchain portion of runtime path of "/home/jeulin/Robotics-and-ROS-2-Learn-by-Doing-Manipulators/Section9_Build/arduinobot_ws/install/arduinobot_cpp_examples/lib/arduinobot_cpp_examples/simple_publisher" to ""
[28.185s] -- Installing: /home/jeulin/Robotics-and-ROS-2-Learn-by-Doing-Manipulators/Section9_Build/arduinobot_ws/install/arduinobot_cpp_examples/lib/arduinobot_cpp_examples/simple_subscriber
[28.189s] -- Set non-toolchain portion of runtime path of "/home/jeulin/Robotics-and-ROS-2-Learn-by-Doing-Manipulators/Section9_Build/arduinobot_ws/install/arduinobot_cpp_examples/lib/arduinobot_cpp_examples/simple_subscriber" to ""
[28.189s] -- Installing: /home/jeulin/Robotics-and-ROS-2-Learn-by-Doing-Manipulators/Section9_Build/arduinobot_ws/install/arduinobot_cpp_examples/lib/arduinobot_cpp_examples/simple_parameter
[28.189s] -- Set non-toolchain portion of runtime path of "/home/jeulin/Robotics-and-ROS-2-Learn-by-Doing-Manipulators/Section9_Build/arduinobot_ws/install/arduinobot_cpp_examples/lib/arduinobot_cpp_examples/simple_parameter" to ""
[28.190s] -- Installing: /home/jeulin/Robotics-and-ROS-2-Learn-by-Doing-Manipulators/Section9_Build/arduinobot_ws/install/arduinobot_cpp_examples/lib/arduinobot_cpp_examples/simple_service_server
[28.191s] -- Set non-toolchain portion of runtime path of "/home/jeulin/Robotics-and-ROS-2-Learn-by-Doing-Manipulators/Section9_Build/arduinobot_ws/install/arduinobot_cpp_examples/lib/arduinobot_cpp_examples/simple_service_server" to ""
[28.191s] -- Installing: /home/jeulin/Robotics-and-ROS-2-Learn-by-Doing-Manipulators/Section9_Build/arduinobot_ws/install/arduinobot_cpp_examples/lib/arduinobot_cpp_examples/simple_service_client
[28.192s] -- Set non-toolchain portion of runtime path of "/home/jeulin/Robotics-and-ROS-2-Learn-by-Doing-Manipulators/Section9_Build/arduinobot_ws/install/arduinobot_cpp_examples/lib/arduinobot_cpp_examples/simple_service_client" to ""
[28.192s] -- Installing: /home/jeulin/Robotics-and-ROS-2-Learn-by-Doing-Manipulators/Section9_Build/arduinobot_ws/install/arduinobot_cpp_examples/lib/arduinobot_cpp_examples/simple_moveit_interface
[28.192s] -- Set non-toolchain portion of runtime path of "/home/jeulin/Robotics-and-ROS-2-Learn-by-Doing-Manipulators/Section9_Build/arduinobot_ws/install/arduinobot_cpp_examples/lib/arduinobot_cpp_examples/simple_moveit_interface" to ""
[28.193s] -- Installing: /home/jeulin/Robotics-and-ROS-2-Learn-by-Doing-Manipulators/Section9_Build/arduinobot_ws/install/arduinobot_cpp_examples/lib/arduinobot_cpp_examples/simple_lifecycle_node
[28.197s] -- Set non-toolchain portion of runtime path of "/home/jeulin/Robotics-and-ROS-2-Learn-by-Doing-Manipulators/Section9_Build/arduinobot_ws/install/arduinobot_cpp_examples/lib/arduinobot_cpp_examples/simple_lifecycle_node" to ""
[28.197s] -- Installing: /home/jeulin/Robotics-and-ROS-2-Learn-by-Doing-Manipulators/Section9_Build/arduinobot_ws/install/arduinobot_cpp_examples/lib/libsimple_action_server.so
[28.198s] -- Set non-toolchain portion of runtime path of "/home/jeulin/Robotics-and-ROS-2-Learn-by-Doing-Manipulators/Section9_Build/arduinobot_ws/install/arduinobot_cpp_examples/lib/libsimple_action_server.so" to ""
[28.198s] -- Installing: /home/jeulin/Robotics-and-ROS-2-Learn-by-Doing-Manipulators/Section9_Build/arduinobot_ws/install/arduinobot_cpp_examples/lib/libsimple_action_client.so
[28.199s] -- Set non-toolchain portion of runtime path of "/home/jeulin/Robotics-and-ROS-2-Learn-by-Doing-Manipulators/Section9_Build/arduinobot_ws/install/arduinobot_cpp_examples/lib/libsimple_action_client.so" to ""
[28.200s] -- Installing: /home/jeulin/Robotics-and-ROS-2-Learn-by-Doing-Manipulators/Section9_Build/arduinobot_ws/install/arduinobot_cpp_examples/share/ament_index/resource_index/package_run_dependencies/arduinobot_cpp_examples
[28.200s] -- Installing: /home/jeulin/Robotics-and-ROS-2-Learn-by-Doing-Manipulators/Section9_Build/arduinobot_ws/install/arduinobot_cpp_examples/share/ament_index/resource_index/parent_prefix_path/arduinobot_cpp_examples
[28.200s] -- Installing: /home/jeulin/Robotics-and-ROS-2-Learn-by-Doing-Manipulators/Section9_Build/arduinobot_ws/install/arduinobot_cpp_examples/share/arduinobot_cpp_examples/environment/ament_prefix_path.sh
[28.200s] -- Installing: /home/jeulin/Robotics-and-ROS-2-Learn-by-Doing-Manipulators/Section9_Build/arduinobot_ws/install/arduinobot_cpp_examples/share/arduinobot_cpp_examples/environment/ament_prefix_path.dsv
[28.200s] -- Installing: /home/jeulin/Robotics-and-ROS-2-Learn-by-Doing-Manipulators/Section9_Build/arduinobot_ws/install/arduinobot_cpp_examples/share/arduinobot_cpp_examples/environment/path.sh
[28.200s] -- Installing: /home/jeulin/Robotics-and-ROS-2-Learn-by-Doing-Manipulators/Section9_Build/arduinobot_ws/install/arduinobot_cpp_examples/share/arduinobot_cpp_examples/environment/path.dsv
[28.200s] -- Installing: /home/jeulin/Robotics-and-ROS-2-Learn-by-Doing-Manipulators/Section9_Build/arduinobot_ws/install/arduinobot_cpp_examples/share/arduinobot_cpp_examples/local_setup.bash
[28.201s] -- Installing: /home/jeulin/Robotics-and-ROS-2-Learn-by-Doing-Manipulators/Section9_Build/arduinobot_ws/install/arduinobot_cpp_examples/share/arduinobot_cpp_examples/local_setup.sh
[28.201s] -- Installing: /home/jeulin/Robotics-and-ROS-2-Learn-by-Doing-Manipulators/Section9_Build/arduinobot_ws/install/arduinobot_cpp_examples/share/arduinobot_cpp_examples/local_setup.zsh
[28.201s] -- Installing: /home/jeulin/Robotics-and-ROS-2-Learn-by-Doing-Manipulators/Section9_Build/arduinobot_ws/install/arduinobot_cpp_examples/share/arduinobot_cpp_examples/local_setup.dsv
[28.201s] -- Installing: /home/jeulin/Robotics-and-ROS-2-Learn-by-Doing-Manipulators/Section9_Build/arduinobot_ws/install/arduinobot_cpp_examples/share/arduinobot_cpp_examples/package.dsv
[28.201s] -- Installing: /home/jeulin/Robotics-and-ROS-2-Learn-by-Doing-Manipulators/Section9_Build/arduinobot_ws/install/arduinobot_cpp_examples/share/ament_index/resource_index/packages/arduinobot_cpp_examples
[28.201s] -- Installing: /home/jeulin/Robotics-and-ROS-2-Learn-by-Doing-Manipulators/Section9_Build/arduinobot_ws/install/arduinobot_cpp_examples/share/ament_index/resource_index/rclcpp_components/arduinobot_cpp_examples
[28.201s] -- Installing: /home/jeulin/Robotics-and-ROS-2-Learn-by-Doing-Manipulators/Section9_Build/arduinobot_ws/install/arduinobot_cpp_examples/share/arduinobot_cpp_examples/cmake/arduinobot_cpp_examplesConfig.cmake
[28.202s] -- Installing: /home/jeulin/Robotics-and-ROS-2-Learn-by-Doing-Manipulators/Section9_Build/arduinobot_ws/install/arduinobot_cpp_examples/share/arduinobot_cpp_examples/cmake/arduinobot_cpp_examplesConfig-version.cmake
[28.202s] -- Installing: /home/jeulin/Robotics-and-ROS-2-Learn-by-Doing-Manipulators/Section9_Build/arduinobot_ws/install/arduinobot_cpp_examples/share/arduinobot_cpp_examples/package.xml
[28.203s] Invoked command in '/home/jeulin/Robotics-and-ROS-2-Learn-by-Doing-Manipulators/Section9_Build/arduinobot_ws/build/arduinobot_cpp_examples' returned '0': AMENT_PREFIX_PATH=/home/jeulin/Robotics-and-ROS-2-Learn-by-Doing-Manipulators/Section9_Build/arduinobot_ws/install/arduinobot_msgs:${AMENT_PREFIX_PATH} CMAKE_PREFIX_PATH=/home/jeulin/Robotics-and-ROS-2-Learn-by-Doing-Manipulators/Section9_Build/arduinobot_ws/install/arduinobot_msgs:/home/jeulin/arduinobot_ws/install/arduinobot_description:/home/jeulin/arduinobot_ws/install/arduinobot_cpp_examples:/opt/ros/jazzy/opt/gz_sim_vendor:/opt/ros/jazzy/opt/gz_sensors_vendor:/opt/ros/jazzy/opt/gz_physics_vendor:/opt/ros/jazzy/opt/sdformat_vendor:/opt/ros/jazzy/opt/gz_gui_vendor:/opt/ros/jazzy/opt/gz_transport_vendor:/opt/ros/jazzy/opt/gz_rendering_vendor:/opt/ros/jazzy/opt/gz_plugin_vendor:/opt/ros/jazzy/opt/gz_fuel_tools_vendor:/opt/ros/jazzy/opt/gz_msgs_vendor:/opt/ros/jazzy/opt/gz_common_vendor:/opt/ros/jazzy/opt/gz_tools_vendor:/opt/ros/jazzy/opt/gz_ogre_next_vendor:/opt/ros/jazzy/opt/gz_dartsim_vendor:/opt/ros/jazzy/opt/gz_math_vendor:/opt/ros/jazzy/opt/gz_utils_vendor:/opt/ros/jazzy/opt/gz_cmake_vendor:/home/jeulin/arduinobot_ws/install/arduinobot_py_examples:/opt/ros/jazzy DEBUGINFOD_URLS=https://debuginfod.ubuntu.com LD_LIBRARY_PATH=/home/jeulin/Robotics-and-ROS-2-Learn-by-Doing-Manipulators/Section9_Build/arduinobot_ws/install/arduinobot_msgs/lib:${LD_LIBRARY_PATH} PYTHONPATH=/home/jeulin/Robotics-and-ROS-2-Learn-by-Doing-Manipulators/Section9_Build/arduinobot_ws/install/arduinobot_msgs/lib/python3.12/site-packages:${PYTHONPATH} /usr/bin/cmake --install /home/jeulin/Robotics-and-ROS-2-Learn-by-Doing-Manipulators/Section9_Build/arduinobot_ws/build/arduinobot_cpp_examples
