[0.023s] Invoking command in '/home/jeulin/git-repo-projects/Robotics-Manipulator/haircutterbot/build/haircutterbot_description': CMAKE_PREFIX_PATH=${CMAKE_PREFIX_PATH}:/home/jeulin/Robotics-and-ROS-2-Learn-by-Doing-Manipulators/Section7_Application/arduinobot_ws/install/arduinobot_py_examples:/home/jeulin/git-repo-projects/Robotics-Manipulator/haircutterbot/install/haircutterbot_py_examples:/home/jeulin/git-repo-projects/Robotics-Manipulator/haircutterbot/install/haircutterbot_opencv:/home/jeulin/Robotics-and-ROS-2-Learn-by-Doing-Manipulators/Section9_Build/haircutterbot/install/haircutterbot_py_examples:/home/jeulin/Robotics-and-ROS-2-Learn-by-Doing-Manipulators/Section9_Build/haircutterbot/install/haircutterbot_opencv:/opt/ros/jazzy DEBUGINFOD_URLS=https://debuginfod.ubuntu.com /usr/bin/cmake --build /home/jeulin/git-repo-projects/Robotics-Manipulator/haircutterbot/build/haircutterbot_description -- -j8 -l8
[0.070s] Invoked command in '/home/jeulin/git-repo-projects/Robotics-Manipulator/haircutterbot/build/haircutterbot_description' returned '0': CMAKE_PREFIX_PATH=${CMAKE_PREFIX_PATH}:/home/jeulin/Robotics-and-ROS-2-Learn-by-Doing-Manipulators/Section7_Application/arduinobot_ws/install/arduinobot_py_examples:/home/jeulin/git-repo-projects/Robotics-Manipulator/haircutterbot/install/haircutterbot_py_examples:/home/jeulin/git-repo-projects/Robotics-Manipulator/haircutterbot/install/haircutterbot_opencv:/home/jeulin/Robotics-and-ROS-2-Learn-by-Doing-Manipulators/Section9_Build/haircutterbot/install/haircutterbot_py_examples:/home/jeulin/Robotics-and-ROS-2-Learn-by-Doing-Manipulators/Section9_Build/haircutterbot/install/haircutterbot_opencv:/opt/ros/jazzy DEBUGINFOD_URLS=https://debuginfod.ubuntu.com /usr/bin/cmake --build /home/jeulin/git-repo-projects/Robotics-Manipulator/haircutterbot/build/haircutterbot_description -- -j8 -l8
[0.082s] Invoking command in '/home/jeulin/git-repo-projects/Robotics-Manipulator/haircutterbot/build/haircutterbot_description': CMAKE_PREFIX_PATH=${CMAKE_PREFIX_PATH}:/home/jeulin/Robotics-and-ROS-2-Learn-by-Doing-Manipulators/Section7_Application/arduinobot_ws/install/arduinobot_py_examples:/home/jeulin/git-repo-projects/Robotics-Manipulator/haircutterbot/install/haircutterbot_py_examples:/home/jeulin/git-repo-projects/Robotics-Manipulator/haircutterbot/install/haircutterbot_opencv:/home/jeulin/Robotics-and-ROS-2-Learn-by-Doing-Manipulators/Section9_Build/haircutterbot/install/haircutterbot_py_examples:/home/jeulin/Robotics-and-ROS-2-Learn-by-Doing-Manipulators/Section9_Build/haircutterbot/install/haircutterbot_opencv:/opt/ros/jazzy DEBUGINFOD_URLS=https://debuginfod.ubuntu.com /usr/bin/cmake --install /home/jeulin/git-repo-projects/Robotics-Manipulator/haircutterbot/build/haircutterbot_description
[0.096s] -- Install configuration: ""
[0.101s] -- Up-to-date: /home/jeulin/git-repo-projects/Robotics-Manipulator/haircutterbot/install/haircutterbot_description/share/haircutterbot_description/launch
[0.101s] -- Up-to-date: /home/jeulin/git-repo-projects/Robotics-Manipulator/haircutterbot/install/haircutterbot_description/share/haircutterbot_description/launch/display.launch.py
[0.101s] -- Up-to-date: /home/jeulin/git-repo-projects/Robotics-Manipulator/haircutterbot/install/haircutterbot_description/share/haircutterbot_description/launch/__pycache__
[0.102s] -- Installing: /home/jeulin/git-repo-projects/Robotics-Manipulator/haircutterbot/install/haircutterbot_description/share/haircutterbot_description/launch/__pycache__/gazebo.launch.cpython-312.pyc
[0.102s] -- Up-to-date: /home/jeulin/git-repo-projects/Robotics-Manipulator/haircutterbot/install/haircutterbot_description/share/haircutterbot_description/launch/gazebo.launch.py
[0.102s] -- Up-to-date: /home/jeulin/git-repo-projects/Robotics-Manipulator/haircutterbot/install/haircutterbot_description/share/haircutterbot_description/meshes
[0.102s] -- Up-to-date: /home/jeulin/git-repo-projects/Robotics-Manipulator/haircutterbot/install/haircutterbot_description/share/haircutterbot_description/meshes/right_finger.STL
[0.103s] -- Up-to-date: /home/jeulin/git-repo-projects/Robotics-Manipulator/haircutterbot/install/haircutterbot_description/share/haircutterbot_description/meshes/forward_drive_arm.STL
[0.103s] -- Up-to-date: /home/jeulin/git-repo-projects/Robotics-Manipulator/haircutterbot/install/haircutterbot_description/share/haircutterbot_description/meshes/basement.STL
[0.104s] -- Up-to-date: /home/jeulin/git-repo-projects/Robotics-Manipulator/haircutterbot/install/haircutterbot_description/share/haircutterbot_description/meshes/servo_plate.STL
[0.104s] -- Up-to-date: /home/jeulin/git-repo-projects/Robotics-Manipulator/haircutterbot/install/haircutterbot_description/share/haircutterbot_description/meshes/round_plate.STL
[0.104s] -- Up-to-date: /home/jeulin/git-repo-projects/Robotics-Manipulator/haircutterbot/install/haircutterbot_description/share/haircutterbot_description/meshes/left_finger.STL
[0.104s] -- Up-to-date: /home/jeulin/git-repo-projects/Robotics-Manipulator/haircutterbot/install/haircutterbot_description/share/haircutterbot_description/meshes/horizontal_arm.STL
[0.104s] -- Up-to-date: /home/jeulin/git-repo-projects/Robotics-Manipulator/haircutterbot/install/haircutterbot_description/share/haircutterbot_description/meshes/claw_support.STL
[0.105s] -- Up-to-date: /home/jeulin/git-repo-projects/Robotics-Manipulator/haircutterbot/install/haircutterbot_description/share/haircutterbot_description/meshes/triangular_link.STL
[0.105s] -- Up-to-date: /home/jeulin/git-repo-projects/Robotics-Manipulator/haircutterbot/install/haircutterbot_description/share/haircutterbot_description/meshes/vertical_drive_arm.STL
[0.105s] -- Up-to-date: /home/jeulin/git-repo-projects/Robotics-Manipulator/haircutterbot/install/haircutterbot_description/share/haircutterbot_description/meshes/plate.STL
[0.105s] -- Up-to-date: /home/jeulin/git-repo-projects/Robotics-Manipulator/haircutterbot/install/haircutterbot_description/share/haircutterbot_description/meshes/link.STL
[0.105s] -- Up-to-date: /home/jeulin/git-repo-projects/Robotics-Manipulator/haircutterbot/install/haircutterbot_description/share/haircutterbot_description/meshes/base_plate.STL
[0.105s] -- Up-to-date: /home/jeulin/git-repo-projects/Robotics-Manipulator/haircutterbot/install/haircutterbot_description/share/haircutterbot_description/urdf
[0.105s] -- Up-to-date: /home/jeulin/git-repo-projects/Robotics-Manipulator/haircutterbot/install/haircutterbot_description/share/haircutterbot_description/urdf/haircutterbot_gazebo.xacro
[0.105s] -- Up-to-date: /home/jeulin/git-repo-projects/Robotics-Manipulator/haircutterbot/install/haircutterbot_description/share/haircutterbot_description/urdf/haircutterbot_ros2_control.xacro
[0.106s] -- Up-to-date: /home/jeulin/git-repo-projects/Robotics-Manipulator/haircutterbot/install/haircutterbot_description/share/haircutterbot_description/urdf/haircutterbot.urdf.xacro
[0.106s] -- Up-to-date: /home/jeulin/git-repo-projects/Robotics-Manipulator/haircutterbot/install/haircutterbot_description/share/haircutterbot_description/rviz
[0.106s] -- Up-to-date: /home/jeulin/git-repo-projects/Robotics-Manipulator/haircutterbot/install/haircutterbot_description/share/haircutterbot_description/rviz/display.rviz
[0.106s] -- Up-to-date: /home/jeulin/git-repo-projects/Robotics-Manipulator/haircutterbot/install/haircutterbot_description/share/ament_index/resource_index/package_run_dependencies/haircutterbot_description
[0.106s] -- Up-to-date: /home/jeulin/git-repo-projects/Robotics-Manipulator/haircutterbot/install/haircutterbot_description/share/ament_index/resource_index/parent_prefix_path/haircutterbot_description
[0.106s] -- Up-to-date: /home/jeulin/git-repo-projects/Robotics-Manipulator/haircutterbot/install/haircutterbot_description/share/haircutterbot_description/environment/ament_prefix_path.sh
[0.106s] -- Up-to-date: /home/jeulin/git-repo-projects/Robotics-Manipulator/haircutterbot/install/haircutterbot_description/share/haircutterbot_description/environment/ament_prefix_path.dsv
[0.107s] -- Up-to-date: /home/jeulin/git-repo-projects/Robotics-Manipulator/haircutterbot/install/haircutterbot_description/share/haircutterbot_description/environment/path.sh
[0.108s] -- Up-to-date: /home/jeulin/git-repo-projects/Robotics-Manipulator/haircutterbot/install/haircutterbot_description/share/haircutterbot_description/environment/path.dsv
[0.108s] -- Up-to-date: /home/jeulin/git-repo-projects/Robotics-Manipulator/haircutterbot/install/haircutterbot_description/share/haircutterbot_description/local_setup.bash
[0.108s] -- Up-to-date: /home/jeulin/git-repo-projects/Robotics-Manipulator/haircutterbot/install/haircutterbot_description/share/haircutterbot_description/local_setup.sh
[0.108s] -- Up-to-date: /home/jeulin/git-repo-projects/Robotics-Manipulator/haircutterbot/install/haircutterbot_description/share/haircutterbot_description/local_setup.zsh
[0.108s] -- Up-to-date: /home/jeulin/git-repo-projects/Robotics-Manipulator/haircutterbot/install/haircutterbot_description/share/haircutterbot_description/local_setup.dsv
[0.108s] -- Up-to-date: /home/jeulin/git-repo-projects/Robotics-Manipulator/haircutterbot/install/haircutterbot_description/share/haircutterbot_description/package.dsv
[0.108s] -- Up-to-date: /home/jeulin/git-repo-projects/Robotics-Manipulator/haircutterbot/install/haircutterbot_description/share/ament_index/resource_index/packages/haircutterbot_description
[0.108s] -- Up-to-date: /home/jeulin/git-repo-projects/Robotics-Manipulator/haircutterbot/install/haircutterbot_description/share/haircutterbot_description/cmake/haircutterbot_descriptionConfig.cmake
[0.109s] -- Up-to-date: /home/jeulin/git-repo-projects/Robotics-Manipulator/haircutterbot/install/haircutterbot_description/share/haircutterbot_description/cmake/haircutterbot_descriptionConfig-version.cmake
[0.109s] -- Up-to-date: /home/jeulin/git-repo-projects/Robotics-Manipulator/haircutterbot/install/haircutterbot_description/share/haircutterbot_description/package.xml
[0.109s] Invoked command in '/home/jeulin/git-repo-projects/Robotics-Manipulator/haircutterbot/build/haircutterbot_description' returned '0': CMAKE_PREFIX_PATH=${CMAKE_PREFIX_PATH}:/home/jeulin/Robotics-and-ROS-2-Learn-by-Doing-Manipulators/Section7_Application/arduinobot_ws/install/arduinobot_py_examples:/home/jeulin/git-repo-projects/Robotics-Manipulator/haircutterbot/install/haircutterbot_py_examples:/home/jeulin/git-repo-projects/Robotics-Manipulator/haircutterbot/install/haircutterbot_opencv:/home/jeulin/Robotics-and-ROS-2-Learn-by-Doing-Manipulators/Section9_Build/haircutterbot/install/haircutterbot_py_examples:/home/jeulin/Robotics-and-ROS-2-Learn-by-Doing-Manipulators/Section9_Build/haircutterbot/install/haircutterbot_opencv:/opt/ros/jazzy DEBUGINFOD_URLS=https://debuginfod.ubuntu.com /usr/bin/cmake --install /home/jeulin/git-repo-projects/Robotics-Manipulator/haircutterbot/build/haircutterbot_description
