[  0%] Built target ament_cmake_python_copy_haircutterbot_firmware
[ 50%] Built target simple_serial_transmitter
[100%] Built target simple_serial_receiver
running egg_info
writing haircutterbot_firmware.egg-info/PKG-INFO
writing dependency_links to haircutterbot_firmware.egg-info/dependency_links.txt
writing top-level names to haircutterbot_firmware.egg-info/top_level.txt
reading manifest file 'haircutterbot_firmware.egg-info/SOURCES.txt'
writing manifest file 'haircutterbot_firmware.egg-info/SOURCES.txt'
[100%] Built target ament_cmake_python_build_haircutterbot_firmware_egg
-- Install configuration: ""
-- Up-to-date: /home/jeulin/git-repo-projects/Robotics-Manipulator/haircutterbot/install/haircutterbot_firmware/share/haircutterbot_firmware/environment/pythonpath.sh
-- Up-to-date: /home/jeulin/git-repo-projects/Robotics-Manipulator/haircutterbot/install/haircutterbot_firmware/share/haircutterbot_firmware/environment/pythonpath.dsv
-- Up-to-date: /home/jeulin/git-repo-projects/Robotics-Manipulator/haircutterbot/install/haircutterbot_firmware/lib/python3.12/site-packages/haircutterbot_firmware-0.0.0-py3.12.egg-info
-- Installing: /home/jeulin/git-repo-projects/Robotics-Manipulator/haircutterbot/install/haircutterbot_firmware/lib/python3.12/site-packages/haircutterbot_firmware-0.0.0-py3.12.egg-info/PKG-INFO
-- Installing: /home/jeulin/git-repo-projects/Robotics-Manipulator/haircutterbot/install/haircutterbot_firmware/lib/python3.12/site-packages/haircutterbot_firmware-0.0.0-py3.12.egg-info/top_level.txt
-- Installing: /home/jeulin/git-repo-projects/Robotics-Manipulator/haircutterbot/install/haircutterbot_firmware/lib/python3.12/site-packages/haircutterbot_firmware-0.0.0-py3.12.egg-info/SOURCES.txt
-- Installing: /home/jeulin/git-repo-projects/Robotics-Manipulator/haircutterbot/install/haircutterbot_firmware/lib/python3.12/site-packages/haircutterbot_firmware-0.0.0-py3.12.egg-info/dependency_links.txt
-- Up-to-date: /home/jeulin/git-repo-projects/Robotics-Manipulator/haircutterbot/install/haircutterbot_firmware/lib/python3.12/site-packages/haircutterbot_firmware
-- Up-to-date: /home/jeulin/git-repo-projects/Robotics-Manipulator/haircutterbot/install/haircutterbot_firmware/lib/python3.12/site-packages/haircutterbot_firmware/simple_serial_receiver.py
-- Up-to-date: /home/jeulin/git-repo-projects/Robotics-Manipulator/haircutterbot/install/haircutterbot_firmware/lib/python3.12/site-packages/haircutterbot_firmware/simple_serial_transmitter.py
-- Up-to-date: /home/jeulin/git-repo-projects/Robotics-Manipulator/haircutterbot/install/haircutterbot_firmware/lib/python3.12/site-packages/haircutterbot_firmware/__init__.py
Listing '/home/jeulin/git-repo-projects/Robotics-Manipulator/haircutterbot/install/haircutterbot_firmware/lib/python3.12/site-packages/haircutterbot_firmware'...
-- Up-to-date: /home/jeulin/git-repo-projects/Robotics-Manipulator/haircutterbot/install/haircutterbot_firmware/lib/haircutterbot_firmware/simple_serial_receiver
-- Up-to-date: /home/jeulin/git-repo-projects/Robotics-Manipulator/haircutterbot/install/haircutterbot_firmware/lib/haircutterbot_firmware/simple_serial_transmitter
-- Up-to-date: /home/jeulin/git-repo-projects/Robotics-Manipulator/haircutterbot/install/haircutterbot_firmware/lib/haircutterbot_firmware/simple_serial_transmitter.py
-- Up-to-date: /home/jeulin/git-repo-projects/Robotics-Manipulator/haircutterbot/install/haircutterbot_firmware/lib/haircutterbot_firmware/simple_serial_receiver.py
-- Up-to-date: /home/jeulin/git-repo-projects/Robotics-Manipulator/haircutterbot/install/haircutterbot_firmware/share/ament_index/resource_index/package_run_dependencies/haircutterbot_firmware
-- Up-to-date: /home/jeulin/git-repo-projects/Robotics-Manipulator/haircutterbot/install/haircutterbot_firmware/share/ament_index/resource_index/parent_prefix_path/haircutterbot_firmware
-- Up-to-date: /home/jeulin/git-repo-projects/Robotics-Manipulator/haircutterbot/install/haircutterbot_firmware/share/haircutterbot_firmware/environment/ament_prefix_path.sh
-- Up-to-date: /home/jeulin/git-repo-projects/Robotics-Manipulator/haircutterbot/install/haircutterbot_firmware/share/haircutterbot_firmware/environment/ament_prefix_path.dsv
-- Up-to-date: /home/jeulin/git-repo-projects/Robotics-Manipulator/haircutterbot/install/haircutterbot_firmware/share/haircutterbot_firmware/environment/path.sh
-- Up-to-date: /home/jeulin/git-repo-projects/Robotics-Manipulator/haircutterbot/install/haircutterbot_firmware/share/haircutterbot_firmware/environment/path.dsv
-- Up-to-date: /home/jeulin/git-repo-projects/Robotics-Manipulator/haircutterbot/install/haircutterbot_firmware/share/haircutterbot_firmware/local_setup.bash
-- Up-to-date: /home/jeulin/git-repo-projects/Robotics-Manipulator/haircutterbot/install/haircutterbot_firmware/share/haircutterbot_firmware/local_setup.sh
-- Up-to-date: /home/jeulin/git-repo-projects/Robotics-Manipulator/haircutterbot/install/haircutterbot_firmware/share/haircutterbot_firmware/local_setup.zsh
-- Up-to-date: /home/jeulin/git-repo-projects/Robotics-Manipulator/haircutterbot/install/haircutterbot_firmware/share/haircutterbot_firmware/local_setup.dsv
-- Installing: /home/jeulin/git-repo-projects/Robotics-Manipulator/haircutterbot/install/haircutterbot_firmware/share/haircutterbot_firmware/package.dsv
-- Up-to-date: /home/jeulin/git-repo-projects/Robotics-Manipulator/haircutterbot/install/haircutterbot_firmware/share/ament_index/resource_index/packages/haircutterbot_firmware
-- Up-to-date: /home/jeulin/git-repo-projects/Robotics-Manipulator/haircutterbot/install/haircutterbot_firmware/share/haircutterbot_firmware/cmake/haircutterbot_firmwareConfig.cmake
-- Up-to-date: /home/jeulin/git-repo-projects/Robotics-Manipulator/haircutterbot/install/haircutterbot_firmware/share/haircutterbot_firmware/cmake/haircutterbot_firmwareConfig-version.cmake
-- Up-to-date: /home/jeulin/git-repo-projects/Robotics-Manipulator/haircutterbot/install/haircutterbot_firmware/share/haircutterbot_firmware/package.xml
