[0.020s] Invoking command in '/home/jeulin/git-repo-projects/Robotics-Manipulator/haircutterbot/build/haircutterbot_firmware': CMAKE_PREFIX_PATH=${CMAKE_PREFIX_PATH}:/home/jeulin/git-repo-projects/Robotics-Manipulator/haircutterbot/install/haircutterbot_py_examples:/home/jeulin/git-repo-projects/Robotics-Manipulator/haircutterbot/install/haircutterbot_opencv:/home/jeulin/Robotics-and-ROS-2-Learn-by-Doing-Manipulators/Section9_Build/haircutterbot/install/haircutterbot_py_examples:/home/jeulin/Robotics-and-ROS-2-Learn-by-Doing-Manipulators/Section9_Build/haircutterbot/install/haircutterbot_opencv:/home/jeulin/Robotics-and-ROS-2-Learn-by-Doing-Manipulators/Section7_Application/arduinobot_ws/install/arduinobot_py_examples:/opt/ros/jazzy DEBUGINFOD_URLS=https://debuginfod.ubuntu.com /usr/bin/cmake --build /home/jeulin/git-repo-projects/Robotics-Manipulator/haircutterbot/build/haircutterbot_firmware -- -j8 -l8
[0.099s] [  0%] Built target ament_cmake_python_copy_haircutterbot_firmware
[0.099s] [ 50%] Built target simple_serial_transmitter
[0.101s] [100%] Built target simple_serial_receiver
[0.493s] running egg_info
[0.523s] writing haircutterbot_firmware.egg-info/PKG-INFO
[0.523s] writing dependency_links to haircutterbot_firmware.egg-info/dependency_links.txt
[0.523s] writing top-level names to haircutterbot_firmware.egg-info/top_level.txt
[0.606s] reading manifest file 'haircutterbot_firmware.egg-info/SOURCES.txt'
[0.607s] writing manifest file 'haircutterbot_firmware.egg-info/SOURCES.txt'
[0.640s] [100%] Built target ament_cmake_python_build_haircutterbot_firmware_egg
[0.653s] Invoked command in '/home/jeulin/git-repo-projects/Robotics-Manipulator/haircutterbot/build/haircutterbot_firmware' returned '0': CMAKE_PREFIX_PATH=${CMAKE_PREFIX_PATH}:/home/jeulin/git-repo-projects/Robotics-Manipulator/haircutterbot/install/haircutterbot_py_examples:/home/jeulin/git-repo-projects/Robotics-Manipulator/haircutterbot/install/haircutterbot_opencv:/home/jeulin/Robotics-and-ROS-2-Learn-by-Doing-Manipulators/Section9_Build/haircutterbot/install/haircutterbot_py_examples:/home/jeulin/Robotics-and-ROS-2-Learn-by-Doing-Manipulators/Section9_Build/haircutterbot/install/haircutterbot_opencv:/home/jeulin/Robotics-and-ROS-2-Learn-by-Doing-Manipulators/Section7_Application/arduinobot_ws/install/arduinobot_py_examples:/opt/ros/jazzy DEBUGINFOD_URLS=https://debuginfod.ubuntu.com /usr/bin/cmake --build /home/jeulin/git-repo-projects/Robotics-Manipulator/haircutterbot/build/haircutterbot_firmware -- -j8 -l8
[0.655s] Invoking command in '/home/jeulin/git-repo-projects/Robotics-Manipulator/haircutterbot/build/haircutterbot_firmware': CMAKE_PREFIX_PATH=${CMAKE_PREFIX_PATH}:/home/jeulin/git-repo-projects/Robotics-Manipulator/haircutterbot/install/haircutterbot_py_examples:/home/jeulin/git-repo-projects/Robotics-Manipulator/haircutterbot/install/haircutterbot_opencv:/home/jeulin/Robotics-and-ROS-2-Learn-by-Doing-Manipulators/Section9_Build/haircutterbot/install/haircutterbot_py_examples:/home/jeulin/Robotics-and-ROS-2-Learn-by-Doing-Manipulators/Section9_Build/haircutterbot/install/haircutterbot_opencv:/home/jeulin/Robotics-and-ROS-2-Learn-by-Doing-Manipulators/Section7_Application/arduinobot_ws/install/arduinobot_py_examples:/opt/ros/jazzy DEBUGINFOD_URLS=https://debuginfod.ubuntu.com /usr/bin/cmake --install /home/jeulin/git-repo-projects/Robotics-Manipulator/haircutterbot/build/haircutterbot_firmware
[0.664s] -- Install configuration: ""
[0.664s] -- Up-to-date: /home/jeulin/git-repo-projects/Robotics-Manipulator/haircutterbot/install/haircutterbot_firmware/share/haircutterbot_firmware/environment/pythonpath.sh
[0.665s] -- Up-to-date: /home/jeulin/git-repo-projects/Robotics-Manipulator/haircutterbot/install/haircutterbot_firmware/share/haircutterbot_firmware/environment/pythonpath.dsv
[0.665s] -- Up-to-date: /home/jeulin/git-repo-projects/Robotics-Manipulator/haircutterbot/install/haircutterbot_firmware/lib/python3.12/site-packages/haircutterbot_firmware-0.0.0-py3.12.egg-info
[0.665s] -- Installing: /home/jeulin/git-repo-projects/Robotics-Manipulator/haircutterbot/install/haircutterbot_firmware/lib/python3.12/site-packages/haircutterbot_firmware-0.0.0-py3.12.egg-info/PKG-INFO
[0.665s] -- Installing: /home/jeulin/git-repo-projects/Robotics-Manipulator/haircutterbot/install/haircutterbot_firmware/lib/python3.12/site-packages/haircutterbot_firmware-0.0.0-py3.12.egg-info/top_level.txt
[0.665s] -- Installing: /home/jeulin/git-repo-projects/Robotics-Manipulator/haircutterbot/install/haircutterbot_firmware/lib/python3.12/site-packages/haircutterbot_firmware-0.0.0-py3.12.egg-info/SOURCES.txt
[0.665s] -- Installing: /home/jeulin/git-repo-projects/Robotics-Manipulator/haircutterbot/install/haircutterbot_firmware/lib/python3.12/site-packages/haircutterbot_firmware-0.0.0-py3.12.egg-info/dependency_links.txt
[0.666s] -- Up-to-date: /home/jeulin/git-repo-projects/Robotics-Manipulator/haircutterbot/install/haircutterbot_firmware/lib/python3.12/site-packages/haircutterbot_firmware
[0.666s] -- Up-to-date: /home/jeulin/git-repo-projects/Robotics-Manipulator/haircutterbot/install/haircutterbot_firmware/lib/python3.12/site-packages/haircutterbot_firmware/simple_serial_receiver.py
[0.666s] -- Up-to-date: /home/jeulin/git-repo-projects/Robotics-Manipulator/haircutterbot/install/haircutterbot_firmware/lib/python3.12/site-packages/haircutterbot_firmware/simple_serial_transmitter.py
[0.666s] -- Up-to-date: /home/jeulin/git-repo-projects/Robotics-Manipulator/haircutterbot/install/haircutterbot_firmware/lib/python3.12/site-packages/haircutterbot_firmware/__init__.py
[0.719s] Listing '/home/jeulin/git-repo-projects/Robotics-Manipulator/haircutterbot/install/haircutterbot_firmware/lib/python3.12/site-packages/haircutterbot_firmware'...
[0.725s] -- Up-to-date: /home/jeulin/git-repo-projects/Robotics-Manipulator/haircutterbot/install/haircutterbot_firmware/lib/haircutterbot_firmware/simple_serial_receiver
[0.725s] -- Up-to-date: /home/jeulin/git-repo-projects/Robotics-Manipulator/haircutterbot/install/haircutterbot_firmware/lib/haircutterbot_firmware/simple_serial_transmitter
[0.726s] -- Up-to-date: /home/jeulin/git-repo-projects/Robotics-Manipulator/haircutterbot/install/haircutterbot_firmware/lib/haircutterbot_firmware/simple_serial_transmitter.py
[0.726s] -- Up-to-date: /home/jeulin/git-repo-projects/Robotics-Manipulator/haircutterbot/install/haircutterbot_firmware/lib/haircutterbot_firmware/simple_serial_receiver.py
[0.726s] -- Up-to-date: /home/jeulin/git-repo-projects/Robotics-Manipulator/haircutterbot/install/haircutterbot_firmware/share/ament_index/resource_index/package_run_dependencies/haircutterbot_firmware
[0.726s] -- Up-to-date: /home/jeulin/git-repo-projects/Robotics-Manipulator/haircutterbot/install/haircutterbot_firmware/share/ament_index/resource_index/parent_prefix_path/haircutterbot_firmware
[0.726s] -- Up-to-date: /home/jeulin/git-repo-projects/Robotics-Manipulator/haircutterbot/install/haircutterbot_firmware/share/haircutterbot_firmware/environment/ament_prefix_path.sh
[0.726s] -- Up-to-date: /home/jeulin/git-repo-projects/Robotics-Manipulator/haircutterbot/install/haircutterbot_firmware/share/haircutterbot_firmware/environment/ament_prefix_path.dsv
[0.727s] -- Up-to-date: /home/jeulin/git-repo-projects/Robotics-Manipulator/haircutterbot/install/haircutterbot_firmware/share/haircutterbot_firmware/environment/path.sh
[0.727s] -- Up-to-date: /home/jeulin/git-repo-projects/Robotics-Manipulator/haircutterbot/install/haircutterbot_firmware/share/haircutterbot_firmware/environment/path.dsv
[0.727s] -- Up-to-date: /home/jeulin/git-repo-projects/Robotics-Manipulator/haircutterbot/install/haircutterbot_firmware/share/haircutterbot_firmware/local_setup.bash
[0.727s] -- Up-to-date: /home/jeulin/git-repo-projects/Robotics-Manipulator/haircutterbot/install/haircutterbot_firmware/share/haircutterbot_firmware/local_setup.sh
[0.727s] -- Up-to-date: /home/jeulin/git-repo-projects/Robotics-Manipulator/haircutterbot/install/haircutterbot_firmware/share/haircutterbot_firmware/local_setup.zsh
[0.727s] -- Up-to-date: /home/jeulin/git-repo-projects/Robotics-Manipulator/haircutterbot/install/haircutterbot_firmware/share/haircutterbot_firmware/local_setup.dsv
[0.727s] -- Installing: /home/jeulin/git-repo-projects/Robotics-Manipulator/haircutterbot/install/haircutterbot_firmware/share/haircutterbot_firmware/package.dsv
[0.727s] -- Up-to-date: /home/jeulin/git-repo-projects/Robotics-Manipulator/haircutterbot/install/haircutterbot_firmware/share/ament_index/resource_index/packages/haircutterbot_firmware
[0.727s] -- Up-to-date: /home/jeulin/git-repo-projects/Robotics-Manipulator/haircutterbot/install/haircutterbot_firmware/share/haircutterbot_firmware/cmake/haircutterbot_firmwareConfig.cmake
[0.728s] -- Up-to-date: /home/jeulin/git-repo-projects/Robotics-Manipulator/haircutterbot/install/haircutterbot_firmware/share/haircutterbot_firmware/cmake/haircutterbot_firmwareConfig-version.cmake
[0.728s] -- Up-to-date: /home/jeulin/git-repo-projects/Robotics-Manipulator/haircutterbot/install/haircutterbot_firmware/share/haircutterbot_firmware/package.xml
[0.729s] Invoked command in '/home/jeulin/git-repo-projects/Robotics-Manipulator/haircutterbot/build/haircutterbot_firmware' returned '0': CMAKE_PREFIX_PATH=${CMAKE_PREFIX_PATH}:/home/jeulin/git-repo-projects/Robotics-Manipulator/haircutterbot/install/haircutterbot_py_examples:/home/jeulin/git-repo-projects/Robotics-Manipulator/haircutterbot/install/haircutterbot_opencv:/home/jeulin/Robotics-and-ROS-2-Learn-by-Doing-Manipulators/Section9_Build/haircutterbot/install/haircutterbot_py_examples:/home/jeulin/Robotics-and-ROS-2-Learn-by-Doing-Manipulators/Section9_Build/haircutterbot/install/haircutterbot_opencv:/home/jeulin/Robotics-and-ROS-2-Learn-by-Doing-Manipulators/Section7_Application/arduinobot_ws/install/arduinobot_py_examples:/opt/ros/jazzy DEBUGINFOD_URLS=https://debuginfod.ubuntu.com /usr/bin/cmake --install /home/jeulin/git-repo-projects/Robotics-Manipulator/haircutterbot/build/haircutterbot_firmware
