[0.031s] Invoking command in '/home/jeulin/git-repo-projects/Robotics-Manipulator/haircutterbot/build/haircutterbot_msgs': CMAKE_PREFIX_PATH=${CMAKE_PREFIX_PATH}:/home/jeulin/git-repo-projects/Robotics-Manipulator/haircutterbot/install/haircutterbot_py_examples:/home/jeulin/git-repo-projects/Robotics-Manipulator/haircutterbot/install/haircutterbot_opencv:/home/jeulin/Robotics-and-ROS-2-Learn-by-Doing-Manipulators/Section9_Build/haircutterbot/install/haircutterbot_py_examples:/home/jeulin/Robotics-and-ROS-2-Learn-by-Doing-Manipulators/Section9_Build/haircutterbot/install/haircutterbot_opencv:/home/jeulin/Robotics-and-ROS-2-Learn-by-Doing-Manipulators/Section7_Application/arduinobot_ws/install/arduinobot_py_examples:/opt/ros/jazzy DEBUGINFOD_URLS=https://debuginfod.ubuntu.com /usr/bin/cmake --build /home/jeulin/git-repo-projects/Robotics-Manipulator/haircutterbot/build/haircutterbot_msgs -- -j8 -l8
[0.099s] [  1%] Built target haircutterbot_msgs__rosidl_generator_type_description
[0.133s] [  1%] Built target ament_cmake_python_copy_haircutterbot_msgs
[0.134s] [  2%] Built target haircutterbot_msgs__cpp
[0.142s] [ 25%] Built target haircutterbot_msgs__rosidl_generator_c
[0.195s] [ 39%] Built target haircutterbot_msgs__rosidl_typesupport_introspection_c
[0.195s] [ 44%] Built target haircutterbot_msgs__rosidl_typesupport_c
[0.212s] [ 54%] Built target haircutterbot_msgs__rosidl_typesupport_fastrtps_cpp
[0.212s] [ 63%] Built target haircutterbot_msgs__rosidl_typesupport_cpp
[0.219s] [ 72%] Built target haircutterbot_msgs__rosidl_typesupport_fastrtps_c
[0.220s] [ 82%] Built target haircutterbot_msgs__rosidl_typesupport_introspection_cpp
[0.251s] [ 82%] Built target haircutterbot_msgs
[0.287s] [ 83%] Built target haircutterbot_msgs__py
[0.337s] [ 91%] Built target haircutterbot_msgs__rosidl_generator_py
[0.381s] [ 94%] Built target haircutterbot_msgs_s__rosidl_typesupport_c
[0.382s] [ 97%] Built target haircutterbot_msgs_s__rosidl_typesupport_fastrtps_c
[0.383s] [100%] Built target haircutterbot_msgs_s__rosidl_typesupport_introspection_c
[0.530s] running egg_info
[0.558s] writing haircutterbot_msgs.egg-info/PKG-INFO
[0.559s] writing dependency_links to haircutterbot_msgs.egg-info/dependency_links.txt
[0.559s] writing top-level names to haircutterbot_msgs.egg-info/top_level.txt
[0.640s] reading manifest file 'haircutterbot_msgs.egg-info/SOURCES.txt'
[0.641s] writing manifest file 'haircutterbot_msgs.egg-info/SOURCES.txt'
[0.675s] [100%] Built target ament_cmake_python_build_haircutterbot_msgs_egg
[0.689s] Invoked command in '/home/jeulin/git-repo-projects/Robotics-Manipulator/haircutterbot/build/haircutterbot_msgs' returned '0': CMAKE_PREFIX_PATH=${CMAKE_PREFIX_PATH}:/home/jeulin/git-repo-projects/Robotics-Manipulator/haircutterbot/install/haircutterbot_py_examples:/home/jeulin/git-repo-projects/Robotics-Manipulator/haircutterbot/install/haircutterbot_opencv:/home/jeulin/Robotics-and-ROS-2-Learn-by-Doing-Manipulators/Section9_Build/haircutterbot/install/haircutterbot_py_examples:/home/jeulin/Robotics-and-ROS-2-Learn-by-Doing-Manipulators/Section9_Build/haircutterbot/install/haircutterbot_opencv:/home/jeulin/Robotics-and-ROS-2-Learn-by-Doing-Manipulators/Section7_Application/arduinobot_ws/install/arduinobot_py_examples:/opt/ros/jazzy DEBUGINFOD_URLS=https://debuginfod.ubuntu.com /usr/bin/cmake --build /home/jeulin/git-repo-projects/Robotics-Manipulator/haircutterbot/build/haircutterbot_msgs -- -j8 -l8
[0.691s] Invoking command in '/home/jeulin/git-repo-projects/Robotics-Manipulator/haircutterbot/build/haircutterbot_msgs': CMAKE_PREFIX_PATH=${CMAKE_PREFIX_PATH}:/home/jeulin/git-repo-projects/Robotics-Manipulator/haircutterbot/install/haircutterbot_py_examples:/home/jeulin/git-repo-projects/Robotics-Manipulator/haircutterbot/install/haircutterbot_opencv:/home/jeulin/Robotics-and-ROS-2-Learn-by-Doing-Manipulators/Section9_Build/haircutterbot/install/haircutterbot_py_examples:/home/jeulin/Robotics-and-ROS-2-Learn-by-Doing-Manipulators/Section9_Build/haircutterbot/install/haircutterbot_opencv:/home/jeulin/Robotics-and-ROS-2-Learn-by-Doing-Manipulators/Section7_Application/arduinobot_ws/install/arduinobot_py_examples:/opt/ros/jazzy DEBUGINFOD_URLS=https://debuginfod.ubuntu.com /usr/bin/cmake --install /home/jeulin/git-repo-projects/Robotics-Manipulator/haircutterbot/build/haircutterbot_msgs
[0.701s] -- Install configuration: ""
[0.701s] -- Up-to-date: /home/jeulin/git-repo-projects/Robotics-Manipulator/haircutterbot/install/haircutterbot_msgs/share/ament_index/resource_index/rosidl_interfaces/haircutterbot_msgs
[0.701s] -- Up-to-date: /home/jeulin/git-repo-projects/Robotics-Manipulator/haircutterbot/install/haircutterbot_msgs/share/haircutterbot_msgs/srv/AddTwoInts.json
[0.702s] -- Up-to-date: /home/jeulin/git-repo-projects/Robotics-Manipulator/haircutterbot/install/haircutterbot_msgs/share/haircutterbot_msgs/srv/EulerToQuaternion.json
[0.702s] -- Up-to-date: /home/jeulin/git-repo-projects/Robotics-Manipulator/haircutterbot/install/haircutterbot_msgs/share/haircutterbot_msgs/srv/QuaternionToEuler.json
[0.702s] -- Up-to-date: /home/jeulin/git-repo-projects/Robotics-Manipulator/haircutterbot/install/haircutterbot_msgs/share/haircutterbot_msgs/action/Fibonacci.json
[0.702s] -- Up-to-date: /home/jeulin/git-repo-projects/Robotics-Manipulator/haircutterbot/install/haircutterbot_msgs/share/haircutterbot_msgs/action/HaircutterbotTask.json
[0.702s] -- Up-to-date: /home/jeulin/git-repo-projects/Robotics-Manipulator/haircutterbot/install/haircutterbot_msgs/include/haircutterbot_msgs/haircutterbot_msgs
[0.703s] -- Up-to-date: /home/jeulin/git-repo-projects/Robotics-Manipulator/haircutterbot/install/haircutterbot_msgs/include/haircutterbot_msgs/haircutterbot_msgs/action
[0.703s] -- Up-to-date: /home/jeulin/git-repo-projects/Robotics-Manipulator/haircutterbot/install/haircutterbot_msgs/include/haircutterbot_msgs/haircutterbot_msgs/action/detail
[0.703s] -- Up-to-date: /home/jeulin/git-repo-projects/Robotics-Manipulator/haircutterbot/install/haircutterbot_msgs/include/haircutterbot_msgs/haircutterbot_msgs/action/detail/fibonacci__functions.c
[0.703s] -- Up-to-date: /home/jeulin/git-repo-projects/Robotics-Manipulator/haircutterbot/install/haircutterbot_msgs/include/haircutterbot_msgs/haircutterbot_msgs/action/detail/haircutterbot_task__struct.h
[0.703s] -- Up-to-date: /home/jeulin/git-repo-projects/Robotics-Manipulator/haircutterbot/install/haircutterbot_msgs/include/haircutterbot_msgs/haircutterbot_msgs/action/detail/fibonacci__type_support.h
[0.703s] -- Installing: /home/jeulin/git-repo-projects/Robotics-Manipulator/haircutterbot/install/haircutterbot_msgs/include/haircutterbot_msgs/haircutterbot_msgs/action/detail/fibonacci__type_support.c
[0.704s] -- Installing: /home/jeulin/git-repo-projects/Robotics-Manipulator/haircutterbot/install/haircutterbot_msgs/include/haircutterbot_msgs/haircutterbot_msgs/action/detail/haircutterbot_task__type_support.c
[0.704s] -- Up-to-date: /home/jeulin/git-repo-projects/Robotics-Manipulator/haircutterbot/install/haircutterbot_msgs/include/haircutterbot_msgs/haircutterbot_msgs/action/detail/haircutterbot_task__functions.h
[0.704s] -- Up-to-date: /home/jeulin/git-repo-projects/Robotics-Manipulator/haircutterbot/install/haircutterbot_msgs/include/haircutterbot_msgs/haircutterbot_msgs/action/detail/haircutterbot_task__type_support.h
[0.704s] -- Up-to-date: /home/jeulin/git-repo-projects/Robotics-Manipulator/haircutterbot/install/haircutterbot_msgs/include/haircutterbot_msgs/haircutterbot_msgs/action/detail/haircutterbot_task__functions.c
[0.704s] -- Up-to-date: /home/jeulin/git-repo-projects/Robotics-Manipulator/haircutterbot/install/haircutterbot_msgs/include/haircutterbot_msgs/haircutterbot_msgs/action/detail/fibonacci__struct.h
[0.704s] -- Up-to-date: /home/jeulin/git-repo-projects/Robotics-Manipulator/haircutterbot/install/haircutterbot_msgs/include/haircutterbot_msgs/haircutterbot_msgs/action/detail/haircutterbot_task__description.c
[0.704s] -- Up-to-date: /home/jeulin/git-repo-projects/Robotics-Manipulator/haircutterbot/install/haircutterbot_msgs/include/haircutterbot_msgs/haircutterbot_msgs/action/detail/fibonacci__description.c
[0.705s] -- Up-to-date: /home/jeulin/git-repo-projects/Robotics-Manipulator/haircutterbot/install/haircutterbot_msgs/include/haircutterbot_msgs/haircutterbot_msgs/action/detail/fibonacci__functions.h
[0.705s] -- Up-to-date: /home/jeulin/git-repo-projects/Robotics-Manipulator/haircutterbot/install/haircutterbot_msgs/include/haircutterbot_msgs/haircutterbot_msgs/action/fibonacci.h
[0.705s] -- Up-to-date: /home/jeulin/git-repo-projects/Robotics-Manipulator/haircutterbot/install/haircutterbot_msgs/include/haircutterbot_msgs/haircutterbot_msgs/action/haircutterbot_task.h
[0.705s] -- Up-to-date: /home/jeulin/git-repo-projects/Robotics-Manipulator/haircutterbot/install/haircutterbot_msgs/include/haircutterbot_msgs/haircutterbot_msgs/msg
[0.705s] -- Up-to-date: /home/jeulin/git-repo-projects/Robotics-Manipulator/haircutterbot/install/haircutterbot_msgs/include/haircutterbot_msgs/haircutterbot_msgs/msg/rosidl_generator_c__visibility_control.h
[0.705s] -- Up-to-date: /home/jeulin/git-repo-projects/Robotics-Manipulator/haircutterbot/install/haircutterbot_msgs/include/haircutterbot_msgs/haircutterbot_msgs/srv
[0.706s] -- Up-to-date: /home/jeulin/git-repo-projects/Robotics-Manipulator/haircutterbot/install/haircutterbot_msgs/include/haircutterbot_msgs/haircutterbot_msgs/srv/detail
[0.706s] -- Installing: /home/jeulin/git-repo-projects/Robotics-Manipulator/haircutterbot/install/haircutterbot_msgs/include/haircutterbot_msgs/haircutterbot_msgs/srv/detail/euler_to_quaternion__type_support.c
[0.706s] -- Up-to-date: /home/jeulin/git-repo-projects/Robotics-Manipulator/haircutterbot/install/haircutterbot_msgs/include/haircutterbot_msgs/haircutterbot_msgs/srv/detail/euler_to_quaternion__functions.c
[0.706s] -- Up-to-date: /home/jeulin/git-repo-projects/Robotics-Manipulator/haircutterbot/install/haircutterbot_msgs/include/haircutterbot_msgs/haircutterbot_msgs/srv/detail/euler_to_quaternion__functions.h
[0.706s] -- Installing: /home/jeulin/git-repo-projects/Robotics-Manipulator/haircutterbot/install/haircutterbot_msgs/include/haircutterbot_msgs/haircutterbot_msgs/srv/detail/add_two_ints__type_support.c
[0.707s] -- Up-to-date: /home/jeulin/git-repo-projects/Robotics-Manipulator/haircutterbot/install/haircutterbot_msgs/include/haircutterbot_msgs/haircutterbot_msgs/srv/detail/add_two_ints__functions.h
[0.707s] -- Up-to-date: /home/jeulin/git-repo-projects/Robotics-Manipulator/haircutterbot/install/haircutterbot_msgs/include/haircutterbot_msgs/haircutterbot_msgs/srv/detail/add_two_ints__struct.h
[0.707s] -- Up-to-date: /home/jeulin/git-repo-projects/Robotics-Manipulator/haircutterbot/install/haircutterbot_msgs/include/haircutterbot_msgs/haircutterbot_msgs/srv/detail/euler_to_quaternion__description.c
[0.707s] -- Up-to-date: /home/jeulin/git-repo-projects/Robotics-Manipulator/haircutterbot/install/haircutterbot_msgs/include/haircutterbot_msgs/haircutterbot_msgs/srv/detail/euler_to_quaternion__type_support.h
[0.707s] -- Up-to-date: /home/jeulin/git-repo-projects/Robotics-Manipulator/haircutterbot/install/haircutterbot_msgs/include/haircutterbot_msgs/haircutterbot_msgs/srv/detail/add_two_ints__type_support.h
[0.708s] -- Up-to-date: /home/jeulin/git-repo-projects/Robotics-Manipulator/haircutterbot/install/haircutterbot_msgs/include/haircutterbot_msgs/haircutterbot_msgs/srv/detail/quaternion_to_euler__functions.c
[0.708s] -- Up-to-date: /home/jeulin/git-repo-projects/Robotics-Manipulator/haircutterbot/install/haircutterbot_msgs/include/haircutterbot_msgs/haircutterbot_msgs/srv/detail/quaternion_to_euler__struct.h
[0.708s] -- Up-to-date: /home/jeulin/git-repo-projects/Robotics-Manipulator/haircutterbot/install/haircutterbot_msgs/include/haircutterbot_msgs/haircutterbot_msgs/srv/detail/quaternion_to_euler__description.c
[0.709s] -- Up-to-date: /home/jeulin/git-repo-projects/Robotics-Manipulator/haircutterbot/install/haircutterbot_msgs/include/haircutterbot_msgs/haircutterbot_msgs/srv/detail/add_two_ints__functions.c
[0.709s] -- Up-to-date: /home/jeulin/git-repo-projects/Robotics-Manipulator/haircutterbot/install/haircutterbot_msgs/include/haircutterbot_msgs/haircutterbot_msgs/srv/detail/quaternion_to_euler__functions.h
[0.709s] -- Up-to-date: /home/jeulin/git-repo-projects/Robotics-Manipulator/haircutterbot/install/haircutterbot_msgs/include/haircutterbot_msgs/haircutterbot_msgs/srv/detail/add_two_ints__description.c
[0.710s] -- Up-to-date: /home/jeulin/git-repo-projects/Robotics-Manipulator/haircutterbot/install/haircutterbot_msgs/include/haircutterbot_msgs/haircutterbot_msgs/srv/detail/euler_to_quaternion__struct.h
[0.710s] -- Installing: /home/jeulin/git-repo-projects/Robotics-Manipulator/haircutterbot/install/haircutterbot_msgs/include/haircutterbot_msgs/haircutterbot_msgs/srv/detail/quaternion_to_euler__type_support.c
[0.710s] -- Up-to-date: /home/jeulin/git-repo-projects/Robotics-Manipulator/haircutterbot/install/haircutterbot_msgs/include/haircutterbot_msgs/haircutterbot_msgs/srv/detail/quaternion_to_euler__type_support.h
[0.710s] -- Up-to-date: /home/jeulin/git-repo-projects/Robotics-Manipulator/haircutterbot/install/haircutterbot_msgs/include/haircutterbot_msgs/haircutterbot_msgs/srv/euler_to_quaternion.h
[0.711s] -- Up-to-date: /home/jeulin/git-repo-projects/Robotics-Manipulator/haircutterbot/install/haircutterbot_msgs/include/haircutterbot_msgs/haircutterbot_msgs/srv/quaternion_to_euler.h
[0.711s] -- Up-to-date: /home/jeulin/git-repo-projects/Robotics-Manipulator/haircutterbot/install/haircutterbot_msgs/include/haircutterbot_msgs/haircutterbot_msgs/srv/add_two_ints.h
[0.711s] -- Up-to-date: /home/jeulin/git-repo-projects/Robotics-Manipulator/haircutterbot/install/haircutterbot_msgs/share/haircutterbot_msgs/environment/library_path.sh
[0.711s] -- Up-to-date: /home/jeulin/git-repo-projects/Robotics-Manipulator/haircutterbot/install/haircutterbot_msgs/share/haircutterbot_msgs/environment/library_path.dsv
[0.711s] -- Up-to-date: /home/jeulin/git-repo-projects/Robotics-Manipulator/haircutterbot/install/haircutterbot_msgs/lib/libhaircutterbot_msgs__rosidl_generator_c.so
[0.711s] -- Up-to-date: /home/jeulin/git-repo-projects/Robotics-Manipulator/haircutterbot/install/haircutterbot_msgs/include/haircutterbot_msgs/haircutterbot_msgs
[0.712s] -- Up-to-date: /home/jeulin/git-repo-projects/Robotics-Manipulator/haircutterbot/install/haircutterbot_msgs/include/haircutterbot_msgs/haircutterbot_msgs/action
[0.712s] -- Up-to-date: /home/jeulin/git-repo-projects/Robotics-Manipulator/haircutterbot/install/haircutterbot_msgs/include/haircutterbot_msgs/haircutterbot_msgs/action/detail
[0.712s] -- Up-to-date: /home/jeulin/git-repo-projects/Robotics-Manipulator/haircutterbot/install/haircutterbot_msgs/include/haircutterbot_msgs/haircutterbot_msgs/action/detail/haircutterbot_task__rosidl_typesupport_fastrtps_c.h
[0.712s] -- Up-to-date: /home/jeulin/git-repo-projects/Robotics-Manipulator/haircutterbot/install/haircutterbot_msgs/include/haircutterbot_msgs/haircutterbot_msgs/action/detail/fibonacci__rosidl_typesupport_fastrtps_c.h
[0.712s] -- Up-to-date: /home/jeulin/git-repo-projects/Robotics-Manipulator/haircutterbot/install/haircutterbot_msgs/include/haircutterbot_msgs/haircutterbot_msgs/msg
[0.713s] -- Up-to-date: /home/jeulin/git-repo-projects/Robotics-Manipulator/haircutterbot/install/haircutterbot_msgs/include/haircutterbot_msgs/haircutterbot_msgs/msg/rosidl_typesupport_fastrtps_c__visibility_control.h
[0.713s] -- Up-to-date: /home/jeulin/git-repo-projects/Robotics-Manipulator/haircutterbot/install/haircutterbot_msgs/include/haircutterbot_msgs/haircutterbot_msgs/srv
[0.713s] -- Up-to-date: /home/jeulin/git-repo-projects/Robotics-Manipulator/haircutterbot/install/haircutterbot_msgs/include/haircutterbot_msgs/haircutterbot_msgs/srv/detail
[0.713s] -- Up-to-date: /home/jeulin/git-repo-projects/Robotics-Manipulator/haircutterbot/install/haircutterbot_msgs/include/haircutterbot_msgs/haircutterbot_msgs/srv/detail/add_two_ints__rosidl_typesupport_fastrtps_c.h
[0.713s] -- Up-to-date: /home/jeulin/git-repo-projects/Robotics-Manipulator/haircutterbot/install/haircutterbot_msgs/include/haircutterbot_msgs/haircutterbot_msgs/srv/detail/euler_to_quaternion__rosidl_typesupport_fastrtps_c.h
[0.713s] -- Up-to-date: /home/jeulin/git-repo-projects/Robotics-Manipulator/haircutterbot/install/haircutterbot_msgs/include/haircutterbot_msgs/haircutterbot_msgs/srv/detail/quaternion_to_euler__rosidl_typesupport_fastrtps_c.h
[0.714s] -- Up-to-date: /home/jeulin/git-repo-projects/Robotics-Manipulator/haircutterbot/install/haircutterbot_msgs/lib/libhaircutterbot_msgs__rosidl_typesupport_fastrtps_c.so
[0.714s] -- Up-to-date: /home/jeulin/git-repo-projects/Robotics-Manipulator/haircutterbot/install/haircutterbot_msgs/include/haircutterbot_msgs/haircutterbot_msgs
[0.714s] -- Up-to-date: /home/jeulin/git-repo-projects/Robotics-Manipulator/haircutterbot/install/haircutterbot_msgs/include/haircutterbot_msgs/haircutterbot_msgs/action
[0.714s] -- Up-to-date: /home/jeulin/git-repo-projects/Robotics-Manipulator/haircutterbot/install/haircutterbot_msgs/include/haircutterbot_msgs/haircutterbot_msgs/action/detail
[0.714s] -- Up-to-date: /home/jeulin/git-repo-projects/Robotics-Manipulator/haircutterbot/install/haircutterbot_msgs/include/haircutterbot_msgs/haircutterbot_msgs/action/detail/fibonacci__struct.hpp
[0.714s] -- Up-to-date: /home/jeulin/git-repo-projects/Robotics-Manipulator/haircutterbot/install/haircutterbot_msgs/include/haircutterbot_msgs/haircutterbot_msgs/action/detail/haircutterbot_task__type_support.hpp
[0.715s] -- Up-to-date: /home/jeulin/git-repo-projects/Robotics-Manipulator/haircutterbot/install/haircutterbot_msgs/include/haircutterbot_msgs/haircutterbot_msgs/action/detail/fibonacci__type_support.hpp
[0.715s] -- Up-to-date: /home/jeulin/git-repo-projects/Robotics-Manipulator/haircutterbot/install/haircutterbot_msgs/include/haircutterbot_msgs/haircutterbot_msgs/action/detail/haircutterbot_task__struct.hpp
[0.715s] -- Up-to-date: /home/jeulin/git-repo-projects/Robotics-Manipulator/haircutterbot/install/haircutterbot_msgs/include/haircutterbot_msgs/haircutterbot_msgs/action/detail/fibonacci__traits.hpp
[0.715s] -- Up-to-date: /home/jeulin/git-repo-projects/Robotics-Manipulator/haircutterbot/install/haircutterbot_msgs/include/haircutterbot_msgs/haircutterbot_msgs/action/detail/haircutterbot_task__traits.hpp
[0.715s] -- Up-to-date: /home/jeulin/git-repo-projects/Robotics-Manipulator/haircutterbot/install/haircutterbot_msgs/include/haircutterbot_msgs/haircutterbot_msgs/action/detail/fibonacci__builder.hpp
[0.715s] -- Up-to-date: /home/jeulin/git-repo-projects/Robotics-Manipulator/haircutterbot/install/haircutterbot_msgs/include/haircutterbot_msgs/haircutterbot_msgs/action/detail/haircutterbot_task__builder.hpp
[0.716s] -- Up-to-date: /home/jeulin/git-repo-projects/Robotics-Manipulator/haircutterbot/install/haircutterbot_msgs/include/haircutterbot_msgs/haircutterbot_msgs/action/haircutterbot_task.hpp
[0.716s] -- Up-to-date: /home/jeulin/git-repo-projects/Robotics-Manipulator/haircutterbot/install/haircutterbot_msgs/include/haircutterbot_msgs/haircutterbot_msgs/action/fibonacci.hpp
[0.716s] -- Up-to-date: /home/jeulin/git-repo-projects/Robotics-Manipulator/haircutterbot/install/haircutterbot_msgs/include/haircutterbot_msgs/haircutterbot_msgs/msg
[0.716s] -- Up-to-date: /home/jeulin/git-repo-projects/Robotics-Manipulator/haircutterbot/install/haircutterbot_msgs/include/haircutterbot_msgs/haircutterbot_msgs/msg/rosidl_generator_cpp__visibility_control.hpp
[0.716s] -- Up-to-date: /home/jeulin/git-repo-projects/Robotics-Manipulator/haircutterbot/install/haircutterbot_msgs/include/haircutterbot_msgs/haircutterbot_msgs/srv
[0.716s] -- Up-to-date: /home/jeulin/git-repo-projects/Robotics-Manipulator/haircutterbot/install/haircutterbot_msgs/include/haircutterbot_msgs/haircutterbot_msgs/srv/detail
[0.716s] -- Up-to-date: /home/jeulin/git-repo-projects/Robotics-Manipulator/haircutterbot/install/haircutterbot_msgs/include/haircutterbot_msgs/haircutterbot_msgs/srv/detail/quaternion_to_euler__traits.hpp
[0.717s] -- Up-to-date: /home/jeulin/git-repo-projects/Robotics-Manipulator/haircutterbot/install/haircutterbot_msgs/include/haircutterbot_msgs/haircutterbot_msgs/srv/detail/add_two_ints__struct.hpp
[0.717s] -- Up-to-date: /home/jeulin/git-repo-projects/Robotics-Manipulator/haircutterbot/install/haircutterbot_msgs/include/haircutterbot_msgs/haircutterbot_msgs/srv/detail/add_two_ints__traits.hpp
[0.717s] -- Up-to-date: /home/jeulin/git-repo-projects/Robotics-Manipulator/haircutterbot/install/haircutterbot_msgs/include/haircutterbot_msgs/haircutterbot_msgs/srv/detail/quaternion_to_euler__struct.hpp
[0.717s] -- Up-to-date: /home/jeulin/git-repo-projects/Robotics-Manipulator/haircutterbot/install/haircutterbot_msgs/include/haircutterbot_msgs/haircutterbot_msgs/srv/detail/euler_to_quaternion__traits.hpp
[0.717s] -- Up-to-date: /home/jeulin/git-repo-projects/Robotics-Manipulator/haircutterbot/install/haircutterbot_msgs/include/haircutterbot_msgs/haircutterbot_msgs/srv/detail/euler_to_quaternion__type_support.hpp
[0.717s] -- Up-to-date: /home/jeulin/git-repo-projects/Robotics-Manipulator/haircutterbot/install/haircutterbot_msgs/include/haircutterbot_msgs/haircutterbot_msgs/srv/detail/euler_to_quaternion__builder.hpp
[0.717s] -- Up-to-date: /home/jeulin/git-repo-projects/Robotics-Manipulator/haircutterbot/install/haircutterbot_msgs/include/haircutterbot_msgs/haircutterbot_msgs/srv/detail/quaternion_to_euler__type_support.hpp
[0.718s] -- Up-to-date: /home/jeulin/git-repo-projects/Robotics-Manipulator/haircutterbot/install/haircutterbot_msgs/include/haircutterbot_msgs/haircutterbot_msgs/srv/detail/add_two_ints__builder.hpp
[0.718s] -- Up-to-date: /home/jeulin/git-repo-projects/Robotics-Manipulator/haircutterbot/install/haircutterbot_msgs/include/haircutterbot_msgs/haircutterbot_msgs/srv/detail/quaternion_to_euler__builder.hpp
[0.718s] -- Up-to-date: /home/jeulin/git-repo-projects/Robotics-Manipulator/haircutterbot/install/haircutterbot_msgs/include/haircutterbot_msgs/haircutterbot_msgs/srv/detail/add_two_ints__type_support.hpp
[0.718s] -- Up-to-date: /home/jeulin/git-repo-projects/Robotics-Manipulator/haircutterbot/install/haircutterbot_msgs/include/haircutterbot_msgs/haircutterbot_msgs/srv/detail/euler_to_quaternion__struct.hpp
[0.718s] -- Up-to-date: /home/jeulin/git-repo-projects/Robotics-Manipulator/haircutterbot/install/haircutterbot_msgs/include/haircutterbot_msgs/haircutterbot_msgs/srv/add_two_ints.hpp
[0.719s] -- Up-to-date: /home/jeulin/git-repo-projects/Robotics-Manipulator/haircutterbot/install/haircutterbot_msgs/include/haircutterbot_msgs/haircutterbot_msgs/srv/euler_to_quaternion.hpp
[0.719s] -- Up-to-date: /home/jeulin/git-repo-projects/Robotics-Manipulator/haircutterbot/install/haircutterbot_msgs/include/haircutterbot_msgs/haircutterbot_msgs/srv/quaternion_to_euler.hpp
[0.719s] -- Up-to-date: /home/jeulin/git-repo-projects/Robotics-Manipulator/haircutterbot/install/haircutterbot_msgs/include/haircutterbot_msgs/haircutterbot_msgs
[0.719s] -- Up-to-date: /home/jeulin/git-repo-projects/Robotics-Manipulator/haircutterbot/install/haircutterbot_msgs/include/haircutterbot_msgs/haircutterbot_msgs/action
[0.719s] -- Up-to-date: /home/jeulin/git-repo-projects/Robotics-Manipulator/haircutterbot/install/haircutterbot_msgs/include/haircutterbot_msgs/haircutterbot_msgs/action/detail
[0.719s] -- Up-to-date: /home/jeulin/git-repo-projects/Robotics-Manipulator/haircutterbot/install/haircutterbot_msgs/include/haircutterbot_msgs/haircutterbot_msgs/action/detail/fibonacci__rosidl_typesupport_fastrtps_cpp.hpp
[0.719s] -- Up-to-date: /home/jeulin/git-repo-projects/Robotics-Manipulator/haircutterbot/install/haircutterbot_msgs/include/haircutterbot_msgs/haircutterbot_msgs/action/detail/dds_fastrtps
[0.719s] -- Up-to-date: /home/jeulin/git-repo-projects/Robotics-Manipulator/haircutterbot/install/haircutterbot_msgs/include/haircutterbot_msgs/haircutterbot_msgs/action/detail/haircutterbot_task__rosidl_typesupport_fastrtps_cpp.hpp
[0.720s] -- Up-to-date: /home/jeulin/git-repo-projects/Robotics-Manipulator/haircutterbot/install/haircutterbot_msgs/include/haircutterbot_msgs/haircutterbot_msgs/msg
[0.720s] -- Up-to-date: /home/jeulin/git-repo-projects/Robotics-Manipulator/haircutterbot/install/haircutterbot_msgs/include/haircutterbot_msgs/haircutterbot_msgs/msg/rosidl_typesupport_fastrtps_cpp__visibility_control.h
[0.720s] -- Up-to-date: /home/jeulin/git-repo-projects/Robotics-Manipulator/haircutterbot/install/haircutterbot_msgs/include/haircutterbot_msgs/haircutterbot_msgs/srv
[0.720s] -- Up-to-date: /home/jeulin/git-repo-projects/Robotics-Manipulator/haircutterbot/install/haircutterbot_msgs/include/haircutterbot_msgs/haircutterbot_msgs/srv/detail
[0.720s] -- Up-to-date: /home/jeulin/git-repo-projects/Robotics-Manipulator/haircutterbot/install/haircutterbot_msgs/include/haircutterbot_msgs/haircutterbot_msgs/srv/detail/quaternion_to_euler__rosidl_typesupport_fastrtps_cpp.hpp
[0.720s] -- Up-to-date: /home/jeulin/git-repo-projects/Robotics-Manipulator/haircutterbot/install/haircutterbot_msgs/include/haircutterbot_msgs/haircutterbot_msgs/srv/detail/euler_to_quaternion__rosidl_typesupport_fastrtps_cpp.hpp
[0.720s] -- Up-to-date: /home/jeulin/git-repo-projects/Robotics-Manipulator/haircutterbot/install/haircutterbot_msgs/include/haircutterbot_msgs/haircutterbot_msgs/srv/detail/dds_fastrtps
[0.720s] -- Up-to-date: /home/jeulin/git-repo-projects/Robotics-Manipulator/haircutterbot/install/haircutterbot_msgs/include/haircutterbot_msgs/haircutterbot_msgs/srv/detail/add_two_ints__rosidl_typesupport_fastrtps_cpp.hpp
[0.721s] -- Up-to-date: /home/jeulin/git-repo-projects/Robotics-Manipulator/haircutterbot/install/haircutterbot_msgs/lib/libhaircutterbot_msgs__rosidl_typesupport_fastrtps_cpp.so
[0.721s] -- Up-to-date: /home/jeulin/git-repo-projects/Robotics-Manipulator/haircutterbot/install/haircutterbot_msgs/include/haircutterbot_msgs/haircutterbot_msgs
[0.721s] -- Up-to-date: /home/jeulin/git-repo-projects/Robotics-Manipulator/haircutterbot/install/haircutterbot_msgs/include/haircutterbot_msgs/haircutterbot_msgs/action
[0.721s] -- Up-to-date: /home/jeulin/git-repo-projects/Robotics-Manipulator/haircutterbot/install/haircutterbot_msgs/include/haircutterbot_msgs/haircutterbot_msgs/action/detail
[0.721s] -- Installing: /home/jeulin/git-repo-projects/Robotics-Manipulator/haircutterbot/install/haircutterbot_msgs/include/haircutterbot_msgs/haircutterbot_msgs/action/detail/fibonacci__type_support.c
[0.721s] -- Installing: /home/jeulin/git-repo-projects/Robotics-Manipulator/haircutterbot/install/haircutterbot_msgs/include/haircutterbot_msgs/haircutterbot_msgs/action/detail/haircutterbot_task__type_support.c
[0.721s] -- Up-to-date: /home/jeulin/git-repo-projects/Robotics-Manipulator/haircutterbot/install/haircutterbot_msgs/include/haircutterbot_msgs/haircutterbot_msgs/action/detail/fibonacci__rosidl_typesupport_introspection_c.h
[0.721s] -- Up-to-date: /home/jeulin/git-repo-projects/Robotics-Manipulator/haircutterbot/install/haircutterbot_msgs/include/haircutterbot_msgs/haircutterbot_msgs/action/detail/haircutterbot_task__rosidl_typesupport_introspection_c.h
[0.722s] -- Up-to-date: /home/jeulin/git-repo-projects/Robotics-Manipulator/haircutterbot/install/haircutterbot_msgs/include/haircutterbot_msgs/haircutterbot_msgs/msg
[0.722s] -- Up-to-date: /home/jeulin/git-repo-projects/Robotics-Manipulator/haircutterbot/install/haircutterbot_msgs/include/haircutterbot_msgs/haircutterbot_msgs/msg/rosidl_typesupport_introspection_c__visibility_control.h
[0.722s] -- Up-to-date: /home/jeulin/git-repo-projects/Robotics-Manipulator/haircutterbot/install/haircutterbot_msgs/include/haircutterbot_msgs/haircutterbot_msgs/srv
[0.722s] -- Up-to-date: /home/jeulin/git-repo-projects/Robotics-Manipulator/haircutterbot/install/haircutterbot_msgs/include/haircutterbot_msgs/haircutterbot_msgs/srv/detail
[0.722s] -- Installing: /home/jeulin/git-repo-projects/Robotics-Manipulator/haircutterbot/install/haircutterbot_msgs/include/haircutterbot_msgs/haircutterbot_msgs/srv/detail/euler_to_quaternion__type_support.c
[0.722s] -- Installing: /home/jeulin/git-repo-projects/Robotics-Manipulator/haircutterbot/install/haircutterbot_msgs/include/haircutterbot_msgs/haircutterbot_msgs/srv/detail/add_two_ints__type_support.c
[0.722s] -- Up-to-date: /home/jeulin/git-repo-projects/Robotics-Manipulator/haircutterbot/install/haircutterbot_msgs/include/haircutterbot_msgs/haircutterbot_msgs/srv/detail/add_two_ints__rosidl_typesupport_introspection_c.h
[0.723s] -- Installing: /home/jeulin/git-repo-projects/Robotics-Manipulator/haircutterbot/install/haircutterbot_msgs/include/haircutterbot_msgs/haircutterbot_msgs/srv/detail/quaternion_to_euler__type_support.c
[0.723s] -- Up-to-date: /home/jeulin/git-repo-projects/Robotics-Manipulator/haircutterbot/install/haircutterbot_msgs/include/haircutterbot_msgs/haircutterbot_msgs/srv/detail/quaternion_to_euler__rosidl_typesupport_introspection_c.h
[0.723s] -- Up-to-date: /home/jeulin/git-repo-projects/Robotics-Manipulator/haircutterbot/install/haircutterbot_msgs/include/haircutterbot_msgs/haircutterbot_msgs/srv/detail/euler_to_quaternion__rosidl_typesupport_introspection_c.h
[0.723s] -- Up-to-date: /home/jeulin/git-repo-projects/Robotics-Manipulator/haircutterbot/install/haircutterbot_msgs/lib/libhaircutterbot_msgs__rosidl_typesupport_introspection_c.so
[0.723s] -- Up-to-date: /home/jeulin/git-repo-projects/Robotics-Manipulator/haircutterbot/install/haircutterbot_msgs/lib/libhaircutterbot_msgs__rosidl_typesupport_c.so
[0.723s] -- Up-to-date: /home/jeulin/git-repo-projects/Robotics-Manipulator/haircutterbot/install/haircutterbot_msgs/include/haircutterbot_msgs/haircutterbot_msgs
[0.723s] -- Up-to-date: /home/jeulin/git-repo-projects/Robotics-Manipulator/haircutterbot/install/haircutterbot_msgs/include/haircutterbot_msgs/haircutterbot_msgs/action
[0.724s] -- Up-to-date: /home/jeulin/git-repo-projects/Robotics-Manipulator/haircutterbot/install/haircutterbot_msgs/include/haircutterbot_msgs/haircutterbot_msgs/action/detail
[0.724s] -- Up-to-date: /home/jeulin/git-repo-projects/Robotics-Manipulator/haircutterbot/install/haircutterbot_msgs/include/haircutterbot_msgs/haircutterbot_msgs/action/detail/haircutterbot_task__rosidl_typesupport_introspection_cpp.hpp
[0.724s] -- Up-to-date: /home/jeulin/git-repo-projects/Robotics-Manipulator/haircutterbot/install/haircutterbot_msgs/include/haircutterbot_msgs/haircutterbot_msgs/action/detail/haircutterbot_task__type_support.cpp
[0.724s] -- Up-to-date: /home/jeulin/git-repo-projects/Robotics-Manipulator/haircutterbot/install/haircutterbot_msgs/include/haircutterbot_msgs/haircutterbot_msgs/action/detail/fibonacci__rosidl_typesupport_introspection_cpp.hpp
[0.724s] -- Up-to-date: /home/jeulin/git-repo-projects/Robotics-Manipulator/haircutterbot/install/haircutterbot_msgs/include/haircutterbot_msgs/haircutterbot_msgs/action/detail/fibonacci__type_support.cpp
[0.724s] -- Up-to-date: /home/jeulin/git-repo-projects/Robotics-Manipulator/haircutterbot/install/haircutterbot_msgs/include/haircutterbot_msgs/haircutterbot_msgs/srv
[0.724s] -- Up-to-date: /home/jeulin/git-repo-projects/Robotics-Manipulator/haircutterbot/install/haircutterbot_msgs/include/haircutterbot_msgs/haircutterbot_msgs/srv/detail
[0.725s] -- Up-to-date: /home/jeulin/git-repo-projects/Robotics-Manipulator/haircutterbot/install/haircutterbot_msgs/include/haircutterbot_msgs/haircutterbot_msgs/srv/detail/add_two_ints__rosidl_typesupport_introspection_cpp.hpp
[0.725s] -- Up-to-date: /home/jeulin/git-repo-projects/Robotics-Manipulator/haircutterbot/install/haircutterbot_msgs/include/haircutterbot_msgs/haircutterbot_msgs/srv/detail/euler_to_quaternion__rosidl_typesupport_introspection_cpp.hpp
[0.725s] -- Up-to-date: /home/jeulin/git-repo-projects/Robotics-Manipulator/haircutterbot/install/haircutterbot_msgs/include/haircutterbot_msgs/haircutterbot_msgs/srv/detail/quaternion_to_euler__rosidl_typesupport_introspection_cpp.hpp
[0.725s] -- Up-to-date: /home/jeulin/git-repo-projects/Robotics-Manipulator/haircutterbot/install/haircutterbot_msgs/include/haircutterbot_msgs/haircutterbot_msgs/srv/detail/euler_to_quaternion__type_support.cpp
[0.725s] -- Up-to-date: /home/jeulin/git-repo-projects/Robotics-Manipulator/haircutterbot/install/haircutterbot_msgs/include/haircutterbot_msgs/haircutterbot_msgs/srv/detail/add_two_ints__type_support.cpp
[0.725s] -- Up-to-date: /home/jeulin/git-repo-projects/Robotics-Manipulator/haircutterbot/install/haircutterbot_msgs/include/haircutterbot_msgs/haircutterbot_msgs/srv/detail/quaternion_to_euler__type_support.cpp
[0.725s] -- Up-to-date: /home/jeulin/git-repo-projects/Robotics-Manipulator/haircutterbot/install/haircutterbot_msgs/lib/libhaircutterbot_msgs__rosidl_typesupport_introspection_cpp.so
[0.726s] -- Up-to-date: /home/jeulin/git-repo-projects/Robotics-Manipulator/haircutterbot/install/haircutterbot_msgs/lib/libhaircutterbot_msgs__rosidl_typesupport_cpp.so
[0.726s] -- Up-to-date: /home/jeulin/git-repo-projects/Robotics-Manipulator/haircutterbot/install/haircutterbot_msgs/share/haircutterbot_msgs/environment/pythonpath.sh
[0.726s] -- Up-to-date: /home/jeulin/git-repo-projects/Robotics-Manipulator/haircutterbot/install/haircutterbot_msgs/share/haircutterbot_msgs/environment/pythonpath.dsv
[0.726s] -- Up-to-date: /home/jeulin/git-repo-projects/Robotics-Manipulator/haircutterbot/install/haircutterbot_msgs/lib/python3.12/site-packages/haircutterbot_msgs-0.0.0-py3.12.egg-info
[0.726s] -- Installing: /home/jeulin/git-repo-projects/Robotics-Manipulator/haircutterbot/install/haircutterbot_msgs/lib/python3.12/site-packages/haircutterbot_msgs-0.0.0-py3.12.egg-info/PKG-INFO
[0.726s] -- Installing: /home/jeulin/git-repo-projects/Robotics-Manipulator/haircutterbot/install/haircutterbot_msgs/lib/python3.12/site-packages/haircutterbot_msgs-0.0.0-py3.12.egg-info/top_level.txt
[0.726s] -- Installing: /home/jeulin/git-repo-projects/Robotics-Manipulator/haircutterbot/install/haircutterbot_msgs/lib/python3.12/site-packages/haircutterbot_msgs-0.0.0-py3.12.egg-info/SOURCES.txt
[0.727s] -- Installing: /home/jeulin/git-repo-projects/Robotics-Manipulator/haircutterbot/install/haircutterbot_msgs/lib/python3.12/site-packages/haircutterbot_msgs-0.0.0-py3.12.egg-info/dependency_links.txt
[0.727s] -- Up-to-date: /home/jeulin/git-repo-projects/Robotics-Manipulator/haircutterbot/install/haircutterbot_msgs/lib/python3.12/site-packages/haircutterbot_msgs
[0.727s] -- Up-to-date: /home/jeulin/git-repo-projects/Robotics-Manipulator/haircutterbot/install/haircutterbot_msgs/lib/python3.12/site-packages/haircutterbot_msgs/action
[0.727s] -- Up-to-date: /home/jeulin/git-repo-projects/Robotics-Manipulator/haircutterbot/install/haircutterbot_msgs/lib/python3.12/site-packages/haircutterbot_msgs/action/_haircutterbot_task_s.c
[0.727s] -- Up-to-date: /home/jeulin/git-repo-projects/Robotics-Manipulator/haircutterbot/install/haircutterbot_msgs/lib/python3.12/site-packages/haircutterbot_msgs/action/_fibonacci.py
[0.727s] -- Up-to-date: /home/jeulin/git-repo-projects/Robotics-Manipulator/haircutterbot/install/haircutterbot_msgs/lib/python3.12/site-packages/haircutterbot_msgs/action/__init__.py
[0.727s] -- Up-to-date: /home/jeulin/git-repo-projects/Robotics-Manipulator/haircutterbot/install/haircutterbot_msgs/lib/python3.12/site-packages/haircutterbot_msgs/action/_haircutterbot_task.py
[0.727s] -- Up-to-date: /home/jeulin/git-repo-projects/Robotics-Manipulator/haircutterbot/install/haircutterbot_msgs/lib/python3.12/site-packages/haircutterbot_msgs/action/_fibonacci_s.c
[0.728s] -- Up-to-date: /home/jeulin/git-repo-projects/Robotics-Manipulator/haircutterbot/install/haircutterbot_msgs/lib/python3.12/site-packages/haircutterbot_msgs/_haircutterbot_msgs_s.ep.rosidl_typesupport_c.c
[0.728s] -- Up-to-date: /home/jeulin/git-repo-projects/Robotics-Manipulator/haircutterbot/install/haircutterbot_msgs/lib/python3.12/site-packages/haircutterbot_msgs/haircutterbot_msgs_s__rosidl_typesupport_c.so
[0.728s] -- Up-to-date: /home/jeulin/git-repo-projects/Robotics-Manipulator/haircutterbot/install/haircutterbot_msgs/lib/python3.12/site-packages/haircutterbot_msgs/_haircutterbot_msgs_s.ep.rosidl_typesupport_fastrtps_c.c
[0.728s] -- Up-to-date: /home/jeulin/git-repo-projects/Robotics-Manipulator/haircutterbot/install/haircutterbot_msgs/lib/python3.12/site-packages/haircutterbot_msgs/srv
[0.728s] -- Up-to-date: /home/jeulin/git-repo-projects/Robotics-Manipulator/haircutterbot/install/haircutterbot_msgs/lib/python3.12/site-packages/haircutterbot_msgs/srv/_add_two_ints.py
[0.728s] -- Up-to-date: /home/jeulin/git-repo-projects/Robotics-Manipulator/haircutterbot/install/haircutterbot_msgs/lib/python3.12/site-packages/haircutterbot_msgs/srv/_euler_to_quaternion_s.c
[0.728s] -- Up-to-date: /home/jeulin/git-repo-projects/Robotics-Manipulator/haircutterbot/install/haircutterbot_msgs/lib/python3.12/site-packages/haircutterbot_msgs/srv/_quaternion_to_euler.py
[0.729s] -- Up-to-date: /home/jeulin/git-repo-projects/Robotics-Manipulator/haircutterbot/install/haircutterbot_msgs/lib/python3.12/site-packages/haircutterbot_msgs/srv/_add_two_ints_s.c
[0.729s] -- Up-to-date: /home/jeulin/git-repo-projects/Robotics-Manipulator/haircutterbot/install/haircutterbot_msgs/lib/python3.12/site-packages/haircutterbot_msgs/srv/__init__.py
[0.729s] -- Up-to-date: /home/jeulin/git-repo-projects/Robotics-Manipulator/haircutterbot/install/haircutterbot_msgs/lib/python3.12/site-packages/haircutterbot_msgs/srv/_euler_to_quaternion.py
[0.729s] -- Up-to-date: /home/jeulin/git-repo-projects/Robotics-Manipulator/haircutterbot/install/haircutterbot_msgs/lib/python3.12/site-packages/haircutterbot_msgs/srv/_quaternion_to_euler_s.c
[0.729s] -- Up-to-date: /home/jeulin/git-repo-projects/Robotics-Manipulator/haircutterbot/install/haircutterbot_msgs/lib/python3.12/site-packages/haircutterbot_msgs/haircutterbot_msgs_s__rosidl_typesupport_introspection_c.so
[0.729s] -- Up-to-date: /home/jeulin/git-repo-projects/Robotics-Manipulator/haircutterbot/install/haircutterbot_msgs/lib/python3.12/site-packages/haircutterbot_msgs/_haircutterbot_msgs_s.ep.rosidl_typesupport_introspection_c.c
[0.729s] -- Up-to-date: /home/jeulin/git-repo-projects/Robotics-Manipulator/haircutterbot/install/haircutterbot_msgs/lib/python3.12/site-packages/haircutterbot_msgs/haircutterbot_msgs_s__rosidl_typesupport_fastrtps_c.so
[0.729s] -- Up-to-date: /home/jeulin/git-repo-projects/Robotics-Manipulator/haircutterbot/install/haircutterbot_msgs/lib/python3.12/site-packages/haircutterbot_msgs/__init__.py
[0.766s] Listing '/home/jeulin/git-repo-projects/Robotics-Manipulator/haircutterbot/install/haircutterbot_msgs/lib/python3.12/site-packages/haircutterbot_msgs'...
[0.766s] Listing '/home/jeulin/git-repo-projects/Robotics-Manipulator/haircutterbot/install/haircutterbot_msgs/lib/python3.12/site-packages/haircutterbot_msgs/action'...
[0.766s] Listing '/home/jeulin/git-repo-projects/Robotics-Manipulator/haircutterbot/install/haircutterbot_msgs/lib/python3.12/site-packages/haircutterbot_msgs/srv'...
[0.776s] -- Up-to-date: /home/jeulin/git-repo-projects/Robotics-Manipulator/haircutterbot/install/haircutterbot_msgs/lib/python3.12/site-packages/haircutterbot_msgs/haircutterbot_msgs_s__rosidl_typesupport_fastrtps_c.so
[0.776s] -- Up-to-date: /home/jeulin/git-repo-projects/Robotics-Manipulator/haircutterbot/install/haircutterbot_msgs/lib/python3.12/site-packages/haircutterbot_msgs/haircutterbot_msgs_s__rosidl_typesupport_introspection_c.so
[0.777s] -- Up-to-date: /home/jeulin/git-repo-projects/Robotics-Manipulator/haircutterbot/install/haircutterbot_msgs/lib/python3.12/site-packages/haircutterbot_msgs/haircutterbot_msgs_s__rosidl_typesupport_c.so
[0.777s] -- Up-to-date: /home/jeulin/git-repo-projects/Robotics-Manipulator/haircutterbot/install/haircutterbot_msgs/lib/libhaircutterbot_msgs__rosidl_generator_py.so
[0.778s] -- Up-to-date: /home/jeulin/git-repo-projects/Robotics-Manipulator/haircutterbot/install/haircutterbot_msgs/share/haircutterbot_msgs/srv/AddTwoInts.idl
[0.778s] -- Up-to-date: /home/jeulin/git-repo-projects/Robotics-Manipulator/haircutterbot/install/haircutterbot_msgs/share/haircutterbot_msgs/srv/EulerToQuaternion.idl
[0.778s] -- Up-to-date: /home/jeulin/git-repo-projects/Robotics-Manipulator/haircutterbot/install/haircutterbot_msgs/share/haircutterbot_msgs/srv/QuaternionToEuler.idl
[0.778s] -- Up-to-date: /home/jeulin/git-repo-projects/Robotics-Manipulator/haircutterbot/install/haircutterbot_msgs/share/haircutterbot_msgs/action/Fibonacci.idl
[0.778s] -- Up-to-date: /home/jeulin/git-repo-projects/Robotics-Manipulator/haircutterbot/install/haircutterbot_msgs/share/haircutterbot_msgs/action/HaircutterbotTask.idl
[0.779s] -- Up-to-date: /home/jeulin/git-repo-projects/Robotics-Manipulator/haircutterbot/install/haircutterbot_msgs/share/haircutterbot_msgs/srv/AddTwoInts.srv
[0.779s] -- Up-to-date: /home/jeulin/git-repo-projects/Robotics-Manipulator/haircutterbot/install/haircutterbot_msgs/share/haircutterbot_msgs/srv/EulerToQuaternion.srv
[0.779s] -- Up-to-date: /home/jeulin/git-repo-projects/Robotics-Manipulator/haircutterbot/install/haircutterbot_msgs/share/haircutterbot_msgs/srv/QuaternionToEuler.srv
[0.779s] -- Up-to-date: /home/jeulin/git-repo-projects/Robotics-Manipulator/haircutterbot/install/haircutterbot_msgs/share/haircutterbot_msgs/action/Fibonacci.action
[0.779s] -- Up-to-date: /home/jeulin/git-repo-projects/Robotics-Manipulator/haircutterbot/install/haircutterbot_msgs/share/haircutterbot_msgs/action/HaircutterbotTask.action
[0.780s] -- Up-to-date: /home/jeulin/git-repo-projects/Robotics-Manipulator/haircutterbot/install/haircutterbot_msgs/share/ament_index/resource_index/package_run_dependencies/haircutterbot_msgs
[0.780s] -- Up-to-date: /home/jeulin/git-repo-projects/Robotics-Manipulator/haircutterbot/install/haircutterbot_msgs/share/ament_index/resource_index/parent_prefix_path/haircutterbot_msgs
[0.780s] -- Up-to-date: /home/jeulin/git-repo-projects/Robotics-Manipulator/haircutterbot/install/haircutterbot_msgs/share/haircutterbot_msgs/environment/ament_prefix_path.sh
[0.780s] -- Up-to-date: /home/jeulin/git-repo-projects/Robotics-Manipulator/haircutterbot/install/haircutterbot_msgs/share/haircutterbot_msgs/environment/ament_prefix_path.dsv
[0.780s] -- Up-to-date: /home/jeulin/git-repo-projects/Robotics-Manipulator/haircutterbot/install/haircutterbot_msgs/share/haircutterbot_msgs/environment/path.sh
[0.781s] -- Up-to-date: /home/jeulin/git-repo-projects/Robotics-Manipulator/haircutterbot/install/haircutterbot_msgs/share/haircutterbot_msgs/environment/path.dsv
[0.781s] -- Up-to-date: /home/jeulin/git-repo-projects/Robotics-Manipulator/haircutterbot/install/haircutterbot_msgs/share/haircutterbot_msgs/local_setup.bash
[0.781s] -- Up-to-date: /home/jeulin/git-repo-projects/Robotics-Manipulator/haircutterbot/install/haircutterbot_msgs/share/haircutterbot_msgs/local_setup.sh
[0.781s] -- Up-to-date: /home/jeulin/git-repo-projects/Robotics-Manipulator/haircutterbot/install/haircutterbot_msgs/share/haircutterbot_msgs/local_setup.zsh
[0.781s] -- Up-to-date: /home/jeulin/git-repo-projects/Robotics-Manipulator/haircutterbot/install/haircutterbot_msgs/share/haircutterbot_msgs/local_setup.dsv
[0.781s] -- Installing: /home/jeulin/git-repo-projects/Robotics-Manipulator/haircutterbot/install/haircutterbot_msgs/share/haircutterbot_msgs/package.dsv
[0.781s] -- Up-to-date: /home/jeulin/git-repo-projects/Robotics-Manipulator/haircutterbot/install/haircutterbot_msgs/share/ament_index/resource_index/packages/haircutterbot_msgs
[0.782s] -- Up-to-date: /home/jeulin/git-repo-projects/Robotics-Manipulator/haircutterbot/install/haircutterbot_msgs/share/haircutterbot_msgs/cmake/export_haircutterbot_msgs__rosidl_generator_cExport.cmake
[0.782s] -- Up-to-date: /home/jeulin/git-repo-projects/Robotics-Manipulator/haircutterbot/install/haircutterbot_msgs/share/haircutterbot_msgs/cmake/export_haircutterbot_msgs__rosidl_generator_cExport-noconfig.cmake
[0.782s] -- Up-to-date: /home/jeulin/git-repo-projects/Robotics-Manipulator/haircutterbot/install/haircutterbot_msgs/share/haircutterbot_msgs/cmake/export_haircutterbot_msgs__rosidl_typesupport_fastrtps_cExport.cmake
[0.782s] -- Up-to-date: /home/jeulin/git-repo-projects/Robotics-Manipulator/haircutterbot/install/haircutterbot_msgs/share/haircutterbot_msgs/cmake/export_haircutterbot_msgs__rosidl_typesupport_fastrtps_cExport-noconfig.cmake
[0.782s] -- Up-to-date: /home/jeulin/git-repo-projects/Robotics-Manipulator/haircutterbot/install/haircutterbot_msgs/share/haircutterbot_msgs/cmake/export_haircutterbot_msgs__rosidl_generator_cppExport.cmake
[0.782s] -- Up-to-date: /home/jeulin/git-repo-projects/Robotics-Manipulator/haircutterbot/install/haircutterbot_msgs/share/haircutterbot_msgs/cmake/export_haircutterbot_msgs__rosidl_typesupport_fastrtps_cppExport.cmake
[0.782s] -- Up-to-date: /home/jeulin/git-repo-projects/Robotics-Manipulator/haircutterbot/install/haircutterbot_msgs/share/haircutterbot_msgs/cmake/export_haircutterbot_msgs__rosidl_typesupport_fastrtps_cppExport-noconfig.cmake
[0.783s] -- Up-to-date: /home/jeulin/git-repo-projects/Robotics-Manipulator/haircutterbot/install/haircutterbot_msgs/share/haircutterbot_msgs/cmake/haircutterbot_msgs__rosidl_typesupport_introspection_cExport.cmake
[0.783s] -- Up-to-date: /home/jeulin/git-repo-projects/Robotics-Manipulator/haircutterbot/install/haircutterbot_msgs/share/haircutterbot_msgs/cmake/haircutterbot_msgs__rosidl_typesupport_introspection_cExport-noconfig.cmake
[0.783s] -- Up-to-date: /home/jeulin/git-repo-projects/Robotics-Manipulator/haircutterbot/install/haircutterbot_msgs/share/haircutterbot_msgs/cmake/haircutterbot_msgs__rosidl_typesupport_cExport.cmake
[0.783s] -- Up-to-date: /home/jeulin/git-repo-projects/Robotics-Manipulator/haircutterbot/install/haircutterbot_msgs/share/haircutterbot_msgs/cmake/haircutterbot_msgs__rosidl_typesupport_cExport-noconfig.cmake
[0.783s] -- Up-to-date: /home/jeulin/git-repo-projects/Robotics-Manipulator/haircutterbot/install/haircutterbot_msgs/share/haircutterbot_msgs/cmake/haircutterbot_msgs__rosidl_typesupport_introspection_cppExport.cmake
[0.783s] -- Up-to-date: /home/jeulin/git-repo-projects/Robotics-Manipulator/haircutterbot/install/haircutterbot_msgs/share/haircutterbot_msgs/cmake/haircutterbot_msgs__rosidl_typesupport_introspection_cppExport-noconfig.cmake
[0.783s] -- Up-to-date: /home/jeulin/git-repo-projects/Robotics-Manipulator/haircutterbot/install/haircutterbot_msgs/share/haircutterbot_msgs/cmake/haircutterbot_msgs__rosidl_typesupport_cppExport.cmake
[0.783s] -- Up-to-date: /home/jeulin/git-repo-projects/Robotics-Manipulator/haircutterbot/install/haircutterbot_msgs/share/haircutterbot_msgs/cmake/haircutterbot_msgs__rosidl_typesupport_cppExport-noconfig.cmake
[0.784s] -- Up-to-date: /home/jeulin/git-repo-projects/Robotics-Manipulator/haircutterbot/install/haircutterbot_msgs/share/haircutterbot_msgs/cmake/export_haircutterbot_msgs__rosidl_generator_pyExport.cmake
[0.784s] -- Up-to-date: /home/jeulin/git-repo-projects/Robotics-Manipulator/haircutterbot/install/haircutterbot_msgs/share/haircutterbot_msgs/cmake/export_haircutterbot_msgs__rosidl_generator_pyExport-noconfig.cmake
[0.784s] -- Up-to-date: /home/jeulin/git-repo-projects/Robotics-Manipulator/haircutterbot/install/haircutterbot_msgs/share/haircutterbot_msgs/cmake/rosidl_cmake-extras.cmake
[0.784s] -- Up-to-date: /home/jeulin/git-repo-projects/Robotics-Manipulator/haircutterbot/install/haircutterbot_msgs/share/haircutterbot_msgs/cmake/ament_cmake_export_dependencies-extras.cmake
[0.784s] -- Up-to-date: /home/jeulin/git-repo-projects/Robotics-Manipulator/haircutterbot/install/haircutterbot_msgs/share/haircutterbot_msgs/cmake/ament_cmake_export_include_directories-extras.cmake
[0.784s] -- Up-to-date: /home/jeulin/git-repo-projects/Robotics-Manipulator/haircutterbot/install/haircutterbot_msgs/share/haircutterbot_msgs/cmake/ament_cmake_export_libraries-extras.cmake
[0.784s] -- Up-to-date: /home/jeulin/git-repo-projects/Robotics-Manipulator/haircutterbot/install/haircutterbot_msgs/share/haircutterbot_msgs/cmake/ament_cmake_export_targets-extras.cmake
[0.784s] -- Up-to-date: /home/jeulin/git-repo-projects/Robotics-Manipulator/haircutterbot/install/haircutterbot_msgs/share/haircutterbot_msgs/cmake/rosidl_cmake_export_typesupport_targets-extras.cmake
[0.785s] -- Up-to-date: /home/jeulin/git-repo-projects/Robotics-Manipulator/haircutterbot/install/haircutterbot_msgs/share/haircutterbot_msgs/cmake/rosidl_cmake_export_typesupport_libraries-extras.cmake
[0.785s] -- Up-to-date: /home/jeulin/git-repo-projects/Robotics-Manipulator/haircutterbot/install/haircutterbot_msgs/share/haircutterbot_msgs/cmake/haircutterbot_msgsConfig.cmake
[0.785s] -- Up-to-date: /home/jeulin/git-repo-projects/Robotics-Manipulator/haircutterbot/install/haircutterbot_msgs/share/haircutterbot_msgs/cmake/haircutterbot_msgsConfig-version.cmake
[0.785s] -- Up-to-date: /home/jeulin/git-repo-projects/Robotics-Manipulator/haircutterbot/install/haircutterbot_msgs/share/haircutterbot_msgs/package.xml
[0.786s] Invoked command in '/home/jeulin/git-repo-projects/Robotics-Manipulator/haircutterbot/build/haircutterbot_msgs' returned '0': CMAKE_PREFIX_PATH=${CMAKE_PREFIX_PATH}:/home/jeulin/git-repo-projects/Robotics-Manipulator/haircutterbot/install/haircutterbot_py_examples:/home/jeulin/git-repo-projects/Robotics-Manipulator/haircutterbot/install/haircutterbot_opencv:/home/jeulin/Robotics-and-ROS-2-Learn-by-Doing-Manipulators/Section9_Build/haircutterbot/install/haircutterbot_py_examples:/home/jeulin/Robotics-and-ROS-2-Learn-by-Doing-Manipulators/Section9_Build/haircutterbot/install/haircutterbot_opencv:/home/jeulin/Robotics-and-ROS-2-Learn-by-Doing-Manipulators/Section7_Application/arduinobot_ws/install/arduinobot_py_examples:/opt/ros/jazzy DEBUGINFOD_URLS=https://debuginfod.ubuntu.com /usr/bin/cmake --install /home/jeulin/git-repo-projects/Robotics-Manipulator/haircutterbot/build/haircutterbot_msgs
