-- The C compiler identification is GNU 13.3.0
-- The CXX compiler identification is GNU 13.3.0
-- Detecting C compiler ABI info
-- Detecting C compiler ABI info - done
-- Check for working C compiler: /usr/bin/cc - skipped
-- Detecting C compile features
-- Detecting C compile features - done
-- Detecting CXX compiler ABI info
-- Detecting CXX compiler ABI info - done
-- Check for working CXX compiler: /usr/bin/c++ - skipped
-- Detecting CXX compile features
-- Detecting CXX compile features - done
-- Found ament_cmake: 2.5.4 (/opt/ros/jazzy/share/ament_cmake/cmake)
-- Found Python3: /usr/bin/python3 (found version "3.12.3") found components: Interpreter 
-- Found std_msgs: 5.3.6 (/opt/ros/jazzy/share/std_msgs/cmake)
-- Found rosidl_generator_c: 4.6.5 (/opt/ros/jazzy/share/rosidl_generator_c/cmake)
-- Found rosidl_generator_cpp: 4.6.5 (/opt/ros/jazzy/share/rosidl_generator_cpp/cmake)
-- Using all available rosidl_typesupport_c: rosidl_typesupport_fastrtps_c;rosidl_typesupport_introspection_c
-- Using all available rosidl_typesupport_cpp: rosidl_typesupport_fastrtps_cpp;rosidl_typesupport_introspection_cpp
-- Found rosidl_default_generators: 1.6.0 (/opt/ros/jazzy/share/rosidl_default_generators/cmake)
-- Found rosidl_adapter: 4.6.5 (/opt/ros/jazzy/share/rosidl_adapter/cmake)
-- Found ament_cmake_ros: 0.12.0 (/opt/ros/jazzy/share/ament_cmake_ros/cmake)
-- Using all available rosidl_typesupport_c: rosidl_typesupport_fastrtps_c;rosidl_typesupport_introspection_c
-- Using all available rosidl_typesupport_cpp: rosidl_typesupport_fastrtps_cpp;rosidl_typesupport_introspection_cpp
-- Found python_cmake_module: 0.11.1 (/opt/ros/jazzy/share/python_cmake_module/cmake)
-- Found PythonExtra: /usr/bin/python3  
-- Found Python3: /usr/bin/python3 (found version "3.12.3") found components: Interpreter Development NumPy Development.Module Development.Embed 
-- Configuring done (4.3s)
-- Generating done (0.0s)
-- Build files have been written to: /home/jeulin/git-repo-projects/Robotics-Manipulator/haircutterbot/build/haircutterbot_msgs
[  1%] [34m[1mGenerating type hashes for ROS interfaces[0m
[  1%] Built target ament_cmake_python_copy_haircutterbot_msgs
running egg_info
creating haircutterbot_msgs.egg-info
writing haircutterbot_msgs.egg-info/PKG-INFO
writing dependency_links to haircutterbot_msgs.egg-info/dependency_links.txt
writing top-level names to haircutterbot_msgs.egg-info/top_level.txt
writing manifest file 'haircutterbot_msgs.egg-info/SOURCES.txt'
reading manifest file 'haircutterbot_msgs.egg-info/SOURCES.txt'
writing manifest file 'haircutterbot_msgs.egg-info/SOURCES.txt'
[  1%] Built target ament_cmake_python_build_haircutterbot_msgs_egg
[  1%] Built target haircutterbot_msgs__rosidl_generator_type_description
[  2%] [34m[1mGenerating C code for ROS interfaces[0m
[  4%] [34m[1mGenerating C++ code for ROS interfaces[0m
[  5%] [32mBuilding C object CMakeFiles/haircutterbot_msgs__rosidl_generator_c.dir/rosidl_generator_c/haircutterbot_msgs/srv/detail/add_two_ints__functions.c.o[0m
[  6%] [32mBuilding C object CMakeFiles/haircutterbot_msgs__rosidl_generator_c.dir/rosidl_generator_c/haircutterbot_msgs/srv/detail/add_two_ints__type_support.c.o[0m
[  8%] [32mBuilding C object CMakeFiles/haircutterbot_msgs__rosidl_generator_c.dir/rosidl_generator_c/haircutterbot_msgs/srv/detail/add_two_ints__description.c.o[0m
[ 10%] [32mBuilding C object CMakeFiles/haircutterbot_msgs__rosidl_generator_c.dir/rosidl_generator_c/haircutterbot_msgs/srv/detail/euler_to_quaternion__description.c.o[0m
[ 10%] [32mBuilding C object CMakeFiles/haircutterbot_msgs__rosidl_generator_c.dir/rosidl_generator_c/haircutterbot_msgs/srv/detail/euler_to_quaternion__functions.c.o[0m
[ 12%] [32mBuilding C object CMakeFiles/haircutterbot_msgs__rosidl_generator_c.dir/rosidl_generator_c/haircutterbot_msgs/srv/detail/euler_to_quaternion__type_support.c.o[0m
[ 13%] [32mBuilding C object CMakeFiles/haircutterbot_msgs__rosidl_generator_c.dir/rosidl_generator_c/haircutterbot_msgs/srv/detail/quaternion_to_euler__description.c.o[0m
[ 14%] [32mBuilding C object CMakeFiles/haircutterbot_msgs__rosidl_generator_c.dir/rosidl_generator_c/haircutterbot_msgs/srv/detail/quaternion_to_euler__functions.c.o[0m
[ 16%] [32mBuilding C object CMakeFiles/haircutterbot_msgs__rosidl_generator_c.dir/rosidl_generator_c/haircutterbot_msgs/srv/detail/quaternion_to_euler__type_support.c.o[0m
[ 17%] [32mBuilding C object CMakeFiles/haircutterbot_msgs__rosidl_generator_c.dir/rosidl_generator_c/haircutterbot_msgs/action/detail/fibonacci__description.c.o[0m
[ 18%] [32mBuilding C object CMakeFiles/haircutterbot_msgs__rosidl_generator_c.dir/rosidl_generator_c/haircutterbot_msgs/action/detail/fibonacci__functions.c.o[0m
[ 20%] [32mBuilding C object CMakeFiles/haircutterbot_msgs__rosidl_generator_c.dir/rosidl_generator_c/haircutterbot_msgs/action/detail/fibonacci__type_support.c.o[0m
[ 21%] [32mBuilding C object CMakeFiles/haircutterbot_msgs__rosidl_generator_c.dir/rosidl_generator_c/haircutterbot_msgs/action/detail/haircutterbot_task__description.c.o[0m
[ 22%] [32mBuilding C object CMakeFiles/haircutterbot_msgs__rosidl_generator_c.dir/rosidl_generator_c/haircutterbot_msgs/action/detail/haircutterbot_task__functions.c.o[0m
[ 24%] [32mBuilding C object CMakeFiles/haircutterbot_msgs__rosidl_generator_c.dir/rosidl_generator_c/haircutterbot_msgs/action/detail/haircutterbot_task__type_support.c.o[0m
[ 24%] Built target haircutterbot_msgs__cpp
[ 25%] [32m[1mLinking C shared library libhaircutterbot_msgs__rosidl_generator_c.so[0m
[ 25%] Built target haircutterbot_msgs__rosidl_generator_c
[ 27%] [34m[1mGenerating C type support dispatch for ROS interfaces[0m
[ 29%] [34m[1mGenerating C introspection for ROS interfaces[0m
[ 29%] [34m[1mGenerating C++ type support dispatch for ROS interfaces[0m
[ 31%] [34m[1mGenerating C++ type support for eProsima Fast-RTPS[0m
[ 32%] [34m[1mGenerating C++ introspection for ROS interfaces[0m
[ 33%] [34m[1mGenerating C type support for eProsima Fast-RTPS[0m
[ 35%] [32mBuilding CXX object CMakeFiles/haircutterbot_msgs__rosidl_typesupport_cpp.dir/rosidl_typesupport_cpp/haircutterbot_msgs/srv/add_two_ints__type_support.cpp.o[0m
[ 36%] [32mBuilding CXX object CMakeFiles/haircutterbot_msgs__rosidl_typesupport_cpp.dir/rosidl_typesupport_cpp/haircutterbot_msgs/srv/euler_to_quaternion__type_support.cpp.o[0m
[ 37%] [32mBuilding CXX object CMakeFiles/haircutterbot_msgs__rosidl_typesupport_cpp.dir/rosidl_typesupport_cpp/haircutterbot_msgs/srv/quaternion_to_euler__type_support.cpp.o[0m
[ 39%] [32mBuilding CXX object CMakeFiles/haircutterbot_msgs__rosidl_typesupport_c.dir/rosidl_typesupport_c/haircutterbot_msgs/srv/add_two_ints__type_support.cpp.o[0m
[ 40%] [32mBuilding CXX object CMakeFiles/haircutterbot_msgs__rosidl_typesupport_c.dir/rosidl_typesupport_c/haircutterbot_msgs/srv/euler_to_quaternion__type_support.cpp.o[0m
[ 41%] [32mBuilding CXX object CMakeFiles/haircutterbot_msgs__rosidl_typesupport_introspection_cpp.dir/rosidl_typesupport_introspection_cpp/haircutterbot_msgs/srv/detail/add_two_ints__type_support.cpp.o[0m
[ 43%] [32mBuilding CXX object CMakeFiles/haircutterbot_msgs__rosidl_typesupport_c.dir/rosidl_typesupport_c/haircutterbot_msgs/srv/quaternion_to_euler__type_support.cpp.o[0m
[ 44%] [32mBuilding CXX object CMakeFiles/haircutterbot_msgs__rosidl_typesupport_c.dir/rosidl_typesupport_c/haircutterbot_msgs/action/fibonacci__type_support.cpp.o[0m
[ 45%] [32mBuilding CXX object CMakeFiles/haircutterbot_msgs__rosidl_typesupport_c.dir/rosidl_typesupport_c/haircutterbot_msgs/action/haircutterbot_task__type_support.cpp.o[0m
[ 47%] [32mBuilding CXX object CMakeFiles/haircutterbot_msgs__rosidl_typesupport_introspection_cpp.dir/rosidl_typesupport_introspection_cpp/haircutterbot_msgs/srv/detail/euler_to_quaternion__type_support.cpp.o[0m
[ 48%] [32mBuilding CXX object CMakeFiles/haircutterbot_msgs__rosidl_typesupport_cpp.dir/rosidl_typesupport_cpp/haircutterbot_msgs/action/fibonacci__type_support.cpp.o[0m
[ 50%] [32m[1mLinking CXX shared library libhaircutterbot_msgs__rosidl_typesupport_c.so[0m
[ 51%] [32mBuilding C object CMakeFiles/haircutterbot_msgs__rosidl_typesupport_introspection_c.dir/rosidl_typesupport_introspection_c/haircutterbot_msgs/srv/detail/add_two_ints__type_support.c.o[0m
[ 51%] Built target haircutterbot_msgs__rosidl_typesupport_c
[ 52%] [32mBuilding C object CMakeFiles/haircutterbot_msgs__rosidl_typesupport_introspection_c.dir/rosidl_typesupport_introspection_c/haircutterbot_msgs/srv/detail/euler_to_quaternion__type_support.c.o[0m
[ 54%] [32mBuilding CXX object CMakeFiles/haircutterbot_msgs__rosidl_typesupport_cpp.dir/rosidl_typesupport_cpp/haircutterbot_msgs/action/haircutterbot_task__type_support.cpp.o[0m
[ 55%] [32mBuilding C object CMakeFiles/haircutterbot_msgs__rosidl_typesupport_introspection_c.dir/rosidl_typesupport_introspection_c/haircutterbot_msgs/srv/detail/quaternion_to_euler__type_support.c.o[0m
[ 56%] [32mBuilding CXX object CMakeFiles/haircutterbot_msgs__rosidl_typesupport_fastrtps_cpp.dir/rosidl_typesupport_fastrtps_cpp/haircutterbot_msgs/srv/detail/dds_fastrtps/add_two_ints__type_support.cpp.o[0m
[ 58%] [32mBuilding CXX object CMakeFiles/haircutterbot_msgs__rosidl_typesupport_fastrtps_cpp.dir/rosidl_typesupport_fastrtps_cpp/haircutterbot_msgs/srv/detail/dds_fastrtps/euler_to_quaternion__type_support.cpp.o[0m
[ 59%] [32mBuilding C object CMakeFiles/haircutterbot_msgs__rosidl_typesupport_introspection_c.dir/rosidl_typesupport_introspection_c/haircutterbot_msgs/action/detail/fibonacci__type_support.c.o[0m
[ 60%] [32mBuilding CXX object CMakeFiles/haircutterbot_msgs__rosidl_typesupport_introspection_cpp.dir/rosidl_typesupport_introspection_cpp/haircutterbot_msgs/srv/detail/quaternion_to_euler__type_support.cpp.o[0m
[ 62%] [32mBuilding C object CMakeFiles/haircutterbot_msgs__rosidl_typesupport_introspection_c.dir/rosidl_typesupport_introspection_c/haircutterbot_msgs/action/detail/haircutterbot_task__type_support.c.o[0m
[ 63%] [32mBuilding CXX object CMakeFiles/haircutterbot_msgs__rosidl_typesupport_fastrtps_cpp.dir/rosidl_typesupport_fastrtps_cpp/haircutterbot_msgs/srv/detail/dds_fastrtps/quaternion_to_euler__type_support.cpp.o[0m
[ 64%] [32m[1mLinking C shared library libhaircutterbot_msgs__rosidl_typesupport_introspection_c.so[0m
[ 66%] [32mBuilding CXX object CMakeFiles/haircutterbot_msgs__rosidl_typesupport_fastrtps_c.dir/rosidl_typesupport_fastrtps_c/haircutterbot_msgs/srv/detail/add_two_ints__type_support_c.cpp.o[0m
[ 66%] Built target haircutterbot_msgs__rosidl_typesupport_introspection_c
[ 67%] [32mBuilding CXX object CMakeFiles/haircutterbot_msgs__rosidl_typesupport_introspection_cpp.dir/rosidl_typesupport_introspection_cpp/haircutterbot_msgs/action/detail/fibonacci__type_support.cpp.o[0m
[ 68%] [32mBuilding CXX object CMakeFiles/haircutterbot_msgs__rosidl_typesupport_fastrtps_c.dir/rosidl_typesupport_fastrtps_c/haircutterbot_msgs/srv/detail/euler_to_quaternion__type_support_c.cpp.o[0m
[ 70%] [32mBuilding CXX object CMakeFiles/haircutterbot_msgs__rosidl_typesupport_fastrtps_c.dir/rosidl_typesupport_fastrtps_c/haircutterbot_msgs/srv/detail/quaternion_to_euler__type_support_c.cpp.o[0m
[ 71%] [32mBuilding CXX object CMakeFiles/haircutterbot_msgs__rosidl_typesupport_introspection_cpp.dir/rosidl_typesupport_introspection_cpp/haircutterbot_msgs/action/detail/haircutterbot_task__type_support.cpp.o[0m
[ 72%] [32m[1mLinking CXX shared library libhaircutterbot_msgs__rosidl_typesupport_cpp.so[0m
[ 74%] [32mBuilding CXX object CMakeFiles/haircutterbot_msgs__rosidl_typesupport_fastrtps_c.dir/rosidl_typesupport_fastrtps_c/haircutterbot_msgs/action/detail/fibonacci__type_support_c.cpp.o[0m
[ 75%] [32mBuilding CXX object CMakeFiles/haircutterbot_msgs__rosidl_typesupport_fastrtps_c.dir/rosidl_typesupport_fastrtps_c/haircutterbot_msgs/action/detail/haircutterbot_task__type_support_c.cpp.o[0m
[ 75%] Built target haircutterbot_msgs__rosidl_typesupport_cpp
[ 77%] [32mBuilding CXX object CMakeFiles/haircutterbot_msgs__rosidl_typesupport_fastrtps_cpp.dir/rosidl_typesupport_fastrtps_cpp/haircutterbot_msgs/action/detail/dds_fastrtps/fibonacci__type_support.cpp.o[0m
[ 78%] [32mBuilding CXX object CMakeFiles/haircutterbot_msgs__rosidl_typesupport_fastrtps_cpp.dir/rosidl_typesupport_fastrtps_cpp/haircutterbot_msgs/action/detail/dds_fastrtps/haircutterbot_task__type_support.cpp.o[0m
[ 79%] [32m[1mLinking CXX shared library libhaircutterbot_msgs__rosidl_typesupport_fastrtps_c.so[0m
[ 79%] Built target haircutterbot_msgs__rosidl_typesupport_fastrtps_c
[ 81%] [32m[1mLinking CXX shared library libhaircutterbot_msgs__rosidl_typesupport_introspection_cpp.so[0m
[ 81%] Built target haircutterbot_msgs__rosidl_typesupport_introspection_cpp
[ 82%] [32m[1mLinking CXX shared library libhaircutterbot_msgs__rosidl_typesupport_fastrtps_cpp.so[0m
[ 82%] Built target haircutterbot_msgs__rosidl_typesupport_fastrtps_cpp
[ 82%] Built target haircutterbot_msgs
[ 83%] [34m[1mGenerating Python code for ROS interfaces[0m
[ 83%] Built target haircutterbot_msgs__py
[ 85%] [32mBuilding C object CMakeFiles/haircutterbot_msgs__rosidl_generator_py.dir/rosidl_generator_py/haircutterbot_msgs/srv/_add_two_ints_s.c.o[0m
[ 86%] [32mBuilding C object CMakeFiles/haircutterbot_msgs__rosidl_generator_py.dir/rosidl_generator_py/haircutterbot_msgs/action/_haircutterbot_task_s.c.o[0m
[ 87%] [32mBuilding C object CMakeFiles/haircutterbot_msgs__rosidl_generator_py.dir/rosidl_generator_py/haircutterbot_msgs/srv/_euler_to_quaternion_s.c.o[0m
[ 89%] [32mBuilding C object CMakeFiles/haircutterbot_msgs__rosidl_generator_py.dir/rosidl_generator_py/haircutterbot_msgs/srv/_quaternion_to_euler_s.c.o[0m
[ 90%] [32mBuilding C object CMakeFiles/haircutterbot_msgs__rosidl_generator_py.dir/rosidl_generator_py/haircutterbot_msgs/action/_fibonacci_s.c.o[0m
[ 91%] [32m[1mLinking C shared library libhaircutterbot_msgs__rosidl_generator_py.so[0m
[ 91%] Built target haircutterbot_msgs__rosidl_generator_py
[ 95%] [32mBuilding C object CMakeFiles/haircutterbot_msgs_s__rosidl_typesupport_c.dir/rosidl_generator_py/haircutterbot_msgs/_haircutterbot_msgs_s.ep.rosidl_typesupport_c.c.o[0m
[ 95%] [32mBuilding C object CMakeFiles/haircutterbot_msgs_s__rosidl_typesupport_fastrtps_c.dir/rosidl_generator_py/haircutterbot_msgs/_haircutterbot_msgs_s.ep.rosidl_typesupport_fastrtps_c.c.o[0m
[ 95%] [32mBuilding C object CMakeFiles/haircutterbot_msgs_s__rosidl_typesupport_introspection_c.dir/rosidl_generator_py/haircutterbot_msgs/_haircutterbot_msgs_s.ep.rosidl_typesupport_introspection_c.c.o[0m
[ 97%] [32m[1mLinking C shared module rosidl_generator_py/haircutterbot_msgs/haircutterbot_msgs_s__rosidl_typesupport_fastrtps_c.so[0m
[ 98%] [32m[1mLinking C shared module rosidl_generator_py/haircutterbot_msgs/haircutterbot_msgs_s__rosidl_typesupport_c.so[0m
[100%] [32m[1mLinking C shared module rosidl_generator_py/haircutterbot_msgs/haircutterbot_msgs_s__rosidl_typesupport_introspection_c.so[0m
[100%] Built target haircutterbot_msgs_s__rosidl_typesupport_fastrtps_c
[100%] Built target haircutterbot_msgs_s__rosidl_typesupport_c
[100%] Built target haircutterbot_msgs_s__rosidl_typesupport_introspection_c
-- Install configuration: ""
-- Installing: /home/jeulin/git-repo-projects/Robotics-Manipulator/haircutterbot/install/haircutterbot_msgs/share/ament_index/resource_index/rosidl_interfaces/haircutterbot_msgs
-- Installing: /home/jeulin/git-repo-projects/Robotics-Manipulator/haircutterbot/install/haircutterbot_msgs/share/haircutterbot_msgs/srv/AddTwoInts.json
-- Installing: /home/jeulin/git-repo-projects/Robotics-Manipulator/haircutterbot/install/haircutterbot_msgs/share/haircutterbot_msgs/srv/EulerToQuaternion.json
-- Installing: /home/jeulin/git-repo-projects/Robotics-Manipulator/haircutterbot/install/haircutterbot_msgs/share/haircutterbot_msgs/srv/QuaternionToEuler.json
-- Installing: /home/jeulin/git-repo-projects/Robotics-Manipulator/haircutterbot/install/haircutterbot_msgs/share/haircutterbot_msgs/action/Fibonacci.json
-- Installing: /home/jeulin/git-repo-projects/Robotics-Manipulator/haircutterbot/install/haircutterbot_msgs/share/haircutterbot_msgs/action/HaircutterbotTask.json
-- Installing: /home/jeulin/git-repo-projects/Robotics-Manipulator/haircutterbot/install/haircutterbot_msgs/include/haircutterbot_msgs/haircutterbot_msgs
-- Installing: /home/jeulin/git-repo-projects/Robotics-Manipulator/haircutterbot/install/haircutterbot_msgs/include/haircutterbot_msgs/haircutterbot_msgs/action
-- Installing: /home/jeulin/git-repo-projects/Robotics-Manipulator/haircutterbot/install/haircutterbot_msgs/include/haircutterbot_msgs/haircutterbot_msgs/action/detail
-- Installing: /home/jeulin/git-repo-projects/Robotics-Manipulator/haircutterbot/install/haircutterbot_msgs/include/haircutterbot_msgs/haircutterbot_msgs/action/detail/fibonacci__functions.c
-- Installing: /home/jeulin/git-repo-projects/Robotics-Manipulator/haircutterbot/install/haircutterbot_msgs/include/haircutterbot_msgs/haircutterbot_msgs/action/detail/haircutterbot_task__struct.h
-- Installing: /home/jeulin/git-repo-projects/Robotics-Manipulator/haircutterbot/install/haircutterbot_msgs/include/haircutterbot_msgs/haircutterbot_msgs/action/detail/fibonacci__type_support.h
-- Installing: /home/jeulin/git-repo-projects/Robotics-Manipulator/haircutterbot/install/haircutterbot_msgs/include/haircutterbot_msgs/haircutterbot_msgs/action/detail/fibonacci__type_support.c
-- Installing: /home/jeulin/git-repo-projects/Robotics-Manipulator/haircutterbot/install/haircutterbot_msgs/include/haircutterbot_msgs/haircutterbot_msgs/action/detail/haircutterbot_task__type_support.c
-- Installing: /home/jeulin/git-repo-projects/Robotics-Manipulator/haircutterbot/install/haircutterbot_msgs/include/haircutterbot_msgs/haircutterbot_msgs/action/detail/haircutterbot_task__functions.h
-- Installing: /home/jeulin/git-repo-projects/Robotics-Manipulator/haircutterbot/install/haircutterbot_msgs/include/haircutterbot_msgs/haircutterbot_msgs/action/detail/haircutterbot_task__type_support.h
-- Installing: /home/jeulin/git-repo-projects/Robotics-Manipulator/haircutterbot/install/haircutterbot_msgs/include/haircutterbot_msgs/haircutterbot_msgs/action/detail/haircutterbot_task__functions.c
-- Installing: /home/jeulin/git-repo-projects/Robotics-Manipulator/haircutterbot/install/haircutterbot_msgs/include/haircutterbot_msgs/haircutterbot_msgs/action/detail/fibonacci__struct.h
-- Installing: /home/jeulin/git-repo-projects/Robotics-Manipulator/haircutterbot/install/haircutterbot_msgs/include/haircutterbot_msgs/haircutterbot_msgs/action/detail/haircutterbot_task__description.c
-- Installing: /home/jeulin/git-repo-projects/Robotics-Manipulator/haircutterbot/install/haircutterbot_msgs/include/haircutterbot_msgs/haircutterbot_msgs/action/detail/fibonacci__description.c
-- Installing: /home/jeulin/git-repo-projects/Robotics-Manipulator/haircutterbot/install/haircutterbot_msgs/include/haircutterbot_msgs/haircutterbot_msgs/action/detail/fibonacci__functions.h
-- Installing: /home/jeulin/git-repo-projects/Robotics-Manipulator/haircutterbot/install/haircutterbot_msgs/include/haircutterbot_msgs/haircutterbot_msgs/action/fibonacci.h
-- Installing: /home/jeulin/git-repo-projects/Robotics-Manipulator/haircutterbot/install/haircutterbot_msgs/include/haircutterbot_msgs/haircutterbot_msgs/action/haircutterbot_task.h
-- Installing: /home/jeulin/git-repo-projects/Robotics-Manipulator/haircutterbot/install/haircutterbot_msgs/include/haircutterbot_msgs/haircutterbot_msgs/msg
-- Installing: /home/jeulin/git-repo-projects/Robotics-Manipulator/haircutterbot/install/haircutterbot_msgs/include/haircutterbot_msgs/haircutterbot_msgs/msg/rosidl_generator_c__visibility_control.h
-- Installing: /home/jeulin/git-repo-projects/Robotics-Manipulator/haircutterbot/install/haircutterbot_msgs/include/haircutterbot_msgs/haircutterbot_msgs/srv
-- Installing: /home/jeulin/git-repo-projects/Robotics-Manipulator/haircutterbot/install/haircutterbot_msgs/include/haircutterbot_msgs/haircutterbot_msgs/srv/detail
-- Installing: /home/jeulin/git-repo-projects/Robotics-Manipulator/haircutterbot/install/haircutterbot_msgs/include/haircutterbot_msgs/haircutterbot_msgs/srv/detail/euler_to_quaternion__type_support.c
-- Installing: /home/jeulin/git-repo-projects/Robotics-Manipulator/haircutterbot/install/haircutterbot_msgs/include/haircutterbot_msgs/haircutterbot_msgs/srv/detail/euler_to_quaternion__functions.c
-- Installing: /home/jeulin/git-repo-projects/Robotics-Manipulator/haircutterbot/install/haircutterbot_msgs/include/haircutterbot_msgs/haircutterbot_msgs/srv/detail/euler_to_quaternion__functions.h
-- Installing: /home/jeulin/git-repo-projects/Robotics-Manipulator/haircutterbot/install/haircutterbot_msgs/include/haircutterbot_msgs/haircutterbot_msgs/srv/detail/add_two_ints__type_support.c
-- Installing: /home/jeulin/git-repo-projects/Robotics-Manipulator/haircutterbot/install/haircutterbot_msgs/include/haircutterbot_msgs/haircutterbot_msgs/srv/detail/add_two_ints__functions.h
-- Installing: /home/jeulin/git-repo-projects/Robotics-Manipulator/haircutterbot/install/haircutterbot_msgs/include/haircutterbot_msgs/haircutterbot_msgs/srv/detail/add_two_ints__struct.h
-- Installing: /home/jeulin/git-repo-projects/Robotics-Manipulator/haircutterbot/install/haircutterbot_msgs/include/haircutterbot_msgs/haircutterbot_msgs/srv/detail/euler_to_quaternion__description.c
-- Installing: /home/jeulin/git-repo-projects/Robotics-Manipulator/haircutterbot/install/haircutterbot_msgs/include/haircutterbot_msgs/haircutterbot_msgs/srv/detail/euler_to_quaternion__type_support.h
-- Installing: /home/jeulin/git-repo-projects/Robotics-Manipulator/haircutterbot/install/haircutterbot_msgs/include/haircutterbot_msgs/haircutterbot_msgs/srv/detail/add_two_ints__type_support.h
-- Installing: /home/jeulin/git-repo-projects/Robotics-Manipulator/haircutterbot/install/haircutterbot_msgs/include/haircutterbot_msgs/haircutterbot_msgs/srv/detail/quaternion_to_euler__functions.c
-- Installing: /home/jeulin/git-repo-projects/Robotics-Manipulator/haircutterbot/install/haircutterbot_msgs/include/haircutterbot_msgs/haircutterbot_msgs/srv/detail/quaternion_to_euler__struct.h
-- Installing: /home/jeulin/git-repo-projects/Robotics-Manipulator/haircutterbot/install/haircutterbot_msgs/include/haircutterbot_msgs/haircutterbot_msgs/srv/detail/quaternion_to_euler__description.c
-- Installing: /home/jeulin/git-repo-projects/Robotics-Manipulator/haircutterbot/install/haircutterbot_msgs/include/haircutterbot_msgs/haircutterbot_msgs/srv/detail/add_two_ints__functions.c
-- Installing: /home/jeulin/git-repo-projects/Robotics-Manipulator/haircutterbot/install/haircutterbot_msgs/include/haircutterbot_msgs/haircutterbot_msgs/srv/detail/quaternion_to_euler__functions.h
-- Installing: /home/jeulin/git-repo-projects/Robotics-Manipulator/haircutterbot/install/haircutterbot_msgs/include/haircutterbot_msgs/haircutterbot_msgs/srv/detail/add_two_ints__description.c
-- Installing: /home/jeulin/git-repo-projects/Robotics-Manipulator/haircutterbot/install/haircutterbot_msgs/include/haircutterbot_msgs/haircutterbot_msgs/srv/detail/euler_to_quaternion__struct.h
-- Installing: /home/jeulin/git-repo-projects/Robotics-Manipulator/haircutterbot/install/haircutterbot_msgs/include/haircutterbot_msgs/haircutterbot_msgs/srv/detail/quaternion_to_euler__type_support.c
-- Installing: /home/jeulin/git-repo-projects/Robotics-Manipulator/haircutterbot/install/haircutterbot_msgs/include/haircutterbot_msgs/haircutterbot_msgs/srv/detail/quaternion_to_euler__type_support.h
-- Installing: /home/jeulin/git-repo-projects/Robotics-Manipulator/haircutterbot/install/haircutterbot_msgs/include/haircutterbot_msgs/haircutterbot_msgs/srv/euler_to_quaternion.h
-- Installing: /home/jeulin/git-repo-projects/Robotics-Manipulator/haircutterbot/install/haircutterbot_msgs/include/haircutterbot_msgs/haircutterbot_msgs/srv/quaternion_to_euler.h
-- Installing: /home/jeulin/git-repo-projects/Robotics-Manipulator/haircutterbot/install/haircutterbot_msgs/include/haircutterbot_msgs/haircutterbot_msgs/srv/add_two_ints.h
-- Installing: /home/jeulin/git-repo-projects/Robotics-Manipulator/haircutterbot/install/haircutterbot_msgs/share/haircutterbot_msgs/environment/library_path.sh
-- Installing: /home/jeulin/git-repo-projects/Robotics-Manipulator/haircutterbot/install/haircutterbot_msgs/share/haircutterbot_msgs/environment/library_path.dsv
-- Installing: /home/jeulin/git-repo-projects/Robotics-Manipulator/haircutterbot/install/haircutterbot_msgs/lib/libhaircutterbot_msgs__rosidl_generator_c.so
-- Set non-toolchain portion of runtime path of "/home/jeulin/git-repo-projects/Robotics-Manipulator/haircutterbot/install/haircutterbot_msgs/lib/libhaircutterbot_msgs__rosidl_generator_c.so" to ""
-- Up-to-date: /home/jeulin/git-repo-projects/Robotics-Manipulator/haircutterbot/install/haircutterbot_msgs/include/haircutterbot_msgs/haircutterbot_msgs
-- Up-to-date: /home/jeulin/git-repo-projects/Robotics-Manipulator/haircutterbot/install/haircutterbot_msgs/include/haircutterbot_msgs/haircutterbot_msgs/action
-- Up-to-date: /home/jeulin/git-repo-projects/Robotics-Manipulator/haircutterbot/install/haircutterbot_msgs/include/haircutterbot_msgs/haircutterbot_msgs/action/detail
-- Installing: /home/jeulin/git-repo-projects/Robotics-Manipulator/haircutterbot/install/haircutterbot_msgs/include/haircutterbot_msgs/haircutterbot_msgs/action/detail/haircutterbot_task__rosidl_typesupport_fastrtps_c.h
-- Installing: /home/jeulin/git-repo-projects/Robotics-Manipulator/haircutterbot/install/haircutterbot_msgs/include/haircutterbot_msgs/haircutterbot_msgs/action/detail/fibonacci__rosidl_typesupport_fastrtps_c.h
-- Up-to-date: /home/jeulin/git-repo-projects/Robotics-Manipulator/haircutterbot/install/haircutterbot_msgs/include/haircutterbot_msgs/haircutterbot_msgs/msg
-- Installing: /home/jeulin/git-repo-projects/Robotics-Manipulator/haircutterbot/install/haircutterbot_msgs/include/haircutterbot_msgs/haircutterbot_msgs/msg/rosidl_typesupport_fastrtps_c__visibility_control.h
-- Up-to-date: /home/jeulin/git-repo-projects/Robotics-Manipulator/haircutterbot/install/haircutterbot_msgs/include/haircutterbot_msgs/haircutterbot_msgs/srv
-- Up-to-date: /home/jeulin/git-repo-projects/Robotics-Manipulator/haircutterbot/install/haircutterbot_msgs/include/haircutterbot_msgs/haircutterbot_msgs/srv/detail
-- Installing: /home/jeulin/git-repo-projects/Robotics-Manipulator/haircutterbot/install/haircutterbot_msgs/include/haircutterbot_msgs/haircutterbot_msgs/srv/detail/add_two_ints__rosidl_typesupport_fastrtps_c.h
-- Installing: /home/jeulin/git-repo-projects/Robotics-Manipulator/haircutterbot/install/haircutterbot_msgs/include/haircutterbot_msgs/haircutterbot_msgs/srv/detail/euler_to_quaternion__rosidl_typesupport_fastrtps_c.h
-- Installing: /home/jeulin/git-repo-projects/Robotics-Manipulator/haircutterbot/install/haircutterbot_msgs/include/haircutterbot_msgs/haircutterbot_msgs/srv/detail/quaternion_to_euler__rosidl_typesupport_fastrtps_c.h
-- Installing: /home/jeulin/git-repo-projects/Robotics-Manipulator/haircutterbot/install/haircutterbot_msgs/lib/libhaircutterbot_msgs__rosidl_typesupport_fastrtps_c.so
-- Set non-toolchain portion of runtime path of "/home/jeulin/git-repo-projects/Robotics-Manipulator/haircutterbot/install/haircutterbot_msgs/lib/libhaircutterbot_msgs__rosidl_typesupport_fastrtps_c.so" to ""
-- Up-to-date: /home/jeulin/git-repo-projects/Robotics-Manipulator/haircutterbot/install/haircutterbot_msgs/include/haircutterbot_msgs/haircutterbot_msgs
-- Up-to-date: /home/jeulin/git-repo-projects/Robotics-Manipulator/haircutterbot/install/haircutterbot_msgs/include/haircutterbot_msgs/haircutterbot_msgs/action
-- Up-to-date: /home/jeulin/git-repo-projects/Robotics-Manipulator/haircutterbot/install/haircutterbot_msgs/include/haircutterbot_msgs/haircutterbot_msgs/action/detail
-- Installing: /home/jeulin/git-repo-projects/Robotics-Manipulator/haircutterbot/install/haircutterbot_msgs/include/haircutterbot_msgs/haircutterbot_msgs/action/detail/fibonacci__struct.hpp
-- Installing: /home/jeulin/git-repo-projects/Robotics-Manipulator/haircutterbot/install/haircutterbot_msgs/include/haircutterbot_msgs/haircutterbot_msgs/action/detail/haircutterbot_task__type_support.hpp
-- Installing: /home/jeulin/git-repo-projects/Robotics-Manipulator/haircutterbot/install/haircutterbot_msgs/include/haircutterbot_msgs/haircutterbot_msgs/action/detail/fibonacci__type_support.hpp
-- Installing: /home/jeulin/git-repo-projects/Robotics-Manipulator/haircutterbot/install/haircutterbot_msgs/include/haircutterbot_msgs/haircutterbot_msgs/action/detail/haircutterbot_task__struct.hpp
-- Installing: /home/jeulin/git-repo-projects/Robotics-Manipulator/haircutterbot/install/haircutterbot_msgs/include/haircutterbot_msgs/haircutterbot_msgs/action/detail/fibonacci__traits.hpp
-- Installing: /home/jeulin/git-repo-projects/Robotics-Manipulator/haircutterbot/install/haircutterbot_msgs/include/haircutterbot_msgs/haircutterbot_msgs/action/detail/haircutterbot_task__traits.hpp
-- Installing: /home/jeulin/git-repo-projects/Robotics-Manipulator/haircutterbot/install/haircutterbot_msgs/include/haircutterbot_msgs/haircutterbot_msgs/action/detail/fibonacci__builder.hpp
-- Installing: /home/jeulin/git-repo-projects/Robotics-Manipulator/haircutterbot/install/haircutterbot_msgs/include/haircutterbot_msgs/haircutterbot_msgs/action/detail/haircutterbot_task__builder.hpp
-- Installing: /home/jeulin/git-repo-projects/Robotics-Manipulator/haircutterbot/install/haircutterbot_msgs/include/haircutterbot_msgs/haircutterbot_msgs/action/haircutterbot_task.hpp
-- Installing: /home/jeulin/git-repo-projects/Robotics-Manipulator/haircutterbot/install/haircutterbot_msgs/include/haircutterbot_msgs/haircutterbot_msgs/action/fibonacci.hpp
-- Up-to-date: /home/jeulin/git-repo-projects/Robotics-Manipulator/haircutterbot/install/haircutterbot_msgs/include/haircutterbot_msgs/haircutterbot_msgs/msg
-- Installing: /home/jeulin/git-repo-projects/Robotics-Manipulator/haircutterbot/install/haircutterbot_msgs/include/haircutterbot_msgs/haircutterbot_msgs/msg/rosidl_generator_cpp__visibility_control.hpp
-- Up-to-date: /home/jeulin/git-repo-projects/Robotics-Manipulator/haircutterbot/install/haircutterbot_msgs/include/haircutterbot_msgs/haircutterbot_msgs/srv
-- Up-to-date: /home/jeulin/git-repo-projects/Robotics-Manipulator/haircutterbot/install/haircutterbot_msgs/include/haircutterbot_msgs/haircutterbot_msgs/srv/detail
-- Installing: /home/jeulin/git-repo-projects/Robotics-Manipulator/haircutterbot/install/haircutterbot_msgs/include/haircutterbot_msgs/haircutterbot_msgs/srv/detail/quaternion_to_euler__traits.hpp
-- Installing: /home/jeulin/git-repo-projects/Robotics-Manipulator/haircutterbot/install/haircutterbot_msgs/include/haircutterbot_msgs/haircutterbot_msgs/srv/detail/add_two_ints__struct.hpp
-- Installing: /home/jeulin/git-repo-projects/Robotics-Manipulator/haircutterbot/install/haircutterbot_msgs/include/haircutterbot_msgs/haircutterbot_msgs/srv/detail/add_two_ints__traits.hpp
-- Installing: /home/jeulin/git-repo-projects/Robotics-Manipulator/haircutterbot/install/haircutterbot_msgs/include/haircutterbot_msgs/haircutterbot_msgs/srv/detail/quaternion_to_euler__struct.hpp
-- Installing: /home/jeulin/git-repo-projects/Robotics-Manipulator/haircutterbot/install/haircutterbot_msgs/include/haircutterbot_msgs/haircutterbot_msgs/srv/detail/euler_to_quaternion__traits.hpp
-- Installing: /home/jeulin/git-repo-projects/Robotics-Manipulator/haircutterbot/install/haircutterbot_msgs/include/haircutterbot_msgs/haircutterbot_msgs/srv/detail/euler_to_quaternion__type_support.hpp
-- Installing: /home/jeulin/git-repo-projects/Robotics-Manipulator/haircutterbot/install/haircutterbot_msgs/include/haircutterbot_msgs/haircutterbot_msgs/srv/detail/euler_to_quaternion__builder.hpp
-- Installing: /home/jeulin/git-repo-projects/Robotics-Manipulator/haircutterbot/install/haircutterbot_msgs/include/haircutterbot_msgs/haircutterbot_msgs/srv/detail/quaternion_to_euler__type_support.hpp
-- Installing: /home/jeulin/git-repo-projects/Robotics-Manipulator/haircutterbot/install/haircutterbot_msgs/include/haircutterbot_msgs/haircutterbot_msgs/srv/detail/add_two_ints__builder.hpp
-- Installing: /home/jeulin/git-repo-projects/Robotics-Manipulator/haircutterbot/install/haircutterbot_msgs/include/haircutterbot_msgs/haircutterbot_msgs/srv/detail/quaternion_to_euler__builder.hpp
-- Installing: /home/jeulin/git-repo-projects/Robotics-Manipulator/haircutterbot/install/haircutterbot_msgs/include/haircutterbot_msgs/haircutterbot_msgs/srv/detail/add_two_ints__type_support.hpp
-- Installing: /home/jeulin/git-repo-projects/Robotics-Manipulator/haircutterbot/install/haircutterbot_msgs/include/haircutterbot_msgs/haircutterbot_msgs/srv/detail/euler_to_quaternion__struct.hpp
-- Installing: /home/jeulin/git-repo-projects/Robotics-Manipulator/haircutterbot/install/haircutterbot_msgs/include/haircutterbot_msgs/haircutterbot_msgs/srv/add_two_ints.hpp
-- Installing: /home/jeulin/git-repo-projects/Robotics-Manipulator/haircutterbot/install/haircutterbot_msgs/include/haircutterbot_msgs/haircutterbot_msgs/srv/euler_to_quaternion.hpp
-- Installing: /home/jeulin/git-repo-projects/Robotics-Manipulator/haircutterbot/install/haircutterbot_msgs/include/haircutterbot_msgs/haircutterbot_msgs/srv/quaternion_to_euler.hpp
-- Up-to-date: /home/jeulin/git-repo-projects/Robotics-Manipulator/haircutterbot/install/haircutterbot_msgs/include/haircutterbot_msgs/haircutterbot_msgs
-- Up-to-date: /home/jeulin/git-repo-projects/Robotics-Manipulator/haircutterbot/install/haircutterbot_msgs/include/haircutterbot_msgs/haircutterbot_msgs/action
-- Up-to-date: /home/jeulin/git-repo-projects/Robotics-Manipulator/haircutterbot/install/haircutterbot_msgs/include/haircutterbot_msgs/haircutterbot_msgs/action/detail
-- Installing: /home/jeulin/git-repo-projects/Robotics-Manipulator/haircutterbot/install/haircutterbot_msgs/include/haircutterbot_msgs/haircutterbot_msgs/action/detail/fibonacci__rosidl_typesupport_fastrtps_cpp.hpp
-- Installing: /home/jeulin/git-repo-projects/Robotics-Manipulator/haircutterbot/install/haircutterbot_msgs/include/haircutterbot_msgs/haircutterbot_msgs/action/detail/dds_fastrtps
-- Installing: /home/jeulin/git-repo-projects/Robotics-Manipulator/haircutterbot/install/haircutterbot_msgs/include/haircutterbot_msgs/haircutterbot_msgs/action/detail/haircutterbot_task__rosidl_typesupport_fastrtps_cpp.hpp
-- Up-to-date: /home/jeulin/git-repo-projects/Robotics-Manipulator/haircutterbot/install/haircutterbot_msgs/include/haircutterbot_msgs/haircutterbot_msgs/msg
-- Installing: /home/jeulin/git-repo-projects/Robotics-Manipulator/haircutterbot/install/haircutterbot_msgs/include/haircutterbot_msgs/haircutterbot_msgs/msg/rosidl_typesupport_fastrtps_cpp__visibility_control.h
-- Up-to-date: /home/jeulin/git-repo-projects/Robotics-Manipulator/haircutterbot/install/haircutterbot_msgs/include/haircutterbot_msgs/haircutterbot_msgs/srv
-- Up-to-date: /home/jeulin/git-repo-projects/Robotics-Manipulator/haircutterbot/install/haircutterbot_msgs/include/haircutterbot_msgs/haircutterbot_msgs/srv/detail
-- Installing: /home/jeulin/git-repo-projects/Robotics-Manipulator/haircutterbot/install/haircutterbot_msgs/include/haircutterbot_msgs/haircutterbot_msgs/srv/detail/quaternion_to_euler__rosidl_typesupport_fastrtps_cpp.hpp
-- Installing: /home/jeulin/git-repo-projects/Robotics-Manipulator/haircutterbot/install/haircutterbot_msgs/include/haircutterbot_msgs/haircutterbot_msgs/srv/detail/euler_to_quaternion__rosidl_typesupport_fastrtps_cpp.hpp
-- Installing: /home/jeulin/git-repo-projects/Robotics-Manipulator/haircutterbot/install/haircutterbot_msgs/include/haircutterbot_msgs/haircutterbot_msgs/srv/detail/dds_fastrtps
-- Installing: /home/jeulin/git-repo-projects/Robotics-Manipulator/haircutterbot/install/haircutterbot_msgs/include/haircutterbot_msgs/haircutterbot_msgs/srv/detail/add_two_ints__rosidl_typesupport_fastrtps_cpp.hpp
-- Installing: /home/jeulin/git-repo-projects/Robotics-Manipulator/haircutterbot/install/haircutterbot_msgs/lib/libhaircutterbot_msgs__rosidl_typesupport_fastrtps_cpp.so
-- Set non-toolchain portion of runtime path of "/home/jeulin/git-repo-projects/Robotics-Manipulator/haircutterbot/install/haircutterbot_msgs/lib/libhaircutterbot_msgs__rosidl_typesupport_fastrtps_cpp.so" to ""
-- Up-to-date: /home/jeulin/git-repo-projects/Robotics-Manipulator/haircutterbot/install/haircutterbot_msgs/include/haircutterbot_msgs/haircutterbot_msgs
-- Up-to-date: /home/jeulin/git-repo-projects/Robotics-Manipulator/haircutterbot/install/haircutterbot_msgs/include/haircutterbot_msgs/haircutterbot_msgs/action
-- Up-to-date: /home/jeulin/git-repo-projects/Robotics-Manipulator/haircutterbot/install/haircutterbot_msgs/include/haircutterbot_msgs/haircutterbot_msgs/action/detail
-- Installing: /home/jeulin/git-repo-projects/Robotics-Manipulator/haircutterbot/install/haircutterbot_msgs/include/haircutterbot_msgs/haircutterbot_msgs/action/detail/fibonacci__type_support.c
-- Installing: /home/jeulin/git-repo-projects/Robotics-Manipulator/haircutterbot/install/haircutterbot_msgs/include/haircutterbot_msgs/haircutterbot_msgs/action/detail/haircutterbot_task__type_support.c
-- Installing: /home/jeulin/git-repo-projects/Robotics-Manipulator/haircutterbot/install/haircutterbot_msgs/include/haircutterbot_msgs/haircutterbot_msgs/action/detail/fibonacci__rosidl_typesupport_introspection_c.h
-- Installing: /home/jeulin/git-repo-projects/Robotics-Manipulator/haircutterbot/install/haircutterbot_msgs/include/haircutterbot_msgs/haircutterbot_msgs/action/detail/haircutterbot_task__rosidl_typesupport_introspection_c.h
-- Up-to-date: /home/jeulin/git-repo-projects/Robotics-Manipulator/haircutterbot/install/haircutterbot_msgs/include/haircutterbot_msgs/haircutterbot_msgs/msg
-- Installing: /home/jeulin/git-repo-projects/Robotics-Manipulator/haircutterbot/install/haircutterbot_msgs/include/haircutterbot_msgs/haircutterbot_msgs/msg/rosidl_typesupport_introspection_c__visibility_control.h
-- Up-to-date: /home/jeulin/git-repo-projects/Robotics-Manipulator/haircutterbot/install/haircutterbot_msgs/include/haircutterbot_msgs/haircutterbot_msgs/srv
-- Up-to-date: /home/jeulin/git-repo-projects/Robotics-Manipulator/haircutterbot/install/haircutterbot_msgs/include/haircutterbot_msgs/haircutterbot_msgs/srv/detail
-- Installing: /home/jeulin/git-repo-projects/Robotics-Manipulator/haircutterbot/install/haircutterbot_msgs/include/haircutterbot_msgs/haircutterbot_msgs/srv/detail/euler_to_quaternion__type_support.c
-- Installing: /home/jeulin/git-repo-projects/Robotics-Manipulator/haircutterbot/install/haircutterbot_msgs/include/haircutterbot_msgs/haircutterbot_msgs/srv/detail/add_two_ints__type_support.c
-- Installing: /home/jeulin/git-repo-projects/Robotics-Manipulator/haircutterbot/install/haircutterbot_msgs/include/haircutterbot_msgs/haircutterbot_msgs/srv/detail/add_two_ints__rosidl_typesupport_introspection_c.h
-- Installing: /home/jeulin/git-repo-projects/Robotics-Manipulator/haircutterbot/install/haircutterbot_msgs/include/haircutterbot_msgs/haircutterbot_msgs/srv/detail/quaternion_to_euler__type_support.c
-- Installing: /home/jeulin/git-repo-projects/Robotics-Manipulator/haircutterbot/install/haircutterbot_msgs/include/haircutterbot_msgs/haircutterbot_msgs/srv/detail/quaternion_to_euler__rosidl_typesupport_introspection_c.h
-- Installing: /home/jeulin/git-repo-projects/Robotics-Manipulator/haircutterbot/install/haircutterbot_msgs/include/haircutterbot_msgs/haircutterbot_msgs/srv/detail/euler_to_quaternion__rosidl_typesupport_introspection_c.h
-- Installing: /home/jeulin/git-repo-projects/Robotics-Manipulator/haircutterbot/install/haircutterbot_msgs/lib/libhaircutterbot_msgs__rosidl_typesupport_introspection_c.so
-- Set non-toolchain portion of runtime path of "/home/jeulin/git-repo-projects/Robotics-Manipulator/haircutterbot/install/haircutterbot_msgs/lib/libhaircutterbot_msgs__rosidl_typesupport_introspection_c.so" to ""
-- Installing: /home/jeulin/git-repo-projects/Robotics-Manipulator/haircutterbot/install/haircutterbot_msgs/lib/libhaircutterbot_msgs__rosidl_typesupport_c.so
-- Set non-toolchain portion of runtime path of "/home/jeulin/git-repo-projects/Robotics-Manipulator/haircutterbot/install/haircutterbot_msgs/lib/libhaircutterbot_msgs__rosidl_typesupport_c.so" to ""
-- Up-to-date: /home/jeulin/git-repo-projects/Robotics-Manipulator/haircutterbot/install/haircutterbot_msgs/include/haircutterbot_msgs/haircutterbot_msgs
-- Up-to-date: /home/jeulin/git-repo-projects/Robotics-Manipulator/haircutterbot/install/haircutterbot_msgs/include/haircutterbot_msgs/haircutterbot_msgs/action
-- Up-to-date: /home/jeulin/git-repo-projects/Robotics-Manipulator/haircutterbot/install/haircutterbot_msgs/include/haircutterbot_msgs/haircutterbot_msgs/action/detail
-- Installing: /home/jeulin/git-repo-projects/Robotics-Manipulator/haircutterbot/install/haircutterbot_msgs/include/haircutterbot_msgs/haircutterbot_msgs/action/detail/haircutterbot_task__rosidl_typesupport_introspection_cpp.hpp
-- Installing: /home/jeulin/git-repo-projects/Robotics-Manipulator/haircutterbot/install/haircutterbot_msgs/include/haircutterbot_msgs/haircutterbot_msgs/action/detail/haircutterbot_task__type_support.cpp
-- Installing: /home/jeulin/git-repo-projects/Robotics-Manipulator/haircutterbot/install/haircutterbot_msgs/include/haircutterbot_msgs/haircutterbot_msgs/action/detail/fibonacci__rosidl_typesupport_introspection_cpp.hpp
-- Installing: /home/jeulin/git-repo-projects/Robotics-Manipulator/haircutterbot/install/haircutterbot_msgs/include/haircutterbot_msgs/haircutterbot_msgs/action/detail/fibonacci__type_support.cpp
-- Up-to-date: /home/jeulin/git-repo-projects/Robotics-Manipulator/haircutterbot/install/haircutterbot_msgs/include/haircutterbot_msgs/haircutterbot_msgs/srv
-- Up-to-date: /home/jeulin/git-repo-projects/Robotics-Manipulator/haircutterbot/install/haircutterbot_msgs/include/haircutterbot_msgs/haircutterbot_msgs/srv/detail
-- Installing: /home/jeulin/git-repo-projects/Robotics-Manipulator/haircutterbot/install/haircutterbot_msgs/include/haircutterbot_msgs/haircutterbot_msgs/srv/detail/add_two_ints__rosidl_typesupport_introspection_cpp.hpp
-- Installing: /home/jeulin/git-repo-projects/Robotics-Manipulator/haircutterbot/install/haircutterbot_msgs/include/haircutterbot_msgs/haircutterbot_msgs/srv/detail/euler_to_quaternion__rosidl_typesupport_introspection_cpp.hpp
-- Installing: /home/jeulin/git-repo-projects/Robotics-Manipulator/haircutterbot/install/haircutterbot_msgs/include/haircutterbot_msgs/haircutterbot_msgs/srv/detail/quaternion_to_euler__rosidl_typesupport_introspection_cpp.hpp
-- Installing: /home/jeulin/git-repo-projects/Robotics-Manipulator/haircutterbot/install/haircutterbot_msgs/include/haircutterbot_msgs/haircutterbot_msgs/srv/detail/euler_to_quaternion__type_support.cpp
-- Installing: /home/jeulin/git-repo-projects/Robotics-Manipulator/haircutterbot/install/haircutterbot_msgs/include/haircutterbot_msgs/haircutterbot_msgs/srv/detail/add_two_ints__type_support.cpp
-- Installing: /home/jeulin/git-repo-projects/Robotics-Manipulator/haircutterbot/install/haircutterbot_msgs/include/haircutterbot_msgs/haircutterbot_msgs/srv/detail/quaternion_to_euler__type_support.cpp
-- Installing: /home/jeulin/git-repo-projects/Robotics-Manipulator/haircutterbot/install/haircutterbot_msgs/lib/libhaircutterbot_msgs__rosidl_typesupport_introspection_cpp.so
-- Set non-toolchain portion of runtime path of "/home/jeulin/git-repo-projects/Robotics-Manipulator/haircutterbot/install/haircutterbot_msgs/lib/libhaircutterbot_msgs__rosidl_typesupport_introspection_cpp.so" to ""
-- Installing: /home/jeulin/git-repo-projects/Robotics-Manipulator/haircutterbot/install/haircutterbot_msgs/lib/libhaircutterbot_msgs__rosidl_typesupport_cpp.so
-- Set non-toolchain portion of runtime path of "/home/jeulin/git-repo-projects/Robotics-Manipulator/haircutterbot/install/haircutterbot_msgs/lib/libhaircutterbot_msgs__rosidl_typesupport_cpp.so" to ""
-- Installing: /home/jeulin/git-repo-projects/Robotics-Manipulator/haircutterbot/install/haircutterbot_msgs/share/haircutterbot_msgs/environment/pythonpath.sh
-- Installing: /home/jeulin/git-repo-projects/Robotics-Manipulator/haircutterbot/install/haircutterbot_msgs/share/haircutterbot_msgs/environment/pythonpath.dsv
-- Installing: /home/jeulin/git-repo-projects/Robotics-Manipulator/haircutterbot/install/haircutterbot_msgs/lib/python3.12/site-packages/haircutterbot_msgs-0.0.0-py3.12.egg-info
-- Installing: /home/jeulin/git-repo-projects/Robotics-Manipulator/haircutterbot/install/haircutterbot_msgs/lib/python3.12/site-packages/haircutterbot_msgs-0.0.0-py3.12.egg-info/PKG-INFO
-- Installing: /home/jeulin/git-repo-projects/Robotics-Manipulator/haircutterbot/install/haircutterbot_msgs/lib/python3.12/site-packages/haircutterbot_msgs-0.0.0-py3.12.egg-info/top_level.txt
-- Installing: /home/jeulin/git-repo-projects/Robotics-Manipulator/haircutterbot/install/haircutterbot_msgs/lib/python3.12/site-packages/haircutterbot_msgs-0.0.0-py3.12.egg-info/SOURCES.txt
-- Installing: /home/jeulin/git-repo-projects/Robotics-Manipulator/haircutterbot/install/haircutterbot_msgs/lib/python3.12/site-packages/haircutterbot_msgs-0.0.0-py3.12.egg-info/dependency_links.txt
-- Installing: /home/jeulin/git-repo-projects/Robotics-Manipulator/haircutterbot/install/haircutterbot_msgs/lib/python3.12/site-packages/haircutterbot_msgs
-- Installing: /home/jeulin/git-repo-projects/Robotics-Manipulator/haircutterbot/install/haircutterbot_msgs/lib/python3.12/site-packages/haircutterbot_msgs/action
-- Installing: /home/jeulin/git-repo-projects/Robotics-Manipulator/haircutterbot/install/haircutterbot_msgs/lib/python3.12/site-packages/haircutterbot_msgs/action/_haircutterbot_task_s.c
-- Installing: /home/jeulin/git-repo-projects/Robotics-Manipulator/haircutterbot/install/haircutterbot_msgs/lib/python3.12/site-packages/haircutterbot_msgs/action/_fibonacci.py
-- Installing: /home/jeulin/git-repo-projects/Robotics-Manipulator/haircutterbot/install/haircutterbot_msgs/lib/python3.12/site-packages/haircutterbot_msgs/action/__init__.py
-- Installing: /home/jeulin/git-repo-projects/Robotics-Manipulator/haircutterbot/install/haircutterbot_msgs/lib/python3.12/site-packages/haircutterbot_msgs/action/_haircutterbot_task.py
-- Installing: /home/jeulin/git-repo-projects/Robotics-Manipulator/haircutterbot/install/haircutterbot_msgs/lib/python3.12/site-packages/haircutterbot_msgs/action/_fibonacci_s.c
-- Installing: /home/jeulin/git-repo-projects/Robotics-Manipulator/haircutterbot/install/haircutterbot_msgs/lib/python3.12/site-packages/haircutterbot_msgs/_haircutterbot_msgs_s.ep.rosidl_typesupport_c.c
-- Installing: /home/jeulin/git-repo-projects/Robotics-Manipulator/haircutterbot/install/haircutterbot_msgs/lib/python3.12/site-packages/haircutterbot_msgs/haircutterbot_msgs_s__rosidl_typesupport_c.so
-- Installing: /home/jeulin/git-repo-projects/Robotics-Manipulator/haircutterbot/install/haircutterbot_msgs/lib/python3.12/site-packages/haircutterbot_msgs/_haircutterbot_msgs_s.ep.rosidl_typesupport_fastrtps_c.c
-- Installing: /home/jeulin/git-repo-projects/Robotics-Manipulator/haircutterbot/install/haircutterbot_msgs/lib/python3.12/site-packages/haircutterbot_msgs/srv
-- Installing: /home/jeulin/git-repo-projects/Robotics-Manipulator/haircutterbot/install/haircutterbot_msgs/lib/python3.12/site-packages/haircutterbot_msgs/srv/_add_two_ints.py
-- Installing: /home/jeulin/git-repo-projects/Robotics-Manipulator/haircutterbot/install/haircutterbot_msgs/lib/python3.12/site-packages/haircutterbot_msgs/srv/_euler_to_quaternion_s.c
-- Installing: /home/jeulin/git-repo-projects/Robotics-Manipulator/haircutterbot/install/haircutterbot_msgs/lib/python3.12/site-packages/haircutterbot_msgs/srv/_quaternion_to_euler.py
-- Installing: /home/jeulin/git-repo-projects/Robotics-Manipulator/haircutterbot/install/haircutterbot_msgs/lib/python3.12/site-packages/haircutterbot_msgs/srv/_add_two_ints_s.c
-- Installing: /home/jeulin/git-repo-projects/Robotics-Manipulator/haircutterbot/install/haircutterbot_msgs/lib/python3.12/site-packages/haircutterbot_msgs/srv/__init__.py
-- Installing: /home/jeulin/git-repo-projects/Robotics-Manipulator/haircutterbot/install/haircutterbot_msgs/lib/python3.12/site-packages/haircutterbot_msgs/srv/_euler_to_quaternion.py
-- Installing: /home/jeulin/git-repo-projects/Robotics-Manipulator/haircutterbot/install/haircutterbot_msgs/lib/python3.12/site-packages/haircutterbot_msgs/srv/_quaternion_to_euler_s.c
-- Installing: /home/jeulin/git-repo-projects/Robotics-Manipulator/haircutterbot/install/haircutterbot_msgs/lib/python3.12/site-packages/haircutterbot_msgs/haircutterbot_msgs_s__rosidl_typesupport_introspection_c.so
-- Installing: /home/jeulin/git-repo-projects/Robotics-Manipulator/haircutterbot/install/haircutterbot_msgs/lib/python3.12/site-packages/haircutterbot_msgs/_haircutterbot_msgs_s.ep.rosidl_typesupport_introspection_c.c
-- Installing: /home/jeulin/git-repo-projects/Robotics-Manipulator/haircutterbot/install/haircutterbot_msgs/lib/python3.12/site-packages/haircutterbot_msgs/haircutterbot_msgs_s__rosidl_typesupport_fastrtps_c.so
-- Installing: /home/jeulin/git-repo-projects/Robotics-Manipulator/haircutterbot/install/haircutterbot_msgs/lib/python3.12/site-packages/haircutterbot_msgs/__init__.py
Listing '/home/jeulin/git-repo-projects/Robotics-Manipulator/haircutterbot/install/haircutterbot_msgs/lib/python3.12/site-packages/haircutterbot_msgs'...
Compiling '/home/jeulin/git-repo-projects/Robotics-Manipulator/haircutterbot/install/haircutterbot_msgs/lib/python3.12/site-packages/haircutterbot_msgs/__init__.py'...
Listing '/home/jeulin/git-repo-projects/Robotics-Manipulator/haircutterbot/install/haircutterbot_msgs/lib/python3.12/site-packages/haircutterbot_msgs/action'...
Compiling '/home/jeulin/git-repo-projects/Robotics-Manipulator/haircutterbot/install/haircutterbot_msgs/lib/python3.12/site-packages/haircutterbot_msgs/action/__init__.py'...
Compiling '/home/jeulin/git-repo-projects/Robotics-Manipulator/haircutterbot/install/haircutterbot_msgs/lib/python3.12/site-packages/haircutterbot_msgs/action/_fibonacci.py'...
Compiling '/home/jeulin/git-repo-projects/Robotics-Manipulator/haircutterbot/install/haircutterbot_msgs/lib/python3.12/site-packages/haircutterbot_msgs/action/_haircutterbot_task.py'...
Listing '/home/jeulin/git-repo-projects/Robotics-Manipulator/haircutterbot/install/haircutterbot_msgs/lib/python3.12/site-packages/haircutterbot_msgs/srv'...
Compiling '/home/jeulin/git-repo-projects/Robotics-Manipulator/haircutterbot/install/haircutterbot_msgs/lib/python3.12/site-packages/haircutterbot_msgs/srv/__init__.py'...
Compiling '/home/jeulin/git-repo-projects/Robotics-Manipulator/haircutterbot/install/haircutterbot_msgs/lib/python3.12/site-packages/haircutterbot_msgs/srv/_add_two_ints.py'...
Compiling '/home/jeulin/git-repo-projects/Robotics-Manipulator/haircutterbot/install/haircutterbot_msgs/lib/python3.12/site-packages/haircutterbot_msgs/srv/_euler_to_quaternion.py'...
Compiling '/home/jeulin/git-repo-projects/Robotics-Manipulator/haircutterbot/install/haircutterbot_msgs/lib/python3.12/site-packages/haircutterbot_msgs/srv/_quaternion_to_euler.py'...
-- Installing: /home/jeulin/git-repo-projects/Robotics-Manipulator/haircutterbot/install/haircutterbot_msgs/lib/python3.12/site-packages/haircutterbot_msgs/haircutterbot_msgs_s__rosidl_typesupport_fastrtps_c.so
-- Set non-toolchain portion of runtime path of "/home/jeulin/git-repo-projects/Robotics-Manipulator/haircutterbot/install/haircutterbot_msgs/lib/python3.12/site-packages/haircutterbot_msgs/haircutterbot_msgs_s__rosidl_typesupport_fastrtps_c.so" to ""
-- Installing: /home/jeulin/git-repo-projects/Robotics-Manipulator/haircutterbot/install/haircutterbot_msgs/lib/python3.12/site-packages/haircutterbot_msgs/haircutterbot_msgs_s__rosidl_typesupport_introspection_c.so
-- Set non-toolchain portion of runtime path of "/home/jeulin/git-repo-projects/Robotics-Manipulator/haircutterbot/install/haircutterbot_msgs/lib/python3.12/site-packages/haircutterbot_msgs/haircutterbot_msgs_s__rosidl_typesupport_introspection_c.so" to ""
-- Installing: /home/jeulin/git-repo-projects/Robotics-Manipulator/haircutterbot/install/haircutterbot_msgs/lib/python3.12/site-packages/haircutterbot_msgs/haircutterbot_msgs_s__rosidl_typesupport_c.so
-- Set non-toolchain portion of runtime path of "/home/jeulin/git-repo-projects/Robotics-Manipulator/haircutterbot/install/haircutterbot_msgs/lib/python3.12/site-packages/haircutterbot_msgs/haircutterbot_msgs_s__rosidl_typesupport_c.so" to ""
-- Installing: /home/jeulin/git-repo-projects/Robotics-Manipulator/haircutterbot/install/haircutterbot_msgs/lib/libhaircutterbot_msgs__rosidl_generator_py.so
-- Set non-toolchain portion of runtime path of "/home/jeulin/git-repo-projects/Robotics-Manipulator/haircutterbot/install/haircutterbot_msgs/lib/libhaircutterbot_msgs__rosidl_generator_py.so" to ""
-- Installing: /home/jeulin/git-repo-projects/Robotics-Manipulator/haircutterbot/install/haircutterbot_msgs/share/haircutterbot_msgs/srv/AddTwoInts.idl
-- Installing: /home/jeulin/git-repo-projects/Robotics-Manipulator/haircutterbot/install/haircutterbot_msgs/share/haircutterbot_msgs/srv/EulerToQuaternion.idl
-- Installing: /home/jeulin/git-repo-projects/Robotics-Manipulator/haircutterbot/install/haircutterbot_msgs/share/haircutterbot_msgs/srv/QuaternionToEuler.idl
-- Installing: /home/jeulin/git-repo-projects/Robotics-Manipulator/haircutterbot/install/haircutterbot_msgs/share/haircutterbot_msgs/action/Fibonacci.idl
-- Installing: /home/jeulin/git-repo-projects/Robotics-Manipulator/haircutterbot/install/haircutterbot_msgs/share/haircutterbot_msgs/action/HaircutterbotTask.idl
-- Installing: /home/jeulin/git-repo-projects/Robotics-Manipulator/haircutterbot/install/haircutterbot_msgs/share/haircutterbot_msgs/srv/AddTwoInts.srv
-- Installing: /home/jeulin/git-repo-projects/Robotics-Manipulator/haircutterbot/install/haircutterbot_msgs/share/haircutterbot_msgs/srv/EulerToQuaternion.srv
-- Installing: /home/jeulin/git-repo-projects/Robotics-Manipulator/haircutterbot/install/haircutterbot_msgs/share/haircutterbot_msgs/srv/QuaternionToEuler.srv
-- Installing: /home/jeulin/git-repo-projects/Robotics-Manipulator/haircutterbot/install/haircutterbot_msgs/share/haircutterbot_msgs/action/Fibonacci.action
-- Installing: /home/jeulin/git-repo-projects/Robotics-Manipulator/haircutterbot/install/haircutterbot_msgs/share/haircutterbot_msgs/action/HaircutterbotTask.action
-- Installing: /home/jeulin/git-repo-projects/Robotics-Manipulator/haircutterbot/install/haircutterbot_msgs/share/ament_index/resource_index/package_run_dependencies/haircutterbot_msgs
-- Installing: /home/jeulin/git-repo-projects/Robotics-Manipulator/haircutterbot/install/haircutterbot_msgs/share/ament_index/resource_index/parent_prefix_path/haircutterbot_msgs
-- Installing: /home/jeulin/git-repo-projects/Robotics-Manipulator/haircutterbot/install/haircutterbot_msgs/share/haircutterbot_msgs/environment/ament_prefix_path.sh
-- Installing: /home/jeulin/git-repo-projects/Robotics-Manipulator/haircutterbot/install/haircutterbot_msgs/share/haircutterbot_msgs/environment/ament_prefix_path.dsv
-- Installing: /home/jeulin/git-repo-projects/Robotics-Manipulator/haircutterbot/install/haircutterbot_msgs/share/haircutterbot_msgs/environment/path.sh
-- Installing: /home/jeulin/git-repo-projects/Robotics-Manipulator/haircutterbot/install/haircutterbot_msgs/share/haircutterbot_msgs/environment/path.dsv
-- Installing: /home/jeulin/git-repo-projects/Robotics-Manipulator/haircutterbot/install/haircutterbot_msgs/share/haircutterbot_msgs/local_setup.bash
-- Installing: /home/jeulin/git-repo-projects/Robotics-Manipulator/haircutterbot/install/haircutterbot_msgs/share/haircutterbot_msgs/local_setup.sh
-- Installing: /home/jeulin/git-repo-projects/Robotics-Manipulator/haircutterbot/install/haircutterbot_msgs/share/haircutterbot_msgs/local_setup.zsh
-- Installing: /home/jeulin/git-repo-projects/Robotics-Manipulator/haircutterbot/install/haircutterbot_msgs/share/haircutterbot_msgs/local_setup.dsv
-- Installing: /home/jeulin/git-repo-projects/Robotics-Manipulator/haircutterbot/install/haircutterbot_msgs/share/haircutterbot_msgs/package.dsv
-- Installing: /home/jeulin/git-repo-projects/Robotics-Manipulator/haircutterbot/install/haircutterbot_msgs/share/ament_index/resource_index/packages/haircutterbot_msgs
-- Installing: /home/jeulin/git-repo-projects/Robotics-Manipulator/haircutterbot/install/haircutterbot_msgs/share/haircutterbot_msgs/cmake/export_haircutterbot_msgs__rosidl_generator_cExport.cmake
-- Installing: /home/jeulin/git-repo-projects/Robotics-Manipulator/haircutterbot/install/haircutterbot_msgs/share/haircutterbot_msgs/cmake/export_haircutterbot_msgs__rosidl_generator_cExport-noconfig.cmake
-- Installing: /home/jeulin/git-repo-projects/Robotics-Manipulator/haircutterbot/install/haircutterbot_msgs/share/haircutterbot_msgs/cmake/export_haircutterbot_msgs__rosidl_typesupport_fastrtps_cExport.cmake
-- Installing: /home/jeulin/git-repo-projects/Robotics-Manipulator/haircutterbot/install/haircutterbot_msgs/share/haircutterbot_msgs/cmake/export_haircutterbot_msgs__rosidl_typesupport_fastrtps_cExport-noconfig.cmake
-- Installing: /home/jeulin/git-repo-projects/Robotics-Manipulator/haircutterbot/install/haircutterbot_msgs/share/haircutterbot_msgs/cmake/export_haircutterbot_msgs__rosidl_generator_cppExport.cmake
-- Installing: /home/jeulin/git-repo-projects/Robotics-Manipulator/haircutterbot/install/haircutterbot_msgs/share/haircutterbot_msgs/cmake/export_haircutterbot_msgs__rosidl_typesupport_fastrtps_cppExport.cmake
-- Installing: /home/jeulin/git-repo-projects/Robotics-Manipulator/haircutterbot/install/haircutterbot_msgs/share/haircutterbot_msgs/cmake/export_haircutterbot_msgs__rosidl_typesupport_fastrtps_cppExport-noconfig.cmake
-- Installing: /home/jeulin/git-repo-projects/Robotics-Manipulator/haircutterbot/install/haircutterbot_msgs/share/haircutterbot_msgs/cmake/haircutterbot_msgs__rosidl_typesupport_introspection_cExport.cmake
-- Installing: /home/jeulin/git-repo-projects/Robotics-Manipulator/haircutterbot/install/haircutterbot_msgs/share/haircutterbot_msgs/cmake/haircutterbot_msgs__rosidl_typesupport_introspection_cExport-noconfig.cmake
-- Installing: /home/jeulin/git-repo-projects/Robotics-Manipulator/haircutterbot/install/haircutterbot_msgs/share/haircutterbot_msgs/cmake/haircutterbot_msgs__rosidl_typesupport_cExport.cmake
-- Installing: /home/jeulin/git-repo-projects/Robotics-Manipulator/haircutterbot/install/haircutterbot_msgs/share/haircutterbot_msgs/cmake/haircutterbot_msgs__rosidl_typesupport_cExport-noconfig.cmake
-- Installing: /home/jeulin/git-repo-projects/Robotics-Manipulator/haircutterbot/install/haircutterbot_msgs/share/haircutterbot_msgs/cmake/haircutterbot_msgs__rosidl_typesupport_introspection_cppExport.cmake
-- Installing: /home/jeulin/git-repo-projects/Robotics-Manipulator/haircutterbot/install/haircutterbot_msgs/share/haircutterbot_msgs/cmake/haircutterbot_msgs__rosidl_typesupport_introspection_cppExport-noconfig.cmake
-- Installing: /home/jeulin/git-repo-projects/Robotics-Manipulator/haircutterbot/install/haircutterbot_msgs/share/haircutterbot_msgs/cmake/haircutterbot_msgs__rosidl_typesupport_cppExport.cmake
-- Installing: /home/jeulin/git-repo-projects/Robotics-Manipulator/haircutterbot/install/haircutterbot_msgs/share/haircutterbot_msgs/cmake/haircutterbot_msgs__rosidl_typesupport_cppExport-noconfig.cmake
-- Installing: /home/jeulin/git-repo-projects/Robotics-Manipulator/haircutterbot/install/haircutterbot_msgs/share/haircutterbot_msgs/cmake/export_haircutterbot_msgs__rosidl_generator_pyExport.cmake
-- Installing: /home/jeulin/git-repo-projects/Robotics-Manipulator/haircutterbot/install/haircutterbot_msgs/share/haircutterbot_msgs/cmake/export_haircutterbot_msgs__rosidl_generator_pyExport-noconfig.cmake
-- Installing: /home/jeulin/git-repo-projects/Robotics-Manipulator/haircutterbot/install/haircutterbot_msgs/share/haircutterbot_msgs/cmake/rosidl_cmake-extras.cmake
-- Installing: /home/jeulin/git-repo-projects/Robotics-Manipulator/haircutterbot/install/haircutterbot_msgs/share/haircutterbot_msgs/cmake/ament_cmake_export_dependencies-extras.cmake
-- Installing: /home/jeulin/git-repo-projects/Robotics-Manipulator/haircutterbot/install/haircutterbot_msgs/share/haircutterbot_msgs/cmake/ament_cmake_export_include_directories-extras.cmake
-- Installing: /home/jeulin/git-repo-projects/Robotics-Manipulator/haircutterbot/install/haircutterbot_msgs/share/haircutterbot_msgs/cmake/ament_cmake_export_libraries-extras.cmake
-- Installing: /home/jeulin/git-repo-projects/Robotics-Manipulator/haircutterbot/install/haircutterbot_msgs/share/haircutterbot_msgs/cmake/ament_cmake_export_targets-extras.cmake
-- Installing: /home/jeulin/git-repo-projects/Robotics-Manipulator/haircutterbot/install/haircutterbot_msgs/share/haircutterbot_msgs/cmake/rosidl_cmake_export_typesupport_targets-extras.cmake
-- Installing: /home/jeulin/git-repo-projects/Robotics-Manipulator/haircutterbot/install/haircutterbot_msgs/share/haircutterbot_msgs/cmake/rosidl_cmake_export_typesupport_libraries-extras.cmake
-- Installing: /home/jeulin/git-repo-projects/Robotics-Manipulator/haircutterbot/install/haircutterbot_msgs/share/haircutterbot_msgs/cmake/haircutterbot_msgsConfig.cmake
-- Installing: /home/jeulin/git-repo-projects/Robotics-Manipulator/haircutterbot/install/haircutterbot_msgs/share/haircutterbot_msgs/cmake/haircutterbot_msgsConfig-version.cmake
-- Installing: /home/jeulin/git-repo-projects/Robotics-Manipulator/haircutterbot/install/haircutterbot_msgs/share/haircutterbot_msgs/package.xml
