running egg_info
writing ../../../build/haircutterbot_py_examples/haircutterbot_py_examples.egg-info/PKG-INFO
writing dependency_links to ../../../build/haircutterbot_py_examples/haircutterbot_py_examples.egg-info/dependency_links.txt
writing entry points to ../../../build/haircutterbot_py_examples/haircutterbot_py_examples.egg-info/entry_points.txt
writing requirements to ../../../build/haircutterbot_py_examples/haircutterbot_py_examples.egg-info/requires.txt
writing top-level names to ../../../build/haircutterbot_py_examples/haircutterbot_py_examples.egg-info/top_level.txt
reading manifest file '../../../build/haircutterbot_py_examples/haircutterbot_py_examples.egg-info/SOURCES.txt'
writing manifest file '../../../build/haircutterbot_py_examples/haircutterbot_py_examples.egg-info/SOURCES.txt'
running build
running build_py
running install
running install_lib
running install_data
running install_egg_info
removing '/home/jeulin/git-repo-projects/Robotics-Manipulator/install/haircutterbot_py_examples/lib/python3.12/site-packages/haircutterbot_py_examples-0.0.0-py3.12.egg-info' (and everything under it)
Copying ../../../build/haircutterbot_py_examples/haircutterbot_py_examples.egg-info to /home/jeulin/git-repo-projects/Robotics-Manipulator/install/haircutterbot_py_examples/lib/python3.12/site-packages/haircutterbot_py_examples-0.0.0-py3.12.egg-info
running install_scripts
Installing simple_action_client script to /home/jeulin/git-repo-projects/Robotics-Manipulator/install/haircutterbot_py_examples/lib/haircutterbot_py_examples
Installing simple_action_server script to /home/jeulin/git-repo-projects/Robotics-Manipulator/install/haircutterbot_py_examples/lib/haircutterbot_py_examples
Installing simple_moveit_interface script to /home/jeulin/git-repo-projects/Robotics-Manipulator/install/haircutterbot_py_examples/lib/haircutterbot_py_examples
Installing simple_parameter script to /home/jeulin/git-repo-projects/Robotics-Manipulator/install/haircutterbot_py_examples/lib/haircutterbot_py_examples
Installing simple_publisher script to /home/jeulin/git-repo-projects/Robotics-Manipulator/install/haircutterbot_py_examples/lib/haircutterbot_py_examples
Installing simple_service_client script to /home/jeulin/git-repo-projects/Robotics-Manipulator/install/haircutterbot_py_examples/lib/haircutterbot_py_examples
Installing simple_service_server script to /home/jeulin/git-repo-projects/Robotics-Manipulator/install/haircutterbot_py_examples/lib/haircutterbot_py_examples
Installing simple_subscriber script to /home/jeulin/git-repo-projects/Robotics-Manipulator/install/haircutterbot_py_examples/lib/haircutterbot_py_examples
writing list of installed files to '/home/jeulin/git-repo-projects/Robotics-Manipulator/build/haircutterbot_py_examples/install.log'
