[ 50%] Built target ament_cmake_python_copy_haircutterbot_utils
[100%] Built target angle_conversion
running egg_info
writing haircutterbot_utils.egg-info/PKG-INFO
writing dependency_links to haircutterbot_utils.egg-info/dependency_links.txt
writing top-level names to haircutterbot_utils.egg-info/top_level.txt
reading manifest file 'haircutterbot_utils.egg-info/SOURCES.txt'
writing manifest file 'haircutterbot_utils.egg-info/SOURCES.txt'
[100%] Built target ament_cmake_python_build_haircutterbot_utils_egg
-- Install configuration: ""
-- Up-to-date: /home/jeulin/git-repo-projects/Robotics-Manipulator/install/haircutterbot_utils/share/haircutterbot_utils/environment/pythonpath.sh
-- Up-to-date: /home/jeulin/git-repo-projects/Robotics-Manipulator/install/haircutterbot_utils/share/haircutterbot_utils/environment/pythonpath.dsv
-- Up-to-date: /home/jeulin/git-repo-projects/Robotics-Manipulator/install/haircutterbot_utils/lib/python3.12/site-packages/haircutterbot_utils-0.0.0-py3.12.egg-info
-- Installing: /home/jeulin/git-repo-projects/Robotics-Manipulator/install/haircutterbot_utils/lib/python3.12/site-packages/haircutterbot_utils-0.0.0-py3.12.egg-info/PKG-INFO
-- Installing: /home/jeulin/git-repo-projects/Robotics-Manipulator/install/haircutterbot_utils/lib/python3.12/site-packages/haircutterbot_utils-0.0.0-py3.12.egg-info/top_level.txt
-- Installing: /home/jeulin/git-repo-projects/Robotics-Manipulator/install/haircutterbot_utils/lib/python3.12/site-packages/haircutterbot_utils-0.0.0-py3.12.egg-info/SOURCES.txt
-- Installing: /home/jeulin/git-repo-projects/Robotics-Manipulator/install/haircutterbot_utils/lib/python3.12/site-packages/haircutterbot_utils-0.0.0-py3.12.egg-info/dependency_links.txt
-- Up-to-date: /home/jeulin/git-repo-projects/Robotics-Manipulator/install/haircutterbot_utils/lib/python3.12/site-packages/haircutterbot_utils
-- Up-to-date: /home/jeulin/git-repo-projects/Robotics-Manipulator/install/haircutterbot_utils/lib/python3.12/site-packages/haircutterbot_utils/angle_conversion.py
-- Up-to-date: /home/jeulin/git-repo-projects/Robotics-Manipulator/install/haircutterbot_utils/lib/python3.12/site-packages/haircutterbot_utils/__init__.py
Listing '/home/jeulin/git-repo-projects/Robotics-Manipulator/install/haircutterbot_utils/lib/python3.12/site-packages/haircutterbot_utils'...
-- Up-to-date: /home/jeulin/git-repo-projects/Robotics-Manipulator/install/haircutterbot_utils/lib/haircutterbot_utils/angle_conversion
-- Up-to-date: /home/jeulin/git-repo-projects/Robotics-Manipulator/install/haircutterbot_utils/lib/haircutterbot_utils/angle_conversion.py
-- Up-to-date: /home/jeulin/git-repo-projects/Robotics-Manipulator/install/haircutterbot_utils/share/ament_index/resource_index/package_run_dependencies/haircutterbot_utils
-- Up-to-date: /home/jeulin/git-repo-projects/Robotics-Manipulator/install/haircutterbot_utils/share/ament_index/resource_index/parent_prefix_path/haircutterbot_utils
-- Up-to-date: /home/jeulin/git-repo-projects/Robotics-Manipulator/install/haircutterbot_utils/share/haircutterbot_utils/environment/ament_prefix_path.sh
-- Up-to-date: /home/jeulin/git-repo-projects/Robotics-Manipulator/install/haircutterbot_utils/share/haircutterbot_utils/environment/ament_prefix_path.dsv
-- Up-to-date: /home/jeulin/git-repo-projects/Robotics-Manipulator/install/haircutterbot_utils/share/haircutterbot_utils/environment/path.sh
-- Up-to-date: /home/jeulin/git-repo-projects/Robotics-Manipulator/install/haircutterbot_utils/share/haircutterbot_utils/environment/path.dsv
-- Up-to-date: /home/jeulin/git-repo-projects/Robotics-Manipulator/install/haircutterbot_utils/share/haircutterbot_utils/local_setup.bash
-- Up-to-date: /home/jeulin/git-repo-projects/Robotics-Manipulator/install/haircutterbot_utils/share/haircutterbot_utils/local_setup.sh
-- Up-to-date: /home/jeulin/git-repo-projects/Robotics-Manipulator/install/haircutterbot_utils/share/haircutterbot_utils/local_setup.zsh
-- Up-to-date: /home/jeulin/git-repo-projects/Robotics-Manipulator/install/haircutterbot_utils/share/haircutterbot_utils/local_setup.dsv
-- Installing: /home/jeulin/git-repo-projects/Robotics-Manipulator/install/haircutterbot_utils/share/haircutterbot_utils/package.dsv
-- Up-to-date: /home/jeulin/git-repo-projects/Robotics-Manipulator/install/haircutterbot_utils/share/ament_index/resource_index/packages/haircutterbot_utils
-- Up-to-date: /home/jeulin/git-repo-projects/Robotics-Manipulator/install/haircutterbot_utils/share/haircutterbot_utils/cmake/haircutterbot_utilsConfig.cmake
-- Up-to-date: /home/jeulin/git-repo-projects/Robotics-Manipulator/install/haircutterbot_utils/share/haircutterbot_utils/cmake/haircutterbot_utilsConfig-version.cmake
-- Up-to-date: /home/jeulin/git-repo-projects/Robotics-Manipulator/install/haircutterbot_utils/share/haircutterbot_utils/package.xml
