[0.031s] Invoking command in '/home/jeulin/Robotics-and-ROS-2-Learn-by-Doing-Manipulators/Section9_Build/arduinobot_ws/build/arduinobot_firmware': CMAKE_PREFIX_PATH=${CMAKE_PREFIX_PATH}:/home/jeulin/Robotics-and-ROS-2-Learn-by-Doing-Manipulators/Section9_Build/arduinobot_ws/install/arduinobot_py_examples:/opt/ros/jazzy DEBUGINFOD_URLS=https://debuginfod.ubuntu.com /usr/bin/cmake --build /home/jeulin/Robotics-and-ROS-2-Learn-by-Doing-Manipulators/Section9_Build/arduinobot_ws/build/arduinobot_firmware -- -j8 -l8
[0.113s] [ 50%] Built target simple_serial_receiver
[0.113s] [100%] Built target simple_serial_transmitter
[0.114s] [100%] Built target ament_cmake_python_copy_arduinobot_firmware
[0.457s] running egg_info
[0.486s] writing arduinobot_firmware.egg-info/PKG-INFO
[0.486s] writing dependency_links to arduinobot_firmware.egg-info/dependency_links.txt
[0.487s] writing top-level names to arduinobot_firmware.egg-info/top_level.txt
[0.597s] reading manifest file 'arduinobot_firmware.egg-info/SOURCES.txt'
[0.598s] writing manifest file 'arduinobot_firmware.egg-info/SOURCES.txt'
[0.651s] [100%] Built target ament_cmake_python_build_arduinobot_firmware_egg
[0.671s] Invoked command in '/home/jeulin/Robotics-and-ROS-2-Learn-by-Doing-Manipulators/Section9_Build/arduinobot_ws/build/arduinobot_firmware' returned '0': CMAKE_PREFIX_PATH=${CMAKE_PREFIX_PATH}:/home/jeulin/Robotics-and-ROS-2-Learn-by-Doing-Manipulators/Section9_Build/arduinobot_ws/install/arduinobot_py_examples:/opt/ros/jazzy DEBUGINFOD_URLS=https://debuginfod.ubuntu.com /usr/bin/cmake --build /home/jeulin/Robotics-and-ROS-2-Learn-by-Doing-Manipulators/Section9_Build/arduinobot_ws/build/arduinobot_firmware -- -j8 -l8
[0.673s] Invoking command in '/home/jeulin/Robotics-and-ROS-2-Learn-by-Doing-Manipulators/Section9_Build/arduinobot_ws/build/arduinobot_firmware': CMAKE_PREFIX_PATH=${CMAKE_PREFIX_PATH}:/home/jeulin/Robotics-and-ROS-2-Learn-by-Doing-Manipulators/Section9_Build/arduinobot_ws/install/arduinobot_py_examples:/opt/ros/jazzy DEBUGINFOD_URLS=https://debuginfod.ubuntu.com /usr/bin/cmake --install /home/jeulin/Robotics-and-ROS-2-Learn-by-Doing-Manipulators/Section9_Build/arduinobot_ws/build/arduinobot_firmware
[0.686s] -- Install configuration: ""
[0.687s] -- Up-to-date: /home/jeulin/Robotics-and-ROS-2-Learn-by-Doing-Manipulators/Section9_Build/arduinobot_ws/install/arduinobot_firmware/share/arduinobot_firmware/environment/pythonpath.sh
[0.687s] -- Up-to-date: /home/jeulin/Robotics-and-ROS-2-Learn-by-Doing-Manipulators/Section9_Build/arduinobot_ws/install/arduinobot_firmware/share/arduinobot_firmware/environment/pythonpath.dsv
[0.687s] -- Up-to-date: /home/jeulin/Robotics-and-ROS-2-Learn-by-Doing-Manipulators/Section9_Build/arduinobot_ws/install/arduinobot_firmware/lib/python3.12/site-packages/arduinobot_firmware-0.0.0-py3.12.egg-info
[0.687s] -- Installing: /home/jeulin/Robotics-and-ROS-2-Learn-by-Doing-Manipulators/Section9_Build/arduinobot_ws/install/arduinobot_firmware/lib/python3.12/site-packages/arduinobot_firmware-0.0.0-py3.12.egg-info/PKG-INFO
[0.688s] -- Installing: /home/jeulin/Robotics-and-ROS-2-Learn-by-Doing-Manipulators/Section9_Build/arduinobot_ws/install/arduinobot_firmware/lib/python3.12/site-packages/arduinobot_firmware-0.0.0-py3.12.egg-info/top_level.txt
[0.688s] -- Installing: /home/jeulin/Robotics-and-ROS-2-Learn-by-Doing-Manipulators/Section9_Build/arduinobot_ws/install/arduinobot_firmware/lib/python3.12/site-packages/arduinobot_firmware-0.0.0-py3.12.egg-info/SOURCES.txt
[0.688s] -- Installing: /home/jeulin/Robotics-and-ROS-2-Learn-by-Doing-Manipulators/Section9_Build/arduinobot_ws/install/arduinobot_firmware/lib/python3.12/site-packages/arduinobot_firmware-0.0.0-py3.12.egg-info/dependency_links.txt
[0.688s] -- Up-to-date: /home/jeulin/Robotics-and-ROS-2-Learn-by-Doing-Manipulators/Section9_Build/arduinobot_ws/install/arduinobot_firmware/lib/python3.12/site-packages/arduinobot_firmware
[0.688s] -- Up-to-date: /home/jeulin/Robotics-and-ROS-2-Learn-by-Doing-Manipulators/Section9_Build/arduinobot_ws/install/arduinobot_firmware/lib/python3.12/site-packages/arduinobot_firmware/simple_serial_receiver.py
[0.688s] -- Up-to-date: /home/jeulin/Robotics-and-ROS-2-Learn-by-Doing-Manipulators/Section9_Build/arduinobot_ws/install/arduinobot_firmware/lib/python3.12/site-packages/arduinobot_firmware/simple_serial_transmitter.py
[0.688s] -- Up-to-date: /home/jeulin/Robotics-and-ROS-2-Learn-by-Doing-Manipulators/Section9_Build/arduinobot_ws/install/arduinobot_firmware/lib/python3.12/site-packages/arduinobot_firmware/__init__.py
[0.744s] Listing '/home/jeulin/Robotics-and-ROS-2-Learn-by-Doing-Manipulators/Section9_Build/arduinobot_ws/install/arduinobot_firmware/lib/python3.12/site-packages/arduinobot_firmware'...
[0.752s] -- Up-to-date: /home/jeulin/Robotics-and-ROS-2-Learn-by-Doing-Manipulators/Section9_Build/arduinobot_ws/install/arduinobot_firmware/lib/arduinobot_firmware/simple_serial_receiver
[0.753s] -- Up-to-date: /home/jeulin/Robotics-and-ROS-2-Learn-by-Doing-Manipulators/Section9_Build/arduinobot_ws/install/arduinobot_firmware/lib/arduinobot_firmware/simple_serial_transmitter
[0.753s] -- Up-to-date: /home/jeulin/Robotics-and-ROS-2-Learn-by-Doing-Manipulators/Section9_Build/arduinobot_ws/install/arduinobot_firmware/lib/arduinobot_firmware/simple_serial_transmitter.py
[0.753s] -- Up-to-date: /home/jeulin/Robotics-and-ROS-2-Learn-by-Doing-Manipulators/Section9_Build/arduinobot_ws/install/arduinobot_firmware/lib/arduinobot_firmware/simple_serial_receiver.py
[0.754s] -- Up-to-date: /home/jeulin/Robotics-and-ROS-2-Learn-by-Doing-Manipulators/Section9_Build/arduinobot_ws/install/arduinobot_firmware/share/ament_index/resource_index/package_run_dependencies/arduinobot_firmware
[0.754s] -- Up-to-date: /home/jeulin/Robotics-and-ROS-2-Learn-by-Doing-Manipulators/Section9_Build/arduinobot_ws/install/arduinobot_firmware/share/ament_index/resource_index/parent_prefix_path/arduinobot_firmware
[0.754s] -- Up-to-date: /home/jeulin/Robotics-and-ROS-2-Learn-by-Doing-Manipulators/Section9_Build/arduinobot_ws/install/arduinobot_firmware/share/arduinobot_firmware/environment/ament_prefix_path.sh
[0.754s] -- Up-to-date: /home/jeulin/Robotics-and-ROS-2-Learn-by-Doing-Manipulators/Section9_Build/arduinobot_ws/install/arduinobot_firmware/share/arduinobot_firmware/environment/ament_prefix_path.dsv
[0.754s] -- Up-to-date: /home/jeulin/Robotics-and-ROS-2-Learn-by-Doing-Manipulators/Section9_Build/arduinobot_ws/install/arduinobot_firmware/share/arduinobot_firmware/environment/path.sh
[0.754s] -- Up-to-date: /home/jeulin/Robotics-and-ROS-2-Learn-by-Doing-Manipulators/Section9_Build/arduinobot_ws/install/arduinobot_firmware/share/arduinobot_firmware/environment/path.dsv
[0.754s] -- Up-to-date: /home/jeulin/Robotics-and-ROS-2-Learn-by-Doing-Manipulators/Section9_Build/arduinobot_ws/install/arduinobot_firmware/share/arduinobot_firmware/local_setup.bash
[0.755s] -- Up-to-date: /home/jeulin/Robotics-and-ROS-2-Learn-by-Doing-Manipulators/Section9_Build/arduinobot_ws/install/arduinobot_firmware/share/arduinobot_firmware/local_setup.sh
[0.755s] -- Up-to-date: /home/jeulin/Robotics-and-ROS-2-Learn-by-Doing-Manipulators/Section9_Build/arduinobot_ws/install/arduinobot_firmware/share/arduinobot_firmware/local_setup.zsh
[0.755s] -- Up-to-date: /home/jeulin/Robotics-and-ROS-2-Learn-by-Doing-Manipulators/Section9_Build/arduinobot_ws/install/arduinobot_firmware/share/arduinobot_firmware/local_setup.dsv
[0.755s] -- Installing: /home/jeulin/Robotics-and-ROS-2-Learn-by-Doing-Manipulators/Section9_Build/arduinobot_ws/install/arduinobot_firmware/share/arduinobot_firmware/package.dsv
[0.755s] -- Up-to-date: /home/jeulin/Robotics-and-ROS-2-Learn-by-Doing-Manipulators/Section9_Build/arduinobot_ws/install/arduinobot_firmware/share/ament_index/resource_index/packages/arduinobot_firmware
[0.755s] -- Up-to-date: /home/jeulin/Robotics-and-ROS-2-Learn-by-Doing-Manipulators/Section9_Build/arduinobot_ws/install/arduinobot_firmware/share/arduinobot_firmware/cmake/arduinobot_firmwareConfig.cmake
[0.755s] -- Up-to-date: /home/jeulin/Robotics-and-ROS-2-Learn-by-Doing-Manipulators/Section9_Build/arduinobot_ws/install/arduinobot_firmware/share/arduinobot_firmware/cmake/arduinobot_firmwareConfig-version.cmake
[0.755s] -- Up-to-date: /home/jeulin/Robotics-and-ROS-2-Learn-by-Doing-Manipulators/Section9_Build/arduinobot_ws/install/arduinobot_firmware/share/arduinobot_firmware/package.xml
[0.757s] Invoked command in '/home/jeulin/Robotics-and-ROS-2-Learn-by-Doing-Manipulators/Section9_Build/arduinobot_ws/build/arduinobot_firmware' returned '0': CMAKE_PREFIX_PATH=${CMAKE_PREFIX_PATH}:/home/jeulin/Robotics-and-ROS-2-Learn-by-Doing-Manipulators/Section9_Build/arduinobot_ws/install/arduinobot_py_examples:/opt/ros/jazzy DEBUGINFOD_URLS=https://debuginfod.ubuntu.com /usr/bin/cmake --install /home/jeulin/Robotics-and-ROS-2-Learn-by-Doing-Manipulators/Section9_Build/arduinobot_ws/build/arduinobot_firmware
