-- Install configuration: ""
-- Up-to-date: /home/jeulin/git-repo-projects/Robotics-Manipulator/haircutterbot/install/haircutterbot_moveit/share/haircutterbot_moveit/launch
-- Up-to-date: /home/jeulin/git-repo-projects/Robotics-Manipulator/haircutterbot/install/haircutterbot_moveit/share/haircutterbot_moveit/launch/moveit.launch.py
-- Up-to-date: /home/jeulin/git-repo-projects/Robotics-Manipulator/haircutterbot/install/haircutterbot_moveit/share/haircutterbot_moveit/config
-- Up-to-date: /home/jeulin/git-repo-projects/Robotics-Manipulator/haircutterbot/install/haircutterbot_moveit/share/haircutterbot_moveit/config/haircutterbot.srdf
-- Up-to-date: /home/jeulin/git-repo-projects/Robotics-Manipulator/haircutterbot/install/haircutterbot_moveit/share/haircutterbot_moveit/config/pilz_cartesian_limits.yaml
-- Up-to-date: /home/jeulin/git-repo-projects/Robotics-Manipulator/haircutterbot/install/haircutterbot_moveit/share/haircutterbot_moveit/config/moveit.rviz
-- Up-to-date: /home/jeulin/git-repo-projects/Robotics-Manipulator/haircutterbot/install/haircutterbot_moveit/share/haircutterbot_moveit/config/moveit_controllers.yaml
-- Up-to-date: /home/jeulin/git-repo-projects/Robotics-Manipulator/haircutterbot/install/haircutterbot_moveit/share/haircutterbot_moveit/config/initial_positions.yaml
-- Up-to-date: /home/jeulin/git-repo-projects/Robotics-Manipulator/haircutterbot/install/haircutterbot_moveit/share/haircutterbot_moveit/config/joint_limits.yaml
-- Up-to-date: /home/jeulin/git-repo-projects/Robotics-Manipulator/haircutterbot/install/haircutterbot_moveit/share/haircutterbot_moveit/config/kinematics.yaml
-- Up-to-date: /home/jeulin/git-repo-projects/Robotics-Manipulator/haircutterbot/install/haircutterbot_moveit/share/haircutterbot_moveit/config/planning_python_api.yaml
-- Up-to-date: /home/jeulin/git-repo-projects/Robotics-Manipulator/haircutterbot/install/haircutterbot_moveit/share/ament_index/resource_index/package_run_dependencies/haircutterbot_moveit
-- Up-to-date: /home/jeulin/git-repo-projects/Robotics-Manipulator/haircutterbot/install/haircutterbot_moveit/share/ament_index/resource_index/parent_prefix_path/haircutterbot_moveit
-- Up-to-date: /home/jeulin/git-repo-projects/Robotics-Manipulator/haircutterbot/install/haircutterbot_moveit/share/haircutterbot_moveit/environment/ament_prefix_path.sh
-- Up-to-date: /home/jeulin/git-repo-projects/Robotics-Manipulator/haircutterbot/install/haircutterbot_moveit/share/haircutterbot_moveit/environment/ament_prefix_path.dsv
-- Up-to-date: /home/jeulin/git-repo-projects/Robotics-Manipulator/haircutterbot/install/haircutterbot_moveit/share/haircutterbot_moveit/environment/path.sh
-- Up-to-date: /home/jeulin/git-repo-projects/Robotics-Manipulator/haircutterbot/install/haircutterbot_moveit/share/haircutterbot_moveit/environment/path.dsv
-- Up-to-date: /home/jeulin/git-repo-projects/Robotics-Manipulator/haircutterbot/install/haircutterbot_moveit/share/haircutterbot_moveit/local_setup.bash
-- Up-to-date: /home/jeulin/git-repo-projects/Robotics-Manipulator/haircutterbot/install/haircutterbot_moveit/share/haircutterbot_moveit/local_setup.sh
-- Up-to-date: /home/jeulin/git-repo-projects/Robotics-Manipulator/haircutterbot/install/haircutterbot_moveit/share/haircutterbot_moveit/local_setup.zsh
-- Up-to-date: /home/jeulin/git-repo-projects/Robotics-Manipulator/haircutterbot/install/haircutterbot_moveit/share/haircutterbot_moveit/local_setup.dsv
-- Up-to-date: /home/jeulin/git-repo-projects/Robotics-Manipulator/haircutterbot/install/haircutterbot_moveit/share/haircutterbot_moveit/package.dsv
-- Up-to-date: /home/jeulin/git-repo-projects/Robotics-Manipulator/haircutterbot/install/haircutterbot_moveit/share/ament_index/resource_index/packages/haircutterbot_moveit
-- Up-to-date: /home/jeulin/git-repo-projects/Robotics-Manipulator/haircutterbot/install/haircutterbot_moveit/share/haircutterbot_moveit/cmake/haircutterbot_moveitConfig.cmake
-- Up-to-date: /home/jeulin/git-repo-projects/Robotics-Manipulator/haircutterbot/install/haircutterbot_moveit/share/haircutterbot_moveit/cmake/haircutterbot_moveitConfig-version.cmake
-- Up-to-date: /home/jeulin/git-repo-projects/Robotics-Manipulator/haircutterbot/install/haircutterbot_moveit/share/haircutterbot_moveit/package.xml
