[0.022s] Invoking command in '/home/jeulin/Robotics-and-ROS-2-Learn-by-Doing-Manipulators/Section9_Build/arduinobot_ws/build/arduinobot_controller': CMAKE_PREFIX_PATH=/home/jeulin/Robotics-and-ROS-2-Learn-by-Doing-Manipulators/Section9_Build/arduinobot_ws/install/arduinobot_description:/home/jeulin/Robotics-and-ROS-2-Learn-by-Doing-Manipulators/Section9_Build/arduinobot_ws/install/arduinobot_utils:/home/jeulin/Robotics-and-ROS-2-Learn-by-Doing-Manipulators/Section9_Build/arduinobot_ws/install/arduinobot_bringup:/home/jeulin/Robotics-and-ROS-2-Learn-by-Doing-Manipulators/Section9_Build/arduinobot_ws/install/arduinobot_remote:/home/jeulin/Robotics-and-ROS-2-Learn-by-Doing-Manipulators/Section9_Build/arduinobot_ws/install/arduinobot_cpp_examples:/home/jeulin/Robotics-and-ROS-2-Learn-by-Doing-Manipulators/Section9_Build/arduinobot_ws/install/arduinobot_msgs:/home/jeulin/Robotics-and-ROS-2-Learn-by-Doing-Manipulators/Section9_Build/arduinobot_ws/install/arduinobot_moveit:/home/jeulin/Robotics-and-ROS-2-Learn-by-Doing-Manipulators/Section9_Build/arduinobot_ws/install/arduinobot_firmware:/home/jeulin/Robotics-and-ROS-2-Learn-by-Doing-Manipulators/Section9_Build/arduinobot_ws/install/arduinobot_controller:/opt/ros/jazzy/opt/gz_sim_vendor:/opt/ros/jazzy/opt/gz_sensors_vendor:/opt/ros/jazzy/opt/gz_physics_vendor:/opt/ros/jazzy/opt/sdformat_vendor:/opt/ros/jazzy/opt/gz_gui_vendor:/opt/ros/jazzy/opt/gz_transport_vendor:/opt/ros/jazzy/opt/gz_rendering_vendor:/opt/ros/jazzy/opt/gz_plugin_vendor:/opt/ros/jazzy/opt/gz_fuel_tools_vendor:/opt/ros/jazzy/opt/gz_msgs_vendor:/opt/ros/jazzy/opt/gz_common_vendor:/opt/ros/jazzy/opt/gz_math_vendor:/opt/ros/jazzy/opt/gz_utils_vendor:/opt/ros/jazzy/opt/gz_tools_vendor:/opt/ros/jazzy/opt/gz_ogre_next_vendor:/opt/ros/jazzy/opt/gz_dartsim_vendor:/opt/ros/jazzy/opt/gz_cmake_vendor:/home/jeulin/Robotics-and-ROS-2-Learn-by-Doing-Manipulators/Section9_Build/arduinobot_ws/install/arduinobot_py_examples:/opt/ros/jazzy DEBUGINFOD_URLS=https://debuginfod.ubuntu.com /usr/bin/cmake --build /home/jeulin/Robotics-and-ROS-2-Learn-by-Doing-Manipulators/Section9_Build/arduinobot_ws/build/arduinobot_controller -- -j8 -l8
[0.068s] -- Found ament_cmake: 2.5.3 (/opt/ros/jazzy/share/ament_cmake/cmake)
[0.380s] -- Found trajectory_msgs: 5.3.6 (/opt/ros/jazzy/share/trajectory_msgs/cmake)
[0.417s] -- Found rosidl_generator_c: 4.6.5 (/opt/ros/jazzy/share/rosidl_generator_c/cmake)
[0.428s] -- Found rosidl_generator_cpp: 4.6.5 (/opt/ros/jazzy/share/rosidl_generator_cpp/cmake)
[0.449s] -- Using all available rosidl_typesupport_c: rosidl_typesupport_fastrtps_c;rosidl_typesupport_introspection_c
[0.476s] -- Using all available rosidl_typesupport_cpp: rosidl_typesupport_fastrtps_cpp;rosidl_typesupport_introspection_cpp
[0.584s] -- Found sensor_msgs: 5.3.6 (/opt/ros/jazzy/share/sensor_msgs/cmake)
[0.639s] -- Found rclcpp: 28.1.8 (/opt/ros/jazzy/share/rclcpp/cmake)
[0.693s] -- Found rmw_implementation_cmake: 7.3.2 (/opt/ros/jazzy/share/rmw_implementation_cmake/cmake)
[0.697s] -- Found rmw_fastrtps_cpp: 8.4.2 (/opt/ros/jazzy/share/rmw_fastrtps_cpp/cmake)
[0.843s] -- Using RMW implementation 'rmw_fastrtps_cpp' as default
[0.992s] -- Found rclpy: 7.1.4 (/opt/ros/jazzy/share/rclpy/cmake)
[0.992s] -- Found hardware_interface: 4.27.0 (/opt/ros/jazzy/share/hardware_interface/cmake)
[1.669s] -- Configuring done (1.6s)
[1.755s] -- Generating done (0.1s)
[1.769s] -- Build files have been written to: /home/jeulin/Robotics-and-ROS-2-Learn-by-Doing-Manipulators/Section9_Build/arduinobot_ws/build/arduinobot_controller
[1.881s] [ 16%] [32mBuilding CXX object CMakeFiles/simple_controller.dir/src/simple_controller.cpp.o[0m
[1.883s] [ 33%] [32mBuilding CXX object CMakeFiles/slider_control.dir/src/slider_control.cpp.o[0m
[1.898s] [ 50%] [32mBuilding CXX object CMakeFiles/arduinobot_controller.dir/src/arduinobot_interface.cpp.o[0m
[1.902s] [ 50%] Built target ament_cmake_python_copy_arduinobot_controller
[1.907s] [01m[K/home/jeulin/Robotics-and-ROS-2-Learn-by-Doing-Manipulators/Section9_Build/arduinobot_ws/src/arduinobot_controller/src/simple_controller.cpp:1:12:[m[K [01;31m[Kerror: [m[K‘[01m[Kstd::placeholders[m[K’ has not been declared
[1.907s]     1 | using std::[01;31m[Kplaceholders[m[K::_1;
[1.907s]       |            [01;31m[K^~~~~~~~~~~~[m[K
[1.907s] [01m[K/home/jeulin/Robotics-and-ROS-2-Learn-by-Doing-Manipulators/Section9_Build/arduinobot_ws/src/arduinobot_controller/src/simple_controller.cpp:4:1:[m[K [01;31m[Kerror: [m[K‘[01m[KSimpleController[m[K’ does not name a type
[1.908s]     4 | [01;31m[KSimpleController[m[K::SimpleController(const std::string& name)
[1.908s]       | [01;31m[K^~~~~~~~~~~~~~~~[m[K
[1.908s] [01m[K/home/jeulin/Robotics-and-ROS-2-Learn-by-Doing-Manipulators/Section9_Build/arduinobot_ws/src/arduinobot_controller/src/simple_controller.cpp:13:6:[m[K [01;31m[Kerror: [m[K‘[01m[KSimpleController[m[K’ has not been declared
[1.908s]    13 | void [01;31m[KSimpleController[m[K::velCallback(const geometry_msgs::msg::TwistStamped &msg)
[1.909s]       |      [01;31m[K^~~~~~~~~~~~~~~~[m[K
[1.909s] [01m[K/home/jeulin/Robotics-and-ROS-2-Learn-by-Doing-Manipulators/Section9_Build/arduinobot_ws/src/arduinobot_controller/src/simple_controller.cpp:13:42:[m[K [01;31m[Kerror: [m[K‘[01m[Kgeometry_msgs[m[K’ does not name a type
[1.909s]    13 | void SimpleController::velCallback(const [01;31m[Kgeometry_msgs[m[K::msg::TwistStamped &msg)
[1.909s]       |                                          [01;31m[K^~~~~~~~~~~~~[m[K
[1.911s] [01m[K/home/jeulin/Robotics-and-ROS-2-Learn-by-Doing-Manipulators/Section9_Build/arduinobot_ws/src/arduinobot_controller/src/simple_controller.cpp:13:60:[m[K [01;31m[Kerror: [m[Kexpected unqualified-id before ‘[01m[K::[m[K’ token
[1.911s]    13 | void SimpleController::velCallback(const geometry_msgs::msg[01;31m[K::[m[KTwistStamped &msg)
[1.911s]       |                                                            [01;31m[K^~[m[K
[1.911s] [01m[K/home/jeulin/Robotics-and-ROS-2-Learn-by-Doing-Manipulators/Section9_Build/arduinobot_ws/src/arduinobot_controller/src/simple_controller.cpp:13:60:[m[K [01;31m[Kerror: [m[Kexpected ‘[01m[K)[m[K’ before ‘[01m[K::[m[K’ token
[1.911s]    13 | void SimpleController::velCallback[34m[K([m[Kconst geometry_msgs::msg[01;31m[K:[m[K[32m[K:[m[KTwistStamped &msg)
[1.912s]       |                                   [34m[K~[m[K                        [01;31m[K^[m[K[32m[K~[m[K
[1.912s]       |                                                            [32m[K)[m[K
[1.912s] [01m[K/home/jeulin/Robotics-and-ROS-2-Learn-by-Doing-Manipulators/Section9_Build/arduinobot_ws/src/arduinobot_controller/src/simple_controller.cpp:13:60:[m[K [01;31m[Kerror: [m[Kexpected initializer before ‘[01m[K::[m[K’ token
[1.912s]    13 | void SimpleController::velCallback(const geometry_msgs::msg[01;31m[K::[m[KTwistStamped &msg)
[1.912s]       |                                                            [01;31m[K^~[m[K
[1.912s] [01m[K/home/jeulin/Robotics-and-ROS-2-Learn-by-Doing-Manipulators/Section9_Build/arduinobot_ws/src/arduinobot_controller/src/simple_controller.cpp:[m[K In function ‘[01m[Kint[01;32m[K main[m[K(int, char**)[m[K’:
[1.912s] [01m[K/home/jeulin/Robotics-and-ROS-2-Learn-by-Doing-Manipulators/Section9_Build/arduinobot_ws/src/arduinobot_controller/src/simple_controller.cpp:22:3:[m[K [01;31m[Kerror: [m[K‘[01m[Krclcpp[m[K’ has not been declared
[1.913s]    22 |   [01;31m[Krclcpp[m[K::init(argc, argv);
[1.913s]       |   [01;31m[K^~~~~~[m[K
[1.913s] [01m[K/home/jeulin/Robotics-and-ROS-2-Learn-by-Doing-Manipulators/Section9_Build/arduinobot_ws/src/arduinobot_controller/src/simple_controller.cpp:23:20:[m[K [01;31m[Kerror: [m[K‘[01m[Kmake_shared[m[K’ is not a member of ‘[01m[Kstd[m[K’
[1.913s]    23 |   auto node = std::[01;31m[Kmake_shared[m[K<SimpleController>("simple_controller");
[1.913s]       |                    [01;31m[K^~~~~~~~~~~[m[K
[1.913s] [01m[K/home/jeulin/Robotics-and-ROS-2-Learn-by-Doing-Manipulators/Section9_Build/arduinobot_ws/src/arduinobot_controller/src/simple_controller.cpp:1:1:[m[K [01;36m[Knote: [m[K‘[01m[Kstd::make_shared[m[K’ is defined in header ‘[01m[K<memory>[m[K’; did you forget to ‘[01m[K#include <memory>[m[K’?
[1.916s]   +++ |+[32m[K#include <memory>[m[K
[1.916s]     1 | using std::placeholders::_1;
[1.916s] [01m[K/home/jeulin/Robotics-and-ROS-2-Learn-by-Doing-Manipulators/Section9_Build/arduinobot_ws/src/arduinobot_controller/src/simple_controller.cpp:23:32:[m[K [01;31m[Kerror: [m[K‘[01m[KSimpleController[m[K’ was not declared in this scope
[1.916s]    23 |   auto node = std::make_shared<[01;31m[KSimpleController[m[K>("simple_controller");
[1.916s]       |                                [01;31m[K^~~~~~~~~~~~~~~~[m[K
[1.916s] [01m[K/home/jeulin/Robotics-and-ROS-2-Learn-by-Doing-Manipulators/Section9_Build/arduinobot_ws/src/arduinobot_controller/src/simple_controller.cpp:24:3:[m[K [01;31m[Kerror: [m[K‘[01m[Krclcpp[m[K’ has not been declared
[1.917s]    24 |   [01;31m[Krclcpp[m[K::spin(node);
[1.917s]       |   [01;31m[K^~~~~~[m[K
[1.917s] [01m[K/home/jeulin/Robotics-and-ROS-2-Learn-by-Doing-Manipulators/Section9_Build/arduinobot_ws/src/arduinobot_controller/src/simple_controller.cpp:25:3:[m[K [01;31m[Kerror: [m[K‘[01m[Krclcpp[m[K’ has not been declared
[1.917s]    25 |   [01;31m[Krclcpp[m[K::shutdown();
[1.917s]       |   [01;31m[K^~~~~~[m[K
[1.917s] gmake[2]: *** [CMakeFiles/simple_controller.dir/build.make:76: CMakeFiles/simple_controller.dir/src/simple_controller.cpp.o] Error 1
[1.917s] gmake[1]: *** [CMakeFiles/Makefile2:170: CMakeFiles/simple_controller.dir/all] Error 2
[1.917s] gmake[1]: *** Waiting for unfinished jobs....
[2.418s] running egg_info
[2.466s] writing arduinobot_controller.egg-info/PKG-INFO
[2.466s] writing dependency_links to arduinobot_controller.egg-info/dependency_links.txt
[2.466s] writing top-level names to arduinobot_controller.egg-info/top_level.txt
[2.606s] reading manifest file 'arduinobot_controller.egg-info/SOURCES.txt'
[2.607s] writing manifest file 'arduinobot_controller.egg-info/SOURCES.txt'
[2.680s] [ 50%] Built target ament_cmake_python_build_arduinobot_controller_egg
[7.883s] [ 66%] [32m[1mLinking CXX shared library libarduinobot_controller.so[0m
[8.117s] [ 66%] Built target arduinobot_controller
[10.933s] [ 83%] [32m[1mLinking CXX executable slider_control[0m
[11.244s] [ 83%] Built target slider_control
[11.245s] gmake: *** [Makefile:146: all] Error 2
[11.247s] Invoked command in '/home/jeulin/Robotics-and-ROS-2-Learn-by-Doing-Manipulators/Section9_Build/arduinobot_ws/build/arduinobot_controller' returned '2': CMAKE_PREFIX_PATH=/home/jeulin/Robotics-and-ROS-2-Learn-by-Doing-Manipulators/Section9_Build/arduinobot_ws/install/arduinobot_description:/home/jeulin/Robotics-and-ROS-2-Learn-by-Doing-Manipulators/Section9_Build/arduinobot_ws/install/arduinobot_utils:/home/jeulin/Robotics-and-ROS-2-Learn-by-Doing-Manipulators/Section9_Build/arduinobot_ws/install/arduinobot_bringup:/home/jeulin/Robotics-and-ROS-2-Learn-by-Doing-Manipulators/Section9_Build/arduinobot_ws/install/arduinobot_remote:/home/jeulin/Robotics-and-ROS-2-Learn-by-Doing-Manipulators/Section9_Build/arduinobot_ws/install/arduinobot_cpp_examples:/home/jeulin/Robotics-and-ROS-2-Learn-by-Doing-Manipulators/Section9_Build/arduinobot_ws/install/arduinobot_msgs:/home/jeulin/Robotics-and-ROS-2-Learn-by-Doing-Manipulators/Section9_Build/arduinobot_ws/install/arduinobot_moveit:/home/jeulin/Robotics-and-ROS-2-Learn-by-Doing-Manipulators/Section9_Build/arduinobot_ws/install/arduinobot_firmware:/home/jeulin/Robotics-and-ROS-2-Learn-by-Doing-Manipulators/Section9_Build/arduinobot_ws/install/arduinobot_controller:/opt/ros/jazzy/opt/gz_sim_vendor:/opt/ros/jazzy/opt/gz_sensors_vendor:/opt/ros/jazzy/opt/gz_physics_vendor:/opt/ros/jazzy/opt/sdformat_vendor:/opt/ros/jazzy/opt/gz_gui_vendor:/opt/ros/jazzy/opt/gz_transport_vendor:/opt/ros/jazzy/opt/gz_rendering_vendor:/opt/ros/jazzy/opt/gz_plugin_vendor:/opt/ros/jazzy/opt/gz_fuel_tools_vendor:/opt/ros/jazzy/opt/gz_msgs_vendor:/opt/ros/jazzy/opt/gz_common_vendor:/opt/ros/jazzy/opt/gz_math_vendor:/opt/ros/jazzy/opt/gz_utils_vendor:/opt/ros/jazzy/opt/gz_tools_vendor:/opt/ros/jazzy/opt/gz_ogre_next_vendor:/opt/ros/jazzy/opt/gz_dartsim_vendor:/opt/ros/jazzy/opt/gz_cmake_vendor:/home/jeulin/Robotics-and-ROS-2-Learn-by-Doing-Manipulators/Section9_Build/arduinobot_ws/install/arduinobot_py_examples:/opt/ros/jazzy DEBUGINFOD_URLS=https://debuginfod.ubuntu.com /usr/bin/cmake --build /home/jeulin/Robotics-and-ROS-2-Learn-by-Doing-Manipulators/Section9_Build/arduinobot_ws/build/arduinobot_controller -- -j8 -l8
