[ 50%] Built target slider_control
[ 50%] Built target ament_cmake_python_copy_haircutterbot_controller
[100%] Built target haircutterbot_controller
running egg_info
writing haircutterbot_controller.egg-info/PKG-INFO
writing dependency_links to haircutterbot_controller.egg-info/dependency_links.txt
writing top-level names to haircutterbot_controller.egg-info/top_level.txt
reading manifest file 'haircutterbot_controller.egg-info/SOURCES.txt'
writing manifest file 'haircutterbot_controller.egg-info/SOURCES.txt'
[100%] Built target ament_cmake_python_build_haircutterbot_controller_egg
-- Install configuration: ""
-- Up-to-date: /home/jeulin/git-repo-projects/Robotics-Manipulator/install/haircutterbot_controller/share/haircutterbot_controller/haircutterbot_controller.xml
-- Up-to-date: /home/jeulin/git-repo-projects/Robotics-Manipulator/install/haircutterbot_controller/share/haircutterbot_controller/environment/pythonpath.sh
-- Up-to-date: /home/jeulin/git-repo-projects/Robotics-Manipulator/install/haircutterbot_controller/share/haircutterbot_controller/environment/pythonpath.dsv
-- Up-to-date: /home/jeulin/git-repo-projects/Robotics-Manipulator/install/haircutterbot_controller/lib/python3.12/site-packages/haircutterbot_controller-0.0.0-py3.12.egg-info
-- Installing: /home/jeulin/git-repo-projects/Robotics-Manipulator/install/haircutterbot_controller/lib/python3.12/site-packages/haircutterbot_controller-0.0.0-py3.12.egg-info/PKG-INFO
-- Installing: /home/jeulin/git-repo-projects/Robotics-Manipulator/install/haircutterbot_controller/lib/python3.12/site-packages/haircutterbot_controller-0.0.0-py3.12.egg-info/top_level.txt
-- Installing: /home/jeulin/git-repo-projects/Robotics-Manipulator/install/haircutterbot_controller/lib/python3.12/site-packages/haircutterbot_controller-0.0.0-py3.12.egg-info/SOURCES.txt
-- Installing: /home/jeulin/git-repo-projects/Robotics-Manipulator/install/haircutterbot_controller/lib/python3.12/site-packages/haircutterbot_controller-0.0.0-py3.12.egg-info/dependency_links.txt
-- Up-to-date: /home/jeulin/git-repo-projects/Robotics-Manipulator/install/haircutterbot_controller/lib/python3.12/site-packages/haircutterbot_controller
-- Up-to-date: /home/jeulin/git-repo-projects/Robotics-Manipulator/install/haircutterbot_controller/lib/python3.12/site-packages/haircutterbot_controller/slider_control.py
-- Up-to-date: /home/jeulin/git-repo-projects/Robotics-Manipulator/install/haircutterbot_controller/lib/python3.12/site-packages/haircutterbot_controller/__init__.py
-- Up-to-date: /home/jeulin/git-repo-projects/Robotics-Manipulator/install/haircutterbot_controller/lib/python3.12/site-packages/haircutterbot_controller/simple_controller.py
Listing '/home/jeulin/git-repo-projects/Robotics-Manipulator/install/haircutterbot_controller/lib/python3.12/site-packages/haircutterbot_controller'...
-- Up-to-date: /home/jeulin/git-repo-projects/Robotics-Manipulator/install/haircutterbot_controller/lib/haircutterbot_controller/slider_control
-- Up-to-date: /home/jeulin/git-repo-projects/Robotics-Manipulator/install/haircutterbot_controller/lib/libhaircutterbot_controller.so
-- Up-to-date: /home/jeulin/git-repo-projects/Robotics-Manipulator/install/haircutterbot_controller/include/include
-- Up-to-date: /home/jeulin/git-repo-projects/Robotics-Manipulator/install/haircutterbot_controller/include/include/haircutterbot_controller
-- Up-to-date: /home/jeulin/git-repo-projects/Robotics-Manipulator/install/haircutterbot_controller/include/include/haircutterbot_controller/haircutterbot_interface.hpp
-- Up-to-date: /home/jeulin/git-repo-projects/Robotics-Manipulator/install/haircutterbot_controller/share/haircutterbot_controller/launch
-- Up-to-date: /home/jeulin/git-repo-projects/Robotics-Manipulator/install/haircutterbot_controller/share/haircutterbot_controller/launch/slider_controller.launch.py
-- Up-to-date: /home/jeulin/git-repo-projects/Robotics-Manipulator/install/haircutterbot_controller/share/haircutterbot_controller/launch/joystick_teleop.launch.py
-- Up-to-date: /home/jeulin/git-repo-projects/Robotics-Manipulator/install/haircutterbot_controller/share/haircutterbot_controller/launch/controller.launch.py
-- Up-to-date: /home/jeulin/git-repo-projects/Robotics-Manipulator/install/haircutterbot_controller/share/haircutterbot_controller/launch/__pycache__
-- Up-to-date: /home/jeulin/git-repo-projects/Robotics-Manipulator/install/haircutterbot_controller/share/haircutterbot_controller/launch/__pycache__/controller.launch.cpython-312.pyc
-- Up-to-date: /home/jeulin/git-repo-projects/Robotics-Manipulator/install/haircutterbot_controller/share/haircutterbot_controller/launch/__pycache__/joystick_teleop.launch.cpython-312.pyc
-- Up-to-date: /home/jeulin/git-repo-projects/Robotics-Manipulator/install/haircutterbot_controller/share/haircutterbot_controller/launch/__pycache__/slider_controller.launch.cpython-312.pyc
-- Up-to-date: /home/jeulin/git-repo-projects/Robotics-Manipulator/install/haircutterbot_controller/share/haircutterbot_controller/config
-- Up-to-date: /home/jeulin/git-repo-projects/Robotics-Manipulator/install/haircutterbot_controller/share/haircutterbot_controller/config/joy_teleop.yaml
-- Up-to-date: /home/jeulin/git-repo-projects/Robotics-Manipulator/install/haircutterbot_controller/share/haircutterbot_controller/config/joy_config.yaml
-- Up-to-date: /home/jeulin/git-repo-projects/Robotics-Manipulator/install/haircutterbot_controller/share/haircutterbot_controller/config/haircutterbot_controllers.yaml
-- Up-to-date: /home/jeulin/git-repo-projects/Robotics-Manipulator/install/haircutterbot_controller/lib/haircutterbot_controller/slider_control.py
-- Up-to-date: /home/jeulin/git-repo-projects/Robotics-Manipulator/install/haircutterbot_controller/lib/haircutterbot_controller/simple_controller.py
-- Up-to-date: /home/jeulin/git-repo-projects/Robotics-Manipulator/install/haircutterbot_controller/share/haircutterbot_controller/environment/library_path.sh
-- Up-to-date: /home/jeulin/git-repo-projects/Robotics-Manipulator/install/haircutterbot_controller/share/haircutterbot_controller/environment/library_path.dsv
-- Up-to-date: /home/jeulin/git-repo-projects/Robotics-Manipulator/install/haircutterbot_controller/share/ament_index/resource_index/package_run_dependencies/haircutterbot_controller
-- Up-to-date: /home/jeulin/git-repo-projects/Robotics-Manipulator/install/haircutterbot_controller/share/ament_index/resource_index/parent_prefix_path/haircutterbot_controller
-- Up-to-date: /home/jeulin/git-repo-projects/Robotics-Manipulator/install/haircutterbot_controller/share/haircutterbot_controller/environment/ament_prefix_path.sh
-- Up-to-date: /home/jeulin/git-repo-projects/Robotics-Manipulator/install/haircutterbot_controller/share/haircutterbot_controller/environment/ament_prefix_path.dsv
-- Up-to-date: /home/jeulin/git-repo-projects/Robotics-Manipulator/install/haircutterbot_controller/share/haircutterbot_controller/environment/path.sh
-- Up-to-date: /home/jeulin/git-repo-projects/Robotics-Manipulator/install/haircutterbot_controller/share/haircutterbot_controller/environment/path.dsv
-- Up-to-date: /home/jeulin/git-repo-projects/Robotics-Manipulator/install/haircutterbot_controller/share/haircutterbot_controller/local_setup.bash
-- Up-to-date: /home/jeulin/git-repo-projects/Robotics-Manipulator/install/haircutterbot_controller/share/haircutterbot_controller/local_setup.sh
-- Up-to-date: /home/jeulin/git-repo-projects/Robotics-Manipulator/install/haircutterbot_controller/share/haircutterbot_controller/local_setup.zsh
-- Up-to-date: /home/jeulin/git-repo-projects/Robotics-Manipulator/install/haircutterbot_controller/share/haircutterbot_controller/local_setup.dsv
-- Installing: /home/jeulin/git-repo-projects/Robotics-Manipulator/install/haircutterbot_controller/share/haircutterbot_controller/package.dsv
-- Up-to-date: /home/jeulin/git-repo-projects/Robotics-Manipulator/install/haircutterbot_controller/share/ament_index/resource_index/packages/haircutterbot_controller
-- Up-to-date: /home/jeulin/git-repo-projects/Robotics-Manipulator/install/haircutterbot_controller/share/ament_index/resource_index/hardware_interface__pluginlib__plugin/haircutterbot_controller
-- Up-to-date: /home/jeulin/git-repo-projects/Robotics-Manipulator/install/haircutterbot_controller/share/haircutterbot_controller/cmake/ament_cmake_export_include_directories-extras.cmake
-- Up-to-date: /home/jeulin/git-repo-projects/Robotics-Manipulator/install/haircutterbot_controller/share/haircutterbot_controller/cmake/ament_cmake_export_libraries-extras.cmake
-- Up-to-date: /home/jeulin/git-repo-projects/Robotics-Manipulator/install/haircutterbot_controller/share/haircutterbot_controller/cmake/ament_cmake_export_dependencies-extras.cmake
-- Up-to-date: /home/jeulin/git-repo-projects/Robotics-Manipulator/install/haircutterbot_controller/share/haircutterbot_controller/cmake/haircutterbot_controllerConfig.cmake
-- Up-to-date: /home/jeulin/git-repo-projects/Robotics-Manipulator/install/haircutterbot_controller/share/haircutterbot_controller/cmake/haircutterbot_controllerConfig-version.cmake
-- Up-to-date: /home/jeulin/git-repo-projects/Robotics-Manipulator/install/haircutterbot_controller/share/haircutterbot_controller/package.xml
