[0.027s] Invoking command in '/home/jeulin/git-repo-projects/Robotics-Manipulator/build/haircutterbot_controller': AMENT_PREFIX_PATH=/home/jeulin/git-repo-projects/Robotics-Manipulator/install/haircutterbot_description:${AMENT_PREFIX_PATH} CMAKE_PREFIX_PATH=/home/jeulin/git-repo-projects/Robotics-Manipulator/install/haircutterbot_description:/opt/ros/jazzy/opt/gz_sim_vendor:/opt/ros/jazzy/opt/gz_sensors_vendor:/opt/ros/jazzy/opt/gz_physics_vendor:/opt/ros/jazzy/opt/sdformat_vendor:/opt/ros/jazzy/opt/gz_gui_vendor:/opt/ros/jazzy/opt/gz_transport_vendor:/opt/ros/jazzy/opt/gz_rendering_vendor:/opt/ros/jazzy/opt/gz_plugin_vendor:/opt/ros/jazzy/opt/gz_fuel_tools_vendor:/opt/ros/jazzy/opt/gz_msgs_vendor:/opt/ros/jazzy/opt/gz_common_vendor:/opt/ros/jazzy/opt/gz_math_vendor:/opt/ros/jazzy/opt/gz_utils_vendor:/opt/ros/jazzy/opt/gz_tools_vendor:/opt/ros/jazzy/opt/gz_ogre_next_vendor:/opt/ros/jazzy/opt/gz_dartsim_vendor:/opt/ros/jazzy/opt/gz_cmake_vendor:/opt/ros/jazzy DEBUGINFOD_URLS=https://debuginfod.ubuntu.com /usr/bin/cmake --build /home/jeulin/git-repo-projects/Robotics-Manipulator/build/haircutterbot_controller -- -j8 -l8
[0.134s] [ 50%] Built target slider_control
[0.139s] [ 50%] Built target ament_cmake_python_copy_haircutterbot_controller
[0.145s] [100%] Built target haircutterbot_controller
[0.427s] running egg_info
[0.454s] writing haircutterbot_controller.egg-info/PKG-INFO
[0.454s] writing dependency_links to haircutterbot_controller.egg-info/dependency_links.txt
[0.455s] writing top-level names to haircutterbot_controller.egg-info/top_level.txt
[0.556s] reading manifest file 'haircutterbot_controller.egg-info/SOURCES.txt'
[0.557s] writing manifest file 'haircutterbot_controller.egg-info/SOURCES.txt'
[0.599s] [100%] Built target ament_cmake_python_build_haircutterbot_controller_egg
[0.655s] Invoked command in '/home/jeulin/git-repo-projects/Robotics-Manipulator/build/haircutterbot_controller' returned '0': AMENT_PREFIX_PATH=/home/jeulin/git-repo-projects/Robotics-Manipulator/install/haircutterbot_description:${AMENT_PREFIX_PATH} CMAKE_PREFIX_PATH=/home/jeulin/git-repo-projects/Robotics-Manipulator/install/haircutterbot_description:/opt/ros/jazzy/opt/gz_sim_vendor:/opt/ros/jazzy/opt/gz_sensors_vendor:/opt/ros/jazzy/opt/gz_physics_vendor:/opt/ros/jazzy/opt/sdformat_vendor:/opt/ros/jazzy/opt/gz_gui_vendor:/opt/ros/jazzy/opt/gz_transport_vendor:/opt/ros/jazzy/opt/gz_rendering_vendor:/opt/ros/jazzy/opt/gz_plugin_vendor:/opt/ros/jazzy/opt/gz_fuel_tools_vendor:/opt/ros/jazzy/opt/gz_msgs_vendor:/opt/ros/jazzy/opt/gz_common_vendor:/opt/ros/jazzy/opt/gz_math_vendor:/opt/ros/jazzy/opt/gz_utils_vendor:/opt/ros/jazzy/opt/gz_tools_vendor:/opt/ros/jazzy/opt/gz_ogre_next_vendor:/opt/ros/jazzy/opt/gz_dartsim_vendor:/opt/ros/jazzy/opt/gz_cmake_vendor:/opt/ros/jazzy DEBUGINFOD_URLS=https://debuginfod.ubuntu.com /usr/bin/cmake --build /home/jeulin/git-repo-projects/Robotics-Manipulator/build/haircutterbot_controller -- -j8 -l8
[0.657s] Invoking command in '/home/jeulin/git-repo-projects/Robotics-Manipulator/build/haircutterbot_controller': AMENT_PREFIX_PATH=/home/jeulin/git-repo-projects/Robotics-Manipulator/install/haircutterbot_description:${AMENT_PREFIX_PATH} CMAKE_PREFIX_PATH=/home/jeulin/git-repo-projects/Robotics-Manipulator/install/haircutterbot_description:/opt/ros/jazzy/opt/gz_sim_vendor:/opt/ros/jazzy/opt/gz_sensors_vendor:/opt/ros/jazzy/opt/gz_physics_vendor:/opt/ros/jazzy/opt/sdformat_vendor:/opt/ros/jazzy/opt/gz_gui_vendor:/opt/ros/jazzy/opt/gz_transport_vendor:/opt/ros/jazzy/opt/gz_rendering_vendor:/opt/ros/jazzy/opt/gz_plugin_vendor:/opt/ros/jazzy/opt/gz_fuel_tools_vendor:/opt/ros/jazzy/opt/gz_msgs_vendor:/opt/ros/jazzy/opt/gz_common_vendor:/opt/ros/jazzy/opt/gz_math_vendor:/opt/ros/jazzy/opt/gz_utils_vendor:/opt/ros/jazzy/opt/gz_tools_vendor:/opt/ros/jazzy/opt/gz_ogre_next_vendor:/opt/ros/jazzy/opt/gz_dartsim_vendor:/opt/ros/jazzy/opt/gz_cmake_vendor:/opt/ros/jazzy DEBUGINFOD_URLS=https://debuginfod.ubuntu.com /usr/bin/cmake --install /home/jeulin/git-repo-projects/Robotics-Manipulator/build/haircutterbot_controller
[0.668s] -- Install configuration: ""
[0.668s] -- Up-to-date: /home/jeulin/git-repo-projects/Robotics-Manipulator/install/haircutterbot_controller/share/haircutterbot_controller/haircutterbot_controller.xml
[0.670s] -- Up-to-date: /home/jeulin/git-repo-projects/Robotics-Manipulator/install/haircutterbot_controller/share/haircutterbot_controller/environment/pythonpath.sh
[0.670s] -- Up-to-date: /home/jeulin/git-repo-projects/Robotics-Manipulator/install/haircutterbot_controller/share/haircutterbot_controller/environment/pythonpath.dsv
[0.670s] -- Up-to-date: /home/jeulin/git-repo-projects/Robotics-Manipulator/install/haircutterbot_controller/lib/python3.12/site-packages/haircutterbot_controller-0.0.0-py3.12.egg-info
[0.670s] -- Installing: /home/jeulin/git-repo-projects/Robotics-Manipulator/install/haircutterbot_controller/lib/python3.12/site-packages/haircutterbot_controller-0.0.0-py3.12.egg-info/PKG-INFO
[0.670s] -- Installing: /home/jeulin/git-repo-projects/Robotics-Manipulator/install/haircutterbot_controller/lib/python3.12/site-packages/haircutterbot_controller-0.0.0-py3.12.egg-info/top_level.txt
[0.671s] -- Installing: /home/jeulin/git-repo-projects/Robotics-Manipulator/install/haircutterbot_controller/lib/python3.12/site-packages/haircutterbot_controller-0.0.0-py3.12.egg-info/SOURCES.txt
[0.671s] -- Installing: /home/jeulin/git-repo-projects/Robotics-Manipulator/install/haircutterbot_controller/lib/python3.12/site-packages/haircutterbot_controller-0.0.0-py3.12.egg-info/dependency_links.txt
[0.671s] -- Up-to-date: /home/jeulin/git-repo-projects/Robotics-Manipulator/install/haircutterbot_controller/lib/python3.12/site-packages/haircutterbot_controller
[0.671s] -- Up-to-date: /home/jeulin/git-repo-projects/Robotics-Manipulator/install/haircutterbot_controller/lib/python3.12/site-packages/haircutterbot_controller/slider_control.py
[0.671s] -- Up-to-date: /home/jeulin/git-repo-projects/Robotics-Manipulator/install/haircutterbot_controller/lib/python3.12/site-packages/haircutterbot_controller/__init__.py
[0.671s] -- Up-to-date: /home/jeulin/git-repo-projects/Robotics-Manipulator/install/haircutterbot_controller/lib/python3.12/site-packages/haircutterbot_controller/simple_controller.py
[0.707s] Listing '/home/jeulin/git-repo-projects/Robotics-Manipulator/install/haircutterbot_controller/lib/python3.12/site-packages/haircutterbot_controller'...
[0.720s] -- Up-to-date: /home/jeulin/git-repo-projects/Robotics-Manipulator/install/haircutterbot_controller/lib/haircutterbot_controller/slider_control
[0.722s] -- Up-to-date: /home/jeulin/git-repo-projects/Robotics-Manipulator/install/haircutterbot_controller/lib/libhaircutterbot_controller.so
[0.723s] -- Up-to-date: /home/jeulin/git-repo-projects/Robotics-Manipulator/install/haircutterbot_controller/include/include
[0.724s] -- Up-to-date: /home/jeulin/git-repo-projects/Robotics-Manipulator/install/haircutterbot_controller/include/include/haircutterbot_controller
[0.724s] -- Up-to-date: /home/jeulin/git-repo-projects/Robotics-Manipulator/install/haircutterbot_controller/include/include/haircutterbot_controller/haircutterbot_interface.hpp
[0.725s] -- Up-to-date: /home/jeulin/git-repo-projects/Robotics-Manipulator/install/haircutterbot_controller/share/haircutterbot_controller/launch
[0.725s] -- Up-to-date: /home/jeulin/git-repo-projects/Robotics-Manipulator/install/haircutterbot_controller/share/haircutterbot_controller/launch/slider_controller.launch.py
[0.726s] -- Up-to-date: /home/jeulin/git-repo-projects/Robotics-Manipulator/install/haircutterbot_controller/share/haircutterbot_controller/launch/joystick_teleop.launch.py
[0.726s] -- Up-to-date: /home/jeulin/git-repo-projects/Robotics-Manipulator/install/haircutterbot_controller/share/haircutterbot_controller/launch/controller.launch.py
[0.727s] -- Up-to-date: /home/jeulin/git-repo-projects/Robotics-Manipulator/install/haircutterbot_controller/share/haircutterbot_controller/launch/__pycache__
[0.727s] -- Up-to-date: /home/jeulin/git-repo-projects/Robotics-Manipulator/install/haircutterbot_controller/share/haircutterbot_controller/launch/__pycache__/controller.launch.cpython-312.pyc
[0.728s] -- Up-to-date: /home/jeulin/git-repo-projects/Robotics-Manipulator/install/haircutterbot_controller/share/haircutterbot_controller/launch/__pycache__/joystick_teleop.launch.cpython-312.pyc
[0.729s] -- Up-to-date: /home/jeulin/git-repo-projects/Robotics-Manipulator/install/haircutterbot_controller/share/haircutterbot_controller/launch/__pycache__/slider_controller.launch.cpython-312.pyc
[0.730s] -- Up-to-date: /home/jeulin/git-repo-projects/Robotics-Manipulator/install/haircutterbot_controller/share/haircutterbot_controller/config
[0.730s] -- Up-to-date: /home/jeulin/git-repo-projects/Robotics-Manipulator/install/haircutterbot_controller/share/haircutterbot_controller/config/joy_teleop.yaml
[0.731s] -- Up-to-date: /home/jeulin/git-repo-projects/Robotics-Manipulator/install/haircutterbot_controller/share/haircutterbot_controller/config/joy_config.yaml
[0.731s] -- Up-to-date: /home/jeulin/git-repo-projects/Robotics-Manipulator/install/haircutterbot_controller/share/haircutterbot_controller/config/haircutterbot_controllers.yaml
[0.731s] -- Up-to-date: /home/jeulin/git-repo-projects/Robotics-Manipulator/install/haircutterbot_controller/lib/haircutterbot_controller/slider_control.py
[0.732s] -- Up-to-date: /home/jeulin/git-repo-projects/Robotics-Manipulator/install/haircutterbot_controller/lib/haircutterbot_controller/simple_controller.py
[0.732s] -- Up-to-date: /home/jeulin/git-repo-projects/Robotics-Manipulator/install/haircutterbot_controller/share/haircutterbot_controller/environment/library_path.sh
[0.733s] -- Up-to-date: /home/jeulin/git-repo-projects/Robotics-Manipulator/install/haircutterbot_controller/share/haircutterbot_controller/environment/library_path.dsv
[0.733s] -- Up-to-date: /home/jeulin/git-repo-projects/Robotics-Manipulator/install/haircutterbot_controller/share/ament_index/resource_index/package_run_dependencies/haircutterbot_controller
[0.733s] -- Up-to-date: /home/jeulin/git-repo-projects/Robotics-Manipulator/install/haircutterbot_controller/share/ament_index/resource_index/parent_prefix_path/haircutterbot_controller
[0.733s] -- Up-to-date: /home/jeulin/git-repo-projects/Robotics-Manipulator/install/haircutterbot_controller/share/haircutterbot_controller/environment/ament_prefix_path.sh
[0.733s] -- Up-to-date: /home/jeulin/git-repo-projects/Robotics-Manipulator/install/haircutterbot_controller/share/haircutterbot_controller/environment/ament_prefix_path.dsv
[0.733s] -- Up-to-date: /home/jeulin/git-repo-projects/Robotics-Manipulator/install/haircutterbot_controller/share/haircutterbot_controller/environment/path.sh
[0.734s] -- Up-to-date: /home/jeulin/git-repo-projects/Robotics-Manipulator/install/haircutterbot_controller/share/haircutterbot_controller/environment/path.dsv
[0.734s] -- Up-to-date: /home/jeulin/git-repo-projects/Robotics-Manipulator/install/haircutterbot_controller/share/haircutterbot_controller/local_setup.bash
[0.735s] -- Up-to-date: /home/jeulin/git-repo-projects/Robotics-Manipulator/install/haircutterbot_controller/share/haircutterbot_controller/local_setup.sh
[0.735s] -- Up-to-date: /home/jeulin/git-repo-projects/Robotics-Manipulator/install/haircutterbot_controller/share/haircutterbot_controller/local_setup.zsh
[0.735s] -- Up-to-date: /home/jeulin/git-repo-projects/Robotics-Manipulator/install/haircutterbot_controller/share/haircutterbot_controller/local_setup.dsv
[0.735s] -- Installing: /home/jeulin/git-repo-projects/Robotics-Manipulator/install/haircutterbot_controller/share/haircutterbot_controller/package.dsv
[0.736s] -- Up-to-date: /home/jeulin/git-repo-projects/Robotics-Manipulator/install/haircutterbot_controller/share/ament_index/resource_index/packages/haircutterbot_controller
[0.736s] -- Up-to-date: /home/jeulin/git-repo-projects/Robotics-Manipulator/install/haircutterbot_controller/share/ament_index/resource_index/hardware_interface__pluginlib__plugin/haircutterbot_controller
[0.736s] -- Up-to-date: /home/jeulin/git-repo-projects/Robotics-Manipulator/install/haircutterbot_controller/share/haircutterbot_controller/cmake/ament_cmake_export_include_directories-extras.cmake
[0.736s] -- Up-to-date: /home/jeulin/git-repo-projects/Robotics-Manipulator/install/haircutterbot_controller/share/haircutterbot_controller/cmake/ament_cmake_export_libraries-extras.cmake
[0.737s] -- Up-to-date: /home/jeulin/git-repo-projects/Robotics-Manipulator/install/haircutterbot_controller/share/haircutterbot_controller/cmake/ament_cmake_export_dependencies-extras.cmake
[0.737s] -- Up-to-date: /home/jeulin/git-repo-projects/Robotics-Manipulator/install/haircutterbot_controller/share/haircutterbot_controller/cmake/haircutterbot_controllerConfig.cmake
[0.737s] -- Up-to-date: /home/jeulin/git-repo-projects/Robotics-Manipulator/install/haircutterbot_controller/share/haircutterbot_controller/cmake/haircutterbot_controllerConfig-version.cmake
[0.737s] -- Up-to-date: /home/jeulin/git-repo-projects/Robotics-Manipulator/install/haircutterbot_controller/share/haircutterbot_controller/package.xml
[1.229s] Invoked command in '/home/jeulin/git-repo-projects/Robotics-Manipulator/build/haircutterbot_controller' returned '0': AMENT_PREFIX_PATH=/home/jeulin/git-repo-projects/Robotics-Manipulator/install/haircutterbot_description:${AMENT_PREFIX_PATH} CMAKE_PREFIX_PATH=/home/jeulin/git-repo-projects/Robotics-Manipulator/install/haircutterbot_description:/opt/ros/jazzy/opt/gz_sim_vendor:/opt/ros/jazzy/opt/gz_sensors_vendor:/opt/ros/jazzy/opt/gz_physics_vendor:/opt/ros/jazzy/opt/sdformat_vendor:/opt/ros/jazzy/opt/gz_gui_vendor:/opt/ros/jazzy/opt/gz_transport_vendor:/opt/ros/jazzy/opt/gz_rendering_vendor:/opt/ros/jazzy/opt/gz_plugin_vendor:/opt/ros/jazzy/opt/gz_fuel_tools_vendor:/opt/ros/jazzy/opt/gz_msgs_vendor:/opt/ros/jazzy/opt/gz_common_vendor:/opt/ros/jazzy/opt/gz_math_vendor:/opt/ros/jazzy/opt/gz_utils_vendor:/opt/ros/jazzy/opt/gz_tools_vendor:/opt/ros/jazzy/opt/gz_ogre_next_vendor:/opt/ros/jazzy/opt/gz_dartsim_vendor:/opt/ros/jazzy/opt/gz_cmake_vendor:/opt/ros/jazzy DEBUGINFOD_URLS=https://debuginfod.ubuntu.com /usr/bin/cmake --install /home/jeulin/git-repo-projects/Robotics-Manipulator/build/haircutterbot_controller
