[1.755s] Invoking command in '/home/jeulin/git-repo-projects/Robotics-Manipulator/haircutterbot/src/haircutterbot_py_examples': AMENT_PREFIX_PATH=/home/jeulin/git-repo-projects/Robotics-Manipulator/haircutterbot/install/haircutterbot_msgs:${AMENT_PREFIX_PATH} CMAKE_PREFIX_PATH=/home/jeulin/git-repo-projects/Robotics-Manipulator/haircutterbot/install/haircutterbot_msgs:${CMAKE_PREFIX_PATH} DEBUGINFOD_URLS=https://debuginfod.ubuntu.com LD_LIBRARY_PATH=/home/jeulin/git-repo-projects/Robotics-Manipulator/haircutterbot/install/haircutterbot_msgs/lib:${LD_LIBRARY_PATH} PYTHONPATH=/home/jeulin/git-repo-projects/Robotics-Manipulator/haircutterbot/build/haircutterbot_py_examples/prefix_override:/usr/lib/python3/dist-packages/colcon_core/task/python/colcon_distutils_commands:/home/jeulin/git-repo-projects/Robotics-Manipulator/haircutterbot/install/haircutterbot_py_examples/lib/python3.12/site-packages:/home/jeulin/git-repo-projects/Robotics-Manipulator/haircutterbot/install/haircutterbot_msgs/lib/python3.12/site-packages:${PYTHONPATH} /usr/bin/python3 -W ignore:setup.py install is deprecated -W ignore:easy_install command is deprecated setup.py egg_info --egg-base ../../build/haircutterbot_py_examples build --build-base /home/jeulin/git-repo-projects/Robotics-Manipulator/haircutterbot/build/haircutterbot_py_examples/build install --record /home/jeulin/git-repo-projects/Robotics-Manipulator/haircutterbot/build/haircutterbot_py_examples/install.log --single-version-externally-managed install_data
[2.184s] running egg_info
[2.184s] creating ../../build/haircutterbot_py_examples/haircutterbot_py_examples.egg-info
[2.232s] writing ../../build/haircutterbot_py_examples/haircutterbot_py_examples.egg-info/PKG-INFO
[2.232s] writing dependency_links to ../../build/haircutterbot_py_examples/haircutterbot_py_examples.egg-info/dependency_links.txt
[2.232s] writing entry points to ../../build/haircutterbot_py_examples/haircutterbot_py_examples.egg-info/entry_points.txt
[2.233s] writing requirements to ../../build/haircutterbot_py_examples/haircutterbot_py_examples.egg-info/requires.txt
[2.233s] writing top-level names to ../../build/haircutterbot_py_examples/haircutterbot_py_examples.egg-info/top_level.txt
[2.233s] writing manifest file '../../build/haircutterbot_py_examples/haircutterbot_py_examples.egg-info/SOURCES.txt'
[2.328s] reading manifest file '../../build/haircutterbot_py_examples/haircutterbot_py_examples.egg-info/SOURCES.txt'
[2.330s] writing manifest file '../../build/haircutterbot_py_examples/haircutterbot_py_examples.egg-info/SOURCES.txt'
[2.330s] running build
[2.330s] running build_py
[2.330s] creating /home/jeulin/git-repo-projects/Robotics-Manipulator/haircutterbot/build/haircutterbot_py_examples/build
[2.330s] creating /home/jeulin/git-repo-projects/Robotics-Manipulator/haircutterbot/build/haircutterbot_py_examples/build/lib
[2.330s] creating /home/jeulin/git-repo-projects/Robotics-Manipulator/haircutterbot/build/haircutterbot_py_examples/build/lib/haircutterbot_py_examples
[2.331s] copying haircutterbot_py_examples/simple_service_client.py -> /home/jeulin/git-repo-projects/Robotics-Manipulator/haircutterbot/build/haircutterbot_py_examples/build/lib/haircutterbot_py_examples
[2.331s] copying haircutterbot_py_examples/simple_moveit_interface.py -> /home/jeulin/git-repo-projects/Robotics-Manipulator/haircutterbot/build/haircutterbot_py_examples/build/lib/haircutterbot_py_examples
[2.331s] copying haircutterbot_py_examples/simple_action_client.py -> /home/jeulin/git-repo-projects/Robotics-Manipulator/haircutterbot/build/haircutterbot_py_examples/build/lib/haircutterbot_py_examples
[2.331s] copying haircutterbot_py_examples/simple_parameter.py -> /home/jeulin/git-repo-projects/Robotics-Manipulator/haircutterbot/build/haircutterbot_py_examples/build/lib/haircutterbot_py_examples
[2.332s] copying haircutterbot_py_examples/__init__.py -> /home/jeulin/git-repo-projects/Robotics-Manipulator/haircutterbot/build/haircutterbot_py_examples/build/lib/haircutterbot_py_examples
[2.332s] copying haircutterbot_py_examples/simple_publisher.py -> /home/jeulin/git-repo-projects/Robotics-Manipulator/haircutterbot/build/haircutterbot_py_examples/build/lib/haircutterbot_py_examples
[2.332s] copying haircutterbot_py_examples/simple_service_server.py -> /home/jeulin/git-repo-projects/Robotics-Manipulator/haircutterbot/build/haircutterbot_py_examples/build/lib/haircutterbot_py_examples
[2.332s] copying haircutterbot_py_examples/simple_action_server.py -> /home/jeulin/git-repo-projects/Robotics-Manipulator/haircutterbot/build/haircutterbot_py_examples/build/lib/haircutterbot_py_examples
[2.333s] copying haircutterbot_py_examples/simple_subscriber.py -> /home/jeulin/git-repo-projects/Robotics-Manipulator/haircutterbot/build/haircutterbot_py_examples/build/lib/haircutterbot_py_examples
[2.333s] running install
[2.348s] running install_lib
[2.395s] creating /home/jeulin/git-repo-projects/Robotics-Manipulator/haircutterbot/install/haircutterbot_py_examples/lib/python3.12/site-packages/haircutterbot_py_examples
[2.395s] copying /home/jeulin/git-repo-projects/Robotics-Manipulator/haircutterbot/build/haircutterbot_py_examples/build/lib/haircutterbot_py_examples/simple_service_client.py -> /home/jeulin/git-repo-projects/Robotics-Manipulator/haircutterbot/install/haircutterbot_py_examples/lib/python3.12/site-packages/haircutterbot_py_examples
[2.395s] copying /home/jeulin/git-repo-projects/Robotics-Manipulator/haircutterbot/build/haircutterbot_py_examples/build/lib/haircutterbot_py_examples/simple_moveit_interface.py -> /home/jeulin/git-repo-projects/Robotics-Manipulator/haircutterbot/install/haircutterbot_py_examples/lib/python3.12/site-packages/haircutterbot_py_examples
[2.396s] copying /home/jeulin/git-repo-projects/Robotics-Manipulator/haircutterbot/build/haircutterbot_py_examples/build/lib/haircutterbot_py_examples/simple_action_client.py -> /home/jeulin/git-repo-projects/Robotics-Manipulator/haircutterbot/install/haircutterbot_py_examples/lib/python3.12/site-packages/haircutterbot_py_examples
[2.396s] copying /home/jeulin/git-repo-projects/Robotics-Manipulator/haircutterbot/build/haircutterbot_py_examples/build/lib/haircutterbot_py_examples/simple_parameter.py -> /home/jeulin/git-repo-projects/Robotics-Manipulator/haircutterbot/install/haircutterbot_py_examples/lib/python3.12/site-packages/haircutterbot_py_examples
[2.396s] copying /home/jeulin/git-repo-projects/Robotics-Manipulator/haircutterbot/build/haircutterbot_py_examples/build/lib/haircutterbot_py_examples/__init__.py -> /home/jeulin/git-repo-projects/Robotics-Manipulator/haircutterbot/install/haircutterbot_py_examples/lib/python3.12/site-packages/haircutterbot_py_examples
[2.396s] copying /home/jeulin/git-repo-projects/Robotics-Manipulator/haircutterbot/build/haircutterbot_py_examples/build/lib/haircutterbot_py_examples/simple_publisher.py -> /home/jeulin/git-repo-projects/Robotics-Manipulator/haircutterbot/install/haircutterbot_py_examples/lib/python3.12/site-packages/haircutterbot_py_examples
[2.396s] copying /home/jeulin/git-repo-projects/Robotics-Manipulator/haircutterbot/build/haircutterbot_py_examples/build/lib/haircutterbot_py_examples/simple_service_server.py -> /home/jeulin/git-repo-projects/Robotics-Manipulator/haircutterbot/install/haircutterbot_py_examples/lib/python3.12/site-packages/haircutterbot_py_examples
[2.396s] copying /home/jeulin/git-repo-projects/Robotics-Manipulator/haircutterbot/build/haircutterbot_py_examples/build/lib/haircutterbot_py_examples/simple_action_server.py -> /home/jeulin/git-repo-projects/Robotics-Manipulator/haircutterbot/install/haircutterbot_py_examples/lib/python3.12/site-packages/haircutterbot_py_examples
[2.397s] copying /home/jeulin/git-repo-projects/Robotics-Manipulator/haircutterbot/build/haircutterbot_py_examples/build/lib/haircutterbot_py_examples/simple_subscriber.py -> /home/jeulin/git-repo-projects/Robotics-Manipulator/haircutterbot/install/haircutterbot_py_examples/lib/python3.12/site-packages/haircutterbot_py_examples
[2.397s] byte-compiling /home/jeulin/git-repo-projects/Robotics-Manipulator/haircutterbot/install/haircutterbot_py_examples/lib/python3.12/site-packages/haircutterbot_py_examples/simple_service_client.py to simple_service_client.cpython-312.pyc
[2.398s] byte-compiling /home/jeulin/git-repo-projects/Robotics-Manipulator/haircutterbot/install/haircutterbot_py_examples/lib/python3.12/site-packages/haircutterbot_py_examples/simple_moveit_interface.py to simple_moveit_interface.cpython-312.pyc
[2.400s] byte-compiling /home/jeulin/git-repo-projects/Robotics-Manipulator/haircutterbot/install/haircutterbot_py_examples/lib/python3.12/site-packages/haircutterbot_py_examples/simple_action_client.py to simple_action_client.cpython-312.pyc
[2.400s] byte-compiling /home/jeulin/git-repo-projects/Robotics-Manipulator/haircutterbot/install/haircutterbot_py_examples/lib/python3.12/site-packages/haircutterbot_py_examples/simple_parameter.py to simple_parameter.cpython-312.pyc
[2.401s] byte-compiling /home/jeulin/git-repo-projects/Robotics-Manipulator/haircutterbot/install/haircutterbot_py_examples/lib/python3.12/site-packages/haircutterbot_py_examples/__init__.py to __init__.cpython-312.pyc
[2.402s] byte-compiling /home/jeulin/git-repo-projects/Robotics-Manipulator/haircutterbot/install/haircutterbot_py_examples/lib/python3.12/site-packages/haircutterbot_py_examples/simple_publisher.py to simple_publisher.cpython-312.pyc
[2.403s] byte-compiling /home/jeulin/git-repo-projects/Robotics-Manipulator/haircutterbot/install/haircutterbot_py_examples/lib/python3.12/site-packages/haircutterbot_py_examples/simple_service_server.py to simple_service_server.cpython-312.pyc
[2.403s] byte-compiling /home/jeulin/git-repo-projects/Robotics-Manipulator/haircutterbot/install/haircutterbot_py_examples/lib/python3.12/site-packages/haircutterbot_py_examples/simple_action_server.py to simple_action_server.cpython-312.pyc
[2.404s] byte-compiling /home/jeulin/git-repo-projects/Robotics-Manipulator/haircutterbot/install/haircutterbot_py_examples/lib/python3.12/site-packages/haircutterbot_py_examples/simple_subscriber.py to simple_subscriber.cpython-312.pyc
[2.404s] running install_data
[2.404s] creating /home/jeulin/git-repo-projects/Robotics-Manipulator/haircutterbot/install/haircutterbot_py_examples/share/ament_index
[2.404s] creating /home/jeulin/git-repo-projects/Robotics-Manipulator/haircutterbot/install/haircutterbot_py_examples/share/ament_index/resource_index
[2.404s] creating /home/jeulin/git-repo-projects/Robotics-Manipulator/haircutterbot/install/haircutterbot_py_examples/share/ament_index/resource_index/packages
[2.404s] copying resource/haircutterbot_py_examples -> /home/jeulin/git-repo-projects/Robotics-Manipulator/haircutterbot/install/haircutterbot_py_examples/share/ament_index/resource_index/packages
[2.405s] copying package.xml -> /home/jeulin/git-repo-projects/Robotics-Manipulator/haircutterbot/install/haircutterbot_py_examples/share/haircutterbot_py_examples
[2.405s] creating /home/jeulin/git-repo-projects/Robotics-Manipulator/haircutterbot/install/haircutterbot_py_examples/share/haircutterbot_py_examples/launch
[2.405s] copying launch/simple_moveit_interface.launch.py -> /home/jeulin/git-repo-projects/Robotics-Manipulator/haircutterbot/install/haircutterbot_py_examples/share/haircutterbot_py_examples/launch
[2.405s] running install_egg_info
[2.451s] Copying ../../build/haircutterbot_py_examples/haircutterbot_py_examples.egg-info to /home/jeulin/git-repo-projects/Robotics-Manipulator/haircutterbot/install/haircutterbot_py_examples/lib/python3.12/site-packages/haircutterbot_py_examples-0.0.0-py3.12.egg-info
[2.452s] running install_scripts
[2.694s] Installing simple_action_client script to /home/jeulin/git-repo-projects/Robotics-Manipulator/haircutterbot/install/haircutterbot_py_examples/lib/haircutterbot_py_examples
[2.694s] Installing simple_action_server script to /home/jeulin/git-repo-projects/Robotics-Manipulator/haircutterbot/install/haircutterbot_py_examples/lib/haircutterbot_py_examples
[2.694s] Installing simple_moveit_interface script to /home/jeulin/git-repo-projects/Robotics-Manipulator/haircutterbot/install/haircutterbot_py_examples/lib/haircutterbot_py_examples
[2.695s] Installing simple_parameter script to /home/jeulin/git-repo-projects/Robotics-Manipulator/haircutterbot/install/haircutterbot_py_examples/lib/haircutterbot_py_examples
[2.695s] Installing simple_publisher script to /home/jeulin/git-repo-projects/Robotics-Manipulator/haircutterbot/install/haircutterbot_py_examples/lib/haircutterbot_py_examples
[2.695s] Installing simple_service_client script to /home/jeulin/git-repo-projects/Robotics-Manipulator/haircutterbot/install/haircutterbot_py_examples/lib/haircutterbot_py_examples
[2.695s] Installing simple_service_server script to /home/jeulin/git-repo-projects/Robotics-Manipulator/haircutterbot/install/haircutterbot_py_examples/lib/haircutterbot_py_examples
[2.695s] Installing simple_subscriber script to /home/jeulin/git-repo-projects/Robotics-Manipulator/haircutterbot/install/haircutterbot_py_examples/lib/haircutterbot_py_examples
[2.696s] writing list of installed files to '/home/jeulin/git-repo-projects/Robotics-Manipulator/haircutterbot/build/haircutterbot_py_examples/install.log'
[2.735s] Invoked command in '/home/jeulin/git-repo-projects/Robotics-Manipulator/haircutterbot/src/haircutterbot_py_examples' returned '0': AMENT_PREFIX_PATH=/home/jeulin/git-repo-projects/Robotics-Manipulator/haircutterbot/install/haircutterbot_msgs:${AMENT_PREFIX_PATH} CMAKE_PREFIX_PATH=/home/jeulin/git-repo-projects/Robotics-Manipulator/haircutterbot/install/haircutterbot_msgs:${CMAKE_PREFIX_PATH} DEBUGINFOD_URLS=https://debuginfod.ubuntu.com LD_LIBRARY_PATH=/home/jeulin/git-repo-projects/Robotics-Manipulator/haircutterbot/install/haircutterbot_msgs/lib:${LD_LIBRARY_PATH} PYTHONPATH=/home/jeulin/git-repo-projects/Robotics-Manipulator/haircutterbot/build/haircutterbot_py_examples/prefix_override:/usr/lib/python3/dist-packages/colcon_core/task/python/colcon_distutils_commands:/home/jeulin/git-repo-projects/Robotics-Manipulator/haircutterbot/install/haircutterbot_py_examples/lib/python3.12/site-packages:/home/jeulin/git-repo-projects/Robotics-Manipulator/haircutterbot/install/haircutterbot_msgs/lib/python3.12/site-packages:${PYTHONPATH} /usr/bin/python3 -W ignore:setup.py install is deprecated -W ignore:easy_install command is deprecated setup.py egg_info --egg-base ../../build/haircutterbot_py_examples build --build-base /home/jeulin/git-repo-projects/Robotics-Manipulator/haircutterbot/build/haircutterbot_py_examples/build install --record /home/jeulin/git-repo-projects/Robotics-Manipulator/haircutterbot/build/haircutterbot_py_examples/install.log --single-version-externally-managed install_data
