[0.035s] Invoking command in '/home/jeulin/Robotics-and-ROS-2-Learn-by-Doing-Manipulators/Section9_Build/arduinobot_ws/build/arduinobot_msgs': CMAKE_PREFIX_PATH=${CMAKE_PREFIX_PATH}:/home/jeulin/Robotics-and-ROS-2-Learn-by-Doing-Manipulators/Section9_Build/arduinobot_ws/install/arduinobot_py_examples:/opt/ros/jazzy DEBUGINFOD_URLS=https://debuginfod.ubuntu.com /usr/bin/cmake --build /home/jeulin/Robotics-and-ROS-2-Learn-by-Doing-Manipulators/Section9_Build/arduinobot_ws/build/arduinobot_msgs -- -j8 -l8
[0.113s] [  1%] Built target arduinobot_msgs__rosidl_generator_type_description
[0.130s] [  1%] Built target ament_cmake_python_copy_arduinobot_msgs
[0.152s] [  2%] Built target arduinobot_msgs__cpp
[0.156s] [ 25%] Built target arduinobot_msgs__rosidl_generator_c
[0.207s] [ 35%] Built target arduinobot_msgs__rosidl_typesupport_fastrtps_c
[0.230s] [ 44%] Built target arduinobot_msgs__rosidl_typesupport_c
[0.238s] [ 62%] Built target arduinobot_msgs__rosidl_typesupport_introspection_cpp
[0.239s] [ 70%] Built target arduinobot_msgs__rosidl_typesupport_fastrtps_cpp
[0.239s] [ 72%] Built target arduinobot_msgs__rosidl_typesupport_introspection_c
[0.247s] [ 82%] Built target arduinobot_msgs__rosidl_typesupport_cpp
[0.292s] [ 82%] Built target arduinobot_msgs
[0.345s] [ 83%] Built target arduinobot_msgs__py
[0.379s] [ 91%] Built target arduinobot_msgs__rosidl_generator_py
[0.420s] [ 94%] Built target arduinobot_msgs_s__rosidl_typesupport_introspection_c
[0.421s] [100%] Built target arduinobot_msgs_s__rosidl_typesupport_fastrtps_c
[0.421s] [100%] Built target arduinobot_msgs_s__rosidl_typesupport_c
[0.529s] running egg_info
[0.560s] writing arduinobot_msgs.egg-info/PKG-INFO
[0.560s] writing dependency_links to arduinobot_msgs.egg-info/dependency_links.txt
[0.560s] writing top-level names to arduinobot_msgs.egg-info/top_level.txt
[0.635s] reading manifest file 'arduinobot_msgs.egg-info/SOURCES.txt'
[0.636s] writing manifest file 'arduinobot_msgs.egg-info/SOURCES.txt'
[0.672s] [100%] Built target ament_cmake_python_build_arduinobot_msgs_egg
