[0.013s] Invoking command in '/home/jeulin/Robotics-and-ROS-2-Learn-by-Doing-Manipulators/Section9_Build/arduinobot_ws/build/arduinobot_firmware': CMAKE_PREFIX_PATH=${CMAKE_PREFIX_PATH}:/home/jeulin/arduinobot_ws/install/arduinobot_py_examples:/opt/ros/jazzy DEBUGINFOD_URLS=https://debuginfod.ubuntu.com /usr/bin/cmake /home/jeulin/Robotics-and-ROS-2-Learn-by-Doing-Manipulators/Section9_Build/arduinobot_ws/src/arduinobot_firmware -DCMAKE_INSTALL_PREFIX=/home/jeulin/Robotics-and-ROS-2-Learn-by-Doing-Manipulators/Section9_Build/arduinobot_ws/install/arduinobot_firmware
[0.124s] -- The C compiler identification is GNU 13.2.0
[0.189s] -- The CXX compiler identification is GNU 13.2.0
[0.204s] -- Detecting C compiler ABI info
[0.301s] -- Detecting C compiler ABI info - done
[0.311s] -- Check for working C compiler: /usr/bin/cc - skipped
[0.311s] -- Detecting C compile features
[0.311s] -- Detecting C compile features - done
[0.323s] -- Detecting CXX compiler ABI info
[0.427s] -- Detecting CXX compiler ABI info - done
[0.436s] -- Check for working CXX compiler: /usr/bin/c++ - skipped
[0.436s] -- Detecting CXX compile features
[0.437s] -- Detecting CXX compile features - done
[0.443s] -- Found ament_cmake: 2.5.2 (/opt/ros/jazzy/share/ament_cmake/cmake)
[0.604s] -- Found Python3: /usr/bin/python3 (found version "3.12.3") found components: Interpreter 
[0.739s] -- Found rclcpp: 28.1.5 (/opt/ros/jazzy/share/rclcpp/cmake)
[0.801s] -- Found rosidl_generator_c: 4.6.4 (/opt/ros/jazzy/share/rosidl_generator_c/cmake)
[0.822s] -- Found rosidl_generator_cpp: 4.6.4 (/opt/ros/jazzy/share/rosidl_generator_cpp/cmake)
[0.848s] -- Using all available rosidl_typesupport_c: rosidl_typesupport_fastrtps_c;rosidl_typesupport_introspection_c
[0.874s] -- Using all available rosidl_typesupport_cpp: rosidl_typesupport_fastrtps_cpp;rosidl_typesupport_introspection_cpp
[0.996s] -- Found rmw_implementation_cmake: 7.3.1 (/opt/ros/jazzy/share/rmw_implementation_cmake/cmake)
[1.003s] -- Found rmw_fastrtps_cpp: 8.4.1 (/opt/ros/jazzy/share/rmw_fastrtps_cpp/cmake)
[1.118s] -- Found OpenSSL: /usr/lib/x86_64-linux-gnu/libcrypto.so (found version "3.0.13")  
[1.143s] -- Found FastRTPS: /opt/ros/jazzy/include (Required is at least version "2.13") 
[1.181s] -- Using RMW implementation 'rmw_fastrtps_cpp' as default
[1.301s] -- Found std_msgs: 5.3.5 (/opt/ros/jazzy/share/std_msgs/cmake)
[1.320s] -- Found rclpy: 7.1.2 (/opt/ros/jazzy/share/rclpy/cmake)
[1.324s] -- Found PkgConfig: /usr/bin/pkg-config (found version "1.8.1") 
[1.325s] -- Checking for module 'libserial'
[1.342s] --   Found libserial, version 1.0.0
[1.594s] -- Configuring done (1.6s)
[1.610s] -- Generating done (0.0s)
[1.616s] -- Build files have been written to: /home/jeulin/Robotics-and-ROS-2-Learn-by-Doing-Manipulators/Section9_Build/arduinobot_ws/build/arduinobot_firmware
[1.629s] Invoked command in '/home/jeulin/Robotics-and-ROS-2-Learn-by-Doing-Manipulators/Section9_Build/arduinobot_ws/build/arduinobot_firmware' returned '0': CMAKE_PREFIX_PATH=${CMAKE_PREFIX_PATH}:/home/jeulin/arduinobot_ws/install/arduinobot_py_examples:/opt/ros/jazzy DEBUGINFOD_URLS=https://debuginfod.ubuntu.com /usr/bin/cmake /home/jeulin/Robotics-and-ROS-2-Learn-by-Doing-Manipulators/Section9_Build/arduinobot_ws/src/arduinobot_firmware -DCMAKE_INSTALL_PREFIX=/home/jeulin/Robotics-and-ROS-2-Learn-by-Doing-Manipulators/Section9_Build/arduinobot_ws/install/arduinobot_firmware
[1.631s] Invoking command in '/home/jeulin/Robotics-and-ROS-2-Learn-by-Doing-Manipulators/Section9_Build/arduinobot_ws/build/arduinobot_firmware': CMAKE_PREFIX_PATH=${CMAKE_PREFIX_PATH}:/home/jeulin/arduinobot_ws/install/arduinobot_py_examples:/opt/ros/jazzy DEBUGINFOD_URLS=https://debuginfod.ubuntu.com /usr/bin/cmake --build /home/jeulin/Robotics-and-ROS-2-Learn-by-Doing-Manipulators/Section9_Build/arduinobot_ws/build/arduinobot_firmware -- -j8 -l8
[1.698s] [ 25%] [32mBuilding CXX object CMakeFiles/simple_serial_receiver.dir/src/simple_serial_receiver.cpp.o[0m
[1.698s] [ 50%] [32mBuilding CXX object CMakeFiles/simple_serial_transmitter.dir/src/simple_serial_transmitter.cpp.o[0m
[1.700s] [ 50%] Built target ament_cmake_python_copy_arduinobot_firmware
[1.995s] running egg_info
[1.996s] creating arduinobot_firmware.egg-info
[2.024s] writing arduinobot_firmware.egg-info/PKG-INFO
[2.024s] writing dependency_links to arduinobot_firmware.egg-info/dependency_links.txt
[2.025s] writing top-level names to arduinobot_firmware.egg-info/top_level.txt
[2.025s] writing manifest file 'arduinobot_firmware.egg-info/SOURCES.txt'
[2.098s] reading manifest file 'arduinobot_firmware.egg-info/SOURCES.txt'
[2.098s] writing manifest file 'arduinobot_firmware.egg-info/SOURCES.txt'
[2.135s] [ 50%] Built target ament_cmake_python_build_arduinobot_firmware_egg
[8.626s] [ 75%] [32m[1mLinking CXX executable simple_serial_receiver[0m
[9.289s] [ 75%] Built target simple_serial_receiver
[15.200s] [100%] [32m[1mLinking CXX executable simple_serial_transmitter[0m
[15.478s] [100%] Built target simple_serial_transmitter
[15.491s] Invoked command in '/home/jeulin/Robotics-and-ROS-2-Learn-by-Doing-Manipulators/Section9_Build/arduinobot_ws/build/arduinobot_firmware' returned '0': CMAKE_PREFIX_PATH=${CMAKE_PREFIX_PATH}:/home/jeulin/arduinobot_ws/install/arduinobot_py_examples:/opt/ros/jazzy DEBUGINFOD_URLS=https://debuginfod.ubuntu.com /usr/bin/cmake --build /home/jeulin/Robotics-and-ROS-2-Learn-by-Doing-Manipulators/Section9_Build/arduinobot_ws/build/arduinobot_firmware -- -j8 -l8
[15.492s] Invoking command in '/home/jeulin/Robotics-and-ROS-2-Learn-by-Doing-Manipulators/Section9_Build/arduinobot_ws/build/arduinobot_firmware': CMAKE_PREFIX_PATH=${CMAKE_PREFIX_PATH}:/home/jeulin/arduinobot_ws/install/arduinobot_py_examples:/opt/ros/jazzy DEBUGINFOD_URLS=https://debuginfod.ubuntu.com /usr/bin/cmake --install /home/jeulin/Robotics-and-ROS-2-Learn-by-Doing-Manipulators/Section9_Build/arduinobot_ws/build/arduinobot_firmware
[15.500s] -- Install configuration: ""
[15.501s] -- Installing: /home/jeulin/Robotics-and-ROS-2-Learn-by-Doing-Manipulators/Section9_Build/arduinobot_ws/install/arduinobot_firmware/share/arduinobot_firmware/environment/pythonpath.sh
[15.501s] -- Installing: /home/jeulin/Robotics-and-ROS-2-Learn-by-Doing-Manipulators/Section9_Build/arduinobot_ws/install/arduinobot_firmware/share/arduinobot_firmware/environment/pythonpath.dsv
[15.501s] -- Installing: /home/jeulin/Robotics-and-ROS-2-Learn-by-Doing-Manipulators/Section9_Build/arduinobot_ws/install/arduinobot_firmware/lib/python3.12/site-packages/arduinobot_firmware-0.0.0-py3.12.egg-info
[15.501s] -- Installing: /home/jeulin/Robotics-and-ROS-2-Learn-by-Doing-Manipulators/Section9_Build/arduinobot_ws/install/arduinobot_firmware/lib/python3.12/site-packages/arduinobot_firmware-0.0.0-py3.12.egg-info/PKG-INFO
[15.501s] -- Installing: /home/jeulin/Robotics-and-ROS-2-Learn-by-Doing-Manipulators/Section9_Build/arduinobot_ws/install/arduinobot_firmware/lib/python3.12/site-packages/arduinobot_firmware-0.0.0-py3.12.egg-info/top_level.txt
[15.502s] -- Installing: /home/jeulin/Robotics-and-ROS-2-Learn-by-Doing-Manipulators/Section9_Build/arduinobot_ws/install/arduinobot_firmware/lib/python3.12/site-packages/arduinobot_firmware-0.0.0-py3.12.egg-info/SOURCES.txt
[15.502s] -- Installing: /home/jeulin/Robotics-and-ROS-2-Learn-by-Doing-Manipulators/Section9_Build/arduinobot_ws/install/arduinobot_firmware/lib/python3.12/site-packages/arduinobot_firmware-0.0.0-py3.12.egg-info/dependency_links.txt
[15.502s] -- Installing: /home/jeulin/Robotics-and-ROS-2-Learn-by-Doing-Manipulators/Section9_Build/arduinobot_ws/install/arduinobot_firmware/lib/python3.12/site-packages/arduinobot_firmware
[15.502s] -- Installing: /home/jeulin/Robotics-and-ROS-2-Learn-by-Doing-Manipulators/Section9_Build/arduinobot_ws/install/arduinobot_firmware/lib/python3.12/site-packages/arduinobot_firmware/simple_serial_receiver.py
[15.502s] -- Installing: /home/jeulin/Robotics-and-ROS-2-Learn-by-Doing-Manipulators/Section9_Build/arduinobot_ws/install/arduinobot_firmware/lib/python3.12/site-packages/arduinobot_firmware/simple_serial_transmitter.py
[15.502s] -- Installing: /home/jeulin/Robotics-and-ROS-2-Learn-by-Doing-Manipulators/Section9_Build/arduinobot_ws/install/arduinobot_firmware/lib/python3.12/site-packages/arduinobot_firmware/__init__.py
[15.538s] Listing '/home/jeulin/Robotics-and-ROS-2-Learn-by-Doing-Manipulators/Section9_Build/arduinobot_ws/install/arduinobot_firmware/lib/python3.12/site-packages/arduinobot_firmware'...
[15.538s] Compiling '/home/jeulin/Robotics-and-ROS-2-Learn-by-Doing-Manipulators/Section9_Build/arduinobot_ws/install/arduinobot_firmware/lib/python3.12/site-packages/arduinobot_firmware/__init__.py'...
[15.538s] Compiling '/home/jeulin/Robotics-and-ROS-2-Learn-by-Doing-Manipulators/Section9_Build/arduinobot_ws/install/arduinobot_firmware/lib/python3.12/site-packages/arduinobot_firmware/simple_serial_receiver.py'...
[15.538s] Compiling '/home/jeulin/Robotics-and-ROS-2-Learn-by-Doing-Manipulators/Section9_Build/arduinobot_ws/install/arduinobot_firmware/lib/python3.12/site-packages/arduinobot_firmware/simple_serial_transmitter.py'...
[15.543s] -- Installing: /home/jeulin/Robotics-and-ROS-2-Learn-by-Doing-Manipulators/Section9_Build/arduinobot_ws/install/arduinobot_firmware/lib/arduinobot_firmware/simple_serial_receiver
[15.545s] -- Set non-toolchain portion of runtime path of "/home/jeulin/Robotics-and-ROS-2-Learn-by-Doing-Manipulators/Section9_Build/arduinobot_ws/install/arduinobot_firmware/lib/arduinobot_firmware/simple_serial_receiver" to ""
[15.545s] -- Installing: /home/jeulin/Robotics-and-ROS-2-Learn-by-Doing-Manipulators/Section9_Build/arduinobot_ws/install/arduinobot_firmware/lib/arduinobot_firmware/simple_serial_transmitter
[15.549s] -- Set non-toolchain portion of runtime path of "/home/jeulin/Robotics-and-ROS-2-Learn-by-Doing-Manipulators/Section9_Build/arduinobot_ws/install/arduinobot_firmware/lib/arduinobot_firmware/simple_serial_transmitter" to ""
[15.549s] -- Installing: /home/jeulin/Robotics-and-ROS-2-Learn-by-Doing-Manipulators/Section9_Build/arduinobot_ws/install/arduinobot_firmware/lib/arduinobot_firmware/simple_serial_transmitter.py
[15.549s] -- Installing: /home/jeulin/Robotics-and-ROS-2-Learn-by-Doing-Manipulators/Section9_Build/arduinobot_ws/install/arduinobot_firmware/lib/arduinobot_firmware/simple_serial_receiver.py
[15.550s] -- Installing: /home/jeulin/Robotics-and-ROS-2-Learn-by-Doing-Manipulators/Section9_Build/arduinobot_ws/install/arduinobot_firmware/share/ament_index/resource_index/package_run_dependencies/arduinobot_firmware
[15.550s] -- Installing: /home/jeulin/Robotics-and-ROS-2-Learn-by-Doing-Manipulators/Section9_Build/arduinobot_ws/install/arduinobot_firmware/share/ament_index/resource_index/parent_prefix_path/arduinobot_firmware
[15.550s] -- Installing: /home/jeulin/Robotics-and-ROS-2-Learn-by-Doing-Manipulators/Section9_Build/arduinobot_ws/install/arduinobot_firmware/share/arduinobot_firmware/environment/ament_prefix_path.sh
[15.550s] -- Installing: /home/jeulin/Robotics-and-ROS-2-Learn-by-Doing-Manipulators/Section9_Build/arduinobot_ws/install/arduinobot_firmware/share/arduinobot_firmware/environment/ament_prefix_path.dsv
[15.551s] -- Installing: /home/jeulin/Robotics-and-ROS-2-Learn-by-Doing-Manipulators/Section9_Build/arduinobot_ws/install/arduinobot_firmware/share/arduinobot_firmware/environment/path.sh
[15.551s] -- Installing: /home/jeulin/Robotics-and-ROS-2-Learn-by-Doing-Manipulators/Section9_Build/arduinobot_ws/install/arduinobot_firmware/share/arduinobot_firmware/environment/path.dsv
[15.551s] -- Installing: /home/jeulin/Robotics-and-ROS-2-Learn-by-Doing-Manipulators/Section9_Build/arduinobot_ws/install/arduinobot_firmware/share/arduinobot_firmware/local_setup.bash
[15.551s] -- Installing: /home/jeulin/Robotics-and-ROS-2-Learn-by-Doing-Manipulators/Section9_Build/arduinobot_ws/install/arduinobot_firmware/share/arduinobot_firmware/local_setup.sh
[15.551s] -- Installing: /home/jeulin/Robotics-and-ROS-2-Learn-by-Doing-Manipulators/Section9_Build/arduinobot_ws/install/arduinobot_firmware/share/arduinobot_firmware/local_setup.zsh
[15.551s] -- Installing: /home/jeulin/Robotics-and-ROS-2-Learn-by-Doing-Manipulators/Section9_Build/arduinobot_ws/install/arduinobot_firmware/share/arduinobot_firmware/local_setup.dsv
[15.552s] -- Installing: /home/jeulin/Robotics-and-ROS-2-Learn-by-Doing-Manipulators/Section9_Build/arduinobot_ws/install/arduinobot_firmware/share/arduinobot_firmware/package.dsv
[15.552s] -- Installing: /home/jeulin/Robotics-and-ROS-2-Learn-by-Doing-Manipulators/Section9_Build/arduinobot_ws/install/arduinobot_firmware/share/ament_index/resource_index/packages/arduinobot_firmware
[15.552s] -- Installing: /home/jeulin/Robotics-and-ROS-2-Learn-by-Doing-Manipulators/Section9_Build/arduinobot_ws/install/arduinobot_firmware/share/arduinobot_firmware/cmake/arduinobot_firmwareConfig.cmake
[15.552s] -- Installing: /home/jeulin/Robotics-and-ROS-2-Learn-by-Doing-Manipulators/Section9_Build/arduinobot_ws/install/arduinobot_firmware/share/arduinobot_firmware/cmake/arduinobot_firmwareConfig-version.cmake
[15.552s] -- Installing: /home/jeulin/Robotics-and-ROS-2-Learn-by-Doing-Manipulators/Section9_Build/arduinobot_ws/install/arduinobot_firmware/share/arduinobot_firmware/package.xml
[15.555s] Invoked command in '/home/jeulin/Robotics-and-ROS-2-Learn-by-Doing-Manipulators/Section9_Build/arduinobot_ws/build/arduinobot_firmware' returned '0': CMAKE_PREFIX_PATH=${CMAKE_PREFIX_PATH}:/home/jeulin/arduinobot_ws/install/arduinobot_py_examples:/opt/ros/jazzy DEBUGINFOD_URLS=https://debuginfod.ubuntu.com /usr/bin/cmake --install /home/jeulin/Robotics-and-ROS-2-Learn-by-Doing-Manipulators/Section9_Build/arduinobot_ws/build/arduinobot_firmware
