running egg_info
writing ../../../build/haircutterbot_opencv/haircutterbot_opencv.egg-info/PKG-INFO
writing dependency_links to ../../../build/haircutterbot_opencv/haircutterbot_opencv.egg-info/dependency_links.txt
writing entry points to ../../../build/haircutterbot_opencv/haircutterbot_opencv.egg-info/entry_points.txt
writing requirements to ../../../build/haircutterbot_opencv/haircutterbot_opencv.egg-info/requires.txt
writing top-level names to ../../../build/haircutterbot_opencv/haircutterbot_opencv.egg-info/top_level.txt
reading manifest file '../../../build/haircutterbot_opencv/haircutterbot_opencv.egg-info/SOURCES.txt'
writing manifest file '../../../build/haircutterbot_opencv/haircutterbot_opencv.egg-info/SOURCES.txt'
running build
running build_py
copying haircutterbot_opencv/object_recognition_node.py -> /home/jeulin/git-repo-projects/Robotics-Manipulator/build/haircutterbot_opencv/build/lib/haircutterbot_opencv
copying haircutterbot_opencv/opencv_node.py -> /home/jeulin/git-repo-projects/Robotics-Manipulator/build/haircutterbot_opencv/build/lib/haircutterbot_opencv
running install
running install_lib
copying /home/jeulin/git-repo-projects/Robotics-Manipulator/build/haircutterbot_opencv/build/lib/haircutterbot_opencv/object_recognition_node.py -> /home/jeulin/git-repo-projects/Robotics-Manipulator/install/haircutterbot_opencv/lib/python3.12/site-packages/haircutterbot_opencv
copying /home/jeulin/git-repo-projects/Robotics-Manipulator/build/haircutterbot_opencv/build/lib/haircutterbot_opencv/opencv_node.py -> /home/jeulin/git-repo-projects/Robotics-Manipulator/install/haircutterbot_opencv/lib/python3.12/site-packages/haircutterbot_opencv
byte-compiling /home/jeulin/git-repo-projects/Robotics-Manipulator/install/haircutterbot_opencv/lib/python3.12/site-packages/haircutterbot_opencv/object_recognition_node.py to object_recognition_node.cpython-312.pyc
byte-compiling /home/jeulin/git-repo-projects/Robotics-Manipulator/install/haircutterbot_opencv/lib/python3.12/site-packages/haircutterbot_opencv/opencv_node.py to opencv_node.cpython-312.pyc
running install_data
running install_egg_info
removing '/home/jeulin/git-repo-projects/Robotics-Manipulator/install/haircutterbot_opencv/lib/python3.12/site-packages/haircutterbot_opencv-0.0.0-py3.12.egg-info' (and everything under it)
Copying ../../../build/haircutterbot_opencv/haircutterbot_opencv.egg-info to /home/jeulin/git-repo-projects/Robotics-Manipulator/install/haircutterbot_opencv/lib/python3.12/site-packages/haircutterbot_opencv-0.0.0-py3.12.egg-info
running install_scripts
Installing opencv_node script to /home/jeulin/git-repo-projects/Robotics-Manipulator/install/haircutterbot_opencv/lib/haircutterbot_opencv
writing list of installed files to '/home/jeulin/git-repo-projects/Robotics-Manipulator/build/haircutterbot_opencv/install.log'
