[1.579s] Invoking command in '/home/jeulin/git-repo-projects/Robotics-Manipulator/haircutterbot/src/haircutterbot_opencv': AMENT_PREFIX_PATH=/home/jeulin/git-repo-projects/Robotics-Manipulator/install/haircutterbot_msgs:${AMENT_PREFIX_PATH} CMAKE_PREFIX_PATH=/home/jeulin/git-repo-projects/Robotics-Manipulator/install/haircutterbot_msgs:${CMAKE_PREFIX_PATH} DEBUGINFOD_URLS=https://debuginfod.ubuntu.com LD_LIBRARY_PATH=/home/jeulin/git-repo-projects/Robotics-Manipulator/install/haircutterbot_msgs/lib:${LD_LIBRARY_PATH} PYTHONPATH=/home/jeulin/git-repo-projects/Robotics-Manipulator/build/haircutterbot_opencv/prefix_override:/usr/lib/python3/dist-packages/colcon_core/task/python/colcon_distutils_commands:/home/jeulin/git-repo-projects/Robotics-Manipulator/install/haircutterbot_opencv/lib/python3.12/site-packages:/home/jeulin/git-repo-projects/Robotics-Manipulator/install/haircutterbot_msgs/lib/python3.12/site-packages:${PYTHONPATH} /usr/bin/python3 -W ignore:setup.py install is deprecated -W ignore:easy_install command is deprecated setup.py egg_info --egg-base ../../../build/haircutterbot_opencv build --build-base /home/jeulin/git-repo-projects/Robotics-Manipulator/build/haircutterbot_opencv/build install --record /home/jeulin/git-repo-projects/Robotics-Manipulator/build/haircutterbot_opencv/install.log --single-version-externally-managed install_data
[1.899s] running egg_info
[1.933s] writing ../../../build/haircutterbot_opencv/haircutterbot_opencv.egg-info/PKG-INFO
[1.933s] writing dependency_links to ../../../build/haircutterbot_opencv/haircutterbot_opencv.egg-info/dependency_links.txt
[1.933s] writing entry points to ../../../build/haircutterbot_opencv/haircutterbot_opencv.egg-info/entry_points.txt
[1.933s] writing requirements to ../../../build/haircutterbot_opencv/haircutterbot_opencv.egg-info/requires.txt
[1.933s] writing top-level names to ../../../build/haircutterbot_opencv/haircutterbot_opencv.egg-info/top_level.txt
[1.994s] reading manifest file '../../../build/haircutterbot_opencv/haircutterbot_opencv.egg-info/SOURCES.txt'
[1.995s] writing manifest file '../../../build/haircutterbot_opencv/haircutterbot_opencv.egg-info/SOURCES.txt'
[1.995s] running build
[1.995s] running build_py
[1.995s] copying haircutterbot_opencv/object_recognition_node.py -> /home/jeulin/git-repo-projects/Robotics-Manipulator/build/haircutterbot_opencv/build/lib/haircutterbot_opencv
[1.995s] copying haircutterbot_opencv/opencv_node.py -> /home/jeulin/git-repo-projects/Robotics-Manipulator/build/haircutterbot_opencv/build/lib/haircutterbot_opencv
[1.996s] running install
[2.003s] running install_lib
[2.029s] copying /home/jeulin/git-repo-projects/Robotics-Manipulator/build/haircutterbot_opencv/build/lib/haircutterbot_opencv/object_recognition_node.py -> /home/jeulin/git-repo-projects/Robotics-Manipulator/install/haircutterbot_opencv/lib/python3.12/site-packages/haircutterbot_opencv
[2.029s] copying /home/jeulin/git-repo-projects/Robotics-Manipulator/build/haircutterbot_opencv/build/lib/haircutterbot_opencv/opencv_node.py -> /home/jeulin/git-repo-projects/Robotics-Manipulator/install/haircutterbot_opencv/lib/python3.12/site-packages/haircutterbot_opencv
[2.029s] byte-compiling /home/jeulin/git-repo-projects/Robotics-Manipulator/install/haircutterbot_opencv/lib/python3.12/site-packages/haircutterbot_opencv/object_recognition_node.py to object_recognition_node.cpython-312.pyc
[2.030s] byte-compiling /home/jeulin/git-repo-projects/Robotics-Manipulator/install/haircutterbot_opencv/lib/python3.12/site-packages/haircutterbot_opencv/opencv_node.py to opencv_node.cpython-312.pyc
[2.030s] running install_data
[2.031s] running install_egg_info
[2.058s] removing '/home/jeulin/git-repo-projects/Robotics-Manipulator/install/haircutterbot_opencv/lib/python3.12/site-packages/haircutterbot_opencv-0.0.0-py3.12.egg-info' (and everything under it)
[2.058s] Copying ../../../build/haircutterbot_opencv/haircutterbot_opencv.egg-info to /home/jeulin/git-repo-projects/Robotics-Manipulator/install/haircutterbot_opencv/lib/python3.12/site-packages/haircutterbot_opencv-0.0.0-py3.12.egg-info
[2.059s] running install_scripts
[2.233s] Installing opencv_node script to /home/jeulin/git-repo-projects/Robotics-Manipulator/install/haircutterbot_opencv/lib/haircutterbot_opencv
[2.233s] writing list of installed files to '/home/jeulin/git-repo-projects/Robotics-Manipulator/build/haircutterbot_opencv/install.log'
[2.270s] Invoked command in '/home/jeulin/git-repo-projects/Robotics-Manipulator/haircutterbot/src/haircutterbot_opencv' returned '0': AMENT_PREFIX_PATH=/home/jeulin/git-repo-projects/Robotics-Manipulator/install/haircutterbot_msgs:${AMENT_PREFIX_PATH} CMAKE_PREFIX_PATH=/home/jeulin/git-repo-projects/Robotics-Manipulator/install/haircutterbot_msgs:${CMAKE_PREFIX_PATH} DEBUGINFOD_URLS=https://debuginfod.ubuntu.com LD_LIBRARY_PATH=/home/jeulin/git-repo-projects/Robotics-Manipulator/install/haircutterbot_msgs/lib:${LD_LIBRARY_PATH} PYTHONPATH=/home/jeulin/git-repo-projects/Robotics-Manipulator/build/haircutterbot_opencv/prefix_override:/usr/lib/python3/dist-packages/colcon_core/task/python/colcon_distutils_commands:/home/jeulin/git-repo-projects/Robotics-Manipulator/install/haircutterbot_opencv/lib/python3.12/site-packages:/home/jeulin/git-repo-projects/Robotics-Manipulator/install/haircutterbot_msgs/lib/python3.12/site-packages:${PYTHONPATH} /usr/bin/python3 -W ignore:setup.py install is deprecated -W ignore:easy_install command is deprecated setup.py egg_info --egg-base ../../../build/haircutterbot_opencv build --build-base /home/jeulin/git-repo-projects/Robotics-Manipulator/build/haircutterbot_opencv/build install --record /home/jeulin/git-repo-projects/Robotics-Manipulator/build/haircutterbot_opencv/install.log --single-version-externally-managed install_data
