[0.412s] Invoking command in '/home/jeulin/Robotics-and-ROS-2-Learn-by-Doing-Manipulators/Section9_Build/arduinobot_ws/build/arduinobot_utils': AMENT_PREFIX_PATH=/home/jeulin/Robotics-and-ROS-2-Learn-by-Doing-Manipulators/Section9_Build/arduinobot_ws/install/arduinobot_msgs:${AMENT_PREFIX_PATH} CMAKE_PREFIX_PATH=/home/jeulin/Robotics-and-ROS-2-Learn-by-Doing-Manipulators/Section9_Build/arduinobot_ws/install/arduinobot_msgs:/opt/ros/jazzy/opt/gz_sim_vendor:/opt/ros/jazzy/opt/gz_sensors_vendor:/opt/ros/jazzy/opt/gz_physics_vendor:/opt/ros/jazzy/opt/sdformat_vendor:/opt/ros/jazzy/opt/gz_gui_vendor:/opt/ros/jazzy/opt/gz_transport_vendor:/opt/ros/jazzy/opt/gz_rendering_vendor:/opt/ros/jazzy/opt/gz_plugin_vendor:/opt/ros/jazzy/opt/gz_fuel_tools_vendor:/opt/ros/jazzy/opt/gz_msgs_vendor:/opt/ros/jazzy/opt/gz_common_vendor:/opt/ros/jazzy/opt/gz_math_vendor:/opt/ros/jazzy/opt/gz_utils_vendor:/opt/ros/jazzy/opt/gz_tools_vendor:/opt/ros/jazzy/opt/gz_ogre_next_vendor:/opt/ros/jazzy/opt/gz_dartsim_vendor:/opt/ros/jazzy/opt/gz_cmake_vendor:/opt/ros/jazzy DEBUGINFOD_URLS=https://debuginfod.ubuntu.com LD_LIBRARY_PATH=/home/jeulin/Robotics-and-ROS-2-Learn-by-Doing-Manipulators/Section9_Build/arduinobot_ws/install/arduinobot_msgs/lib:${LD_LIBRARY_PATH} PYTHONPATH=/home/jeulin/Robotics-and-ROS-2-Learn-by-Doing-Manipulators/Section9_Build/arduinobot_ws/install/arduinobot_msgs/lib/python3.12/site-packages:${PYTHONPATH} /usr/bin/cmake --build /home/jeulin/Robotics-and-ROS-2-Learn-by-Doing-Manipulators/Section9_Build/arduinobot_ws/build/arduinobot_utils -- -j8 -l8
[0.464s] -- Found ament_cmake: 2.5.3 (/opt/ros/jazzy/share/ament_cmake/cmake)
[0.800s] -- Found rclcpp: 28.1.8 (/opt/ros/jazzy/share/rclcpp/cmake)
[0.849s] -- Found rosidl_generator_c: 4.6.5 (/opt/ros/jazzy/share/rosidl_generator_c/cmake)
[0.869s] -- Found rosidl_generator_cpp: 4.6.5 (/opt/ros/jazzy/share/rosidl_generator_cpp/cmake)
[0.890s] -- Using all available rosidl_typesupport_c: rosidl_typesupport_fastrtps_c;rosidl_typesupport_introspection_c
[0.914s] -- Using all available rosidl_typesupport_cpp: rosidl_typesupport_fastrtps_cpp;rosidl_typesupport_introspection_cpp
[1.014s] -- Found rmw_implementation_cmake: 7.3.2 (/opt/ros/jazzy/share/rmw_implementation_cmake/cmake)
[1.016s] -- Found rmw_fastrtps_cpp: 8.4.2 (/opt/ros/jazzy/share/rmw_fastrtps_cpp/cmake)
[1.131s] -- Using RMW implementation 'rmw_fastrtps_cpp' as default
[1.259s] -- Found rclpy: 7.1.4 (/opt/ros/jazzy/share/rclpy/cmake)
[1.259s] -- Found arduinobot_msgs: 0.0.0 (/home/jeulin/Robotics-and-ROS-2-Learn-by-Doing-Manipulators/Section9_Build/arduinobot_ws/install/arduinobot_msgs/share/arduinobot_msgs/cmake)
[1.340s] -- Found tf2: 0.36.9 (/opt/ros/jazzy/share/tf2/cmake)
[1.777s] -- Configuring done (1.3s)
[1.823s] -- Generating done (0.0s)
[1.837s] -- Build files have been written to: /home/jeulin/Robotics-and-ROS-2-Learn-by-Doing-Manipulators/Section9_Build/arduinobot_ws/build/arduinobot_utils
[1.941s] [  0%] Built target ament_cmake_python_copy_arduinobot_utils
[1.945s] [ 50%] [32mBuilding CXX object CMakeFiles/angle_conversion.dir/src/angle_conversion.cpp.o[0m
[2.401s] running egg_info
[2.447s] writing arduinobot_utils.egg-info/PKG-INFO
[2.447s] writing dependency_links to arduinobot_utils.egg-info/dependency_links.txt
[2.447s] writing top-level names to arduinobot_utils.egg-info/top_level.txt
[2.577s] reading manifest file 'arduinobot_utils.egg-info/SOURCES.txt'
[2.581s] writing manifest file 'arduinobot_utils.egg-info/SOURCES.txt'
[2.647s] [ 50%] Built target ament_cmake_python_build_arduinobot_utils_egg
[15.732s] [100%] [32m[1mLinking CXX executable angle_conversion[0m
[16.522s] [100%] Built target angle_conversion
[16.578s] Invoked command in '/home/jeulin/Robotics-and-ROS-2-Learn-by-Doing-Manipulators/Section9_Build/arduinobot_ws/build/arduinobot_utils' returned '0': AMENT_PREFIX_PATH=/home/jeulin/Robotics-and-ROS-2-Learn-by-Doing-Manipulators/Section9_Build/arduinobot_ws/install/arduinobot_msgs:${AMENT_PREFIX_PATH} CMAKE_PREFIX_PATH=/home/jeulin/Robotics-and-ROS-2-Learn-by-Doing-Manipulators/Section9_Build/arduinobot_ws/install/arduinobot_msgs:/opt/ros/jazzy/opt/gz_sim_vendor:/opt/ros/jazzy/opt/gz_sensors_vendor:/opt/ros/jazzy/opt/gz_physics_vendor:/opt/ros/jazzy/opt/sdformat_vendor:/opt/ros/jazzy/opt/gz_gui_vendor:/opt/ros/jazzy/opt/gz_transport_vendor:/opt/ros/jazzy/opt/gz_rendering_vendor:/opt/ros/jazzy/opt/gz_plugin_vendor:/opt/ros/jazzy/opt/gz_fuel_tools_vendor:/opt/ros/jazzy/opt/gz_msgs_vendor:/opt/ros/jazzy/opt/gz_common_vendor:/opt/ros/jazzy/opt/gz_math_vendor:/opt/ros/jazzy/opt/gz_utils_vendor:/opt/ros/jazzy/opt/gz_tools_vendor:/opt/ros/jazzy/opt/gz_ogre_next_vendor:/opt/ros/jazzy/opt/gz_dartsim_vendor:/opt/ros/jazzy/opt/gz_cmake_vendor:/opt/ros/jazzy DEBUGINFOD_URLS=https://debuginfod.ubuntu.com LD_LIBRARY_PATH=/home/jeulin/Robotics-and-ROS-2-Learn-by-Doing-Manipulators/Section9_Build/arduinobot_ws/install/arduinobot_msgs/lib:${LD_LIBRARY_PATH} PYTHONPATH=/home/jeulin/Robotics-and-ROS-2-Learn-by-Doing-Manipulators/Section9_Build/arduinobot_ws/install/arduinobot_msgs/lib/python3.12/site-packages:${PYTHONPATH} /usr/bin/cmake --build /home/jeulin/Robotics-and-ROS-2-Learn-by-Doing-Manipulators/Section9_Build/arduinobot_ws/build/arduinobot_utils -- -j8 -l8
[16.582s] Invoking command in '/home/jeulin/Robotics-and-ROS-2-Learn-by-Doing-Manipulators/Section9_Build/arduinobot_ws/build/arduinobot_utils': AMENT_PREFIX_PATH=/home/jeulin/Robotics-and-ROS-2-Learn-by-Doing-Manipulators/Section9_Build/arduinobot_ws/install/arduinobot_msgs:${AMENT_PREFIX_PATH} CMAKE_PREFIX_PATH=/home/jeulin/Robotics-and-ROS-2-Learn-by-Doing-Manipulators/Section9_Build/arduinobot_ws/install/arduinobot_msgs:/opt/ros/jazzy/opt/gz_sim_vendor:/opt/ros/jazzy/opt/gz_sensors_vendor:/opt/ros/jazzy/opt/gz_physics_vendor:/opt/ros/jazzy/opt/sdformat_vendor:/opt/ros/jazzy/opt/gz_gui_vendor:/opt/ros/jazzy/opt/gz_transport_vendor:/opt/ros/jazzy/opt/gz_rendering_vendor:/opt/ros/jazzy/opt/gz_plugin_vendor:/opt/ros/jazzy/opt/gz_fuel_tools_vendor:/opt/ros/jazzy/opt/gz_msgs_vendor:/opt/ros/jazzy/opt/gz_common_vendor:/opt/ros/jazzy/opt/gz_math_vendor:/opt/ros/jazzy/opt/gz_utils_vendor:/opt/ros/jazzy/opt/gz_tools_vendor:/opt/ros/jazzy/opt/gz_ogre_next_vendor:/opt/ros/jazzy/opt/gz_dartsim_vendor:/opt/ros/jazzy/opt/gz_cmake_vendor:/opt/ros/jazzy DEBUGINFOD_URLS=https://debuginfod.ubuntu.com LD_LIBRARY_PATH=/home/jeulin/Robotics-and-ROS-2-Learn-by-Doing-Manipulators/Section9_Build/arduinobot_ws/install/arduinobot_msgs/lib:${LD_LIBRARY_PATH} PYTHONPATH=/home/jeulin/Robotics-and-ROS-2-Learn-by-Doing-Manipulators/Section9_Build/arduinobot_ws/install/arduinobot_msgs/lib/python3.12/site-packages:${PYTHONPATH} /usr/bin/cmake --install /home/jeulin/Robotics-and-ROS-2-Learn-by-Doing-Manipulators/Section9_Build/arduinobot_ws/build/arduinobot_utils
[16.611s] -- Install configuration: ""
[16.611s] -- Up-to-date: /home/jeulin/Robotics-and-ROS-2-Learn-by-Doing-Manipulators/Section9_Build/arduinobot_ws/install/arduinobot_utils/share/arduinobot_utils/environment/pythonpath.sh
[16.612s] -- Up-to-date: /home/jeulin/Robotics-and-ROS-2-Learn-by-Doing-Manipulators/Section9_Build/arduinobot_ws/install/arduinobot_utils/share/arduinobot_utils/environment/pythonpath.dsv
[16.616s] -- Up-to-date: /home/jeulin/Robotics-and-ROS-2-Learn-by-Doing-Manipulators/Section9_Build/arduinobot_ws/install/arduinobot_utils/lib/python3.12/site-packages/arduinobot_utils-0.0.0-py3.12.egg-info
[16.617s] -- Installing: /home/jeulin/Robotics-and-ROS-2-Learn-by-Doing-Manipulators/Section9_Build/arduinobot_ws/install/arduinobot_utils/lib/python3.12/site-packages/arduinobot_utils-0.0.0-py3.12.egg-info/PKG-INFO
[16.617s] -- Installing: /home/jeulin/Robotics-and-ROS-2-Learn-by-Doing-Manipulators/Section9_Build/arduinobot_ws/install/arduinobot_utils/lib/python3.12/site-packages/arduinobot_utils-0.0.0-py3.12.egg-info/top_level.txt
[16.617s] -- Installing: /home/jeulin/Robotics-and-ROS-2-Learn-by-Doing-Manipulators/Section9_Build/arduinobot_ws/install/arduinobot_utils/lib/python3.12/site-packages/arduinobot_utils-0.0.0-py3.12.egg-info/SOURCES.txt
[16.617s] -- Installing: /home/jeulin/Robotics-and-ROS-2-Learn-by-Doing-Manipulators/Section9_Build/arduinobot_ws/install/arduinobot_utils/lib/python3.12/site-packages/arduinobot_utils-0.0.0-py3.12.egg-info/dependency_links.txt
[16.617s] -- Up-to-date: /home/jeulin/Robotics-and-ROS-2-Learn-by-Doing-Manipulators/Section9_Build/arduinobot_ws/install/arduinobot_utils/lib/python3.12/site-packages/arduinobot_utils
[16.617s] -- Up-to-date: /home/jeulin/Robotics-and-ROS-2-Learn-by-Doing-Manipulators/Section9_Build/arduinobot_ws/install/arduinobot_utils/lib/python3.12/site-packages/arduinobot_utils/angle_conversion.py
[16.617s] -- Up-to-date: /home/jeulin/Robotics-and-ROS-2-Learn-by-Doing-Manipulators/Section9_Build/arduinobot_ws/install/arduinobot_utils/lib/python3.12/site-packages/arduinobot_utils/__init__.py
[16.763s] Listing '/home/jeulin/Robotics-and-ROS-2-Learn-by-Doing-Manipulators/Section9_Build/arduinobot_ws/install/arduinobot_utils/lib/python3.12/site-packages/arduinobot_utils'...
[16.803s] -- Installing: /home/jeulin/Robotics-and-ROS-2-Learn-by-Doing-Manipulators/Section9_Build/arduinobot_ws/install/arduinobot_utils/lib/arduinobot_utils/angle_conversion
[16.811s] -- Set non-toolchain portion of runtime path of "/home/jeulin/Robotics-and-ROS-2-Learn-by-Doing-Manipulators/Section9_Build/arduinobot_ws/install/arduinobot_utils/lib/arduinobot_utils/angle_conversion" to ""
[16.812s] -- Up-to-date: /home/jeulin/Robotics-and-ROS-2-Learn-by-Doing-Manipulators/Section9_Build/arduinobot_ws/install/arduinobot_utils/lib/arduinobot_utils/angle_conversion.py
[16.815s] -- Up-to-date: /home/jeulin/Robotics-and-ROS-2-Learn-by-Doing-Manipulators/Section9_Build/arduinobot_ws/install/arduinobot_utils/share/ament_index/resource_index/package_run_dependencies/arduinobot_utils
[16.823s] -- Installing: /home/jeulin/Robotics-and-ROS-2-Learn-by-Doing-Manipulators/Section9_Build/arduinobot_ws/install/arduinobot_utils/share/ament_index/resource_index/parent_prefix_path/arduinobot_utils
[16.823s] -- Up-to-date: /home/jeulin/Robotics-and-ROS-2-Learn-by-Doing-Manipulators/Section9_Build/arduinobot_ws/install/arduinobot_utils/share/arduinobot_utils/environment/ament_prefix_path.sh
[16.823s] -- Up-to-date: /home/jeulin/Robotics-and-ROS-2-Learn-by-Doing-Manipulators/Section9_Build/arduinobot_ws/install/arduinobot_utils/share/arduinobot_utils/environment/ament_prefix_path.dsv
[16.823s] -- Up-to-date: /home/jeulin/Robotics-and-ROS-2-Learn-by-Doing-Manipulators/Section9_Build/arduinobot_ws/install/arduinobot_utils/share/arduinobot_utils/environment/path.sh
[16.824s] -- Up-to-date: /home/jeulin/Robotics-and-ROS-2-Learn-by-Doing-Manipulators/Section9_Build/arduinobot_ws/install/arduinobot_utils/share/arduinobot_utils/environment/path.dsv
[16.824s] -- Up-to-date: /home/jeulin/Robotics-and-ROS-2-Learn-by-Doing-Manipulators/Section9_Build/arduinobot_ws/install/arduinobot_utils/share/arduinobot_utils/local_setup.bash
[16.824s] -- Up-to-date: /home/jeulin/Robotics-and-ROS-2-Learn-by-Doing-Manipulators/Section9_Build/arduinobot_ws/install/arduinobot_utils/share/arduinobot_utils/local_setup.sh
[16.824s] -- Up-to-date: /home/jeulin/Robotics-and-ROS-2-Learn-by-Doing-Manipulators/Section9_Build/arduinobot_ws/install/arduinobot_utils/share/arduinobot_utils/local_setup.zsh
[16.824s] -- Up-to-date: /home/jeulin/Robotics-and-ROS-2-Learn-by-Doing-Manipulators/Section9_Build/arduinobot_ws/install/arduinobot_utils/share/arduinobot_utils/local_setup.dsv
[16.824s] -- Installing: /home/jeulin/Robotics-and-ROS-2-Learn-by-Doing-Manipulators/Section9_Build/arduinobot_ws/install/arduinobot_utils/share/arduinobot_utils/package.dsv
[16.825s] -- Up-to-date: /home/jeulin/Robotics-and-ROS-2-Learn-by-Doing-Manipulators/Section9_Build/arduinobot_ws/install/arduinobot_utils/share/ament_index/resource_index/packages/arduinobot_utils
[16.836s] -- Up-to-date: /home/jeulin/Robotics-and-ROS-2-Learn-by-Doing-Manipulators/Section9_Build/arduinobot_ws/install/arduinobot_utils/share/arduinobot_utils/cmake/arduinobot_utilsConfig.cmake
[16.836s] -- Up-to-date: /home/jeulin/Robotics-and-ROS-2-Learn-by-Doing-Manipulators/Section9_Build/arduinobot_ws/install/arduinobot_utils/share/arduinobot_utils/cmake/arduinobot_utilsConfig-version.cmake
[16.836s] -- Up-to-date: /home/jeulin/Robotics-and-ROS-2-Learn-by-Doing-Manipulators/Section9_Build/arduinobot_ws/install/arduinobot_utils/share/arduinobot_utils/package.xml
[16.836s] Invoked command in '/home/jeulin/Robotics-and-ROS-2-Learn-by-Doing-Manipulators/Section9_Build/arduinobot_ws/build/arduinobot_utils' returned '0': AMENT_PREFIX_PATH=/home/jeulin/Robotics-and-ROS-2-Learn-by-Doing-Manipulators/Section9_Build/arduinobot_ws/install/arduinobot_msgs:${AMENT_PREFIX_PATH} CMAKE_PREFIX_PATH=/home/jeulin/Robotics-and-ROS-2-Learn-by-Doing-Manipulators/Section9_Build/arduinobot_ws/install/arduinobot_msgs:/opt/ros/jazzy/opt/gz_sim_vendor:/opt/ros/jazzy/opt/gz_sensors_vendor:/opt/ros/jazzy/opt/gz_physics_vendor:/opt/ros/jazzy/opt/sdformat_vendor:/opt/ros/jazzy/opt/gz_gui_vendor:/opt/ros/jazzy/opt/gz_transport_vendor:/opt/ros/jazzy/opt/gz_rendering_vendor:/opt/ros/jazzy/opt/gz_plugin_vendor:/opt/ros/jazzy/opt/gz_fuel_tools_vendor:/opt/ros/jazzy/opt/gz_msgs_vendor:/opt/ros/jazzy/opt/gz_common_vendor:/opt/ros/jazzy/opt/gz_math_vendor:/opt/ros/jazzy/opt/gz_utils_vendor:/opt/ros/jazzy/opt/gz_tools_vendor:/opt/ros/jazzy/opt/gz_ogre_next_vendor:/opt/ros/jazzy/opt/gz_dartsim_vendor:/opt/ros/jazzy/opt/gz_cmake_vendor:/opt/ros/jazzy DEBUGINFOD_URLS=https://debuginfod.ubuntu.com LD_LIBRARY_PATH=/home/jeulin/Robotics-and-ROS-2-Learn-by-Doing-Manipulators/Section9_Build/arduinobot_ws/install/arduinobot_msgs/lib:${LD_LIBRARY_PATH} PYTHONPATH=/home/jeulin/Robotics-and-ROS-2-Learn-by-Doing-Manipulators/Section9_Build/arduinobot_ws/install/arduinobot_msgs/lib/python3.12/site-packages:${PYTHONPATH} /usr/bin/cmake --install /home/jeulin/Robotics-and-ROS-2-Learn-by-Doing-Manipulators/Section9_Build/arduinobot_ws/build/arduinobot_utils
