[0.034s] Invoking command in '/home/jeulin/git-repo-projects/Robotics-Manipulator/build/haircutterbot_msgs': CMAKE_PREFIX_PATH=${CMAKE_PREFIX_PATH}:/home/jeulin/git-repo-projects/Robotics-Manipulator/install/haircutterbot_py_examples:/home/jeulin/git-repo-projects/Robotics-Manipulator/install/haircutterbot_opencv:/home/jeulin/git-repo-projects/Robotics-Manipulator/haircutterbot/install/haircutterbot_py_examples:/home/jeulin/git-repo-projects/Robotics-Manipulator/haircutterbot/install/haircutterbot_opencv:/home/jeulin/Robotics-and-ROS-2-Learn-by-Doing-Manipulators/Section9_Build/haircutterbot/install/haircutterbot_py_examples:/home/jeulin/Robotics-and-ROS-2-Learn-by-Doing-Manipulators/Section9_Build/haircutterbot/install/haircutterbot_opencv:/home/jeulin/Robotics-and-ROS-2-Learn-by-Doing-Manipulators/Section7_Application/arduinobot_ws/install/arduinobot_py_examples:/opt/ros/jazzy DEBUGINFOD_URLS=https://debuginfod.ubuntu.com /usr/bin/cmake --build /home/jeulin/git-repo-projects/Robotics-Manipulator/build/haircutterbot_msgs -- -j8 -l8
[0.112s] [  1%] Built target haircutterbot_msgs__rosidl_generator_type_description
[0.149s] [  1%] Built target ament_cmake_python_copy_haircutterbot_msgs
[0.150s] [  2%] Built target haircutterbot_msgs__cpp
[0.163s] [ 25%] Built target haircutterbot_msgs__rosidl_generator_c
[0.228s] [ 35%] Built target haircutterbot_msgs__rosidl_typesupport_introspection_c
[0.231s] [ 44%] Built target haircutterbot_msgs__rosidl_typesupport_introspection_cpp
[0.245s] [ 54%] Built target haircutterbot_msgs__rosidl_typesupport_c
[0.246s] [ 63%] Built target haircutterbot_msgs__rosidl_typesupport_fastrtps_c
[0.251s] [ 72%] Built target haircutterbot_msgs__rosidl_typesupport_cpp
[0.259s] [ 82%] Built target haircutterbot_msgs__rosidl_typesupport_fastrtps_cpp
[0.295s] [ 82%] Built target haircutterbot_msgs
[0.367s] [ 83%] Built target haircutterbot_msgs__py
[0.413s] [ 91%] Built target haircutterbot_msgs__rosidl_generator_py
[0.456s] [ 94%] Built target haircutterbot_msgs_s__rosidl_typesupport_introspection_c
[0.459s] [ 97%] Built target haircutterbot_msgs_s__rosidl_typesupport_fastrtps_c
[0.469s] [100%] Built target haircutterbot_msgs_s__rosidl_typesupport_c
[0.615s] running egg_info
[0.656s] writing haircutterbot_msgs.egg-info/PKG-INFO
[0.657s] writing dependency_links to haircutterbot_msgs.egg-info/dependency_links.txt
[0.657s] writing top-level names to haircutterbot_msgs.egg-info/top_level.txt
[0.782s] reading manifest file 'haircutterbot_msgs.egg-info/SOURCES.txt'
[0.783s] writing manifest file 'haircutterbot_msgs.egg-info/SOURCES.txt'
[0.825s] [100%] Built target ament_cmake_python_build_haircutterbot_msgs_egg
[0.842s] Invoked command in '/home/jeulin/git-repo-projects/Robotics-Manipulator/build/haircutterbot_msgs' returned '0': CMAKE_PREFIX_PATH=${CMAKE_PREFIX_PATH}:/home/jeulin/git-repo-projects/Robotics-Manipulator/install/haircutterbot_py_examples:/home/jeulin/git-repo-projects/Robotics-Manipulator/install/haircutterbot_opencv:/home/jeulin/git-repo-projects/Robotics-Manipulator/haircutterbot/install/haircutterbot_py_examples:/home/jeulin/git-repo-projects/Robotics-Manipulator/haircutterbot/install/haircutterbot_opencv:/home/jeulin/Robotics-and-ROS-2-Learn-by-Doing-Manipulators/Section9_Build/haircutterbot/install/haircutterbot_py_examples:/home/jeulin/Robotics-and-ROS-2-Learn-by-Doing-Manipulators/Section9_Build/haircutterbot/install/haircutterbot_opencv:/home/jeulin/Robotics-and-ROS-2-Learn-by-Doing-Manipulators/Section7_Application/arduinobot_ws/install/arduinobot_py_examples:/opt/ros/jazzy DEBUGINFOD_URLS=https://debuginfod.ubuntu.com /usr/bin/cmake --build /home/jeulin/git-repo-projects/Robotics-Manipulator/build/haircutterbot_msgs -- -j8 -l8
[0.844s] Invoking command in '/home/jeulin/git-repo-projects/Robotics-Manipulator/build/haircutterbot_msgs': CMAKE_PREFIX_PATH=${CMAKE_PREFIX_PATH}:/home/jeulin/git-repo-projects/Robotics-Manipulator/install/haircutterbot_py_examples:/home/jeulin/git-repo-projects/Robotics-Manipulator/install/haircutterbot_opencv:/home/jeulin/git-repo-projects/Robotics-Manipulator/haircutterbot/install/haircutterbot_py_examples:/home/jeulin/git-repo-projects/Robotics-Manipulator/haircutterbot/install/haircutterbot_opencv:/home/jeulin/Robotics-and-ROS-2-Learn-by-Doing-Manipulators/Section9_Build/haircutterbot/install/haircutterbot_py_examples:/home/jeulin/Robotics-and-ROS-2-Learn-by-Doing-Manipulators/Section9_Build/haircutterbot/install/haircutterbot_opencv:/home/jeulin/Robotics-and-ROS-2-Learn-by-Doing-Manipulators/Section7_Application/arduinobot_ws/install/arduinobot_py_examples:/opt/ros/jazzy DEBUGINFOD_URLS=https://debuginfod.ubuntu.com /usr/bin/cmake --install /home/jeulin/git-repo-projects/Robotics-Manipulator/build/haircutterbot_msgs
[0.855s] -- Install configuration: ""
[0.856s] -- Up-to-date: /home/jeulin/git-repo-projects/Robotics-Manipulator/install/haircutterbot_msgs/share/ament_index/resource_index/rosidl_interfaces/haircutterbot_msgs
[0.856s] -- Up-to-date: /home/jeulin/git-repo-projects/Robotics-Manipulator/install/haircutterbot_msgs/share/haircutterbot_msgs/srv/AddTwoInts.json
[0.856s] -- Up-to-date: /home/jeulin/git-repo-projects/Robotics-Manipulator/install/haircutterbot_msgs/share/haircutterbot_msgs/srv/EulerToQuaternion.json
[0.856s] -- Up-to-date: /home/jeulin/git-repo-projects/Robotics-Manipulator/install/haircutterbot_msgs/share/haircutterbot_msgs/srv/QuaternionToEuler.json
[0.856s] -- Up-to-date: /home/jeulin/git-repo-projects/Robotics-Manipulator/install/haircutterbot_msgs/share/haircutterbot_msgs/action/Fibonacci.json
[0.857s] -- Up-to-date: /home/jeulin/git-repo-projects/Robotics-Manipulator/install/haircutterbot_msgs/share/haircutterbot_msgs/action/HaircutterbotTask.json
[0.857s] -- Up-to-date: /home/jeulin/git-repo-projects/Robotics-Manipulator/install/haircutterbot_msgs/include/haircutterbot_msgs/haircutterbot_msgs
[0.857s] -- Up-to-date: /home/jeulin/git-repo-projects/Robotics-Manipulator/install/haircutterbot_msgs/include/haircutterbot_msgs/haircutterbot_msgs/action
[0.857s] -- Up-to-date: /home/jeulin/git-repo-projects/Robotics-Manipulator/install/haircutterbot_msgs/include/haircutterbot_msgs/haircutterbot_msgs/action/detail
[0.857s] -- Up-to-date: /home/jeulin/git-repo-projects/Robotics-Manipulator/install/haircutterbot_msgs/include/haircutterbot_msgs/haircutterbot_msgs/action/detail/fibonacci__functions.c
[0.857s] -- Up-to-date: /home/jeulin/git-repo-projects/Robotics-Manipulator/install/haircutterbot_msgs/include/haircutterbot_msgs/haircutterbot_msgs/action/detail/haircutterbot_task__struct.h
[0.858s] -- Up-to-date: /home/jeulin/git-repo-projects/Robotics-Manipulator/install/haircutterbot_msgs/include/haircutterbot_msgs/haircutterbot_msgs/action/detail/fibonacci__type_support.h
[0.858s] -- Installing: /home/jeulin/git-repo-projects/Robotics-Manipulator/install/haircutterbot_msgs/include/haircutterbot_msgs/haircutterbot_msgs/action/detail/fibonacci__type_support.c
[0.858s] -- Installing: /home/jeulin/git-repo-projects/Robotics-Manipulator/install/haircutterbot_msgs/include/haircutterbot_msgs/haircutterbot_msgs/action/detail/haircutterbot_task__type_support.c
[0.858s] -- Up-to-date: /home/jeulin/git-repo-projects/Robotics-Manipulator/install/haircutterbot_msgs/include/haircutterbot_msgs/haircutterbot_msgs/action/detail/haircutterbot_task__functions.h
[0.858s] -- Up-to-date: /home/jeulin/git-repo-projects/Robotics-Manipulator/install/haircutterbot_msgs/include/haircutterbot_msgs/haircutterbot_msgs/action/detail/haircutterbot_task__type_support.h
[0.858s] -- Up-to-date: /home/jeulin/git-repo-projects/Robotics-Manipulator/install/haircutterbot_msgs/include/haircutterbot_msgs/haircutterbot_msgs/action/detail/haircutterbot_task__functions.c
[0.859s] -- Up-to-date: /home/jeulin/git-repo-projects/Robotics-Manipulator/install/haircutterbot_msgs/include/haircutterbot_msgs/haircutterbot_msgs/action/detail/fibonacci__struct.h
[0.859s] -- Up-to-date: /home/jeulin/git-repo-projects/Robotics-Manipulator/install/haircutterbot_msgs/include/haircutterbot_msgs/haircutterbot_msgs/action/detail/haircutterbot_task__description.c
[0.859s] -- Up-to-date: /home/jeulin/git-repo-projects/Robotics-Manipulator/install/haircutterbot_msgs/include/haircutterbot_msgs/haircutterbot_msgs/action/detail/fibonacci__description.c
[0.859s] -- Up-to-date: /home/jeulin/git-repo-projects/Robotics-Manipulator/install/haircutterbot_msgs/include/haircutterbot_msgs/haircutterbot_msgs/action/detail/fibonacci__functions.h
[0.859s] -- Up-to-date: /home/jeulin/git-repo-projects/Robotics-Manipulator/install/haircutterbot_msgs/include/haircutterbot_msgs/haircutterbot_msgs/action/fibonacci.h
[0.859s] -- Up-to-date: /home/jeulin/git-repo-projects/Robotics-Manipulator/install/haircutterbot_msgs/include/haircutterbot_msgs/haircutterbot_msgs/action/haircutterbot_task.h
[0.859s] -- Up-to-date: /home/jeulin/git-repo-projects/Robotics-Manipulator/install/haircutterbot_msgs/include/haircutterbot_msgs/haircutterbot_msgs/msg
[0.859s] -- Up-to-date: /home/jeulin/git-repo-projects/Robotics-Manipulator/install/haircutterbot_msgs/include/haircutterbot_msgs/haircutterbot_msgs/msg/rosidl_generator_c__visibility_control.h
[0.859s] -- Up-to-date: /home/jeulin/git-repo-projects/Robotics-Manipulator/install/haircutterbot_msgs/include/haircutterbot_msgs/haircutterbot_msgs/srv
[0.859s] -- Up-to-date: /home/jeulin/git-repo-projects/Robotics-Manipulator/install/haircutterbot_msgs/include/haircutterbot_msgs/haircutterbot_msgs/srv/detail
[0.859s] -- Installing: /home/jeulin/git-repo-projects/Robotics-Manipulator/install/haircutterbot_msgs/include/haircutterbot_msgs/haircutterbot_msgs/srv/detail/euler_to_quaternion__type_support.c
[0.859s] -- Up-to-date: /home/jeulin/git-repo-projects/Robotics-Manipulator/install/haircutterbot_msgs/include/haircutterbot_msgs/haircutterbot_msgs/srv/detail/euler_to_quaternion__functions.c
[0.860s] -- Up-to-date: /home/jeulin/git-repo-projects/Robotics-Manipulator/install/haircutterbot_msgs/include/haircutterbot_msgs/haircutterbot_msgs/srv/detail/euler_to_quaternion__functions.h
[0.860s] -- Installing: /home/jeulin/git-repo-projects/Robotics-Manipulator/install/haircutterbot_msgs/include/haircutterbot_msgs/haircutterbot_msgs/srv/detail/add_two_ints__type_support.c
[0.860s] -- Up-to-date: /home/jeulin/git-repo-projects/Robotics-Manipulator/install/haircutterbot_msgs/include/haircutterbot_msgs/haircutterbot_msgs/srv/detail/add_two_ints__functions.h
[0.860s] -- Up-to-date: /home/jeulin/git-repo-projects/Robotics-Manipulator/install/haircutterbot_msgs/include/haircutterbot_msgs/haircutterbot_msgs/srv/detail/add_two_ints__struct.h
[0.860s] -- Up-to-date: /home/jeulin/git-repo-projects/Robotics-Manipulator/install/haircutterbot_msgs/include/haircutterbot_msgs/haircutterbot_msgs/srv/detail/euler_to_quaternion__description.c
[0.860s] -- Up-to-date: /home/jeulin/git-repo-projects/Robotics-Manipulator/install/haircutterbot_msgs/include/haircutterbot_msgs/haircutterbot_msgs/srv/detail/euler_to_quaternion__type_support.h
[0.861s] -- Up-to-date: /home/jeulin/git-repo-projects/Robotics-Manipulator/install/haircutterbot_msgs/include/haircutterbot_msgs/haircutterbot_msgs/srv/detail/add_two_ints__type_support.h
[0.861s] -- Up-to-date: /home/jeulin/git-repo-projects/Robotics-Manipulator/install/haircutterbot_msgs/include/haircutterbot_msgs/haircutterbot_msgs/srv/detail/quaternion_to_euler__functions.c
[0.861s] -- Up-to-date: /home/jeulin/git-repo-projects/Robotics-Manipulator/install/haircutterbot_msgs/include/haircutterbot_msgs/haircutterbot_msgs/srv/detail/quaternion_to_euler__struct.h
[0.861s] -- Up-to-date: /home/jeulin/git-repo-projects/Robotics-Manipulator/install/haircutterbot_msgs/include/haircutterbot_msgs/haircutterbot_msgs/srv/detail/quaternion_to_euler__description.c
[0.862s] -- Up-to-date: /home/jeulin/git-repo-projects/Robotics-Manipulator/install/haircutterbot_msgs/include/haircutterbot_msgs/haircutterbot_msgs/srv/detail/add_two_ints__functions.c
[0.862s] -- Up-to-date: /home/jeulin/git-repo-projects/Robotics-Manipulator/install/haircutterbot_msgs/include/haircutterbot_msgs/haircutterbot_msgs/srv/detail/quaternion_to_euler__functions.h
[0.862s] -- Up-to-date: /home/jeulin/git-repo-projects/Robotics-Manipulator/install/haircutterbot_msgs/include/haircutterbot_msgs/haircutterbot_msgs/srv/detail/add_two_ints__description.c
[0.862s] -- Up-to-date: /home/jeulin/git-repo-projects/Robotics-Manipulator/install/haircutterbot_msgs/include/haircutterbot_msgs/haircutterbot_msgs/srv/detail/euler_to_quaternion__struct.h
[0.862s] -- Installing: /home/jeulin/git-repo-projects/Robotics-Manipulator/install/haircutterbot_msgs/include/haircutterbot_msgs/haircutterbot_msgs/srv/detail/quaternion_to_euler__type_support.c
[0.862s] -- Up-to-date: /home/jeulin/git-repo-projects/Robotics-Manipulator/install/haircutterbot_msgs/include/haircutterbot_msgs/haircutterbot_msgs/srv/detail/quaternion_to_euler__type_support.h
[0.863s] -- Up-to-date: /home/jeulin/git-repo-projects/Robotics-Manipulator/install/haircutterbot_msgs/include/haircutterbot_msgs/haircutterbot_msgs/srv/euler_to_quaternion.h
[0.863s] -- Up-to-date: /home/jeulin/git-repo-projects/Robotics-Manipulator/install/haircutterbot_msgs/include/haircutterbot_msgs/haircutterbot_msgs/srv/quaternion_to_euler.h
[0.863s] -- Up-to-date: /home/jeulin/git-repo-projects/Robotics-Manipulator/install/haircutterbot_msgs/include/haircutterbot_msgs/haircutterbot_msgs/srv/add_two_ints.h
[0.863s] -- Up-to-date: /home/jeulin/git-repo-projects/Robotics-Manipulator/install/haircutterbot_msgs/share/haircutterbot_msgs/environment/library_path.sh
[0.863s] -- Up-to-date: /home/jeulin/git-repo-projects/Robotics-Manipulator/install/haircutterbot_msgs/share/haircutterbot_msgs/environment/library_path.dsv
[0.863s] -- Up-to-date: /home/jeulin/git-repo-projects/Robotics-Manipulator/install/haircutterbot_msgs/lib/libhaircutterbot_msgs__rosidl_generator_c.so
[0.863s] -- Up-to-date: /home/jeulin/git-repo-projects/Robotics-Manipulator/install/haircutterbot_msgs/include/haircutterbot_msgs/haircutterbot_msgs
[0.863s] -- Up-to-date: /home/jeulin/git-repo-projects/Robotics-Manipulator/install/haircutterbot_msgs/include/haircutterbot_msgs/haircutterbot_msgs/action
[0.864s] -- Up-to-date: /home/jeulin/git-repo-projects/Robotics-Manipulator/install/haircutterbot_msgs/include/haircutterbot_msgs/haircutterbot_msgs/action/detail
[0.864s] -- Up-to-date: /home/jeulin/git-repo-projects/Robotics-Manipulator/install/haircutterbot_msgs/include/haircutterbot_msgs/haircutterbot_msgs/action/detail/haircutterbot_task__rosidl_typesupport_fastrtps_c.h
[0.864s] -- Up-to-date: /home/jeulin/git-repo-projects/Robotics-Manipulator/install/haircutterbot_msgs/include/haircutterbot_msgs/haircutterbot_msgs/action/detail/fibonacci__rosidl_typesupport_fastrtps_c.h
[0.864s] -- Up-to-date: /home/jeulin/git-repo-projects/Robotics-Manipulator/install/haircutterbot_msgs/include/haircutterbot_msgs/haircutterbot_msgs/msg
[0.864s] -- Up-to-date: /home/jeulin/git-repo-projects/Robotics-Manipulator/install/haircutterbot_msgs/include/haircutterbot_msgs/haircutterbot_msgs/msg/rosidl_typesupport_fastrtps_c__visibility_control.h
[0.864s] -- Up-to-date: /home/jeulin/git-repo-projects/Robotics-Manipulator/install/haircutterbot_msgs/include/haircutterbot_msgs/haircutterbot_msgs/srv
[0.864s] -- Up-to-date: /home/jeulin/git-repo-projects/Robotics-Manipulator/install/haircutterbot_msgs/include/haircutterbot_msgs/haircutterbot_msgs/srv/detail
[0.865s] -- Up-to-date: /home/jeulin/git-repo-projects/Robotics-Manipulator/install/haircutterbot_msgs/include/haircutterbot_msgs/haircutterbot_msgs/srv/detail/add_two_ints__rosidl_typesupport_fastrtps_c.h
[0.865s] -- Up-to-date: /home/jeulin/git-repo-projects/Robotics-Manipulator/install/haircutterbot_msgs/include/haircutterbot_msgs/haircutterbot_msgs/srv/detail/euler_to_quaternion__rosidl_typesupport_fastrtps_c.h
[0.865s] -- Up-to-date: /home/jeulin/git-repo-projects/Robotics-Manipulator/install/haircutterbot_msgs/include/haircutterbot_msgs/haircutterbot_msgs/srv/detail/quaternion_to_euler__rosidl_typesupport_fastrtps_c.h
[0.865s] -- Up-to-date: /home/jeulin/git-repo-projects/Robotics-Manipulator/install/haircutterbot_msgs/lib/libhaircutterbot_msgs__rosidl_typesupport_fastrtps_c.so
[0.865s] -- Up-to-date: /home/jeulin/git-repo-projects/Robotics-Manipulator/install/haircutterbot_msgs/include/haircutterbot_msgs/haircutterbot_msgs
[0.866s] -- Up-to-date: /home/jeulin/git-repo-projects/Robotics-Manipulator/install/haircutterbot_msgs/include/haircutterbot_msgs/haircutterbot_msgs/action
[0.866s] -- Up-to-date: /home/jeulin/git-repo-projects/Robotics-Manipulator/install/haircutterbot_msgs/include/haircutterbot_msgs/haircutterbot_msgs/action/detail
[0.866s] -- Up-to-date: /home/jeulin/git-repo-projects/Robotics-Manipulator/install/haircutterbot_msgs/include/haircutterbot_msgs/haircutterbot_msgs/action/detail/fibonacci__struct.hpp
[0.866s] -- Up-to-date: /home/jeulin/git-repo-projects/Robotics-Manipulator/install/haircutterbot_msgs/include/haircutterbot_msgs/haircutterbot_msgs/action/detail/haircutterbot_task__type_support.hpp
[0.866s] -- Up-to-date: /home/jeulin/git-repo-projects/Robotics-Manipulator/install/haircutterbot_msgs/include/haircutterbot_msgs/haircutterbot_msgs/action/detail/fibonacci__type_support.hpp
[0.866s] -- Up-to-date: /home/jeulin/git-repo-projects/Robotics-Manipulator/install/haircutterbot_msgs/include/haircutterbot_msgs/haircutterbot_msgs/action/detail/haircutterbot_task__struct.hpp
[0.867s] -- Up-to-date: /home/jeulin/git-repo-projects/Robotics-Manipulator/install/haircutterbot_msgs/include/haircutterbot_msgs/haircutterbot_msgs/action/detail/fibonacci__traits.hpp
[0.867s] -- Up-to-date: /home/jeulin/git-repo-projects/Robotics-Manipulator/install/haircutterbot_msgs/include/haircutterbot_msgs/haircutterbot_msgs/action/detail/haircutterbot_task__traits.hpp
[0.867s] -- Up-to-date: /home/jeulin/git-repo-projects/Robotics-Manipulator/install/haircutterbot_msgs/include/haircutterbot_msgs/haircutterbot_msgs/action/detail/fibonacci__builder.hpp
[0.867s] -- Up-to-date: /home/jeulin/git-repo-projects/Robotics-Manipulator/install/haircutterbot_msgs/include/haircutterbot_msgs/haircutterbot_msgs/action/detail/haircutterbot_task__builder.hpp
[0.867s] -- Up-to-date: /home/jeulin/git-repo-projects/Robotics-Manipulator/install/haircutterbot_msgs/include/haircutterbot_msgs/haircutterbot_msgs/action/haircutterbot_task.hpp
[0.868s] -- Up-to-date: /home/jeulin/git-repo-projects/Robotics-Manipulator/install/haircutterbot_msgs/include/haircutterbot_msgs/haircutterbot_msgs/action/fibonacci.hpp
[0.868s] -- Up-to-date: /home/jeulin/git-repo-projects/Robotics-Manipulator/install/haircutterbot_msgs/include/haircutterbot_msgs/haircutterbot_msgs/msg
[0.868s] -- Up-to-date: /home/jeulin/git-repo-projects/Robotics-Manipulator/install/haircutterbot_msgs/include/haircutterbot_msgs/haircutterbot_msgs/msg/rosidl_generator_cpp__visibility_control.hpp
[0.868s] -- Up-to-date: /home/jeulin/git-repo-projects/Robotics-Manipulator/install/haircutterbot_msgs/include/haircutterbot_msgs/haircutterbot_msgs/srv
[0.869s] -- Up-to-date: /home/jeulin/git-repo-projects/Robotics-Manipulator/install/haircutterbot_msgs/include/haircutterbot_msgs/haircutterbot_msgs/srv/detail
[0.869s] -- Up-to-date: /home/jeulin/git-repo-projects/Robotics-Manipulator/install/haircutterbot_msgs/include/haircutterbot_msgs/haircutterbot_msgs/srv/detail/quaternion_to_euler__traits.hpp
[0.869s] -- Up-to-date: /home/jeulin/git-repo-projects/Robotics-Manipulator/install/haircutterbot_msgs/include/haircutterbot_msgs/haircutterbot_msgs/srv/detail/add_two_ints__struct.hpp
[0.869s] -- Up-to-date: /home/jeulin/git-repo-projects/Robotics-Manipulator/install/haircutterbot_msgs/include/haircutterbot_msgs/haircutterbot_msgs/srv/detail/add_two_ints__traits.hpp
[0.869s] -- Up-to-date: /home/jeulin/git-repo-projects/Robotics-Manipulator/install/haircutterbot_msgs/include/haircutterbot_msgs/haircutterbot_msgs/srv/detail/quaternion_to_euler__struct.hpp
[0.869s] -- Up-to-date: /home/jeulin/git-repo-projects/Robotics-Manipulator/install/haircutterbot_msgs/include/haircutterbot_msgs/haircutterbot_msgs/srv/detail/euler_to_quaternion__traits.hpp
[0.869s] -- Up-to-date: /home/jeulin/git-repo-projects/Robotics-Manipulator/install/haircutterbot_msgs/include/haircutterbot_msgs/haircutterbot_msgs/srv/detail/euler_to_quaternion__type_support.hpp
[0.869s] -- Up-to-date: /home/jeulin/git-repo-projects/Robotics-Manipulator/install/haircutterbot_msgs/include/haircutterbot_msgs/haircutterbot_msgs/srv/detail/euler_to_quaternion__builder.hpp
[0.870s] -- Up-to-date: /home/jeulin/git-repo-projects/Robotics-Manipulator/install/haircutterbot_msgs/include/haircutterbot_msgs/haircutterbot_msgs/srv/detail/quaternion_to_euler__type_support.hpp
[0.870s] -- Up-to-date: /home/jeulin/git-repo-projects/Robotics-Manipulator/install/haircutterbot_msgs/include/haircutterbot_msgs/haircutterbot_msgs/srv/detail/add_two_ints__builder.hpp
[0.870s] -- Up-to-date: /home/jeulin/git-repo-projects/Robotics-Manipulator/install/haircutterbot_msgs/include/haircutterbot_msgs/haircutterbot_msgs/srv/detail/quaternion_to_euler__builder.hpp
[0.870s] -- Up-to-date: /home/jeulin/git-repo-projects/Robotics-Manipulator/install/haircutterbot_msgs/include/haircutterbot_msgs/haircutterbot_msgs/srv/detail/add_two_ints__type_support.hpp
[0.870s] -- Up-to-date: /home/jeulin/git-repo-projects/Robotics-Manipulator/install/haircutterbot_msgs/include/haircutterbot_msgs/haircutterbot_msgs/srv/detail/euler_to_quaternion__struct.hpp
[0.870s] -- Up-to-date: /home/jeulin/git-repo-projects/Robotics-Manipulator/install/haircutterbot_msgs/include/haircutterbot_msgs/haircutterbot_msgs/srv/add_two_ints.hpp
[0.870s] -- Up-to-date: /home/jeulin/git-repo-projects/Robotics-Manipulator/install/haircutterbot_msgs/include/haircutterbot_msgs/haircutterbot_msgs/srv/euler_to_quaternion.hpp
[0.870s] -- Up-to-date: /home/jeulin/git-repo-projects/Robotics-Manipulator/install/haircutterbot_msgs/include/haircutterbot_msgs/haircutterbot_msgs/srv/quaternion_to_euler.hpp
[0.870s] -- Up-to-date: /home/jeulin/git-repo-projects/Robotics-Manipulator/install/haircutterbot_msgs/include/haircutterbot_msgs/haircutterbot_msgs
[0.870s] -- Up-to-date: /home/jeulin/git-repo-projects/Robotics-Manipulator/install/haircutterbot_msgs/include/haircutterbot_msgs/haircutterbot_msgs/action
[0.870s] -- Up-to-date: /home/jeulin/git-repo-projects/Robotics-Manipulator/install/haircutterbot_msgs/include/haircutterbot_msgs/haircutterbot_msgs/action/detail
[0.870s] -- Up-to-date: /home/jeulin/git-repo-projects/Robotics-Manipulator/install/haircutterbot_msgs/include/haircutterbot_msgs/haircutterbot_msgs/action/detail/fibonacci__rosidl_typesupport_fastrtps_cpp.hpp
[0.870s] -- Up-to-date: /home/jeulin/git-repo-projects/Robotics-Manipulator/install/haircutterbot_msgs/include/haircutterbot_msgs/haircutterbot_msgs/action/detail/dds_fastrtps
[0.871s] -- Up-to-date: /home/jeulin/git-repo-projects/Robotics-Manipulator/install/haircutterbot_msgs/include/haircutterbot_msgs/haircutterbot_msgs/action/detail/haircutterbot_task__rosidl_typesupport_fastrtps_cpp.hpp
[0.871s] -- Up-to-date: /home/jeulin/git-repo-projects/Robotics-Manipulator/install/haircutterbot_msgs/include/haircutterbot_msgs/haircutterbot_msgs/msg
[0.871s] -- Up-to-date: /home/jeulin/git-repo-projects/Robotics-Manipulator/install/haircutterbot_msgs/include/haircutterbot_msgs/haircutterbot_msgs/msg/rosidl_typesupport_fastrtps_cpp__visibility_control.h
[0.871s] -- Up-to-date: /home/jeulin/git-repo-projects/Robotics-Manipulator/install/haircutterbot_msgs/include/haircutterbot_msgs/haircutterbot_msgs/srv
[0.871s] -- Up-to-date: /home/jeulin/git-repo-projects/Robotics-Manipulator/install/haircutterbot_msgs/include/haircutterbot_msgs/haircutterbot_msgs/srv/detail
[0.871s] -- Up-to-date: /home/jeulin/git-repo-projects/Robotics-Manipulator/install/haircutterbot_msgs/include/haircutterbot_msgs/haircutterbot_msgs/srv/detail/quaternion_to_euler__rosidl_typesupport_fastrtps_cpp.hpp
[0.871s] -- Up-to-date: /home/jeulin/git-repo-projects/Robotics-Manipulator/install/haircutterbot_msgs/include/haircutterbot_msgs/haircutterbot_msgs/srv/detail/euler_to_quaternion__rosidl_typesupport_fastrtps_cpp.hpp
[0.871s] -- Up-to-date: /home/jeulin/git-repo-projects/Robotics-Manipulator/install/haircutterbot_msgs/include/haircutterbot_msgs/haircutterbot_msgs/srv/detail/dds_fastrtps
[0.871s] -- Up-to-date: /home/jeulin/git-repo-projects/Robotics-Manipulator/install/haircutterbot_msgs/include/haircutterbot_msgs/haircutterbot_msgs/srv/detail/add_two_ints__rosidl_typesupport_fastrtps_cpp.hpp
[0.871s] -- Up-to-date: /home/jeulin/git-repo-projects/Robotics-Manipulator/install/haircutterbot_msgs/lib/libhaircutterbot_msgs__rosidl_typesupport_fastrtps_cpp.so
[0.871s] -- Up-to-date: /home/jeulin/git-repo-projects/Robotics-Manipulator/install/haircutterbot_msgs/include/haircutterbot_msgs/haircutterbot_msgs
[0.871s] -- Up-to-date: /home/jeulin/git-repo-projects/Robotics-Manipulator/install/haircutterbot_msgs/include/haircutterbot_msgs/haircutterbot_msgs/action
[0.871s] -- Up-to-date: /home/jeulin/git-repo-projects/Robotics-Manipulator/install/haircutterbot_msgs/include/haircutterbot_msgs/haircutterbot_msgs/action/detail
[0.872s] -- Installing: /home/jeulin/git-repo-projects/Robotics-Manipulator/install/haircutterbot_msgs/include/haircutterbot_msgs/haircutterbot_msgs/action/detail/fibonacci__type_support.c
[0.872s] -- Installing: /home/jeulin/git-repo-projects/Robotics-Manipulator/install/haircutterbot_msgs/include/haircutterbot_msgs/haircutterbot_msgs/action/detail/haircutterbot_task__type_support.c
[0.872s] -- Up-to-date: /home/jeulin/git-repo-projects/Robotics-Manipulator/install/haircutterbot_msgs/include/haircutterbot_msgs/haircutterbot_msgs/action/detail/fibonacci__rosidl_typesupport_introspection_c.h
[0.872s] -- Up-to-date: /home/jeulin/git-repo-projects/Robotics-Manipulator/install/haircutterbot_msgs/include/haircutterbot_msgs/haircutterbot_msgs/action/detail/haircutterbot_task__rosidl_typesupport_introspection_c.h
[0.872s] -- Up-to-date: /home/jeulin/git-repo-projects/Robotics-Manipulator/install/haircutterbot_msgs/include/haircutterbot_msgs/haircutterbot_msgs/msg
[0.872s] -- Up-to-date: /home/jeulin/git-repo-projects/Robotics-Manipulator/install/haircutterbot_msgs/include/haircutterbot_msgs/haircutterbot_msgs/msg/rosidl_typesupport_introspection_c__visibility_control.h
[0.872s] -- Up-to-date: /home/jeulin/git-repo-projects/Robotics-Manipulator/install/haircutterbot_msgs/include/haircutterbot_msgs/haircutterbot_msgs/srv
[0.872s] -- Up-to-date: /home/jeulin/git-repo-projects/Robotics-Manipulator/install/haircutterbot_msgs/include/haircutterbot_msgs/haircutterbot_msgs/srv/detail
[0.872s] -- Installing: /home/jeulin/git-repo-projects/Robotics-Manipulator/install/haircutterbot_msgs/include/haircutterbot_msgs/haircutterbot_msgs/srv/detail/euler_to_quaternion__type_support.c
[0.872s] -- Installing: /home/jeulin/git-repo-projects/Robotics-Manipulator/install/haircutterbot_msgs/include/haircutterbot_msgs/haircutterbot_msgs/srv/detail/add_two_ints__type_support.c
[0.872s] -- Up-to-date: /home/jeulin/git-repo-projects/Robotics-Manipulator/install/haircutterbot_msgs/include/haircutterbot_msgs/haircutterbot_msgs/srv/detail/add_two_ints__rosidl_typesupport_introspection_c.h
[0.872s] -- Installing: /home/jeulin/git-repo-projects/Robotics-Manipulator/install/haircutterbot_msgs/include/haircutterbot_msgs/haircutterbot_msgs/srv/detail/quaternion_to_euler__type_support.c
[0.872s] -- Up-to-date: /home/jeulin/git-repo-projects/Robotics-Manipulator/install/haircutterbot_msgs/include/haircutterbot_msgs/haircutterbot_msgs/srv/detail/quaternion_to_euler__rosidl_typesupport_introspection_c.h
[0.873s] -- Up-to-date: /home/jeulin/git-repo-projects/Robotics-Manipulator/install/haircutterbot_msgs/include/haircutterbot_msgs/haircutterbot_msgs/srv/detail/euler_to_quaternion__rosidl_typesupport_introspection_c.h
[0.873s] -- Up-to-date: /home/jeulin/git-repo-projects/Robotics-Manipulator/install/haircutterbot_msgs/lib/libhaircutterbot_msgs__rosidl_typesupport_introspection_c.so
[0.873s] -- Up-to-date: /home/jeulin/git-repo-projects/Robotics-Manipulator/install/haircutterbot_msgs/lib/libhaircutterbot_msgs__rosidl_typesupport_c.so
[0.873s] -- Up-to-date: /home/jeulin/git-repo-projects/Robotics-Manipulator/install/haircutterbot_msgs/include/haircutterbot_msgs/haircutterbot_msgs
[0.873s] -- Up-to-date: /home/jeulin/git-repo-projects/Robotics-Manipulator/install/haircutterbot_msgs/include/haircutterbot_msgs/haircutterbot_msgs/action
[0.873s] -- Up-to-date: /home/jeulin/git-repo-projects/Robotics-Manipulator/install/haircutterbot_msgs/include/haircutterbot_msgs/haircutterbot_msgs/action/detail
[0.873s] -- Up-to-date: /home/jeulin/git-repo-projects/Robotics-Manipulator/install/haircutterbot_msgs/include/haircutterbot_msgs/haircutterbot_msgs/action/detail/haircutterbot_task__rosidl_typesupport_introspection_cpp.hpp
[0.873s] -- Up-to-date: /home/jeulin/git-repo-projects/Robotics-Manipulator/install/haircutterbot_msgs/include/haircutterbot_msgs/haircutterbot_msgs/action/detail/haircutterbot_task__type_support.cpp
[0.873s] -- Up-to-date: /home/jeulin/git-repo-projects/Robotics-Manipulator/install/haircutterbot_msgs/include/haircutterbot_msgs/haircutterbot_msgs/action/detail/fibonacci__rosidl_typesupport_introspection_cpp.hpp
[0.873s] -- Up-to-date: /home/jeulin/git-repo-projects/Robotics-Manipulator/install/haircutterbot_msgs/include/haircutterbot_msgs/haircutterbot_msgs/action/detail/fibonacci__type_support.cpp
[0.873s] -- Up-to-date: /home/jeulin/git-repo-projects/Robotics-Manipulator/install/haircutterbot_msgs/include/haircutterbot_msgs/haircutterbot_msgs/srv
[0.873s] -- Up-to-date: /home/jeulin/git-repo-projects/Robotics-Manipulator/install/haircutterbot_msgs/include/haircutterbot_msgs/haircutterbot_msgs/srv/detail
[0.873s] -- Up-to-date: /home/jeulin/git-repo-projects/Robotics-Manipulator/install/haircutterbot_msgs/include/haircutterbot_msgs/haircutterbot_msgs/srv/detail/add_two_ints__rosidl_typesupport_introspection_cpp.hpp
[0.874s] -- Up-to-date: /home/jeulin/git-repo-projects/Robotics-Manipulator/install/haircutterbot_msgs/include/haircutterbot_msgs/haircutterbot_msgs/srv/detail/euler_to_quaternion__rosidl_typesupport_introspection_cpp.hpp
[0.874s] -- Up-to-date: /home/jeulin/git-repo-projects/Robotics-Manipulator/install/haircutterbot_msgs/include/haircutterbot_msgs/haircutterbot_msgs/srv/detail/quaternion_to_euler__rosidl_typesupport_introspection_cpp.hpp
[0.874s] -- Up-to-date: /home/jeulin/git-repo-projects/Robotics-Manipulator/install/haircutterbot_msgs/include/haircutterbot_msgs/haircutterbot_msgs/srv/detail/euler_to_quaternion__type_support.cpp
[0.874s] -- Up-to-date: /home/jeulin/git-repo-projects/Robotics-Manipulator/install/haircutterbot_msgs/include/haircutterbot_msgs/haircutterbot_msgs/srv/detail/add_two_ints__type_support.cpp
[0.874s] -- Up-to-date: /home/jeulin/git-repo-projects/Robotics-Manipulator/install/haircutterbot_msgs/include/haircutterbot_msgs/haircutterbot_msgs/srv/detail/quaternion_to_euler__type_support.cpp
[0.874s] -- Up-to-date: /home/jeulin/git-repo-projects/Robotics-Manipulator/install/haircutterbot_msgs/lib/libhaircutterbot_msgs__rosidl_typesupport_introspection_cpp.so
[0.874s] -- Up-to-date: /home/jeulin/git-repo-projects/Robotics-Manipulator/install/haircutterbot_msgs/lib/libhaircutterbot_msgs__rosidl_typesupport_cpp.so
[0.874s] -- Up-to-date: /home/jeulin/git-repo-projects/Robotics-Manipulator/install/haircutterbot_msgs/share/haircutterbot_msgs/environment/pythonpath.sh
[0.874s] -- Up-to-date: /home/jeulin/git-repo-projects/Robotics-Manipulator/install/haircutterbot_msgs/share/haircutterbot_msgs/environment/pythonpath.dsv
[0.874s] -- Up-to-date: /home/jeulin/git-repo-projects/Robotics-Manipulator/install/haircutterbot_msgs/lib/python3.12/site-packages/haircutterbot_msgs-0.0.0-py3.12.egg-info
[0.874s] -- Installing: /home/jeulin/git-repo-projects/Robotics-Manipulator/install/haircutterbot_msgs/lib/python3.12/site-packages/haircutterbot_msgs-0.0.0-py3.12.egg-info/PKG-INFO
[0.874s] -- Installing: /home/jeulin/git-repo-projects/Robotics-Manipulator/install/haircutterbot_msgs/lib/python3.12/site-packages/haircutterbot_msgs-0.0.0-py3.12.egg-info/top_level.txt
[0.874s] -- Installing: /home/jeulin/git-repo-projects/Robotics-Manipulator/install/haircutterbot_msgs/lib/python3.12/site-packages/haircutterbot_msgs-0.0.0-py3.12.egg-info/SOURCES.txt
[0.875s] -- Installing: /home/jeulin/git-repo-projects/Robotics-Manipulator/install/haircutterbot_msgs/lib/python3.12/site-packages/haircutterbot_msgs-0.0.0-py3.12.egg-info/dependency_links.txt
[0.875s] -- Up-to-date: /home/jeulin/git-repo-projects/Robotics-Manipulator/install/haircutterbot_msgs/lib/python3.12/site-packages/haircutterbot_msgs
[0.875s] -- Up-to-date: /home/jeulin/git-repo-projects/Robotics-Manipulator/install/haircutterbot_msgs/lib/python3.12/site-packages/haircutterbot_msgs/action
[0.875s] -- Up-to-date: /home/jeulin/git-repo-projects/Robotics-Manipulator/install/haircutterbot_msgs/lib/python3.12/site-packages/haircutterbot_msgs/action/_haircutterbot_task_s.c
[0.875s] -- Up-to-date: /home/jeulin/git-repo-projects/Robotics-Manipulator/install/haircutterbot_msgs/lib/python3.12/site-packages/haircutterbot_msgs/action/_fibonacci.py
[0.875s] -- Up-to-date: /home/jeulin/git-repo-projects/Robotics-Manipulator/install/haircutterbot_msgs/lib/python3.12/site-packages/haircutterbot_msgs/action/__init__.py
[0.875s] -- Up-to-date: /home/jeulin/git-repo-projects/Robotics-Manipulator/install/haircutterbot_msgs/lib/python3.12/site-packages/haircutterbot_msgs/action/_haircutterbot_task.py
[0.875s] -- Up-to-date: /home/jeulin/git-repo-projects/Robotics-Manipulator/install/haircutterbot_msgs/lib/python3.12/site-packages/haircutterbot_msgs/action/_fibonacci_s.c
[0.875s] -- Up-to-date: /home/jeulin/git-repo-projects/Robotics-Manipulator/install/haircutterbot_msgs/lib/python3.12/site-packages/haircutterbot_msgs/_haircutterbot_msgs_s.ep.rosidl_typesupport_c.c
[0.875s] -- Up-to-date: /home/jeulin/git-repo-projects/Robotics-Manipulator/install/haircutterbot_msgs/lib/python3.12/site-packages/haircutterbot_msgs/haircutterbot_msgs_s__rosidl_typesupport_c.so
[0.875s] -- Up-to-date: /home/jeulin/git-repo-projects/Robotics-Manipulator/install/haircutterbot_msgs/lib/python3.12/site-packages/haircutterbot_msgs/_haircutterbot_msgs_s.ep.rosidl_typesupport_fastrtps_c.c
[0.875s] -- Up-to-date: /home/jeulin/git-repo-projects/Robotics-Manipulator/install/haircutterbot_msgs/lib/python3.12/site-packages/haircutterbot_msgs/srv
[0.876s] -- Up-to-date: /home/jeulin/git-repo-projects/Robotics-Manipulator/install/haircutterbot_msgs/lib/python3.12/site-packages/haircutterbot_msgs/srv/_add_two_ints.py
[0.876s] -- Up-to-date: /home/jeulin/git-repo-projects/Robotics-Manipulator/install/haircutterbot_msgs/lib/python3.12/site-packages/haircutterbot_msgs/srv/_euler_to_quaternion_s.c
[0.876s] -- Up-to-date: /home/jeulin/git-repo-projects/Robotics-Manipulator/install/haircutterbot_msgs/lib/python3.12/site-packages/haircutterbot_msgs/srv/_quaternion_to_euler.py
[0.876s] -- Up-to-date: /home/jeulin/git-repo-projects/Robotics-Manipulator/install/haircutterbot_msgs/lib/python3.12/site-packages/haircutterbot_msgs/srv/_add_two_ints_s.c
[0.876s] -- Up-to-date: /home/jeulin/git-repo-projects/Robotics-Manipulator/install/haircutterbot_msgs/lib/python3.12/site-packages/haircutterbot_msgs/srv/__init__.py
[0.876s] -- Up-to-date: /home/jeulin/git-repo-projects/Robotics-Manipulator/install/haircutterbot_msgs/lib/python3.12/site-packages/haircutterbot_msgs/srv/_euler_to_quaternion.py
[0.876s] -- Up-to-date: /home/jeulin/git-repo-projects/Robotics-Manipulator/install/haircutterbot_msgs/lib/python3.12/site-packages/haircutterbot_msgs/srv/_quaternion_to_euler_s.c
[0.876s] -- Up-to-date: /home/jeulin/git-repo-projects/Robotics-Manipulator/install/haircutterbot_msgs/lib/python3.12/site-packages/haircutterbot_msgs/haircutterbot_msgs_s__rosidl_typesupport_introspection_c.so
[0.876s] -- Up-to-date: /home/jeulin/git-repo-projects/Robotics-Manipulator/install/haircutterbot_msgs/lib/python3.12/site-packages/haircutterbot_msgs/_haircutterbot_msgs_s.ep.rosidl_typesupport_introspection_c.c
[0.876s] -- Up-to-date: /home/jeulin/git-repo-projects/Robotics-Manipulator/install/haircutterbot_msgs/lib/python3.12/site-packages/haircutterbot_msgs/haircutterbot_msgs_s__rosidl_typesupport_fastrtps_c.so
[0.876s] -- Up-to-date: /home/jeulin/git-repo-projects/Robotics-Manipulator/install/haircutterbot_msgs/lib/python3.12/site-packages/haircutterbot_msgs/__init__.py
[0.923s] Listing '/home/jeulin/git-repo-projects/Robotics-Manipulator/install/haircutterbot_msgs/lib/python3.12/site-packages/haircutterbot_msgs'...
[0.923s] Listing '/home/jeulin/git-repo-projects/Robotics-Manipulator/install/haircutterbot_msgs/lib/python3.12/site-packages/haircutterbot_msgs/action'...
[0.923s] Listing '/home/jeulin/git-repo-projects/Robotics-Manipulator/install/haircutterbot_msgs/lib/python3.12/site-packages/haircutterbot_msgs/srv'...
[0.930s] -- Up-to-date: /home/jeulin/git-repo-projects/Robotics-Manipulator/install/haircutterbot_msgs/lib/python3.12/site-packages/haircutterbot_msgs/haircutterbot_msgs_s__rosidl_typesupport_fastrtps_c.so
[0.931s] -- Up-to-date: /home/jeulin/git-repo-projects/Robotics-Manipulator/install/haircutterbot_msgs/lib/python3.12/site-packages/haircutterbot_msgs/haircutterbot_msgs_s__rosidl_typesupport_introspection_c.so
[0.932s] -- Up-to-date: /home/jeulin/git-repo-projects/Robotics-Manipulator/install/haircutterbot_msgs/lib/python3.12/site-packages/haircutterbot_msgs/haircutterbot_msgs_s__rosidl_typesupport_c.so
[0.932s] -- Up-to-date: /home/jeulin/git-repo-projects/Robotics-Manipulator/install/haircutterbot_msgs/lib/libhaircutterbot_msgs__rosidl_generator_py.so
[0.933s] -- Up-to-date: /home/jeulin/git-repo-projects/Robotics-Manipulator/install/haircutterbot_msgs/share/haircutterbot_msgs/srv/AddTwoInts.idl
[0.933s] -- Up-to-date: /home/jeulin/git-repo-projects/Robotics-Manipulator/install/haircutterbot_msgs/share/haircutterbot_msgs/srv/EulerToQuaternion.idl
[0.933s] -- Up-to-date: /home/jeulin/git-repo-projects/Robotics-Manipulator/install/haircutterbot_msgs/share/haircutterbot_msgs/srv/QuaternionToEuler.idl
[0.933s] -- Up-to-date: /home/jeulin/git-repo-projects/Robotics-Manipulator/install/haircutterbot_msgs/share/haircutterbot_msgs/action/Fibonacci.idl
[0.933s] -- Up-to-date: /home/jeulin/git-repo-projects/Robotics-Manipulator/install/haircutterbot_msgs/share/haircutterbot_msgs/action/HaircutterbotTask.idl
[0.933s] -- Up-to-date: /home/jeulin/git-repo-projects/Robotics-Manipulator/install/haircutterbot_msgs/share/haircutterbot_msgs/srv/AddTwoInts.srv
[0.933s] -- Up-to-date: /home/jeulin/git-repo-projects/Robotics-Manipulator/install/haircutterbot_msgs/share/haircutterbot_msgs/srv/EulerToQuaternion.srv
[0.934s] -- Up-to-date: /home/jeulin/git-repo-projects/Robotics-Manipulator/install/haircutterbot_msgs/share/haircutterbot_msgs/srv/QuaternionToEuler.srv
[0.934s] -- Up-to-date: /home/jeulin/git-repo-projects/Robotics-Manipulator/install/haircutterbot_msgs/share/haircutterbot_msgs/action/Fibonacci.action
[0.934s] -- Up-to-date: /home/jeulin/git-repo-projects/Robotics-Manipulator/install/haircutterbot_msgs/share/haircutterbot_msgs/action/HaircutterbotTask.action
[0.934s] -- Up-to-date: /home/jeulin/git-repo-projects/Robotics-Manipulator/install/haircutterbot_msgs/share/ament_index/resource_index/package_run_dependencies/haircutterbot_msgs
[0.934s] -- Up-to-date: /home/jeulin/git-repo-projects/Robotics-Manipulator/install/haircutterbot_msgs/share/ament_index/resource_index/parent_prefix_path/haircutterbot_msgs
[0.934s] -- Up-to-date: /home/jeulin/git-repo-projects/Robotics-Manipulator/install/haircutterbot_msgs/share/haircutterbot_msgs/environment/ament_prefix_path.sh
[0.934s] -- Up-to-date: /home/jeulin/git-repo-projects/Robotics-Manipulator/install/haircutterbot_msgs/share/haircutterbot_msgs/environment/ament_prefix_path.dsv
[0.934s] -- Up-to-date: /home/jeulin/git-repo-projects/Robotics-Manipulator/install/haircutterbot_msgs/share/haircutterbot_msgs/environment/path.sh
[0.935s] -- Up-to-date: /home/jeulin/git-repo-projects/Robotics-Manipulator/install/haircutterbot_msgs/share/haircutterbot_msgs/environment/path.dsv
[0.935s] -- Up-to-date: /home/jeulin/git-repo-projects/Robotics-Manipulator/install/haircutterbot_msgs/share/haircutterbot_msgs/local_setup.bash
[0.935s] -- Up-to-date: /home/jeulin/git-repo-projects/Robotics-Manipulator/install/haircutterbot_msgs/share/haircutterbot_msgs/local_setup.sh
[0.935s] -- Up-to-date: /home/jeulin/git-repo-projects/Robotics-Manipulator/install/haircutterbot_msgs/share/haircutterbot_msgs/local_setup.zsh
[0.935s] -- Up-to-date: /home/jeulin/git-repo-projects/Robotics-Manipulator/install/haircutterbot_msgs/share/haircutterbot_msgs/local_setup.dsv
[0.935s] -- Installing: /home/jeulin/git-repo-projects/Robotics-Manipulator/install/haircutterbot_msgs/share/haircutterbot_msgs/package.dsv
[0.935s] -- Up-to-date: /home/jeulin/git-repo-projects/Robotics-Manipulator/install/haircutterbot_msgs/share/ament_index/resource_index/packages/haircutterbot_msgs
[0.935s] -- Up-to-date: /home/jeulin/git-repo-projects/Robotics-Manipulator/install/haircutterbot_msgs/share/haircutterbot_msgs/cmake/export_haircutterbot_msgs__rosidl_generator_cExport.cmake
[0.936s] -- Up-to-date: /home/jeulin/git-repo-projects/Robotics-Manipulator/install/haircutterbot_msgs/share/haircutterbot_msgs/cmake/export_haircutterbot_msgs__rosidl_generator_cExport-noconfig.cmake
[0.936s] -- Up-to-date: /home/jeulin/git-repo-projects/Robotics-Manipulator/install/haircutterbot_msgs/share/haircutterbot_msgs/cmake/export_haircutterbot_msgs__rosidl_typesupport_fastrtps_cExport.cmake
[0.936s] -- Up-to-date: /home/jeulin/git-repo-projects/Robotics-Manipulator/install/haircutterbot_msgs/share/haircutterbot_msgs/cmake/export_haircutterbot_msgs__rosidl_typesupport_fastrtps_cExport-noconfig.cmake
[0.936s] -- Up-to-date: /home/jeulin/git-repo-projects/Robotics-Manipulator/install/haircutterbot_msgs/share/haircutterbot_msgs/cmake/export_haircutterbot_msgs__rosidl_generator_cppExport.cmake
[0.936s] -- Up-to-date: /home/jeulin/git-repo-projects/Robotics-Manipulator/install/haircutterbot_msgs/share/haircutterbot_msgs/cmake/export_haircutterbot_msgs__rosidl_typesupport_fastrtps_cppExport.cmake
[0.936s] -- Up-to-date: /home/jeulin/git-repo-projects/Robotics-Manipulator/install/haircutterbot_msgs/share/haircutterbot_msgs/cmake/export_haircutterbot_msgs__rosidl_typesupport_fastrtps_cppExport-noconfig.cmake
[0.936s] -- Up-to-date: /home/jeulin/git-repo-projects/Robotics-Manipulator/install/haircutterbot_msgs/share/haircutterbot_msgs/cmake/haircutterbot_msgs__rosidl_typesupport_introspection_cExport.cmake
[0.936s] -- Up-to-date: /home/jeulin/git-repo-projects/Robotics-Manipulator/install/haircutterbot_msgs/share/haircutterbot_msgs/cmake/haircutterbot_msgs__rosidl_typesupport_introspection_cExport-noconfig.cmake
[0.937s] -- Up-to-date: /home/jeulin/git-repo-projects/Robotics-Manipulator/install/haircutterbot_msgs/share/haircutterbot_msgs/cmake/haircutterbot_msgs__rosidl_typesupport_cExport.cmake
[0.937s] -- Up-to-date: /home/jeulin/git-repo-projects/Robotics-Manipulator/install/haircutterbot_msgs/share/haircutterbot_msgs/cmake/haircutterbot_msgs__rosidl_typesupport_cExport-noconfig.cmake
[0.937s] -- Up-to-date: /home/jeulin/git-repo-projects/Robotics-Manipulator/install/haircutterbot_msgs/share/haircutterbot_msgs/cmake/haircutterbot_msgs__rosidl_typesupport_introspection_cppExport.cmake
[0.937s] -- Up-to-date: /home/jeulin/git-repo-projects/Robotics-Manipulator/install/haircutterbot_msgs/share/haircutterbot_msgs/cmake/haircutterbot_msgs__rosidl_typesupport_introspection_cppExport-noconfig.cmake
[0.937s] -- Up-to-date: /home/jeulin/git-repo-projects/Robotics-Manipulator/install/haircutterbot_msgs/share/haircutterbot_msgs/cmake/haircutterbot_msgs__rosidl_typesupport_cppExport.cmake
[0.937s] -- Up-to-date: /home/jeulin/git-repo-projects/Robotics-Manipulator/install/haircutterbot_msgs/share/haircutterbot_msgs/cmake/haircutterbot_msgs__rosidl_typesupport_cppExport-noconfig.cmake
[0.937s] -- Up-to-date: /home/jeulin/git-repo-projects/Robotics-Manipulator/install/haircutterbot_msgs/share/haircutterbot_msgs/cmake/export_haircutterbot_msgs__rosidl_generator_pyExport.cmake
[0.937s] -- Up-to-date: /home/jeulin/git-repo-projects/Robotics-Manipulator/install/haircutterbot_msgs/share/haircutterbot_msgs/cmake/export_haircutterbot_msgs__rosidl_generator_pyExport-noconfig.cmake
[0.937s] -- Up-to-date: /home/jeulin/git-repo-projects/Robotics-Manipulator/install/haircutterbot_msgs/share/haircutterbot_msgs/cmake/rosidl_cmake-extras.cmake
[0.938s] -- Up-to-date: /home/jeulin/git-repo-projects/Robotics-Manipulator/install/haircutterbot_msgs/share/haircutterbot_msgs/cmake/ament_cmake_export_dependencies-extras.cmake
[0.938s] -- Up-to-date: /home/jeulin/git-repo-projects/Robotics-Manipulator/install/haircutterbot_msgs/share/haircutterbot_msgs/cmake/ament_cmake_export_include_directories-extras.cmake
[0.938s] -- Up-to-date: /home/jeulin/git-repo-projects/Robotics-Manipulator/install/haircutterbot_msgs/share/haircutterbot_msgs/cmake/ament_cmake_export_libraries-extras.cmake
[0.938s] -- Up-to-date: /home/jeulin/git-repo-projects/Robotics-Manipulator/install/haircutterbot_msgs/share/haircutterbot_msgs/cmake/ament_cmake_export_targets-extras.cmake
[0.938s] -- Up-to-date: /home/jeulin/git-repo-projects/Robotics-Manipulator/install/haircutterbot_msgs/share/haircutterbot_msgs/cmake/rosidl_cmake_export_typesupport_targets-extras.cmake
[0.938s] -- Up-to-date: /home/jeulin/git-repo-projects/Robotics-Manipulator/install/haircutterbot_msgs/share/haircutterbot_msgs/cmake/rosidl_cmake_export_typesupport_libraries-extras.cmake
[0.938s] -- Up-to-date: /home/jeulin/git-repo-projects/Robotics-Manipulator/install/haircutterbot_msgs/share/haircutterbot_msgs/cmake/haircutterbot_msgsConfig.cmake
[0.938s] -- Up-to-date: /home/jeulin/git-repo-projects/Robotics-Manipulator/install/haircutterbot_msgs/share/haircutterbot_msgs/cmake/haircutterbot_msgsConfig-version.cmake
[0.938s] -- Up-to-date: /home/jeulin/git-repo-projects/Robotics-Manipulator/install/haircutterbot_msgs/share/haircutterbot_msgs/package.xml
[0.940s] Invoked command in '/home/jeulin/git-repo-projects/Robotics-Manipulator/build/haircutterbot_msgs' returned '0': CMAKE_PREFIX_PATH=${CMAKE_PREFIX_PATH}:/home/jeulin/git-repo-projects/Robotics-Manipulator/install/haircutterbot_py_examples:/home/jeulin/git-repo-projects/Robotics-Manipulator/install/haircutterbot_opencv:/home/jeulin/git-repo-projects/Robotics-Manipulator/haircutterbot/install/haircutterbot_py_examples:/home/jeulin/git-repo-projects/Robotics-Manipulator/haircutterbot/install/haircutterbot_opencv:/home/jeulin/Robotics-and-ROS-2-Learn-by-Doing-Manipulators/Section9_Build/haircutterbot/install/haircutterbot_py_examples:/home/jeulin/Robotics-and-ROS-2-Learn-by-Doing-Manipulators/Section9_Build/haircutterbot/install/haircutterbot_opencv:/home/jeulin/Robotics-and-ROS-2-Learn-by-Doing-Manipulators/Section7_Application/arduinobot_ws/install/arduinobot_py_examples:/opt/ros/jazzy DEBUGINFOD_URLS=https://debuginfod.ubuntu.com /usr/bin/cmake --install /home/jeulin/git-repo-projects/Robotics-Manipulator/build/haircutterbot_msgs
